[0.024s] Invoking command in '/home/richard/ros2_ws/build/tp1': CMAKE_PREFIX_PATH=${CMAKE_PREFIX_PATH}:/opt/ros/jazzy DEBUGINFOD_URLS=https://debuginfod.ubuntu.com /usr/bin/cmake --build /home/richard/ros2_ws/build/tp1 -- -j2 -l2
[0.070s] -- Found ament_cmake: 2.5.3 (/opt/ros/jazzy/share/ament_cmake/cmake)
[0.677s] [33mCMake Warning (dev) at /usr/share/cmake-3.28/Modules/FindOpenGL.cmake:381 (message):
[0.677s]   Policy CMP0072 is not set: FindOpenGL prefers GLVND by default when
[0.677s]   available.  Run "cmake --help-policy CMP0072" for policy details.  Use the
[0.677s]   cmake_policy command to set the policy and suppress this warning.
[0.677s] 
[0.677s]   FindOpenGL found both a legacy GL library:
[0.677s] 
[0.677s]     OPENGL_gl_LIBRARY: /usr/lib/x86_64-linux-gnu/libGL.so
[0.678s] 
[0.678s]   and GLVND libraries for OpenGL and GLX:
[0.680s] 
[0.682s]     OPENGL_opengl_LIBRARY: /usr/lib/x86_64-linux-gnu/libOpenGL.so
[0.682s]     OPENGL_glx_LIBRARY: /usr/lib/x86_64-linux-gnu/libGLX.so
[0.682s] 
[0.682s]   OpenGL_GL_PREFERENCE has not been set to "GLVND" or "LEGACY", so for
[0.682s]   compatibility with CMake 3.10 and below the legacy GL library will be used.
[0.682s] Call Stack (most recent call first):
[0.682s]   CMakeLists.txt:13 (find_package)
[0.682s] This warning is for project developers.  Use -Wno-dev to suppress it.
[0.683s] [0m
[0.687s] -- Found rclcpp: 28.1.8 (/opt/ros/jazzy/share/rclcpp/cmake)
[0.825s] -- Found rosidl_generator_c: 4.6.5 (/opt/ros/jazzy/share/rosidl_generator_c/cmake)
[0.860s] -- Found rosidl_generator_cpp: 4.6.5 (/opt/ros/jazzy/share/rosidl_generator_cpp/cmake)
[0.909s] -- Using all available rosidl_typesupport_c: rosidl_typesupport_fastrtps_c;rosidl_typesupport_introspection_c
[0.966s] -- Using all available rosidl_typesupport_cpp: rosidl_typesupport_fastrtps_cpp;rosidl_typesupport_introspection_cpp
[1.158s] -- Found rmw_implementation_cmake: 7.3.2 (/opt/ros/jazzy/share/rmw_implementation_cmake/cmake)
[1.162s] -- Found rmw_fastrtps_cpp: 8.4.2 (/opt/ros/jazzy/share/rmw_fastrtps_cpp/cmake)
[1.284s] -- Using RMW implementation 'rmw_fastrtps_cpp' as default
[1.514s] -- Found sensor_msgs: 5.3.6 (/opt/ros/jazzy/share/sensor_msgs/cmake)
[1.617s] -- Found nav_msgs: 5.3.6 (/opt/ros/jazzy/share/nav_msgs/cmake)
[1.669s] -- Found tf2: 0.36.9 (/opt/ros/jazzy/share/tf2/cmake)
[1.677s] -- Found tf2_geometry_msgs: 0.36.9 (/opt/ros/jazzy/share/tf2_geometry_msgs/cmake)
[1.703s] -- Found eigen3_cmake_module: 0.3.0 (/opt/ros/jazzy/share/eigen3_cmake_module/cmake)
[1.709s] -- Found Eigen3: TRUE (found version "3.4.0") 
[1.712s] -- Ensuring Eigen3 include directory is part of orocos-kdl CMake target
[1.930s] -- Found ament_lint_auto: 0.17.2 (/opt/ros/jazzy/share/ament_lint_auto/cmake)
[2.055s] -- Added test 'cppcheck' to perform static code analysis on C / C++ code
[2.055s] -- Configured cppcheck include dirs: $<BUILD_INTERFACE:/home/richard/ros2_ws/src/tp1/include>
[2.055s] -- Configured cppcheck exclude dirs and/or files: 
[2.056s] -- Added test 'flake8' to check Python code syntax and style conventions
[2.056s] -- Configured 'flake8' exclude dirs and/or files: 
[2.057s] -- Added test 'lint_cmake' to check CMake code style
[2.058s] -- Added test 'pep257' to check Python code against some of the docstring style conventions in PEP 257
[2.059s] -- Added test 'uncrustify' to check C / C++ code style
[2.060s] -- Configured uncrustify additional arguments: 
[2.060s] -- Added test 'xmllint' to check XML markup files
[2.061s] -- Configuring done (2.0s)
[2.083s] -- Generating done (0.0s)
[2.088s] -- Build files have been written to: /home/richard/ros2_ws/build/tp1
[2.143s] [ 16%] [32mBuilding CXX object CMakeFiles/navigation.dir/src/Perception.cpp.o[0m
[2.290s] [01m[K/home/richard/ros2_ws/src/tp1/src/Perception.cpp:5:10:[m[K [01;31m[Kfatal error: [m[Ktf2/LinearMath/Quaternion.h: Arquivo ou diretório inexistente
[2.290s]     5 | #include [01;31m[K<tf2/LinearMath/Quaternion.h>[m[K
[2.290s]       |          [01;31m[K^~~~~~~~~~~~~~~~~~~~~~~~~~~~~[m[K
[2.290s] compilation terminated.
[2.293s] gmake[2]: *** [CMakeFiles/navigation.dir/build.make:104: CMakeFiles/navigation.dir/src/Perception.cpp.o] Erro 1
[2.293s] gmake[1]: *** [CMakeFiles/Makefile2:137: CMakeFiles/navigation.dir/all] Erro 2
[2.293s] gmake: *** [Makefile:146: all] Erro 2
[2.295s] Invoked command in '/home/richard/ros2_ws/build/tp1' returned '2': CMAKE_PREFIX_PATH=${CMAKE_PREFIX_PATH}:/opt/ros/jazzy DEBUGINFOD_URLS=https://debuginfod.ubuntu.com /usr/bin/cmake --build /home/richard/ros2_ws/build/tp1 -- -j2 -l2
