[0.015s] Invoking command in '/home/richard/ros2_ws/build/turtlesim': CMAKE_PREFIX_PATH=${CMAKE_PREFIX_PATH}:/opt/ros/jazzy DEBUGINFOD_URLS=https://debuginfod.ubuntu.com /usr/bin/cmake --build /home/richard/ros2_ws/build/turtlesim -- -j2 -l2
[0.131s] [  0%] Built target ament_cmake_python_copy_turtlesim
[0.141s] [  0%] Built target turtlesim__rosidl_generator_type_description
[0.182s] [  1%] Built target turtlesim__cpp
[0.231s] [ 24%] Built target turtlesim__rosidl_generator_c
[0.279s] [ 33%] Built target turtlesim__rosidl_typesupport_cpp
[0.351s] [ 41%] Built target turtlesim__rosidl_typesupport_fastrtps_c
[0.446s] [ 50%] Built target turtlesim__rosidl_typesupport_fastrtps_cpp
[0.523s] [ 59%] Built target turtlesim__rosidl_typesupport_introspection_c
[0.596s] [ 68%] Built target turtlesim__rosidl_typesupport_c
[0.684s] [ 76%] Built target turtlesim__rosidl_typesupport_introspection_cpp
[0.783s] [ 81%] Built target turtlesim_node
[0.864s] running egg_info
[0.874s] [ 83%] Built target turtle_teleop_key
[0.926s] writing turtlesim.egg-info/PKG-INFO
[0.933s] writing dependency_links to turtlesim.egg-info/dependency_links.txt
[0.933s] writing top-level names to turtlesim.egg-info/top_level.txt
[0.968s] [ 84%] Built target draw_square
[1.057s] [ 86%] Built target mimic
[1.070s] reading manifest file 'turtlesim.egg-info/SOURCES.txt'
[1.072s] writing manifest file 'turtlesim.egg-info/SOURCES.txt'
[1.118s] [ 86%] Built target turtlesim
[1.138s] [ 86%] Built target ament_cmake_python_build_turtlesim_egg
[1.173s] [ 86%] Built target turtlesim__py
[1.222s] [ 94%] Built target turtlesim__rosidl_generator_py
[1.272s] [ 96%] Built target turtlesim_s__rosidl_typesupport_fastrtps_c
[1.298s] [ 98%] Built target turtlesim_s__rosidl_typesupport_introspection_c
[1.345s] [100%] Built target turtlesim_s__rosidl_typesupport_c
