[0.008s] Invoking command in '/home/richard/ros2_ws/build/turtlesim': CMAKE_PREFIX_PATH=${CMAKE_PREFIX_PATH}:/opt/ros/jazzy DEBUGINFOD_URLS=https://debuginfod.ubuntu.com /usr/bin/cmake --build /home/richard/ros2_ws/build/turtlesim -- -j2 -l2
[0.103s] [  0%] Built target turtlesim__rosidl_generator_type_description
[0.104s] [  0%] Built target ament_cmake_python_copy_turtlesim
[0.128s] [  1%] Built target turtlesim__cpp
[0.167s] [ 24%] Built target turtlesim__rosidl_generator_c
[0.223s] [ 33%] Built target turtlesim__rosidl_typesupport_cpp
[0.284s] [ 41%] Built target turtlesim__rosidl_typesupport_fastrtps_c
[0.340s] [ 50%] Built target turtlesim__rosidl_typesupport_fastrtps_cpp
[0.394s] [ 59%] Built target turtlesim__rosidl_typesupport_introspection_c
[0.448s] [ 68%] Built target turtlesim__rosidl_typesupport_c
[0.484s] running egg_info
[0.508s] writing turtlesim.egg-info/PKG-INFO
[0.509s] writing dependency_links to turtlesim.egg-info/dependency_links.txt
[0.510s] writing top-level names to turtlesim.egg-info/top_level.txt
[0.512s] [ 76%] Built target turtlesim__rosidl_typesupport_introspection_cpp
[0.585s] [ 81%] Built target turtlesim_node
[0.613s] reading manifest file 'turtlesim.egg-info/SOURCES.txt'
[0.613s] writing manifest file 'turtlesim.egg-info/SOURCES.txt'
[0.638s] [ 83%] Built target turtle_teleop_key
[0.648s] [ 83%] Built target ament_cmake_python_build_turtlesim_egg
[0.694s] [ 84%] Built target draw_square
[0.704s] [ 86%] Built target mimic
[0.718s] [ 86%] Built target turtlesim
[0.746s] [ 86%] Built target turtlesim__py
[0.777s] [ 94%] Built target turtlesim__rosidl_generator_py
[0.799s] [ 98%] Built target turtlesim_s__rosidl_typesupport_introspection_c
[0.801s] [ 98%] Built target turtlesim_s__rosidl_typesupport_fastrtps_c
[0.825s] [100%] Built target turtlesim_s__rosidl_typesupport_c
