[0.014s] Invoking command in '/home/richard/ros2_ws/build/turtlesim': CMAKE_PREFIX_PATH=${CMAKE_PREFIX_PATH}:/opt/ros/jazzy DEBUGINFOD_URLS=https://debuginfod.ubuntu.com /usr/bin/cmake --build /home/richard/ros2_ws/build/turtlesim -- -j2 -l2
[0.083s] [  0%] Built target turtlesim__rosidl_generator_type_description
[0.108s] [  1%] Built target turtlesim__cpp
[0.118s] [  1%] Built target ament_cmake_python_copy_turtlesim
[0.153s] [ 24%] Built target turtlesim__rosidl_generator_c
[0.189s] [ 33%] Built target turtlesim__rosidl_typesupport_cpp
[0.248s] [ 41%] Built target turtlesim__rosidl_typesupport_fastrtps_c
[0.334s] [ 50%] Built target turtlesim__rosidl_typesupport_fastrtps_cpp
[0.399s] [ 59%] Built target turtlesim__rosidl_typesupport_introspection_c
[0.457s] [ 68%] Built target turtlesim__rosidl_typesupport_c
[0.515s] [ 76%] Built target turtlesim__rosidl_typesupport_introspection_cpp
[0.577s] running egg_info
[0.601s] [ 81%] Built target turtlesim_node
[0.612s] writing turtlesim.egg-info/PKG-INFO
[0.614s] writing dependency_links to turtlesim.egg-info/dependency_links.txt
[0.614s] writing top-level names to turtlesim.egg-info/top_level.txt
[0.667s] [ 83%] Built target turtle_teleop_key
[0.707s] [ 84%] Built target draw_square
[0.720s] reading manifest file 'turtlesim.egg-info/SOURCES.txt'
[0.720s] writing manifest file 'turtlesim.egg-info/SOURCES.txt'
[0.740s] [ 86%] Built target mimic
[0.764s] [ 86%] Built target ament_cmake_python_build_turtlesim_egg
[0.767s] [ 86%] Built target turtlesim
[0.788s] [ 86%] Built target turtlesim__py
[0.815s] [ 94%] Built target turtlesim__rosidl_generator_py
[0.849s] [ 96%] Built target turtlesim_s__rosidl_typesupport_fastrtps_c
[0.859s] [ 98%] Built target turtlesim_s__rosidl_typesupport_introspection_c
[0.888s] [100%] Built target turtlesim_s__rosidl_typesupport_c
