[0.025s] Invoking command in '/home/richard/ros2_ws/build/turtlesim': CMAKE_PREFIX_PATH=${CMAKE_PREFIX_PATH}:/opt/ros/jazzy DEBUGINFOD_URLS=https://debuginfod.ubuntu.com /usr/bin/cmake --build /home/richard/ros2_ws/build/turtlesim -- -j2 -l2
[0.166s] [  0%] Built target turtlesim__rosidl_generator_type_description
[0.204s] [  0%] Built target ament_cmake_python_copy_turtlesim
[0.244s] [  1%] Built target turtlesim__cpp
[0.287s] [ 24%] Built target turtlesim__rosidl_generator_c
[0.379s] [ 33%] Built target turtlesim__rosidl_typesupport_cpp
[0.453s] [ 41%] Built target turtlesim__rosidl_typesupport_fastrtps_c
[0.517s] [ 50%] Built target turtlesim__rosidl_typesupport_fastrtps_cpp
[0.569s] [ 59%] Built target turtlesim__rosidl_typesupport_introspection_c
[0.642s] [ 68%] Built target turtlesim__rosidl_typesupport_c
[0.698s] [ 76%] Built target turtlesim__rosidl_typesupport_introspection_cpp
[0.778s] [ 81%] Built target turtlesim_node
[0.836s] running egg_info
[0.839s] [ 83%] Built target turtle_teleop_key
[0.875s] writing turtlesim.egg-info/PKG-INFO
[0.876s] writing dependency_links to turtlesim.egg-info/dependency_links.txt
[0.876s] writing top-level names to turtlesim.egg-info/top_level.txt
[0.893s] [ 84%] Built target draw_square
[0.924s] [ 86%] Built target mimic
[0.947s] [ 86%] Built target turtlesim
[0.960s] reading manifest file 'turtlesim.egg-info/SOURCES.txt'
[0.961s] writing manifest file 'turtlesim.egg-info/SOURCES.txt'
[0.968s] [ 86%] Built target turtlesim__py
[0.991s] [ 86%] Built target ament_cmake_python_build_turtlesim_egg
[0.993s] [ 94%] Built target turtlesim__rosidl_generator_py
[1.021s] [ 96%] Built target turtlesim_s__rosidl_typesupport_fastrtps_c
[1.027s] [ 98%] Built target turtlesim_s__rosidl_typesupport_introspection_c
[1.047s] [100%] Built target turtlesim_s__rosidl_typesupport_c
