[0.008s] Invoking command in '/home/richard/ros2_ws/build/turtlesim': CMAKE_PREFIX_PATH=${CMAKE_PREFIX_PATH}:/opt/ros/jazzy DEBUGINFOD_URLS=https://debuginfod.ubuntu.com /usr/bin/cmake --build /home/richard/ros2_ws/build/turtlesim -- -j2 -l2
[0.175s] [  0%] Built target turtlesim__rosidl_generator_type_description
[0.224s] [  0%] Built target ament_cmake_python_copy_turtlesim
[0.239s] [  1%] Built target turtlesim__cpp
[0.312s] [ 24%] Built target turtlesim__rosidl_generator_c
[0.386s] [ 33%] Built target turtlesim__rosidl_typesupport_cpp
[0.488s] [ 41%] Built target turtlesim__rosidl_typesupport_fastrtps_c
[0.567s] [ 50%] Built target turtlesim__rosidl_typesupport_fastrtps_cpp
[0.632s] [ 59%] Built target turtlesim__rosidl_typesupport_introspection_c
[0.705s] [ 68%] Built target turtlesim__rosidl_typesupport_c
[0.777s] [ 76%] Built target turtlesim__rosidl_typesupport_introspection_cpp
[0.883s] [ 81%] Built target turtlesim_node
[0.948s] [ 83%] Built target turtle_teleop_key
[0.958s] running egg_info
[0.996s] writing turtlesim.egg-info/PKG-INFO
[0.996s] writing dependency_links to turtlesim.egg-info/dependency_links.txt
[0.996s] writing top-level names to turtlesim.egg-info/top_level.txt
[1.034s] [ 84%] Built target draw_square
[1.137s] [ 86%] Built target mimic
[1.196s] [ 86%] Built target turtlesim
[1.214s] reading manifest file 'turtlesim.egg-info/SOURCES.txt'
[1.217s] writing manifest file 'turtlesim.egg-info/SOURCES.txt'
[1.255s] [ 86%] Built target turtlesim__py
[1.312s] [ 86%] Built target ament_cmake_python_build_turtlesim_egg
[1.318s] [ 94%] Built target turtlesim__rosidl_generator_py
[1.367s] [ 96%] Built target turtlesim_s__rosidl_typesupport_fastrtps_c
[1.378s] [ 98%] Built target turtlesim_s__rosidl_typesupport_introspection_c
[1.422s] [100%] Built target turtlesim_s__rosidl_typesupport_c
