[0.013s] Invoking command in '/home/richard/ros2_ws/build/turtlesim': CMAKE_PREFIX_PATH=${CMAKE_PREFIX_PATH}:/opt/ros/jazzy DEBUGINFOD_URLS=https://debuginfod.ubuntu.com /usr/bin/cmake --build /home/richard/ros2_ws/build/turtlesim -- -j2 -l2
[0.096s] [  0%] Built target turtlesim__rosidl_generator_type_description
[0.105s] [  0%] Built target ament_cmake_python_copy_turtlesim
[0.135s] [ 23%] Built target turtlesim__rosidl_generator_c
[0.135s] [ 24%] Built target turtlesim__cpp
[0.191s] [ 33%] Built target turtlesim__rosidl_typesupport_cpp
[0.240s] [ 41%] Built target turtlesim__rosidl_typesupport_fastrtps_c
[0.302s] [ 50%] Built target turtlesim__rosidl_typesupport_fastrtps_cpp
[0.358s] [ 59%] Built target turtlesim__rosidl_typesupport_introspection_c
[0.400s] [ 68%] Built target turtlesim__rosidl_typesupport_c
[0.451s] [ 76%] Built target turtlesim__rosidl_typesupport_introspection_cpp
[0.493s] running egg_info
[0.518s] [ 81%] Built target turtlesim_node
[0.530s] writing turtlesim.egg-info/PKG-INFO
[0.531s] writing dependency_links to turtlesim.egg-info/dependency_links.txt
[0.533s] writing top-level names to turtlesim.egg-info/top_level.txt
[0.571s] [ 83%] Built target turtle_teleop_key
[0.621s] [ 84%] Built target draw_square
[0.646s] reading manifest file 'turtlesim.egg-info/SOURCES.txt'
[0.647s] writing manifest file 'turtlesim.egg-info/SOURCES.txt'
[0.658s] [ 86%] Built target mimic
[0.680s] [ 86%] Built target ament_cmake_python_build_turtlesim_egg
[0.687s] [ 86%] Built target turtlesim
[0.706s] [ 86%] Built target turtlesim__py
[0.730s] [ 94%] Built target turtlesim__rosidl_generator_py
[0.758s] [ 96%] Built target turtlesim_s__rosidl_typesupport_introspection_c
[0.762s] [ 98%] Built target turtlesim_s__rosidl_typesupport_fastrtps_c
[0.779s] [100%] Built target turtlesim_s__rosidl_typesupport_c
