[0.014s] Invoking command in '/home/richard/ros2_ws/build/turtlesim': CMAKE_PREFIX_PATH=${CMAKE_PREFIX_PATH}:/opt/ros/jazzy DEBUGINFOD_URLS=https://debuginfod.ubuntu.com /usr/bin/cmake --build /home/richard/ros2_ws/build/turtlesim -- -j2 -l2
[0.100s] [  0%] Built target turtlesim__rosidl_generator_type_description
[0.137s] [  0%] Built target ament_cmake_python_copy_turtlesim
[0.152s] [  1%] Built target turtlesim__cpp
[0.181s] [ 24%] Built target turtlesim__rosidl_generator_c
[0.242s] [ 33%] Built target turtlesim__rosidl_typesupport_cpp
[0.310s] [ 41%] Built target turtlesim__rosidl_typesupport_fastrtps_c
[0.387s] [ 50%] Built target turtlesim__rosidl_typesupport_fastrtps_cpp
[0.444s] [ 59%] Built target turtlesim__rosidl_typesupport_introspection_c
[0.498s] [ 68%] Built target turtlesim__rosidl_typesupport_c
[0.559s] [ 76%] Built target turtlesim__rosidl_typesupport_introspection_cpp
[0.593s] running egg_info
[0.635s] writing turtlesim.egg-info/PKG-INFO
[0.636s] writing dependency_links to turtlesim.egg-info/dependency_links.txt
[0.636s] writing top-level names to turtlesim.egg-info/top_level.txt
[0.648s] [ 81%] Built target turtlesim_node
[0.706s] [ 83%] Built target turtle_teleop_key
[0.730s] reading manifest file 'turtlesim.egg-info/SOURCES.txt'
[0.730s] writing manifest file 'turtlesim.egg-info/SOURCES.txt'
[0.747s] [ 84%] Built target draw_square
[0.768s] [ 84%] Built target ament_cmake_python_build_turtlesim_egg
[0.775s] [ 86%] Built target mimic
[0.788s] [ 86%] Built target turtlesim
[0.809s] [ 86%] Built target turtlesim__py
[0.839s] [ 94%] Built target turtlesim__rosidl_generator_py
[0.862s] [ 96%] Built target turtlesim_s__rosidl_typesupport_introspection_c
[0.864s] [ 98%] Built target turtlesim_s__rosidl_typesupport_fastrtps_c
[0.884s] [100%] Built target turtlesim_s__rosidl_typesupport_c
