[0.006s] Invoking command in '/home/richard/ros2_ws/build/turtlesim': CMAKE_PREFIX_PATH=${CMAKE_PREFIX_PATH}:/opt/ros/jazzy DEBUGINFOD_URLS=https://debuginfod.ubuntu.com /usr/bin/cmake --build /home/richard/ros2_ws/build/turtlesim -- -j2 -l2
[0.097s] [  0%] Built target turtlesim__rosidl_generator_type_description
[0.113s] [  0%] Built target ament_cmake_python_copy_turtlesim
[0.142s] [  1%] Built target turtlesim__cpp
[0.174s] [ 24%] Built target turtlesim__rosidl_generator_c
[0.228s] [ 33%] Built target turtlesim__rosidl_typesupport_cpp
[0.299s] [ 41%] Built target turtlesim__rosidl_typesupport_fastrtps_c
[0.373s] [ 50%] Built target turtlesim__rosidl_typesupport_fastrtps_cpp
[0.398s] [ 59%] Built target turtlesim__rosidl_typesupport_introspection_c
[0.444s] [ 68%] Built target turtlesim__rosidl_typesupport_c
[0.511s] [ 76%] Built target turtlesim__rosidl_typesupport_introspection_cpp
[0.595s] [ 81%] Built target turtlesim_node
[0.628s] [ 83%] Built target turtle_teleop_key
[0.639s] running egg_info
[0.662s] [ 84%] Built target draw_square
[0.691s] writing turtlesim.egg-info/PKG-INFO
[0.691s] writing dependency_links to turtlesim.egg-info/dependency_links.txt
[0.694s] writing top-level names to turtlesim.egg-info/top_level.txt
[0.718s] [ 86%] Built target mimic
[0.762s] [ 86%] Built target turtlesim
[0.810s] [ 86%] Built target turtlesim__py
[0.810s] reading manifest file 'turtlesim.egg-info/SOURCES.txt'
[0.813s] writing manifest file 'turtlesim.egg-info/SOURCES.txt'
[0.867s] [ 87%] Built target ament_cmake_python_build_turtlesim_egg
[0.869s] [ 94%] Built target turtlesim__rosidl_generator_py
[0.906s] [ 96%] Built target turtlesim_s__rosidl_typesupport_fastrtps_c
[0.915s] [ 98%] Built target turtlesim_s__rosidl_typesupport_introspection_c
[0.931s] [100%] Built target turtlesim_s__rosidl_typesupport_c
