[0.009s] Invoking command in '/home/richard/ros2_ws/build/turtlesim': CMAKE_PREFIX_PATH=${CMAKE_PREFIX_PATH}:/opt/ros/jazzy DEBUGINFOD_URLS=https://debuginfod.ubuntu.com /usr/bin/cmake --build /home/richard/ros2_ws/build/turtlesim -- -j2 -l2
[0.122s] [  0%] Built target turtlesim__rosidl_generator_type_description
[0.234s] [  0%] Built target ament_cmake_python_copy_turtlesim
[0.286s] [  1%] Built target turtlesim__cpp
[0.344s] [ 24%] Built target turtlesim__rosidl_generator_c
[0.893s] running egg_info
[0.931s] writing turtlesim.egg-info/PKG-INFO
[0.934s] writing dependency_links to turtlesim.egg-info/dependency_links.txt
[0.938s] writing top-level names to turtlesim.egg-info/top_level.txt
[1.085s] reading manifest file 'turtlesim.egg-info/SOURCES.txt'
[1.085s] writing manifest file 'turtlesim.egg-info/SOURCES.txt'
[1.136s] [ 24%] Built target ament_cmake_python_build_turtlesim_egg
[1.174s] [ 33%] Built target turtlesim__rosidl_typesupport_cpp
[1.212s] [ 41%] Built target turtlesim__rosidl_typesupport_fastrtps_c
[1.247s] [ 50%] Built target turtlesim__rosidl_typesupport_fastrtps_cpp
[1.285s] [ 59%] Built target turtlesim__rosidl_typesupport_introspection_c
[1.322s] [ 68%] Built target turtlesim__rosidl_typesupport_c
[1.367s] [ 76%] Built target turtlesim__rosidl_typesupport_introspection_cpp
[1.424s] [ 81%] Built target turtlesim_node
[1.472s] [ 83%] Built target turtle_teleop_key
[1.506s] [ 84%] Built target draw_square
[1.543s] [ 86%] Built target mimic
[1.600s] [ 86%] Built target turtlesim
[1.635s] [ 86%] Built target turtlesim__py
[1.676s] [ 94%] Built target turtlesim__rosidl_generator_py
[1.707s] [ 96%] Built target turtlesim_s__rosidl_typesupport_fastrtps_c
[1.738s] [ 98%] Built target turtlesim_s__rosidl_typesupport_introspection_c
[1.767s] [100%] Built target turtlesim_s__rosidl_typesupport_c
