[0.008s] Invoking command in '/home/richard/ros2_ws/build/turtlesim': CMAKE_PREFIX_PATH=${CMAKE_PREFIX_PATH}:/opt/ros/jazzy DEBUGINFOD_URLS=https://debuginfod.ubuntu.com /usr/bin/cmake --build /home/richard/ros2_ws/build/turtlesim -- -j2 -l2
[0.097s] [  0%] Built target ament_cmake_python_copy_turtlesim
[0.102s] [  0%] Built target turtlesim__rosidl_generator_type_description
[0.124s] [  1%] Built target turtlesim__cpp
[0.187s] [ 24%] Built target turtlesim__rosidl_generator_c
[0.238s] [ 33%] Built target turtlesim__rosidl_typesupport_cpp
[0.309s] [ 41%] Built target turtlesim__rosidl_typesupport_fastrtps_c
[0.369s] [ 50%] Built target turtlesim__rosidl_typesupport_fastrtps_cpp
[0.421s] [ 59%] Built target turtlesim__rosidl_typesupport_introspection_c
[0.461s] [ 68%] Built target turtlesim__rosidl_typesupport_c
[0.491s] running egg_info
[0.516s] [ 76%] Built target turtlesim__rosidl_typesupport_introspection_cpp
[0.527s] writing turtlesim.egg-info/PKG-INFO
[0.528s] writing dependency_links to turtlesim.egg-info/dependency_links.txt
[0.532s] writing top-level names to turtlesim.egg-info/top_level.txt
[0.589s] [ 81%] Built target turtlesim_node
[0.631s] [ 83%] Built target turtle_teleop_key
[0.663s] [ 84%] Built target draw_square
[0.686s] reading manifest file 'turtlesim.egg-info/SOURCES.txt'
[0.687s] writing manifest file 'turtlesim.egg-info/SOURCES.txt'
[0.694s] [ 86%] Built target mimic
[0.717s] [ 86%] Built target turtlesim
[0.720s] [ 86%] Built target ament_cmake_python_build_turtlesim_egg
[0.737s] [ 86%] Built target turtlesim__py
[0.768s] [ 94%] Built target turtlesim__rosidl_generator_py
[0.791s] [ 98%] Built target turtlesim_s__rosidl_typesupport_fastrtps_c
[0.791s] [ 98%] Built target turtlesim_s__rosidl_typesupport_introspection_c
[0.810s] [100%] Built target turtlesim_s__rosidl_typesupport_c
