[0.015s] Invoking command in '/home/richard/ros2_ws/build/turtlesim': CMAKE_PREFIX_PATH=${CMAKE_PREFIX_PATH}:/opt/ros/jazzy DEBUGINFOD_URLS=https://debuginfod.ubuntu.com /usr/bin/cmake --build /home/richard/ros2_ws/build/turtlesim -- -j2 -l2
[0.115s] [  0%] Built target turtlesim__rosidl_generator_type_description
[0.149s] [  0%] Built target ament_cmake_python_copy_turtlesim
[0.181s] [  1%] Built target turtlesim__cpp
[0.209s] [ 24%] Built target turtlesim__rosidl_generator_c
[0.279s] [ 33%] Built target turtlesim__rosidl_typesupport_cpp
[0.357s] [ 41%] Built target turtlesim__rosidl_typesupport_fastrtps_c
[0.438s] [ 50%] Built target turtlesim__rosidl_typesupport_fastrtps_cpp
[0.511s] [ 59%] Built target turtlesim__rosidl_typesupport_introspection_c
[0.572s] [ 68%] Built target turtlesim__rosidl_typesupport_c
[0.626s] [ 76%] Built target turtlesim__rosidl_typesupport_introspection_cpp
[0.698s] [ 81%] Built target turtlesim_node
[0.780s] [ 83%] Built target turtle_teleop_key
[0.797s] running egg_info
[0.838s] writing turtlesim.egg-info/PKG-INFO
[0.840s] writing dependency_links to turtlesim.egg-info/dependency_links.txt
[0.841s] writing top-level names to turtlesim.egg-info/top_level.txt
[0.861s] [ 84%] Built target draw_square
[0.919s] [ 86%] Built target mimic
[0.962s] [ 86%] Built target turtlesim
[0.977s] reading manifest file 'turtlesim.egg-info/SOURCES.txt'
[0.979s] writing manifest file 'turtlesim.egg-info/SOURCES.txt'
[1.008s] [ 86%] Built target turtlesim__py
[1.034s] [ 86%] Built target ament_cmake_python_build_turtlesim_egg
[1.038s] [ 94%] Built target turtlesim__rosidl_generator_py
[1.069s] [ 96%] Built target turtlesim_s__rosidl_typesupport_fastrtps_c
[1.075s] [ 98%] Built target turtlesim_s__rosidl_typesupport_introspection_c
[1.098s] [100%] Built target turtlesim_s__rosidl_typesupport_c
