[0.011s] Invoking command in '/home/richard/ros2_ws/build/turtlesim': CMAKE_PREFIX_PATH=${CMAKE_PREFIX_PATH}:/opt/ros/jazzy DEBUGINFOD_URLS=https://debuginfod.ubuntu.com /usr/bin/cmake --build /home/richard/ros2_ws/build/turtlesim -- -j2 -l2
[0.077s] [  0%] Built target turtlesim__rosidl_generator_type_description
[0.104s] [  0%] Built target ament_cmake_python_copy_turtlesim
[0.140s] [  1%] Built target turtlesim__cpp
[0.156s] [ 24%] Built target turtlesim__rosidl_generator_c
[0.215s] [ 33%] Built target turtlesim__rosidl_typesupport_cpp
[0.284s] [ 41%] Built target turtlesim__rosidl_typesupport_fastrtps_c
[0.359s] [ 50%] Built target turtlesim__rosidl_typesupport_fastrtps_cpp
[0.411s] [ 59%] Built target turtlesim__rosidl_typesupport_introspection_c
[0.473s] [ 68%] Built target turtlesim__rosidl_typesupport_c
[0.520s] running egg_info
[0.524s] [ 76%] Built target turtlesim__rosidl_typesupport_introspection_cpp
[0.566s] writing turtlesim.egg-info/PKG-INFO
[0.568s] writing dependency_links to turtlesim.egg-info/dependency_links.txt
[0.569s] writing top-level names to turtlesim.egg-info/top_level.txt
[0.607s] [ 81%] Built target turtlesim_node
[0.666s] [ 83%] Built target turtle_teleop_key
[0.679s] reading manifest file 'turtlesim.egg-info/SOURCES.txt'
[0.680s] writing manifest file 'turtlesim.egg-info/SOURCES.txt'
[0.728s] [ 84%] Built target draw_square
[0.739s] [ 84%] Built target ament_cmake_python_build_turtlesim_egg
[0.766s] [ 86%] Built target mimic
[0.767s] [ 86%] Built target turtlesim
[0.788s] [ 86%] Built target turtlesim__py
[0.814s] [ 94%] Built target turtlesim__rosidl_generator_py
[0.840s] [ 96%] Built target turtlesim_s__rosidl_typesupport_introspection_c
[0.845s] [ 98%] Built target turtlesim_s__rosidl_typesupport_fastrtps_c
[0.862s] [100%] Built target turtlesim_s__rosidl_typesupport_c
