[0.022s] Invoking command in '/home/richard/ros2_ws/build/turtlesim': CMAKE_PREFIX_PATH=${CMAKE_PREFIX_PATH}:/opt/ros/jazzy DEBUGINFOD_URLS=https://debuginfod.ubuntu.com /usr/bin/cmake --build /home/richard/ros2_ws/build/turtlesim -- -j2 -l2
[0.124s] [  0%] Built target turtlesim__rosidl_generator_type_description
[0.149s] [  0%] Built target ament_cmake_python_copy_turtlesim
[0.177s] [  1%] Built target turtlesim__cpp
[0.186s] [ 24%] Built target turtlesim__rosidl_generator_c
[0.236s] [ 33%] Built target turtlesim__rosidl_typesupport_cpp
[0.314s] [ 41%] Built target turtlesim__rosidl_typesupport_fastrtps_c
[0.388s] [ 50%] Built target turtlesim__rosidl_typesupport_fastrtps_cpp
[0.456s] [ 59%] Built target turtlesim__rosidl_typesupport_introspection_c
[0.504s] [ 68%] Built target turtlesim__rosidl_typesupport_c
[0.544s] running egg_info
[0.635s] [ 76%] Built target turtlesim__rosidl_typesupport_introspection_cpp
[0.642s] writing turtlesim.egg-info/PKG-INFO
[0.642s] writing dependency_links to turtlesim.egg-info/dependency_links.txt
[0.642s] writing top-level names to turtlesim.egg-info/top_level.txt
[0.672s] [ 81%] Built target turtlesim_node
[0.742s] [ 83%] Built target turtle_teleop_key
[0.800s] [ 84%] Built target draw_square
[0.815s] reading manifest file 'turtlesim.egg-info/SOURCES.txt'
[0.816s] writing manifest file 'turtlesim.egg-info/SOURCES.txt'
[0.826s] [ 86%] Built target mimic
[0.845s] [ 86%] Built target ament_cmake_python_build_turtlesim_egg
[0.845s] [ 86%] Built target turtlesim
[0.868s] [ 86%] Built target turtlesim__py
[0.892s] [ 94%] Built target turtlesim__rosidl_generator_py
[0.913s] [ 96%] Built target turtlesim_s__rosidl_typesupport_introspection_c
[0.915s] [ 98%] Built target turtlesim_s__rosidl_typesupport_fastrtps_c
[0.930s] [100%] Built target turtlesim_s__rosidl_typesupport_c
