[0.018s] Invoking command in '/home/richard/ros2_ws/build/turtlesim': CMAKE_PREFIX_PATH=${CMAKE_PREFIX_PATH}:/opt/ros/jazzy DEBUGINFOD_URLS=https://debuginfod.ubuntu.com /usr/bin/cmake --build /home/richard/ros2_ws/build/turtlesim -- -j2 -l2
[0.093s] [  0%] Built target turtlesim__rosidl_generator_type_description
[0.121s] [  0%] Built target ament_cmake_python_copy_turtlesim
[0.139s] [  1%] Built target turtlesim__cpp
[0.174s] [ 24%] Built target turtlesim__rosidl_generator_c
[0.226s] [ 33%] Built target turtlesim__rosidl_typesupport_cpp
[0.298s] [ 41%] Built target turtlesim__rosidl_typesupport_fastrtps_c
[0.398s] [ 50%] Built target turtlesim__rosidl_typesupport_fastrtps_cpp
[0.455s] [ 59%] Built target turtlesim__rosidl_typesupport_introspection_c
[0.509s] [ 68%] Built target turtlesim__rosidl_typesupport_c
[0.570s] [ 76%] Built target turtlesim__rosidl_typesupport_introspection_cpp
[0.576s] running egg_info
[0.601s] writing turtlesim.egg-info/PKG-INFO
[0.601s] writing dependency_links to turtlesim.egg-info/dependency_links.txt
[0.601s] writing top-level names to turtlesim.egg-info/top_level.txt
[0.642s] [ 81%] Built target turtlesim_node
[0.701s] [ 83%] Built target turtle_teleop_key
[0.712s] reading manifest file 'turtlesim.egg-info/SOURCES.txt'
[0.713s] writing manifest file 'turtlesim.egg-info/SOURCES.txt'
[0.742s] [ 84%] Built target draw_square
[0.760s] [ 84%] Built target ament_cmake_python_build_turtlesim_egg
[0.774s] [ 86%] Built target mimic
[0.783s] [ 86%] Built target turtlesim
[0.803s] [ 86%] Built target turtlesim__py
[0.830s] [ 94%] Built target turtlesim__rosidl_generator_py
[0.853s] [ 96%] Built target turtlesim_s__rosidl_typesupport_introspection_c
[0.859s] [ 98%] Built target turtlesim_s__rosidl_typesupport_fastrtps_c
[0.885s] [100%] Built target turtlesim_s__rosidl_typesupport_c
