[0.008s] Invoking command in '/home/richard/ros2_ws/build/turtlesim': CMAKE_PREFIX_PATH=${CMAKE_PREFIX_PATH}:/opt/ros/jazzy DEBUGINFOD_URLS=https://debuginfod.ubuntu.com /usr/bin/cmake --build /home/richard/ros2_ws/build/turtlesim -- -j2 -l2
[0.088s] [  0%] Built target turtlesim__rosidl_generator_type_description
[0.117s] [  1%] Built target turtlesim__cpp
[0.124s] [  1%] Built target ament_cmake_python_copy_turtlesim
[0.178s] [ 24%] Built target turtlesim__rosidl_generator_c
[0.234s] [ 33%] Built target turtlesim__rosidl_typesupport_cpp
[0.305s] [ 41%] Built target turtlesim__rosidl_typesupport_fastrtps_c
[0.362s] [ 50%] Built target turtlesim__rosidl_typesupport_fastrtps_cpp
[0.415s] [ 59%] Built target turtlesim__rosidl_typesupport_introspection_c
[0.462s] [ 68%] Built target turtlesim__rosidl_typesupport_c
[0.517s] running egg_info
[0.526s] [ 76%] Built target turtlesim__rosidl_typesupport_introspection_cpp
[0.556s] writing turtlesim.egg-info/PKG-INFO
[0.557s] writing dependency_links to turtlesim.egg-info/dependency_links.txt
[0.558s] writing top-level names to turtlesim.egg-info/top_level.txt
[0.593s] [ 81%] Built target turtlesim_node
[0.661s] [ 83%] Built target turtle_teleop_key
[0.693s] reading manifest file 'turtlesim.egg-info/SOURCES.txt'
[0.698s] writing manifest file 'turtlesim.egg-info/SOURCES.txt'
[0.717s] [ 84%] Built target draw_square
[0.755s] [ 84%] Built target ament_cmake_python_build_turtlesim_egg
[0.774s] [ 86%] Built target mimic
[0.791s] [ 86%] Built target turtlesim
[0.816s] [ 86%] Built target turtlesim__py
[0.841s] [ 94%] Built target turtlesim__rosidl_generator_py
[0.863s] [ 98%] Built target turtlesim_s__rosidl_typesupport_fastrtps_c
[0.863s] [ 98%] Built target turtlesim_s__rosidl_typesupport_introspection_c
[0.888s] [100%] Built target turtlesim_s__rosidl_typesupport_c
