[0.022s] Invoking command in '/home/richard/ros2_ws/build/turtlesim': CMAKE_PREFIX_PATH=${CMAKE_PREFIX_PATH}:/opt/ros/jazzy DEBUGINFOD_URLS=https://debuginfod.ubuntu.com /usr/bin/cmake --build /home/richard/ros2_ws/build/turtlesim -- -j2 -l2
[0.120s] [  0%] Built target turtlesim__rosidl_generator_type_description
[0.120s] [  0%] Built target ament_cmake_python_copy_turtlesim
[0.164s] [  1%] Built target turtlesim__cpp
[0.172s] [ 24%] Built target turtlesim__rosidl_generator_c
[0.195s] [ 33%] Built target turtlesim__rosidl_typesupport_cpp
[0.223s] [ 41%] Built target turtlesim__rosidl_typesupport_fastrtps_c
[0.251s] [ 50%] Built target turtlesim__rosidl_typesupport_fastrtps_cpp
[0.286s] [ 59%] Built target turtlesim__rosidl_typesupport_introspection_c
[0.341s] [ 68%] Built target turtlesim__rosidl_typesupport_c
[0.402s] [ 76%] Built target turtlesim__rosidl_typesupport_introspection_cpp
[0.477s] [ 81%] Built target turtlesim_node
[0.538s] [ 83%] Built target turtle_teleop_key
[0.597s] [ 84%] Built target draw_square
[0.629s] running egg_info
[0.642s] [ 86%] Built target mimic
[0.665s] writing turtlesim.egg-info/PKG-INFO
[0.667s] writing dependency_links to turtlesim.egg-info/dependency_links.txt
[0.667s] writing top-level names to turtlesim.egg-info/top_level.txt
[0.682s] [ 86%] Built target turtlesim
[0.722s] [ 86%] Built target turtlesim__py
[0.751s] [ 94%] Built target turtlesim__rosidl_generator_py
[0.769s] reading manifest file 'turtlesim.egg-info/SOURCES.txt'
[0.770s] writing manifest file 'turtlesim.egg-info/SOURCES.txt'
[0.776s] [ 96%] Built target turtlesim_s__rosidl_typesupport_fastrtps_c
[0.798s] [ 97%] Built target ament_cmake_python_build_turtlesim_egg
[0.798s] [ 98%] Built target turtlesim_s__rosidl_typesupport_introspection_c
[0.820s] [100%] Built target turtlesim_s__rosidl_typesupport_c
