[0.023s] Invoking command in '/home/richard/ros2_ws/build/phi_aria': CMAKE_PREFIX_PATH=${CMAKE_PREFIX_PATH}:/opt/ros/jazzy DEBUGINFOD_URLS=https://debuginfod.ubuntu.com /usr/bin/cmake --build /home/richard/ros2_ws/build/phi_aria -- -j2 -l2
[0.116s] [100%] Built target phi_p3dx
[0.145s] Invoked command in '/home/richard/ros2_ws/build/phi_aria' returned '0': CMAKE_PREFIX_PATH=${CMAKE_PREFIX_PATH}:/opt/ros/jazzy DEBUGINFOD_URLS=https://debuginfod.ubuntu.com /usr/bin/cmake --build /home/richard/ros2_ws/build/phi_aria -- -j2 -l2
[0.163s] Invoking command in '/home/richard/ros2_ws/build/phi_aria': CMAKE_PREFIX_PATH=${CMAKE_PREFIX_PATH}:/opt/ros/jazzy DEBUGINFOD_URLS=https://debuginfod.ubuntu.com /usr/bin/cmake --install /home/richard/ros2_ws/build/phi_aria
[0.175s] -- Install configuration: ""
[0.176s] -- Up-to-date: /home/richard/ros2_ws/install/phi_aria/lib/phi_aria/phi_p3dx
[0.178s] -- Up-to-date: /home/richard/ros2_ws/install/phi_aria/share/phi_aria/description
[0.178s] -- Up-to-date: /home/richard/ros2_ws/install/phi_aria/share/phi_aria/description/p3dx_meshes
[0.180s] -- Up-to-date: /home/richard/ros2_ws/install/phi_aria/share/phi_aria/description/p3dx_meshes/caster_wheel.stl
[0.180s] -- Up-to-date: /home/richard/ros2_ws/install/phi_aria/share/phi_aria/description/p3dx_meshes/back_sonar.stl
[0.180s] -- Up-to-date: /home/richard/ros2_ws/install/phi_aria/share/phi_aria/description/p3dx_meshes/front_sonar.stl
[0.181s] -- Up-to-date: /home/richard/ros2_ws/install/phi_aria/share/phi_aria/description/p3dx_meshes/caster_hubcap.stl
[0.181s] -- Up-to-date: /home/richard/ros2_ws/install/phi_aria/share/phi_aria/description/p3dx_meshes/chassis.stl
[0.181s] -- Up-to-date: /home/richard/ros2_ws/install/phi_aria/share/phi_aria/description/p3dx_meshes/back_rim.stl
[0.181s] -- Up-to-date: /home/richard/ros2_ws/install/phi_aria/share/phi_aria/description/p3dx_meshes/caster_swivel.stl
[0.181s] -- Up-to-date: /home/richard/ros2_ws/install/phi_aria/share/phi_aria/description/p3dx_meshes/right_hubcap.stl
[0.181s] -- Up-to-date: /home/richard/ros2_ws/install/phi_aria/share/phi_aria/description/p3dx_meshes/top.stl
[0.181s] -- Up-to-date: /home/richard/ros2_ws/install/phi_aria/share/phi_aria/description/p3dx_meshes/left_wheel.stl
[0.181s] -- Up-to-date: /home/richard/ros2_ws/install/phi_aria/share/phi_aria/description/p3dx_meshes/front_rim.stl
[0.181s] -- Up-to-date: /home/richard/ros2_ws/install/phi_aria/share/phi_aria/description/p3dx_meshes/right_wheel.stl
[0.181s] -- Up-to-date: /home/richard/ros2_ws/install/phi_aria/share/phi_aria/description/p3dx_meshes/left_hubcap.stl
[0.183s] -- Up-to-date: /home/richard/ros2_ws/install/phi_aria/share/phi_aria/description/urdf
[0.183s] -- Up-to-date: /home/richard/ros2_ws/install/phi_aria/share/phi_aria/description/urdf/p3dx.urdf.xacro
[0.183s] -- Up-to-date: /home/richard/ros2_ws/install/phi_aria/share/phi_aria/description/urdf/pioneer3dx_wheel.xacro
[0.183s] -- Up-to-date: /home/richard/ros2_ws/install/phi_aria/share/phi_aria/description/urdf/common.xacro
[0.183s] -- Up-to-date: /home/richard/ros2_ws/install/phi_aria/share/phi_aria/description/urdf/sick_lms100.urdf.xacro
[0.183s] -- Up-to-date: /home/richard/ros2_ws/install/phi_aria/share/phi_aria/description/sensors_meshes
[0.184s] -- Up-to-date: /home/richard/ros2_ws/install/phi_aria/share/phi_aria/description/sensors_meshes/sick_lms100.stl
[0.184s] -- Up-to-date: /home/richard/ros2_ws/install/phi_aria/share/ament_index/resource_index/package_run_dependencies/phi_aria
[0.185s] -- Up-to-date: /home/richard/ros2_ws/install/phi_aria/share/ament_index/resource_index/parent_prefix_path/phi_aria
[0.185s] -- Up-to-date: /home/richard/ros2_ws/install/phi_aria/share/phi_aria/environment/ament_prefix_path.sh
[0.185s] -- Up-to-date: /home/richard/ros2_ws/install/phi_aria/share/phi_aria/environment/ament_prefix_path.dsv
[0.185s] -- Up-to-date: /home/richard/ros2_ws/install/phi_aria/share/phi_aria/environment/path.sh
[0.185s] -- Up-to-date: /home/richard/ros2_ws/install/phi_aria/share/phi_aria/environment/path.dsv
[0.186s] -- Up-to-date: /home/richard/ros2_ws/install/phi_aria/share/phi_aria/local_setup.bash
[0.186s] -- Up-to-date: /home/richard/ros2_ws/install/phi_aria/share/phi_aria/local_setup.sh
[0.187s] -- Up-to-date: /home/richard/ros2_ws/install/phi_aria/share/phi_aria/local_setup.zsh
[0.187s] -- Up-to-date: /home/richard/ros2_ws/install/phi_aria/share/phi_aria/local_setup.dsv
[0.187s] -- Installing: /home/richard/ros2_ws/install/phi_aria/share/phi_aria/package.dsv
[0.187s] -- Up-to-date: /home/richard/ros2_ws/install/phi_aria/share/ament_index/resource_index/packages/phi_aria
[0.187s] -- Up-to-date: /home/richard/ros2_ws/install/phi_aria/share/phi_aria/cmake/phi_ariaConfig.cmake
[0.188s] -- Up-to-date: /home/richard/ros2_ws/install/phi_aria/share/phi_aria/cmake/phi_ariaConfig-version.cmake
[0.188s] -- Up-to-date: /home/richard/ros2_ws/install/phi_aria/share/phi_aria/package.xml
[0.191s] Invoked command in '/home/richard/ros2_ws/build/phi_aria' returned '0': CMAKE_PREFIX_PATH=${CMAKE_PREFIX_PATH}:/opt/ros/jazzy DEBUGINFOD_URLS=https://debuginfod.ubuntu.com /usr/bin/cmake --install /home/richard/ros2_ws/build/phi_aria
