[0.009s] Invoking command in '/home/richard/ros2_ws/build/turtlesim': CMAKE_PREFIX_PATH=${CMAKE_PREFIX_PATH}:/opt/ros/jazzy DEBUGINFOD_URLS=https://debuginfod.ubuntu.com /usr/bin/cmake --build /home/richard/ros2_ws/build/turtlesim -- -j2 -l2
[0.076s] [  0%] Built target turtlesim__rosidl_generator_type_description
[0.099s] [  0%] Built target ament_cmake_python_copy_turtlesim
[0.111s] [  1%] Built target turtlesim__cpp
[0.150s] [ 24%] Built target turtlesim__rosidl_generator_c
[0.200s] [ 33%] Built target turtlesim__rosidl_typesupport_cpp
[0.258s] [ 41%] Built target turtlesim__rosidl_typesupport_fastrtps_c
[0.321s] [ 50%] Built target turtlesim__rosidl_typesupport_fastrtps_cpp
[0.358s] [ 59%] Built target turtlesim__rosidl_typesupport_introspection_c
[0.401s] [ 68%] Built target turtlesim__rosidl_typesupport_c
[0.453s] [ 76%] Built target turtlesim__rosidl_typesupport_introspection_cpp
[0.482s] running egg_info
[0.515s] writing turtlesim.egg-info/PKG-INFO
[0.516s] writing dependency_links to turtlesim.egg-info/dependency_links.txt
[0.517s] writing top-level names to turtlesim.egg-info/top_level.txt
[0.524s] [ 81%] Built target turtlesim_node
[0.590s] [ 83%] Built target turtle_teleop_key
[0.626s] [ 84%] Built target draw_square
[0.654s] reading manifest file 'turtlesim.egg-info/SOURCES.txt'
[0.655s] writing manifest file 'turtlesim.egg-info/SOURCES.txt'
[0.660s] [ 86%] Built target mimic
[0.692s] [ 86%] Built target turtlesim
[0.699s] [ 86%] Built target ament_cmake_python_build_turtlesim_egg
[0.714s] [ 86%] Built target turtlesim__py
[0.736s] [ 94%] Built target turtlesim__rosidl_generator_py
[0.761s] [ 96%] Built target turtlesim_s__rosidl_typesupport_fastrtps_c
[0.764s] [ 98%] Built target turtlesim_s__rosidl_typesupport_introspection_c
[0.783s] [100%] Built target turtlesim_s__rosidl_typesupport_c
