[0.013s] Invoking command in '/home/richard/ros2_ws/build/turtlesim': CMAKE_PREFIX_PATH=${CMAKE_PREFIX_PATH}:/opt/ros/jazzy DEBUGINFOD_URLS=https://debuginfod.ubuntu.com /usr/bin/cmake --build /home/richard/ros2_ws/build/turtlesim -- -j2 -l2
[0.118s] [  0%] Built target turtlesim__rosidl_generator_type_description
[0.152s] [  0%] Built target ament_cmake_python_copy_turtlesim
[0.181s] [  1%] Built target turtlesim__cpp
[0.231s] [ 24%] Built target turtlesim__rosidl_generator_c
[0.697s] running egg_info
[0.730s] writing turtlesim.egg-info/PKG-INFO
[0.730s] writing dependency_links to turtlesim.egg-info/dependency_links.txt
[0.730s] writing top-level names to turtlesim.egg-info/top_level.txt
[0.850s] reading manifest file 'turtlesim.egg-info/SOURCES.txt'
[0.853s] writing manifest file 'turtlesim.egg-info/SOURCES.txt'
[0.902s] [ 24%] Built target ament_cmake_python_build_turtlesim_egg
[0.945s] [ 33%] Built target turtlesim__rosidl_typesupport_cpp
[0.991s] [ 41%] Built target turtlesim__rosidl_typesupport_fastrtps_c
[1.045s] [ 50%] Built target turtlesim__rosidl_typesupport_fastrtps_cpp
[1.094s] [ 59%] Built target turtlesim__rosidl_typesupport_introspection_c
[1.116s] [ 68%] Built target turtlesim__rosidl_typesupport_c
[1.172s] [ 76%] Built target turtlesim__rosidl_typesupport_introspection_cpp
[1.206s] [ 81%] Built target turtlesim_node
[1.243s] [ 83%] Built target turtle_teleop_key
[1.279s] [ 84%] Built target draw_square
[1.307s] [ 86%] Built target mimic
[1.329s] [ 86%] Built target turtlesim
[1.353s] [ 86%] Built target turtlesim__py
[1.380s] [ 94%] Built target turtlesim__rosidl_generator_py
[1.405s] [ 96%] Built target turtlesim_s__rosidl_typesupport_fastrtps_c
[1.427s] [ 98%] Built target turtlesim_s__rosidl_typesupport_introspection_c
[1.449s] [100%] Built target turtlesim_s__rosidl_typesupport_c
