[0.026s] Invoking command in '/home/richard/ros2_ws/build/turtlesim': CMAKE_PREFIX_PATH=${CMAKE_PREFIX_PATH}:/opt/ros/jazzy DEBUGINFOD_URLS=https://debuginfod.ubuntu.com /usr/bin/cmake --build /home/richard/ros2_ws/build/turtlesim -- -j2 -l2
[0.110s] [  0%] Built target turtlesim__rosidl_generator_type_description
[0.133s] [  0%] Built target ament_cmake_python_copy_turtlesim
[0.147s] [  1%] Built target turtlesim__cpp
[0.167s] [ 24%] Built target turtlesim__rosidl_generator_c
[0.192s] [ 33%] Built target turtlesim__rosidl_typesupport_cpp
[0.229s] [ 41%] Built target turtlesim__rosidl_typesupport_fastrtps_c
[0.256s] [ 50%] Built target turtlesim__rosidl_typesupport_fastrtps_cpp
[0.283s] [ 59%] Built target turtlesim__rosidl_typesupport_introspection_c
[0.306s] [ 68%] Built target turtlesim__rosidl_typesupport_c
[0.377s] [ 76%] Built target turtlesim__rosidl_typesupport_introspection_cpp
[0.435s] [ 81%] Built target turtlesim_node
[0.471s] [ 83%] Built target turtle_teleop_key
[0.533s] [ 84%] Built target draw_square
[0.592s] [ 86%] Built target mimic
[0.638s] [ 86%] Built target turtlesim
[0.686s] [ 86%] Built target turtlesim__py
[0.744s] [ 94%] Built target turtlesim__rosidl_generator_py
[0.775s] [ 96%] Built target turtlesim_s__rosidl_typesupport_fastrtps_c
[0.798s] [ 98%] Built target turtlesim_s__rosidl_typesupport_introspection_c
[0.820s] running egg_info
[0.827s] [100%] Built target turtlesim_s__rosidl_typesupport_c
[0.862s] writing turtlesim.egg-info/PKG-INFO
[0.864s] writing dependency_links to turtlesim.egg-info/dependency_links.txt
[0.864s] writing top-level names to turtlesim.egg-info/top_level.txt
[0.935s] reading manifest file 'turtlesim.egg-info/SOURCES.txt'
[0.935s] writing manifest file 'turtlesim.egg-info/SOURCES.txt'
[0.964s] [100%] Built target ament_cmake_python_build_turtlesim_egg
