[0.008s] Invoking command in '/home/richard/ros2_ws/build/turtlesim': CMAKE_PREFIX_PATH=${CMAKE_PREFIX_PATH}:/opt/ros/jazzy DEBUGINFOD_URLS=https://debuginfod.ubuntu.com /usr/bin/cmake --build /home/richard/ros2_ws/build/turtlesim -- -j2 -l2
[0.103s] [  0%] Built target turtlesim__rosidl_generator_type_description
[0.153s] [  0%] Built target ament_cmake_python_copy_turtlesim
[0.169s] [  1%] Built target turtlesim__cpp
[0.206s] [ 24%] Built target turtlesim__rosidl_generator_c
[0.271s] [ 33%] Built target turtlesim__rosidl_typesupport_cpp
[0.322s] [ 41%] Built target turtlesim__rosidl_typesupport_fastrtps_c
[0.355s] [ 50%] Built target turtlesim__rosidl_typesupport_fastrtps_cpp
[0.386s] [ 59%] Built target turtlesim__rosidl_typesupport_introspection_c
[0.420s] [ 68%] Built target turtlesim__rosidl_typesupport_c
[0.454s] [ 76%] Built target turtlesim__rosidl_typesupport_introspection_cpp
[0.492s] [ 81%] Built target turtlesim_node
[0.541s] [ 83%] Built target turtle_teleop_key
[0.556s] running egg_info
[0.575s] [ 84%] Built target draw_square
[0.584s] writing turtlesim.egg-info/PKG-INFO
[0.584s] writing dependency_links to turtlesim.egg-info/dependency_links.txt
[0.585s] writing top-level names to turtlesim.egg-info/top_level.txt
[0.607s] [ 86%] Built target mimic
[0.631s] [ 86%] Built target turtlesim
[0.659s] [ 86%] Built target turtlesim__py
[0.671s] reading manifest file 'turtlesim.egg-info/SOURCES.txt'
[0.672s] writing manifest file 'turtlesim.egg-info/SOURCES.txt'
[0.691s] [ 94%] Built target turtlesim__rosidl_generator_py
[0.721s] [ 94%] Built target ament_cmake_python_build_turtlesim_egg
[0.729s] [ 96%] Built target turtlesim_s__rosidl_typesupport_fastrtps_c
[0.749s] [ 98%] Built target turtlesim_s__rosidl_typesupport_introspection_c
[0.756s] [100%] Built target turtlesim_s__rosidl_typesupport_c
