[0.015s] Invoking command in '/home/richard/ros2_ws/build/turtlesim': CMAKE_PREFIX_PATH=${CMAKE_PREFIX_PATH}:/opt/ros/jazzy DEBUGINFOD_URLS=https://debuginfod.ubuntu.com /usr/bin/cmake --build /home/richard/ros2_ws/build/turtlesim -- -j2 -l2
[0.126s] [  0%] Built target turtlesim__rosidl_generator_type_description
[0.133s] [  0%] Built target ament_cmake_python_copy_turtlesim
[0.195s] [  1%] Built target turtlesim__cpp
[0.257s] [ 24%] Built target turtlesim__rosidl_generator_c
[0.350s] [ 33%] Built target turtlesim__rosidl_typesupport_cpp
[0.414s] [ 41%] Built target turtlesim__rosidl_typesupport_fastrtps_c
[0.453s] [ 50%] Built target turtlesim__rosidl_typesupport_fastrtps_cpp
[0.488s] [ 59%] Built target turtlesim__rosidl_typesupport_introspection_c
[0.540s] [ 68%] Built target turtlesim__rosidl_typesupport_c
[0.582s] [ 76%] Built target turtlesim__rosidl_typesupport_introspection_cpp
[0.654s] [ 81%] Built target turtlesim_node
[0.700s] [ 83%] Built target turtle_teleop_key
[0.752s] [ 84%] Built target draw_square
[0.797s] [ 86%] Built target mimic
[0.836s] [ 86%] Built target turtlesim
[0.860s] running egg_info
[0.874s] [ 86%] Built target turtlesim__py
[0.888s] writing turtlesim.egg-info/PKG-INFO
[0.889s] writing dependency_links to turtlesim.egg-info/dependency_links.txt
[0.889s] writing top-level names to turtlesim.egg-info/top_level.txt
[0.913s] [ 94%] Built target turtlesim__rosidl_generator_py
[0.951s] [ 96%] Built target turtlesim_s__rosidl_typesupport_fastrtps_c
[0.974s] [ 98%] Built target turtlesim_s__rosidl_typesupport_introspection_c
[0.983s] reading manifest file 'turtlesim.egg-info/SOURCES.txt'
[0.984s] writing manifest file 'turtlesim.egg-info/SOURCES.txt'
[1.007s] [100%] Built target turtlesim_s__rosidl_typesupport_c
[1.035s] [100%] Built target ament_cmake_python_build_turtlesim_egg
