[0.011s] Invoking command in '/home/richard/ros2_ws/build/turtlesim': CMAKE_PREFIX_PATH=${CMAKE_PREFIX_PATH}:/opt/ros/jazzy DEBUGINFOD_URLS=https://debuginfod.ubuntu.com /usr/bin/cmake --build /home/richard/ros2_ws/build/turtlesim -- -j2 -l2
[0.085s] [  0%] Built target turtlesim__rosidl_generator_type_description
[0.112s] [  0%] Built target ament_cmake_python_copy_turtlesim
[0.131s] [  1%] Built target turtlesim__cpp
[0.151s] [ 24%] Built target turtlesim__rosidl_generator_c
[0.204s] [ 33%] Built target turtlesim__rosidl_typesupport_cpp
[0.278s] [ 41%] Built target turtlesim__rosidl_typesupport_fastrtps_c
[0.344s] [ 50%] Built target turtlesim__rosidl_typesupport_fastrtps_cpp
[0.452s] [ 59%] Built target turtlesim__rosidl_typesupport_introspection_c
[0.494s] [ 68%] Built target turtlesim__rosidl_typesupport_c
[0.534s] [ 76%] Built target turtlesim__rosidl_typesupport_introspection_cpp
[0.564s] running egg_info
[0.575s] [ 81%] Built target turtlesim_node
[0.586s] writing turtlesim.egg-info/PKG-INFO
[0.587s] writing dependency_links to turtlesim.egg-info/dependency_links.txt
[0.588s] writing top-level names to turtlesim.egg-info/top_level.txt
[0.604s] [ 83%] Built target turtle_teleop_key
[0.628s] [ 84%] Built target draw_square
[0.661s] reading manifest file 'turtlesim.egg-info/SOURCES.txt'
[0.663s] writing manifest file 'turtlesim.egg-info/SOURCES.txt'
[0.669s] [ 86%] Built target mimic
[0.688s] [ 86%] Built target turtlesim
[0.690s] [ 86%] Built target ament_cmake_python_build_turtlesim_egg
[0.709s] [ 86%] Built target turtlesim__py
[0.743s] [ 94%] Built target turtlesim__rosidl_generator_py
[0.765s] [ 96%] Built target turtlesim_s__rosidl_typesupport_fastrtps_c
[0.767s] [ 98%] Built target turtlesim_s__rosidl_typesupport_introspection_c
[0.787s] [100%] Built target turtlesim_s__rosidl_typesupport_c
