[0.010s] Invoking command in '/home/richard/ros2_ws/build/turtlesim': CMAKE_PREFIX_PATH=${CMAKE_PREFIX_PATH}:/opt/ros/jazzy DEBUGINFOD_URLS=https://debuginfod.ubuntu.com /usr/bin/cmake --build /home/richard/ros2_ws/build/turtlesim -- -j2 -l2
[0.103s] [  0%] Built target turtlesim__rosidl_generator_type_description
[0.144s] [  0%] Built target ament_cmake_python_copy_turtlesim
[0.159s] [  1%] Built target turtlesim__cpp
[0.213s] [ 24%] Built target turtlesim__rosidl_generator_c
[0.267s] [ 33%] Built target turtlesim__rosidl_typesupport_cpp
[0.340s] [ 41%] Built target turtlesim__rosidl_typesupport_fastrtps_c
[0.397s] [ 50%] Built target turtlesim__rosidl_typesupport_fastrtps_cpp
[0.460s] [ 59%] Built target turtlesim__rosidl_typesupport_introspection_c
[0.499s] running egg_info
[0.510s] [ 68%] Built target turtlesim__rosidl_typesupport_c
[0.536s] writing turtlesim.egg-info/PKG-INFO
[0.539s] writing dependency_links to turtlesim.egg-info/dependency_links.txt
[0.541s] writing top-level names to turtlesim.egg-info/top_level.txt
[0.568s] [ 76%] Built target turtlesim__rosidl_typesupport_introspection_cpp
[0.639s] [ 81%] Built target turtlesim_node
[0.641s] reading manifest file 'turtlesim.egg-info/SOURCES.txt'
[0.641s] writing manifest file 'turtlesim.egg-info/SOURCES.txt'
[0.681s] [ 83%] Built target turtle_teleop_key
[0.684s] [ 83%] Built target ament_cmake_python_build_turtlesim_egg
[0.712s] [ 84%] Built target draw_square
[0.717s] [ 86%] Built target mimic
[0.731s] [ 86%] Built target turtlesim
[0.757s] [ 86%] Built target turtlesim__py
[0.783s] [ 94%] Built target turtlesim__rosidl_generator_py
[0.804s] [ 98%] Built target turtlesim_s__rosidl_typesupport_introspection_c
[0.804s] [ 98%] Built target turtlesim_s__rosidl_typesupport_fastrtps_c
[0.827s] [100%] Built target turtlesim_s__rosidl_typesupport_c
