[0.021s] Invoking command in '/home/richard/ros2_ws/build/phi_aria': CMAKE_PREFIX_PATH=${CMAKE_PREFIX_PATH}:/opt/ros/jazzy DEBUGINFOD_URLS=https://debuginfod.ubuntu.com /usr/bin/cmake --build /home/richard/ros2_ws/build/phi_aria -- -j2 -l2
[0.067s] -- Found ament_cmake: 2.5.3 (/opt/ros/jazzy/share/ament_cmake/cmake)
[0.362s] -- Found rclcpp: 28.1.8 (/opt/ros/jazzy/share/rclcpp/cmake)
[0.393s] -- Found rosidl_generator_c: 4.6.5 (/opt/ros/jazzy/share/rosidl_generator_c/cmake)
[0.408s] -- Found rosidl_generator_cpp: 4.6.5 (/opt/ros/jazzy/share/rosidl_generator_cpp/cmake)
[0.441s] -- Using all available rosidl_typesupport_c: rosidl_typesupport_fastrtps_c;rosidl_typesupport_introspection_c
[0.458s] -- Using all available rosidl_typesupport_cpp: rosidl_typesupport_fastrtps_cpp;rosidl_typesupport_introspection_cpp
[0.589s] -- Found rmw_implementation_cmake: 7.3.2 (/opt/ros/jazzy/share/rmw_implementation_cmake/cmake)
[0.589s] -- Found rmw_fastrtps_cpp: 8.4.2 (/opt/ros/jazzy/share/rmw_fastrtps_cpp/cmake)
[0.682s] -- Using RMW implementation 'rmw_fastrtps_cpp' as default
[0.769s] -- Found nav_msgs: 5.3.6 (/opt/ros/jazzy/share/nav_msgs/cmake)
[0.861s] -- Found sensor_msgs: 5.3.6 (/opt/ros/jazzy/share/sensor_msgs/cmake)
[0.896s] -- Found tf2_ros: 0.36.9 (/opt/ros/jazzy/share/tf2_ros/cmake)
[1.046s] -- Found tf2_geometry_msgs: 0.36.9 (/opt/ros/jazzy/share/tf2_geometry_msgs/cmake)
[1.048s] -- Found eigen3_cmake_module: 0.3.0 (/opt/ros/jazzy/share/eigen3_cmake_module/cmake)
[1.051s] -- Ensuring Eigen3 include directory is part of orocos-kdl CMake target
[1.072s] -- Found ament_lint_auto: 0.17.2 (/opt/ros/jazzy/share/ament_lint_auto/cmake)
[1.191s] -- Added test 'cppcheck' to perform static code analysis on C / C++ code
[1.192s] -- Configured cppcheck include dirs: $<BUILD_INTERFACE:/home/richard/ros2_ws/src/phi_aria/include>
[1.192s] -- Configured cppcheck exclude dirs and/or files: 
[1.193s] -- Added test 'lint_cmake' to check CMake code style
[1.195s] -- Added test 'uncrustify' to check C / C++ code style
[1.195s] -- Configured uncrustify additional arguments: 
[1.196s] -- Added test 'xmllint' to check XML markup files
[1.196s] -- Configuring done (1.1s)
[1.223s] -- Generating done (0.0s)
[1.229s] -- Build files have been written to: /home/richard/ros2_ws/build/phi_aria
[1.299s] [100%] Built target phi_p3dx
[1.322s] Invoked command in '/home/richard/ros2_ws/build/phi_aria' returned '0': CMAKE_PREFIX_PATH=${CMAKE_PREFIX_PATH}:/opt/ros/jazzy DEBUGINFOD_URLS=https://debuginfod.ubuntu.com /usr/bin/cmake --build /home/richard/ros2_ws/build/phi_aria -- -j2 -l2
[1.339s] Invoking command in '/home/richard/ros2_ws/build/phi_aria': CMAKE_PREFIX_PATH=${CMAKE_PREFIX_PATH}:/opt/ros/jazzy DEBUGINFOD_URLS=https://debuginfod.ubuntu.com /usr/bin/cmake --install /home/richard/ros2_ws/build/phi_aria
[1.349s] -- Install configuration: ""
[1.349s] -- Up-to-date: /home/richard/ros2_ws/install/phi_aria/lib/phi_aria/phi_p3dx
[1.349s] -- Up-to-date: /home/richard/ros2_ws/install/phi_aria/share/phi_aria/description
[1.349s] -- Up-to-date: /home/richard/ros2_ws/install/phi_aria/share/phi_aria/description/p3dx_meshes
[1.349s] -- Up-to-date: /home/richard/ros2_ws/install/phi_aria/share/phi_aria/description/p3dx_meshes/caster_wheel.stl
[1.350s] -- Up-to-date: /home/richard/ros2_ws/install/phi_aria/share/phi_aria/description/p3dx_meshes/back_sonar.stl
[1.350s] -- Up-to-date: /home/richard/ros2_ws/install/phi_aria/share/phi_aria/description/p3dx_meshes/front_sonar.stl
[1.350s] -- Up-to-date: /home/richard/ros2_ws/install/phi_aria/share/phi_aria/description/p3dx_meshes/caster_hubcap.stl
[1.350s] -- Up-to-date: /home/richard/ros2_ws/install/phi_aria/share/phi_aria/description/p3dx_meshes/chassis.stl
[1.350s] -- Up-to-date: /home/richard/ros2_ws/install/phi_aria/share/phi_aria/description/p3dx_meshes/back_rim.stl
[1.350s] -- Up-to-date: /home/richard/ros2_ws/install/phi_aria/share/phi_aria/description/p3dx_meshes/caster_swivel.stl
[1.350s] -- Up-to-date: /home/richard/ros2_ws/install/phi_aria/share/phi_aria/description/p3dx_meshes/right_hubcap.stl
[1.350s] -- Up-to-date: /home/richard/ros2_ws/install/phi_aria/share/phi_aria/description/p3dx_meshes/top.stl
[1.350s] -- Up-to-date: /home/richard/ros2_ws/install/phi_aria/share/phi_aria/description/p3dx_meshes/left_wheel.stl
[1.350s] -- Up-to-date: /home/richard/ros2_ws/install/phi_aria/share/phi_aria/description/p3dx_meshes/front_rim.stl
[1.350s] -- Up-to-date: /home/richard/ros2_ws/install/phi_aria/share/phi_aria/description/p3dx_meshes/right_wheel.stl
[1.350s] -- Up-to-date: /home/richard/ros2_ws/install/phi_aria/share/phi_aria/description/p3dx_meshes/left_hubcap.stl
[1.350s] -- Up-to-date: /home/richard/ros2_ws/install/phi_aria/share/phi_aria/description/urdf
[1.350s] -- Up-to-date: /home/richard/ros2_ws/install/phi_aria/share/phi_aria/description/urdf/p3dx.urdf.xacro
[1.351s] -- Up-to-date: /home/richard/ros2_ws/install/phi_aria/share/phi_aria/description/urdf/pioneer3dx_wheel.xacro
[1.351s] -- Up-to-date: /home/richard/ros2_ws/install/phi_aria/share/phi_aria/description/urdf/common.xacro
[1.351s] -- Up-to-date: /home/richard/ros2_ws/install/phi_aria/share/phi_aria/description/urdf/sick_lms100.urdf.xacro
[1.351s] -- Up-to-date: /home/richard/ros2_ws/install/phi_aria/share/phi_aria/description/sensors_meshes
[1.351s] -- Up-to-date: /home/richard/ros2_ws/install/phi_aria/share/phi_aria/description/sensors_meshes/sick_lms100.stl
[1.354s] -- Up-to-date: /home/richard/ros2_ws/install/phi_aria/share/ament_index/resource_index/package_run_dependencies/phi_aria
[1.355s] -- Installing: /home/richard/ros2_ws/install/phi_aria/share/ament_index/resource_index/parent_prefix_path/phi_aria
[1.355s] -- Up-to-date: /home/richard/ros2_ws/install/phi_aria/share/phi_aria/environment/ament_prefix_path.sh
[1.355s] -- Up-to-date: /home/richard/ros2_ws/install/phi_aria/share/phi_aria/environment/ament_prefix_path.dsv
[1.355s] -- Up-to-date: /home/richard/ros2_ws/install/phi_aria/share/phi_aria/environment/path.sh
[1.356s] -- Up-to-date: /home/richard/ros2_ws/install/phi_aria/share/phi_aria/environment/path.dsv
[1.356s] -- Up-to-date: /home/richard/ros2_ws/install/phi_aria/share/phi_aria/local_setup.bash
[1.356s] -- Up-to-date: /home/richard/ros2_ws/install/phi_aria/share/phi_aria/local_setup.sh
[1.356s] -- Up-to-date: /home/richard/ros2_ws/install/phi_aria/share/phi_aria/local_setup.zsh
[1.357s] -- Up-to-date: /home/richard/ros2_ws/install/phi_aria/share/phi_aria/local_setup.dsv
[1.357s] -- Installing: /home/richard/ros2_ws/install/phi_aria/share/phi_aria/package.dsv
[1.358s] -- Up-to-date: /home/richard/ros2_ws/install/phi_aria/share/ament_index/resource_index/packages/phi_aria
[1.360s] -- Up-to-date: /home/richard/ros2_ws/install/phi_aria/share/phi_aria/cmake/phi_ariaConfig.cmake
[1.360s] -- Up-to-date: /home/richard/ros2_ws/install/phi_aria/share/phi_aria/cmake/phi_ariaConfig-version.cmake
[1.360s] -- Up-to-date: /home/richard/ros2_ws/install/phi_aria/share/phi_aria/package.xml
[1.360s] Invoked command in '/home/richard/ros2_ws/build/phi_aria' returned '0': CMAKE_PREFIX_PATH=${CMAKE_PREFIX_PATH}:/opt/ros/jazzy DEBUGINFOD_URLS=https://debuginfod.ubuntu.com /usr/bin/cmake --install /home/richard/ros2_ws/build/phi_aria
