[0.016s] Invoking command in '/home/richard/ros2_ws/build/turtlesim': CMAKE_PREFIX_PATH=${CMAKE_PREFIX_PATH}:/opt/ros/jazzy DEBUGINFOD_URLS=https://debuginfod.ubuntu.com /usr/bin/cmake --build /home/richard/ros2_ws/build/turtlesim -- -j2 -l2
[0.137s] [  0%] Built target turtlesim__rosidl_generator_type_description
[0.212s] [  0%] Built target ament_cmake_python_copy_turtlesim
[0.218s] [  1%] Built target turtlesim__cpp
[0.332s] [ 24%] Built target turtlesim__rosidl_generator_c
[0.426s] [ 33%] Built target turtlesim__rosidl_typesupport_cpp
[0.527s] [ 41%] Built target turtlesim__rosidl_typesupport_fastrtps_c
[0.589s] [ 50%] Built target turtlesim__rosidl_typesupport_fastrtps_cpp
[0.673s] [ 59%] Built target turtlesim__rosidl_typesupport_introspection_c
[0.733s] [ 68%] Built target turtlesim__rosidl_typesupport_c
[0.800s] [ 76%] Built target turtlesim__rosidl_typesupport_introspection_cpp
[0.854s] [ 81%] Built target turtlesim_node
[0.885s] [ 83%] Built target turtle_teleop_key
[0.932s] [ 84%] Built target draw_square
[0.962s] [ 86%] Built target mimic
[0.994s] running egg_info
[1.007s] [ 86%] Built target turtlesim
[1.050s] writing turtlesim.egg-info/PKG-INFO
[1.050s] writing dependency_links to turtlesim.egg-info/dependency_links.txt
[1.052s] writing top-level names to turtlesim.egg-info/top_level.txt
[1.074s] [ 86%] Built target turtlesim__py
[1.150s] [ 94%] Built target turtlesim__rosidl_generator_py
[1.209s] [ 96%] Built target turtlesim_s__rosidl_typesupport_fastrtps_c
[1.222s] reading manifest file 'turtlesim.egg-info/SOURCES.txt'
[1.223s] writing manifest file 'turtlesim.egg-info/SOURCES.txt'
[1.269s] [ 96%] Built target ament_cmake_python_build_turtlesim_egg
[1.270s] [ 98%] Built target turtlesim_s__rosidl_typesupport_introspection_c
[1.322s] [100%] Built target turtlesim_s__rosidl_typesupport_c
