[0.007s] Invoking command in '/home/richard/ros2_ws/build/turtlesim': CMAKE_PREFIX_PATH=${CMAKE_PREFIX_PATH}:/opt/ros/jazzy DEBUGINFOD_URLS=https://debuginfod.ubuntu.com /usr/bin/cmake --build /home/richard/ros2_ws/build/turtlesim -- -j2 -l2
[0.098s] [  0%] Built target turtlesim__rosidl_generator_type_description
[0.140s] [  1%] Built target turtlesim__cpp
[0.159s] [  1%] Built target ament_cmake_python_copy_turtlesim
[0.170s] [ 24%] Built target turtlesim__rosidl_generator_c
[0.220s] [ 33%] Built target turtlesim__rosidl_typesupport_cpp
[0.301s] [ 41%] Built target turtlesim__rosidl_typesupport_fastrtps_c
[0.370s] [ 50%] Built target turtlesim__rosidl_typesupport_fastrtps_cpp
[0.469s] [ 59%] Built target turtlesim__rosidl_typesupport_introspection_c
[0.563s] [ 68%] Built target turtlesim__rosidl_typesupport_c
[0.666s] [ 76%] Built target turtlesim__rosidl_typesupport_introspection_cpp
[0.751s] [ 81%] Built target turtlesim_node
[0.806s] [ 83%] Built target turtle_teleop_key
[0.836s] [ 84%] Built target draw_square
[0.852s] running egg_info
[0.871s] [ 86%] Built target mimic
[0.876s] writing turtlesim.egg-info/PKG-INFO
[0.876s] writing dependency_links to turtlesim.egg-info/dependency_links.txt
[0.877s] writing top-level names to turtlesim.egg-info/top_level.txt
[0.894s] [ 86%] Built target turtlesim
[0.916s] [ 86%] Built target turtlesim__py
[0.940s] [ 94%] Built target turtlesim__rosidl_generator_py
[0.944s] reading manifest file 'turtlesim.egg-info/SOURCES.txt'
[0.945s] writing manifest file 'turtlesim.egg-info/SOURCES.txt'
[0.974s] [ 96%] Built target turtlesim_s__rosidl_typesupport_fastrtps_c
[0.981s] [ 96%] Built target ament_cmake_python_build_turtlesim_egg
[0.997s] [ 98%] Built target turtlesim_s__rosidl_typesupport_introspection_c
[1.006s] [100%] Built target turtlesim_s__rosidl_typesupport_c
