[0.012s] Invoking command in '/home/richard/ros2_ws/build/turtlesim': CMAKE_PREFIX_PATH=${CMAKE_PREFIX_PATH}:/opt/ros/jazzy DEBUGINFOD_URLS=https://debuginfod.ubuntu.com /usr/bin/cmake --build /home/richard/ros2_ws/build/turtlesim -- -j2 -l2
[0.070s] [  0%] Built target turtlesim__rosidl_generator_type_description
[0.107s] [  1%] Built target turtlesim__cpp
[0.130s] [  1%] Built target ament_cmake_python_copy_turtlesim
[0.181s] [ 24%] Built target turtlesim__rosidl_generator_c
[0.237s] [ 33%] Built target turtlesim__rosidl_typesupport_cpp
[0.300s] [ 41%] Built target turtlesim__rosidl_typesupport_fastrtps_c
[0.355s] [ 50%] Built target turtlesim__rosidl_typesupport_fastrtps_cpp
[0.404s] [ 59%] Built target turtlesim__rosidl_typesupport_introspection_c
[0.461s] [ 68%] Built target turtlesim__rosidl_typesupport_c
[0.517s] [ 76%] Built target turtlesim__rosidl_typesupport_introspection_cpp
[0.587s] [ 81%] Built target turtlesim_node
[0.611s] running egg_info
[0.653s] writing turtlesim.egg-info/PKG-INFO
[0.654s] [ 83%] Built target turtle_teleop_key
[0.660s] writing dependency_links to turtlesim.egg-info/dependency_links.txt
[0.660s] writing top-level names to turtlesim.egg-info/top_level.txt
[0.700s] [ 84%] Built target draw_square
[0.748s] [ 86%] Built target mimic
[0.764s] reading manifest file 'turtlesim.egg-info/SOURCES.txt'
[0.765s] writing manifest file 'turtlesim.egg-info/SOURCES.txt'
[0.773s] [ 86%] Built target turtlesim
[0.793s] [ 86%] Built target turtlesim__py
[0.795s] [ 86%] Built target ament_cmake_python_build_turtlesim_egg
[0.825s] [ 94%] Built target turtlesim__rosidl_generator_py
[0.853s] [ 96%] Built target turtlesim_s__rosidl_typesupport_introspection_c
[0.854s] [ 98%] Built target turtlesim_s__rosidl_typesupport_fastrtps_c
[0.872s] [100%] Built target turtlesim_s__rosidl_typesupport_c
