[0.014s] Invoking command in '/home/richard/ros2_ws/build/turtlesim': CMAKE_PREFIX_PATH=${CMAKE_PREFIX_PATH}:/opt/ros/jazzy DEBUGINFOD_URLS=https://debuginfod.ubuntu.com /usr/bin/cmake --build /home/richard/ros2_ws/build/turtlesim -- -j2 -l2
[0.121s] [  0%] Built target ament_cmake_python_copy_turtlesim
[0.130s] [  0%] Built target turtlesim__rosidl_generator_type_description
[0.188s] [  1%] Built target turtlesim__cpp
[0.260s] [ 24%] Built target turtlesim__rosidl_generator_c
[0.320s] [ 33%] Built target turtlesim__rosidl_typesupport_cpp
[0.370s] [ 41%] Built target turtlesim__rosidl_typesupport_fastrtps_c
[0.398s] [ 50%] Built target turtlesim__rosidl_typesupport_fastrtps_cpp
[0.425s] [ 59%] Built target turtlesim__rosidl_typesupport_introspection_c
[0.462s] [ 68%] Built target turtlesim__rosidl_typesupport_c
[0.491s] [ 76%] Built target turtlesim__rosidl_typesupport_introspection_cpp
[0.511s] running egg_info
[0.528s] [ 81%] Built target turtlesim_node
[0.551s] writing turtlesim.egg-info/PKG-INFO
[0.553s] writing dependency_links to turtlesim.egg-info/dependency_links.txt
[0.554s] writing top-level names to turtlesim.egg-info/top_level.txt
[0.577s] [ 83%] Built target turtle_teleop_key
[0.646s] [ 84%] Built target draw_square
[0.669s] reading manifest file 'turtlesim.egg-info/SOURCES.txt'
[0.673s] writing manifest file 'turtlesim.egg-info/SOURCES.txt'
[0.682s] [ 86%] Built target mimic
[0.709s] [ 86%] Built target ament_cmake_python_build_turtlesim_egg
[0.712s] [ 86%] Built target turtlesim
[0.744s] [ 86%] Built target turtlesim__py
[0.785s] [ 94%] Built target turtlesim__rosidl_generator_py
[0.822s] [ 96%] Built target turtlesim_s__rosidl_typesupport_fastrtps_c
[0.829s] [ 98%] Built target turtlesim_s__rosidl_typesupport_introspection_c
[0.870s] [100%] Built target turtlesim_s__rosidl_typesupport_c
