[0.016s] Invoking command in '/home/richard/ros2_ws/build/turtlesim': CMAKE_PREFIX_PATH=${CMAKE_PREFIX_PATH}:/opt/ros/jazzy DEBUGINFOD_URLS=https://debuginfod.ubuntu.com /usr/bin/cmake --build /home/richard/ros2_ws/build/turtlesim -- -j2 -l2
[0.110s] [  0%] Built target turtlesim__rosidl_generator_type_description
[0.182s] [  0%] Built target ament_cmake_python_copy_turtlesim
[0.269s] [  1%] Built target turtlesim__cpp
[0.421s] [ 24%] Built target turtlesim__rosidl_generator_c
[0.958s] running egg_info
[0.987s] writing turtlesim.egg-info/PKG-INFO
[0.988s] writing dependency_links to turtlesim.egg-info/dependency_links.txt
[0.988s] writing top-level names to turtlesim.egg-info/top_level.txt
[1.114s] reading manifest file 'turtlesim.egg-info/SOURCES.txt'
[1.115s] writing manifest file 'turtlesim.egg-info/SOURCES.txt'
[1.161s] [ 24%] Built target ament_cmake_python_build_turtlesim_egg
[1.226s] [ 33%] Built target turtlesim__rosidl_typesupport_cpp
[1.264s] [ 41%] Built target turtlesim__rosidl_typesupport_fastrtps_c
[1.312s] [ 50%] Built target turtlesim__rosidl_typesupport_fastrtps_cpp
[1.346s] [ 59%] Built target turtlesim__rosidl_typesupport_introspection_c
[1.375s] [ 68%] Built target turtlesim__rosidl_typesupport_c
[1.428s] [ 76%] Built target turtlesim__rosidl_typesupport_introspection_cpp
[1.477s] [ 81%] Built target turtlesim_node
[1.522s] [ 83%] Built target turtle_teleop_key
[1.561s] [ 84%] Built target draw_square
[1.603s] [ 86%] Built target mimic
[1.634s] [ 86%] Built target turtlesim
[1.666s] [ 86%] Built target turtlesim__py
[1.707s] [ 94%] Built target turtlesim__rosidl_generator_py
[1.740s] [ 96%] Built target turtlesim_s__rosidl_typesupport_fastrtps_c
[1.772s] [ 98%] Built target turtlesim_s__rosidl_typesupport_introspection_c
[1.816s] [100%] Built target turtlesim_s__rosidl_typesupport_c
