[0.011s] Invoking command in '/home/richard/ros2_ws/build/turtlesim': CMAKE_PREFIX_PATH=${CMAKE_PREFIX_PATH}:/opt/ros/jazzy DEBUGINFOD_URLS=https://debuginfod.ubuntu.com /usr/bin/cmake --build /home/richard/ros2_ws/build/turtlesim -- -j2 -l2
[0.110s] [  0%] Built target turtlesim__rosidl_generator_type_description
[0.130s] [  0%] Built target ament_cmake_python_copy_turtlesim
[0.145s] [  1%] Built target turtlesim__cpp
[0.175s] [ 24%] Built target turtlesim__rosidl_generator_c
[0.227s] [ 33%] Built target turtlesim__rosidl_typesupport_cpp
[0.292s] [ 41%] Built target turtlesim__rosidl_typesupport_fastrtps_c
[0.362s] [ 50%] Built target turtlesim__rosidl_typesupport_fastrtps_cpp
[0.423s] [ 59%] Built target turtlesim__rosidl_typesupport_introspection_c
[0.474s] [ 68%] Built target turtlesim__rosidl_typesupport_c
[0.536s] [ 76%] Built target turtlesim__rosidl_typesupport_introspection_cpp
[0.580s] running egg_info
[0.606s] [ 81%] Built target turtlesim_node
[0.663s] [ 83%] Built target turtle_teleop_key
[0.665s] writing turtlesim.egg-info/PKG-INFO
[0.667s] writing dependency_links to turtlesim.egg-info/dependency_links.txt
[0.668s] writing top-level names to turtlesim.egg-info/top_level.txt
[0.698s] [ 84%] Built target draw_square
[0.732s] [ 86%] Built target mimic
[0.745s] reading manifest file 'turtlesim.egg-info/SOURCES.txt'
[0.747s] writing manifest file 'turtlesim.egg-info/SOURCES.txt'
[0.789s] [ 86%] Built target turtlesim
[0.790s] [ 86%] Built target turtlesim__py
[0.798s] [ 86%] Built target ament_cmake_python_build_turtlesim_egg
[0.823s] [ 94%] Built target turtlesim__rosidl_generator_py
[0.845s] [ 98%] Built target turtlesim_s__rosidl_typesupport_introspection_c
[0.845s] [ 98%] Built target turtlesim_s__rosidl_typesupport_fastrtps_c
[0.866s] [100%] Built target turtlesim_s__rosidl_typesupport_c
