[0.009s] Invoking command in '/home/richard/ros2_ws/build/turtlesim': CMAKE_PREFIX_PATH=${CMAKE_PREFIX_PATH}:/opt/ros/jazzy DEBUGINFOD_URLS=https://debuginfod.ubuntu.com /usr/bin/cmake --build /home/richard/ros2_ws/build/turtlesim -- -j2 -l2
[0.123s] [  0%] Built target turtlesim__rosidl_generator_type_description
[0.144s] [  0%] Built target ament_cmake_python_copy_turtlesim
[0.155s] [  1%] Built target turtlesim__cpp
[0.206s] [ 24%] Built target turtlesim__rosidl_generator_c
[0.238s] [ 33%] Built target turtlesim__rosidl_typesupport_cpp
[0.342s] [ 41%] Built target turtlesim__rosidl_typesupport_fastrtps_c
[0.452s] [ 50%] Built target turtlesim__rosidl_typesupport_fastrtps_cpp
[0.536s] [ 59%] Built target turtlesim__rosidl_typesupport_introspection_c
[0.595s] [ 68%] Built target turtlesim__rosidl_typesupport_c
[0.663s] [ 76%] Built target turtlesim__rosidl_typesupport_introspection_cpp
[0.743s] [ 81%] Built target turtlesim_node
[0.790s] [ 83%] Built target turtle_teleop_key
[0.849s] [ 84%] Built target draw_square
[0.873s] running egg_info
[0.896s] [ 86%] Built target mimic
[0.909s] writing turtlesim.egg-info/PKG-INFO
[0.909s] writing dependency_links to turtlesim.egg-info/dependency_links.txt
[0.909s] writing top-level names to turtlesim.egg-info/top_level.txt
[0.937s] [ 86%] Built target turtlesim
[0.963s] [ 86%] Built target turtlesim__py
[0.999s] [ 94%] Built target turtlesim__rosidl_generator_py
[1.012s] reading manifest file 'turtlesim.egg-info/SOURCES.txt'
[1.013s] writing manifest file 'turtlesim.egg-info/SOURCES.txt'
[1.038s] [ 96%] Built target turtlesim_s__rosidl_typesupport_fastrtps_c
[1.055s] [ 96%] Built target ament_cmake_python_build_turtlesim_egg
[1.062s] [ 98%] Built target turtlesim_s__rosidl_typesupport_introspection_c
[1.077s] [100%] Built target turtlesim_s__rosidl_typesupport_c
