[0.014s] Invoking command in '/home/richard/ros2_ws/build/tp1': CMAKE_PREFIX_PATH=${CMAKE_PREFIX_PATH}:/opt/ros/jazzy DEBUGINFOD_URLS=https://debuginfod.ubuntu.com /usr/bin/cmake --build /home/richard/ros2_ws/build/tp1 -- -j2 -l2
[0.134s] [ 14%] [32mBuilding CXX object CMakeFiles/navigation.dir/src/Mapping.cpp.o[0m
[1.181s] [01m[K/home/richard/ros2_ws/src/tp1/src/Mapping.cpp:[m[K In function ‘[01m[Kvoid*[01;32m[K mappingThreadFunction[m[K(void*)[m[K’:
[1.182s] [01m[K/home/richard/ros2_ws/src/tp1/src/Mapping.cpp:311:35:[m[K [01;35m[Kwarning: [m[Kunused parameter ‘[01m[Karg[m[K’ [[01;35m[K]8;;https://gcc.gnu.org/onlinedocs/gcc/Warning-Options.html#index-Wunused-parameter-Wunused-parameter]8;;[m[K]
[1.182s]   311 | void* mappingThreadFunction([01;35m[Kvoid* arg[m[K) {
[1.182s]       |                             [01;35m[K~~~~~~^~~[m[K
[1.714s] [ 28%] [32m[1mLinking CXX executable navigation[0m
[2.394s] [100%] Built target navigation
[2.408s] Invoked command in '/home/richard/ros2_ws/build/tp1' returned '0': CMAKE_PREFIX_PATH=${CMAKE_PREFIX_PATH}:/opt/ros/jazzy DEBUGINFOD_URLS=https://debuginfod.ubuntu.com /usr/bin/cmake --build /home/richard/ros2_ws/build/tp1 -- -j2 -l2
[2.409s] Invoking command in '/home/richard/ros2_ws/build/tp1': CMAKE_PREFIX_PATH=${CMAKE_PREFIX_PATH}:/opt/ros/jazzy DEBUGINFOD_URLS=https://debuginfod.ubuntu.com /usr/bin/cmake --install /home/richard/ros2_ws/build/tp1
[2.415s] -- Install configuration: ""
[2.416s] -- Installing: /home/richard/ros2_ws/install/tp1/lib/tp1/navigation
[2.425s] -- Set non-toolchain portion of runtime path of "/home/richard/ros2_ws/install/tp1/lib/tp1/navigation" to ""
[2.425s] -- Up-to-date: /home/richard/ros2_ws/install/tp1/share/tp1/launch
[2.425s] -- Up-to-date: /home/richard/ros2_ws/install/tp1/share/tp1/launch/p3dx-rosaria.launch.py
[2.425s] -- Up-to-date: /home/richard/ros2_ws/install/tp1/share/tp1/config
[2.425s] -- Up-to-date: /home/richard/ros2_ws/install/tp1/share/tp1/config/p3dx.rviz
[2.425s] -- Up-to-date: /home/richard/ros2_ws/install/tp1/share/ament_index/resource_index/package_run_dependencies/tp1
[2.426s] -- Up-to-date: /home/richard/ros2_ws/install/tp1/share/ament_index/resource_index/parent_prefix_path/tp1
[2.427s] -- Up-to-date: /home/richard/ros2_ws/install/tp1/share/tp1/environment/ament_prefix_path.sh
[2.427s] -- Up-to-date: /home/richard/ros2_ws/install/tp1/share/tp1/environment/ament_prefix_path.dsv
[2.427s] -- Up-to-date: /home/richard/ros2_ws/install/tp1/share/tp1/environment/path.sh
[2.427s] -- Up-to-date: /home/richard/ros2_ws/install/tp1/share/tp1/environment/path.dsv
[2.427s] -- Up-to-date: /home/richard/ros2_ws/install/tp1/share/tp1/local_setup.bash
[2.427s] -- Up-to-date: /home/richard/ros2_ws/install/tp1/share/tp1/local_setup.sh
[2.427s] -- Up-to-date: /home/richard/ros2_ws/install/tp1/share/tp1/local_setup.zsh
[2.427s] -- Up-to-date: /home/richard/ros2_ws/install/tp1/share/tp1/local_setup.dsv
[2.427s] -- Installing: /home/richard/ros2_ws/install/tp1/share/tp1/package.dsv
[2.427s] -- Up-to-date: /home/richard/ros2_ws/install/tp1/share/ament_index/resource_index/packages/tp1
[2.428s] -- Up-to-date: /home/richard/ros2_ws/install/tp1/share/tp1/cmake/tp1Config.cmake
[2.428s] -- Up-to-date: /home/richard/ros2_ws/install/tp1/share/tp1/cmake/tp1Config-version.cmake
[2.428s] -- Up-to-date: /home/richard/ros2_ws/install/tp1/share/tp1/package.xml
[2.430s] Invoked command in '/home/richard/ros2_ws/build/tp1' returned '0': CMAKE_PREFIX_PATH=${CMAKE_PREFIX_PATH}:/opt/ros/jazzy DEBUGINFOD_URLS=https://debuginfod.ubuntu.com /usr/bin/cmake --install /home/richard/ros2_ws/build/tp1
