[0.008s] Invoking command in '/home/richard/ros2_ws/build/turtlesim': CMAKE_PREFIX_PATH=${CMAKE_PREFIX_PATH}:/opt/ros/jazzy DEBUGINFOD_URLS=https://debuginfod.ubuntu.com /usr/bin/cmake --build /home/richard/ros2_ws/build/turtlesim -- -j2 -l2
[0.163s] [  0%] Built target turtlesim__rosidl_generator_type_description
[0.253s] [  0%] Built target ament_cmake_python_copy_turtlesim
[0.319s] [  1%] Built target turtlesim__cpp
[0.396s] [ 24%] Built target turtlesim__rosidl_generator_c
[0.933s] running egg_info
[0.986s] writing turtlesim.egg-info/PKG-INFO
[0.989s] writing dependency_links to turtlesim.egg-info/dependency_links.txt
[0.990s] writing top-level names to turtlesim.egg-info/top_level.txt
[1.112s] reading manifest file 'turtlesim.egg-info/SOURCES.txt'
[1.112s] writing manifest file 'turtlesim.egg-info/SOURCES.txt'
[1.161s] [ 24%] Built target ament_cmake_python_build_turtlesim_egg
[1.222s] [ 33%] Built target turtlesim__rosidl_typesupport_cpp
[1.256s] [ 41%] Built target turtlesim__rosidl_typesupport_fastrtps_c
[1.310s] [ 50%] Built target turtlesim__rosidl_typesupport_fastrtps_cpp
[1.339s] [ 59%] Built target turtlesim__rosidl_typesupport_introspection_c
[1.368s] [ 68%] Built target turtlesim__rosidl_typesupport_c
[1.420s] [ 76%] Built target turtlesim__rosidl_typesupport_introspection_cpp
[1.466s] [ 81%] Built target turtlesim_node
[1.510s] [ 83%] Built target turtle_teleop_key
[1.541s] [ 84%] Built target draw_square
[1.574s] [ 86%] Built target mimic
[1.622s] [ 86%] Built target turtlesim
[1.648s] [ 86%] Built target turtlesim__py
[1.685s] [ 94%] Built target turtlesim__rosidl_generator_py
[1.721s] [ 96%] Built target turtlesim_s__rosidl_typesupport_fastrtps_c
[1.748s] [ 98%] Built target turtlesim_s__rosidl_typesupport_introspection_c
[1.775s] [100%] Built target turtlesim_s__rosidl_typesupport_c
