[0.017s] Invoking command in '/home/richard/ros2_ws/build/turtlesim': CMAKE_PREFIX_PATH=${CMAKE_PREFIX_PATH}:/opt/ros/jazzy DEBUGINFOD_URLS=https://debuginfod.ubuntu.com /usr/bin/cmake --build /home/richard/ros2_ws/build/turtlesim -- -j2 -l2
[0.141s] [  0%] Built target turtlesim__rosidl_generator_type_description
[0.175s] [  0%] Built target ament_cmake_python_copy_turtlesim
[0.206s] [  1%] Built target turtlesim__cpp
[0.257s] [ 24%] Built target turtlesim__rosidl_generator_c
[0.337s] [ 33%] Built target turtlesim__rosidl_typesupport_cpp
[0.411s] [ 41%] Built target turtlesim__rosidl_typesupport_fastrtps_c
[0.483s] [ 50%] Built target turtlesim__rosidl_typesupport_fastrtps_cpp
[0.531s] [ 59%] Built target turtlesim__rosidl_typesupport_introspection_c
[0.599s] [ 68%] Built target turtlesim__rosidl_typesupport_c
[0.663s] [ 76%] Built target turtlesim__rosidl_typesupport_introspection_cpp
[0.696s] running egg_info
[0.732s] [ 81%] Built target turtlesim_node
[0.755s] writing turtlesim.egg-info/PKG-INFO
[0.755s] writing dependency_links to turtlesim.egg-info/dependency_links.txt
[0.760s] writing top-level names to turtlesim.egg-info/top_level.txt
[0.798s] [ 83%] Built target turtle_teleop_key
[0.848s] [ 84%] Built target draw_square
[0.907s] reading manifest file 'turtlesim.egg-info/SOURCES.txt'
[0.908s] [ 86%] Built target mimic
[0.909s] writing manifest file 'turtlesim.egg-info/SOURCES.txt'
[0.946s] [ 86%] Built target turtlesim
[0.958s] [ 86%] Built target ament_cmake_python_build_turtlesim_egg
[0.982s] [ 86%] Built target turtlesim__py
[1.008s] [ 94%] Built target turtlesim__rosidl_generator_py
[1.029s] [ 97%] Built target turtlesim_s__rosidl_typesupport_fastrtps_c
[1.030s] [ 98%] Built target turtlesim_s__rosidl_typesupport_introspection_c
[1.051s] [100%] Built target turtlesim_s__rosidl_typesupport_c
