[0.015s] Invoking command in '/home/richard/ros2_ws/build/turtlesim': CMAKE_PREFIX_PATH=${CMAKE_PREFIX_PATH}:/opt/ros/jazzy DEBUGINFOD_URLS=https://debuginfod.ubuntu.com /usr/bin/cmake --build /home/richard/ros2_ws/build/turtlesim -- -j2 -l2
[0.086s] [  0%] Built target turtlesim__rosidl_generator_type_description
[0.132s] [  1%] Built target turtlesim__cpp
[0.133s] [  1%] Built target ament_cmake_python_copy_turtlesim
[0.191s] [ 24%] Built target turtlesim__rosidl_generator_c
[0.256s] [ 33%] Built target turtlesim__rosidl_typesupport_cpp
[0.317s] [ 41%] Built target turtlesim__rosidl_typesupport_fastrtps_c
[0.366s] [ 50%] Built target turtlesim__rosidl_typesupport_fastrtps_cpp
[0.397s] [ 59%] Built target turtlesim__rosidl_typesupport_introspection_c
[0.430s] [ 68%] Built target turtlesim__rosidl_typesupport_c
[0.466s] [ 76%] Built target turtlesim__rosidl_typesupport_introspection_cpp
[0.502s] [ 81%] Built target turtlesim_node
[0.547s] [ 83%] Built target turtle_teleop_key
[0.575s] [ 84%] Built target draw_square
[0.608s] [ 86%] Built target mimic
[0.632s] [ 86%] Built target turtlesim
[0.654s] running egg_info
[0.664s] [ 86%] Built target turtlesim__py
[0.693s] [ 94%] Built target turtlesim__rosidl_generator_py
[0.703s] writing turtlesim.egg-info/PKG-INFO
[0.704s] writing dependency_links to turtlesim.egg-info/dependency_links.txt
[0.704s] writing top-level names to turtlesim.egg-info/top_level.txt
[0.737s] [ 96%] Built target turtlesim_s__rosidl_typesupport_fastrtps_c
[0.771s] [ 98%] Built target turtlesim_s__rosidl_typesupport_introspection_c
[0.814s] reading manifest file 'turtlesim.egg-info/SOURCES.txt'
[0.814s] writing manifest file 'turtlesim.egg-info/SOURCES.txt'
[0.826s] [100%] Built target turtlesim_s__rosidl_typesupport_c
[0.867s] [100%] Built target ament_cmake_python_build_turtlesim_egg
