[0.018s] Invoking command in '/home/richard/ros2_ws/build/turtlesim': CMAKE_PREFIX_PATH=${CMAKE_PREFIX_PATH}:/opt/ros/jazzy DEBUGINFOD_URLS=https://debuginfod.ubuntu.com /usr/bin/cmake --build /home/richard/ros2_ws/build/turtlesim -- -j2 -l2
[0.260s] [  0%] Built target turtlesim__rosidl_generator_type_description
[0.334s] [  0%] Built target ament_cmake_python_copy_turtlesim
[0.389s] [  1%] Built target turtlesim__cpp
[0.451s] [ 24%] Built target turtlesim__rosidl_generator_c
[0.641s] [ 33%] Built target turtlesim__rosidl_typesupport_cpp
[0.840s] [ 41%] Built target turtlesim__rosidl_typesupport_fastrtps_c
[0.987s] [ 50%] Built target turtlesim__rosidl_typesupport_fastrtps_cpp
[1.074s] [ 59%] Built target turtlesim__rosidl_typesupport_introspection_c
[1.180s] [ 68%] Built target turtlesim__rosidl_typesupport_c
[1.289s] [ 76%] Built target turtlesim__rosidl_typesupport_introspection_cpp
[1.420s] running egg_info
[1.436s] [ 81%] Built target turtlesim_node
[1.481s] writing turtlesim.egg-info/PKG-INFO
[1.484s] writing dependency_links to turtlesim.egg-info/dependency_links.txt
[1.485s] writing top-level names to turtlesim.egg-info/top_level.txt
[1.544s] [ 83%] Built target turtle_teleop_key
[1.648s] [ 84%] Built target draw_square
[1.720s] reading manifest file 'turtlesim.egg-info/SOURCES.txt'
[1.721s] writing manifest file 'turtlesim.egg-info/SOURCES.txt'
[1.752s] [ 86%] Built target mimic
[1.824s] [ 86%] Built target turtlesim
[1.835s] [ 86%] Built target ament_cmake_python_build_turtlesim_egg
[1.862s] [ 86%] Built target turtlesim__py
[1.944s] [ 94%] Built target turtlesim__rosidl_generator_py
[2.006s] [ 96%] Built target turtlesim_s__rosidl_typesupport_fastrtps_c
[2.017s] [ 98%] Built target turtlesim_s__rosidl_typesupport_introspection_c
[2.054s] [100%] Built target turtlesim_s__rosidl_typesupport_c
