[0.020s] Invoking command in '/home/richard/ros2_ws/build/turtlesim': CMAKE_PREFIX_PATH=${CMAKE_PREFIX_PATH}:/opt/ros/jazzy DEBUGINFOD_URLS=https://debuginfod.ubuntu.com /usr/bin/cmake --build /home/richard/ros2_ws/build/turtlesim -- -j2 -l2
[0.091s] [  0%] Built target turtlesim__rosidl_generator_type_description
[0.129s] [  1%] Built target turtlesim__cpp
[0.155s] [  1%] Built target ament_cmake_python_copy_turtlesim
[0.202s] [ 24%] Built target turtlesim__rosidl_generator_c
[0.290s] [ 33%] Built target turtlesim__rosidl_typesupport_cpp
[0.359s] [ 41%] Built target turtlesim__rosidl_typesupport_fastrtps_c
[0.392s] [ 50%] Built target turtlesim__rosidl_typesupport_fastrtps_cpp
[0.437s] [ 59%] Built target turtlesim__rosidl_typesupport_introspection_c
[0.466s] [ 68%] Built target turtlesim__rosidl_typesupport_c
[0.499s] [ 76%] Built target turtlesim__rosidl_typesupport_introspection_cpp
[0.546s] [ 81%] Built target turtlesim_node
[0.562s] running egg_info
[0.578s] [ 83%] Built target turtle_teleop_key
[0.592s] writing turtlesim.egg-info/PKG-INFO
[0.593s] writing dependency_links to turtlesim.egg-info/dependency_links.txt
[0.594s] writing top-level names to turtlesim.egg-info/top_level.txt
[0.610s] [ 84%] Built target draw_square
[0.642s] [ 86%] Built target mimic
[0.672s] [ 86%] Built target turtlesim
[0.693s] reading manifest file 'turtlesim.egg-info/SOURCES.txt'
[0.694s] writing manifest file 'turtlesim.egg-info/SOURCES.txt'
[0.700s] [ 86%] Built target turtlesim__py
[0.739s] [ 94%] Built target turtlesim__rosidl_generator_py
[0.749s] [ 94%] Built target ament_cmake_python_build_turtlesim_egg
[0.768s] [ 96%] Built target turtlesim_s__rosidl_typesupport_fastrtps_c
[0.775s] [ 98%] Built target turtlesim_s__rosidl_typesupport_introspection_c
[0.797s] [100%] Built target turtlesim_s__rosidl_typesupport_c
