[0.011s] Invoking command in '/home/richard/ros2_ws/build/turtlesim': CMAKE_PREFIX_PATH=${CMAKE_PREFIX_PATH}:/opt/ros/jazzy DEBUGINFOD_URLS=https://debuginfod.ubuntu.com /usr/bin/cmake --build /home/richard/ros2_ws/build/turtlesim -- -j2 -l2
[0.107s] [  0%] Built target turtlesim__rosidl_generator_type_description
[0.149s] [  1%] Built target turtlesim__cpp
[0.165s] [  1%] Built target ament_cmake_python_copy_turtlesim
[0.206s] [ 24%] Built target turtlesim__rosidl_generator_c
[0.275s] [ 33%] Built target turtlesim__rosidl_typesupport_cpp
[0.362s] [ 41%] Built target turtlesim__rosidl_typesupport_fastrtps_c
[0.427s] [ 50%] Built target turtlesim__rosidl_typesupport_fastrtps_cpp
[0.479s] [ 59%] Built target turtlesim__rosidl_typesupport_introspection_c
[0.538s] [ 68%] Built target turtlesim__rosidl_typesupport_c
[0.616s] [ 76%] Built target turtlesim__rosidl_typesupport_introspection_cpp
[0.641s] running egg_info
[0.688s] [ 81%] Built target turtlesim_node
[0.688s] writing turtlesim.egg-info/PKG-INFO
[0.689s] writing dependency_links to turtlesim.egg-info/dependency_links.txt
[0.690s] writing top-level names to turtlesim.egg-info/top_level.txt
[0.729s] [ 83%] Built target turtle_teleop_key
[0.781s] [ 84%] Built target draw_square
[0.811s] reading manifest file 'turtlesim.egg-info/SOURCES.txt'
[0.812s] writing manifest file 'turtlesim.egg-info/SOURCES.txt'
[0.815s] [ 86%] Built target mimic
[0.841s] [ 86%] Built target turtlesim
[0.846s] [ 86%] Built target ament_cmake_python_build_turtlesim_egg
[0.863s] [ 86%] Built target turtlesim__py
[0.890s] [ 94%] Built target turtlesim__rosidl_generator_py
[0.910s] [ 96%] Built target turtlesim_s__rosidl_typesupport_introspection_c
[0.911s] [ 98%] Built target turtlesim_s__rosidl_typesupport_fastrtps_c
[0.931s] [100%] Built target turtlesim_s__rosidl_typesupport_c
