[ 16%] [32mBuilding CXX object CMakeFiles/navigation.dir/src/main.cpp.o[0m
[01m[K/home/richard/ros2_ws/src/tp1/src/main.cpp:[m[K In member function ‘[01m[Kvoid NavigationNode::[01;32m[Ktimer_callback[m[K()[m[K’:
[01m[K/home/richard/ros2_ws/src/tp1/src/main.cpp:65:31:[m[K [01;31m[Kerror: [m[Kno matching function for call to ‘[01m[KAction::followTheWalls(std::vector<float>&, std::vector<float>&)[m[K’
   65 |         [01;31m[Kaction_.followTheWalls(lasers, sonars)[m[K;
      |         [01;31m[K~~~~~~~~~~~~~~~~~~~~~~^~~~~~~~~~~~~~~~[m[K
In file included from [01m[K/home/richard/ros2_ws/src/tp1/src/main.cpp:9[m[K:
[01m[K/home/richard/ros2_ws/src/tp1/include/Action.h:23:10:[m[K [01;36m[Knote: [m[Kcandidate: ‘[01m[Kvoid Action::[01;32m[KfollowTheWalls[m[K(std::vector<float>, std::vector<float>, std::vector<float>)[m[K’
   23 |     void [01;36m[KfollowTheWalls[m[K(std::vector<float> lasers, std::vector<float> sonars, std::vector<float> pose);
      |          [01;36m[K^~~~~~~~~~~~~~[m[K
[01m[K/home/richard/ros2_ws/src/tp1/include/Action.h:23:10:[m[K [01;36m[Knote: [m[K  candidate expects 3 arguments, 2 provided
[01m[K/home/richard/ros2_ws/src/tp1/src/main.cpp:[m[K In function ‘[01m[Kvoid*[01;32m[K keyboardThreadFunction[m[K(void*)[m[K’:
[01m[K/home/richard/ros2_ws/src/tp1/src/main.cpp:91:36:[m[K [01;35m[Kwarning: [m[Kunused parameter ‘[01m[Karg[m[K’ [[01;35m[K]8;;https://gcc.gnu.org/onlinedocs/gcc/Warning-Options.html#index-Wunused-parameter-Wunused-parameter]8;;[m[K]
   91 | void *keyboardThreadFunction([01;35m[Kvoid *arg[m[K)
      |                              [01;35m[K~~~~~~^~~[m[K
[01m[K/home/richard/ros2_ws/src/tp1/src/main.cpp:[m[K In function ‘[01m[Kvoid*[01;32m[K mainThreadFunction[m[K(void*)[m[K’:
[01m[K/home/richard/ros2_ws/src/tp1/src/main.cpp:105:32:[m[K [01;35m[Kwarning: [m[Kunused parameter ‘[01m[Karg[m[K’ [[01;35m[K]8;;https://gcc.gnu.org/onlinedocs/gcc/Warning-Options.html#index-Wunused-parameter-Wunused-parameter]8;;[m[K]
  105 | void *mainThreadFunction([01;35m[Kvoid *arg[m[K)
      |                          [01;35m[K~~~~~~^~~[m[K
gmake[2]: *** [CMakeFiles/navigation.dir/build.make:76: CMakeFiles/navigation.dir/src/main.cpp.o] Erro 1
gmake[1]: *** [CMakeFiles/Makefile2:137: CMakeFiles/navigation.dir/all] Erro 2
gmake: *** [Makefile:146: all] Erro 2
