[0.017s] Invoking command in '/home/richard/ros2_ws/build/tp1': CMAKE_PREFIX_PATH=${CMAKE_PREFIX_PATH}:/opt/ros/jazzy DEBUGINFOD_URLS=https://debuginfod.ubuntu.com /usr/bin/cmake --build /home/richard/ros2_ws/build/tp1 -- -j2 -l2
[0.118s] [ 14%] [32mBuilding CXX object CMakeFiles/navigation.dir/src/Mapping.cpp.o[0m
[0.122s] [ 28%] [32mBuilding CXX object CMakeFiles/navigation.dir/src/Graph.cpp.o[0m
[1.274s] [01m[K/home/richard/ros2_ws/src/tp1/src/Mapping.cpp:[m[K In function ‘[01m[Kvoid*[01;32m[K mappingThreadFunction[m[K(void*)[m[K’:
[1.275s] [01m[K/home/richard/ros2_ws/src/tp1/src/Mapping.cpp:311:35:[m[K [01;35m[Kwarning: [m[Kunused parameter ‘[01m[Karg[m[K’ [[01;35m[K]8;;https://gcc.gnu.org/onlinedocs/gcc/Warning-Options.html#index-Wunused-parameter-Wunused-parameter]8;;[m[K]
[1.275s]   311 | void* mappingThreadFunction([01;35m[Kvoid* arg[m[K) {
[1.275s]       |                             [01;35m[K~~~~~~^~~[m[K
[1.399s] [01m[K/home/richard/ros2_ws/src/tp1/src/Graph.cpp:14:27:[m[K [01;35m[Kwarning: [m[K‘[01m[Koffset[m[K’ initialized and declared ‘[01m[Kextern[m[K’
[1.399s]    14 | extern std::vector<float> [01;35m[Koffset[m[K = {0.0, 0.0};
[1.399s]       |                           [01;35m[K^~~~~~[m[K
[1.419s] [01m[K/home/richard/ros2_ws/src/tp1/src/Graph.cpp:[m[K In function ‘[01m[Kvoid*[01;32m[K graphicsThreadFunction[m[K(void*)[m[K’:
[1.419s] [01m[K/home/richard/ros2_ws/src/tp1/src/Graph.cpp:76:36:[m[K [01;35m[Kwarning: [m[Kunused parameter ‘[01m[Karg[m[K’ [[01;35m[K]8;;https://gcc.gnu.org/onlinedocs/gcc/Warning-Options.html#index-Wunused-parameter-Wunused-parameter]8;;[m[K]
[1.419s]    76 | void* graphicsThreadFunction([01;35m[Kvoid* arg[m[K) {
[1.419s]       |                              [01;35m[K~~~~~~^~~[m[K
[2.024s] [ 42%] [32m[1mLinking CXX executable navigation[0m
[2.597s] [100%] Built target navigation
[2.612s] Invoked command in '/home/richard/ros2_ws/build/tp1' returned '0': CMAKE_PREFIX_PATH=${CMAKE_PREFIX_PATH}:/opt/ros/jazzy DEBUGINFOD_URLS=https://debuginfod.ubuntu.com /usr/bin/cmake --build /home/richard/ros2_ws/build/tp1 -- -j2 -l2
[2.613s] Invoking command in '/home/richard/ros2_ws/build/tp1': CMAKE_PREFIX_PATH=${CMAKE_PREFIX_PATH}:/opt/ros/jazzy DEBUGINFOD_URLS=https://debuginfod.ubuntu.com /usr/bin/cmake --install /home/richard/ros2_ws/build/tp1
[2.620s] -- Install configuration: ""
[2.620s] -- Installing: /home/richard/ros2_ws/install/tp1/lib/tp1/navigation
[2.630s] -- Set non-toolchain portion of runtime path of "/home/richard/ros2_ws/install/tp1/lib/tp1/navigation" to ""
[2.630s] -- Up-to-date: /home/richard/ros2_ws/install/tp1/share/tp1/launch
[2.630s] -- Up-to-date: /home/richard/ros2_ws/install/tp1/share/tp1/launch/p3dx-rosaria.launch.py
[2.630s] -- Up-to-date: /home/richard/ros2_ws/install/tp1/share/tp1/config
[2.630s] -- Up-to-date: /home/richard/ros2_ws/install/tp1/share/tp1/config/p3dx.rviz
[2.630s] -- Up-to-date: /home/richard/ros2_ws/install/tp1/share/ament_index/resource_index/package_run_dependencies/tp1
[2.630s] -- Up-to-date: /home/richard/ros2_ws/install/tp1/share/ament_index/resource_index/parent_prefix_path/tp1
[2.630s] -- Up-to-date: /home/richard/ros2_ws/install/tp1/share/tp1/environment/ament_prefix_path.sh
[2.631s] -- Up-to-date: /home/richard/ros2_ws/install/tp1/share/tp1/environment/ament_prefix_path.dsv
[2.631s] -- Up-to-date: /home/richard/ros2_ws/install/tp1/share/tp1/environment/path.sh
[2.631s] -- Up-to-date: /home/richard/ros2_ws/install/tp1/share/tp1/environment/path.dsv
[2.631s] -- Up-to-date: /home/richard/ros2_ws/install/tp1/share/tp1/local_setup.bash
[2.632s] -- Up-to-date: /home/richard/ros2_ws/install/tp1/share/tp1/local_setup.sh
[2.632s] -- Up-to-date: /home/richard/ros2_ws/install/tp1/share/tp1/local_setup.zsh
[2.633s] -- Up-to-date: /home/richard/ros2_ws/install/tp1/share/tp1/local_setup.dsv
[2.633s] -- Installing: /home/richard/ros2_ws/install/tp1/share/tp1/package.dsv
[2.633s] -- Up-to-date: /home/richard/ros2_ws/install/tp1/share/ament_index/resource_index/packages/tp1
[2.633s] -- Up-to-date: /home/richard/ros2_ws/install/tp1/share/tp1/cmake/tp1Config.cmake
[2.633s] -- Up-to-date: /home/richard/ros2_ws/install/tp1/share/tp1/cmake/tp1Config-version.cmake
[2.633s] -- Up-to-date: /home/richard/ros2_ws/install/tp1/share/tp1/package.xml
[2.634s] Invoked command in '/home/richard/ros2_ws/build/tp1' returned '0': CMAKE_PREFIX_PATH=${CMAKE_PREFIX_PATH}:/opt/ros/jazzy DEBUGINFOD_URLS=https://debuginfod.ubuntu.com /usr/bin/cmake --install /home/richard/ros2_ws/build/tp1
