[0.012s] Invoking command in '/home/richard/ros2_ws/build/turtlesim': CMAKE_PREFIX_PATH=${CMAKE_PREFIX_PATH}:/opt/ros/jazzy DEBUGINFOD_URLS=https://debuginfod.ubuntu.com /usr/bin/cmake --build /home/richard/ros2_ws/build/turtlesim -- -j2 -l2
[0.110s] [  0%] Built target turtlesim__rosidl_generator_type_description
[0.111s] [  0%] Built target ament_cmake_python_copy_turtlesim
[0.135s] [  1%] Built target turtlesim__cpp
[0.166s] [ 24%] Built target turtlesim__rosidl_generator_c
[0.196s] [ 33%] Built target turtlesim__rosidl_typesupport_cpp
[0.222s] [ 41%] Built target turtlesim__rosidl_typesupport_fastrtps_c
[0.262s] [ 50%] Built target turtlesim__rosidl_typesupport_fastrtps_cpp
[0.289s] [ 59%] Built target turtlesim__rosidl_typesupport_introspection_c
[0.359s] [ 68%] Built target turtlesim__rosidl_typesupport_c
[0.472s] [ 76%] Built target turtlesim__rosidl_typesupport_introspection_cpp
[0.597s] [ 81%] Built target turtlesim_node
[0.674s] [ 83%] Built target turtle_teleop_key
[0.771s] [ 84%] Built target draw_square
[0.802s] running egg_info
[0.812s] writing turtlesim.egg-info/PKG-INFO
[0.812s] writing dependency_links to turtlesim.egg-info/dependency_links.txt
[0.814s] writing top-level names to turtlesim.egg-info/top_level.txt
[0.839s] [ 86%] Built target mimic
[0.898s] [ 86%] Built target turtlesim
[0.935s] [ 86%] Built target turtlesim__py
[0.949s] reading manifest file 'turtlesim.egg-info/SOURCES.txt'
[0.949s] writing manifest file 'turtlesim.egg-info/SOURCES.txt'
[0.973s] [ 94%] Built target turtlesim__rosidl_generator_py
[0.985s] [ 94%] Built target ament_cmake_python_build_turtlesim_egg
[1.003s] [ 96%] Built target turtlesim_s__rosidl_typesupport_fastrtps_c
[1.013s] [ 98%] Built target turtlesim_s__rosidl_typesupport_introspection_c
[1.033s] [100%] Built target turtlesim_s__rosidl_typesupport_c
