[0.027s] Invoking command in '/home/richard/ros2_ws/build/turtlesim': CMAKE_PREFIX_PATH=${CMAKE_PREFIX_PATH}:/opt/ros/jazzy DEBUGINFOD_URLS=https://debuginfod.ubuntu.com /usr/bin/cmake --build /home/richard/ros2_ws/build/turtlesim -- -j2 -l2
[0.327s] [  0%] Built target turtlesim__rosidl_generator_type_description
[0.476s] [  0%] Built target ament_cmake_python_copy_turtlesim
[0.628s] [  1%] Built target turtlesim__cpp
[1.023s] [ 24%] Built target turtlesim__rosidl_generator_c
[1.977s] running egg_info
[2.053s] writing turtlesim.egg-info/PKG-INFO
[2.054s] writing dependency_links to turtlesim.egg-info/dependency_links.txt
[2.055s] writing top-level names to turtlesim.egg-info/top_level.txt
[2.273s] reading manifest file 'turtlesim.egg-info/SOURCES.txt'
[2.275s] writing manifest file 'turtlesim.egg-info/SOURCES.txt'
[2.412s] [ 24%] Built target ament_cmake_python_build_turtlesim_egg
[2.511s] [ 33%] Built target turtlesim__rosidl_typesupport_cpp
[2.602s] [ 41%] Built target turtlesim__rosidl_typesupport_fastrtps_c
[2.660s] [ 50%] Built target turtlesim__rosidl_typesupport_fastrtps_cpp
[2.702s] [ 59%] Built target turtlesim__rosidl_typesupport_introspection_c
[2.759s] [ 68%] Built target turtlesim__rosidl_typesupport_c
[2.890s] [ 76%] Built target turtlesim__rosidl_typesupport_introspection_cpp
[3.093s] [ 81%] Built target turtlesim_node
[3.218s] [ 83%] Built target turtle_teleop_key
[3.304s] [ 84%] Built target draw_square
[3.339s] [ 86%] Built target mimic
[3.382s] [ 86%] Built target turtlesim
[3.425s] [ 86%] Built target turtlesim__py
[3.462s] [ 94%] Built target turtlesim__rosidl_generator_py
[3.535s] [ 96%] Built target turtlesim_s__rosidl_typesupport_fastrtps_c
[3.575s] [ 98%] Built target turtlesim_s__rosidl_typesupport_introspection_c
[3.645s] [100%] Built target turtlesim_s__rosidl_typesupport_c
