[0.021s] Invoking command in '/home/richard/ros2_ws/build/tp1': CMAKE_PREFIX_PATH=${CMAKE_PREFIX_PATH}:/opt/ros/jazzy DEBUGINFOD_URLS=https://debuginfod.ubuntu.com /usr/bin/cmake --build /home/richard/ros2_ws/build/tp1 -- -j2 -l2
[0.233s] [ 16%] [32mBuilding CXX object CMakeFiles/navigation.dir/src/main.cpp.o[0m
[3.792s] [01m[K/home/richard/ros2_ws/src/tp1/src/main.cpp:[m[K In function ‘[01m[Kvoid*[01;32m[K keyboardThreadFunction[m[K(void*)[m[K’:
[3.792s] [01m[K/home/richard/ros2_ws/src/tp1/src/main.cpp:91:36:[m[K [01;35m[Kwarning: [m[Kunused parameter ‘[01m[Karg[m[K’ [[01;35m[K]8;;https://gcc.gnu.org/onlinedocs/gcc/Warning-Options.html#index-Wunused-parameter-Wunused-parameter]8;;[m[K]
[3.792s]    91 | void *keyboardThreadFunction([01;35m[Kvoid *arg[m[K)
[3.794s]       |                              [01;35m[K~~~~~~^~~[m[K
[3.794s] [01m[K/home/richard/ros2_ws/src/tp1/src/main.cpp:[m[K In function ‘[01m[Kvoid*[01;32m[K mainThreadFunction[m[K(void*)[m[K’:
[3.794s] [01m[K/home/richard/ros2_ws/src/tp1/src/main.cpp:105:32:[m[K [01;35m[Kwarning: [m[Kunused parameter ‘[01m[Karg[m[K’ [[01;35m[K]8;;https://gcc.gnu.org/onlinedocs/gcc/Warning-Options.html#index-Wunused-parameter-Wunused-parameter]8;;[m[K]
[3.794s]   105 | void *mainThreadFunction([01;35m[Kvoid *arg[m[K)
[3.794s]       |                          [01;35m[K~~~~~~^~~[m[K
[15.022s] [ 33%] [32m[1mLinking CXX executable navigation[0m
[15.564s] [100%] Built target navigation
[15.581s] Invoked command in '/home/richard/ros2_ws/build/tp1' returned '0': CMAKE_PREFIX_PATH=${CMAKE_PREFIX_PATH}:/opt/ros/jazzy DEBUGINFOD_URLS=https://debuginfod.ubuntu.com /usr/bin/cmake --build /home/richard/ros2_ws/build/tp1 -- -j2 -l2
[15.581s] Invoking command in '/home/richard/ros2_ws/build/tp1': CMAKE_PREFIX_PATH=${CMAKE_PREFIX_PATH}:/opt/ros/jazzy DEBUGINFOD_URLS=https://debuginfod.ubuntu.com /usr/bin/cmake --install /home/richard/ros2_ws/build/tp1
[15.590s] -- Install configuration: ""
[15.591s] -- Installing: /home/richard/ros2_ws/install/tp1/lib/tp1/navigation
[15.600s] -- Set non-toolchain portion of runtime path of "/home/richard/ros2_ws/install/tp1/lib/tp1/navigation" to ""
[15.600s] -- Up-to-date: /home/richard/ros2_ws/install/tp1/share/tp1/launch
[15.602s] -- Up-to-date: /home/richard/ros2_ws/install/tp1/share/tp1/launch/p3dx-rosaria.launch.py
[15.602s] -- Up-to-date: /home/richard/ros2_ws/install/tp1/share/tp1/config
[15.602s] -- Up-to-date: /home/richard/ros2_ws/install/tp1/share/tp1/config/p3dx.rviz
[15.602s] -- Up-to-date: /home/richard/ros2_ws/install/tp1/share/ament_index/resource_index/package_run_dependencies/tp1
[15.602s] -- Up-to-date: /home/richard/ros2_ws/install/tp1/share/ament_index/resource_index/parent_prefix_path/tp1
[15.602s] -- Up-to-date: /home/richard/ros2_ws/install/tp1/share/tp1/environment/ament_prefix_path.sh
[15.602s] -- Up-to-date: /home/richard/ros2_ws/install/tp1/share/tp1/environment/ament_prefix_path.dsv
[15.602s] -- Up-to-date: /home/richard/ros2_ws/install/tp1/share/tp1/environment/path.sh
[15.602s] -- Up-to-date: /home/richard/ros2_ws/install/tp1/share/tp1/environment/path.dsv
[15.602s] -- Up-to-date: /home/richard/ros2_ws/install/tp1/share/tp1/local_setup.bash
[15.602s] -- Up-to-date: /home/richard/ros2_ws/install/tp1/share/tp1/local_setup.sh
[15.602s] -- Up-to-date: /home/richard/ros2_ws/install/tp1/share/tp1/local_setup.zsh
[15.603s] -- Up-to-date: /home/richard/ros2_ws/install/tp1/share/tp1/local_setup.dsv
[15.603s] -- Installing: /home/richard/ros2_ws/install/tp1/share/tp1/package.dsv
[15.603s] -- Up-to-date: /home/richard/ros2_ws/install/tp1/share/ament_index/resource_index/packages/tp1
[15.603s] -- Up-to-date: /home/richard/ros2_ws/install/tp1/share/tp1/cmake/tp1Config.cmake
[15.603s] -- Up-to-date: /home/richard/ros2_ws/install/tp1/share/tp1/cmake/tp1Config-version.cmake
[15.603s] -- Up-to-date: /home/richard/ros2_ws/install/tp1/share/tp1/package.xml
[15.605s] Invoked command in '/home/richard/ros2_ws/build/tp1' returned '0': CMAKE_PREFIX_PATH=${CMAKE_PREFIX_PATH}:/opt/ros/jazzy DEBUGINFOD_URLS=https://debuginfod.ubuntu.com /usr/bin/cmake --install /home/richard/ros2_ws/build/tp1
