[0.010s] Invoking command in '/home/richard/ros2_ws/build/turtlesim': CMAKE_PREFIX_PATH=${CMAKE_PREFIX_PATH}:/opt/ros/jazzy DEBUGINFOD_URLS=https://debuginfod.ubuntu.com /usr/bin/cmake --build /home/richard/ros2_ws/build/turtlesim -- -j2 -l2
[0.180s] [  0%] Built target turtlesim__rosidl_generator_type_description
[0.227s] [  1%] Built target turtlesim__cpp
[0.241s] [  1%] Built target ament_cmake_python_copy_turtlesim
[0.310s] [ 24%] Built target turtlesim__rosidl_generator_c
[0.377s] [ 33%] Built target turtlesim__rosidl_typesupport_cpp
[0.456s] [ 41%] Built target turtlesim__rosidl_typesupport_fastrtps_c
[0.563s] [ 50%] Built target turtlesim__rosidl_typesupport_fastrtps_cpp
[0.655s] [ 59%] Built target turtlesim__rosidl_typesupport_introspection_c
[0.725s] [ 68%] Built target turtlesim__rosidl_typesupport_c
[0.793s] [ 76%] Built target turtlesim__rosidl_typesupport_introspection_cpp
[0.828s] running egg_info
[0.884s] [ 81%] Built target turtlesim_node
[0.890s] writing turtlesim.egg-info/PKG-INFO
[0.894s] writing dependency_links to turtlesim.egg-info/dependency_links.txt
[0.894s] writing top-level names to turtlesim.egg-info/top_level.txt
[1.024s] reading manifest file 'turtlesim.egg-info/SOURCES.txt'
[1.025s] writing manifest file 'turtlesim.egg-info/SOURCES.txt'
[1.084s] [ 81%] Built target ament_cmake_python_build_turtlesim_egg
[1.125s] [ 83%] Built target turtle_teleop_key
[1.152s] [ 84%] Built target draw_square
[1.196s] [ 86%] Built target mimic
[1.226s] [ 86%] Built target turtlesim
[1.255s] [ 86%] Built target turtlesim__py
[1.296s] [ 94%] Built target turtlesim__rosidl_generator_py
[1.334s] [ 96%] Built target turtlesim_s__rosidl_typesupport_fastrtps_c
[1.368s] [ 98%] Built target turtlesim_s__rosidl_typesupport_introspection_c
[1.407s] [100%] Built target turtlesim_s__rosidl_typesupport_c
