[0.017s] Invoking command in '/home/richard/ros2_ws/build/turtlesim': CMAKE_PREFIX_PATH=${CMAKE_PREFIX_PATH}:/opt/ros/jazzy DEBUGINFOD_URLS=https://debuginfod.ubuntu.com /usr/bin/cmake --build /home/richard/ros2_ws/build/turtlesim -- -j2 -l2
[0.163s] [  0%] Built target turtlesim__rosidl_generator_type_description
[0.176s] [  0%] Built target ament_cmake_python_copy_turtlesim
[0.206s] [  1%] Built target turtlesim__cpp
[0.283s] [ 24%] Built target turtlesim__rosidl_generator_c
[0.435s] [ 33%] Built target turtlesim__rosidl_typesupport_cpp
[0.532s] [ 41%] Built target turtlesim__rosidl_typesupport_fastrtps_c
[0.623s] [ 50%] Built target turtlesim__rosidl_typesupport_fastrtps_cpp
[0.667s] [ 59%] Built target turtlesim__rosidl_typesupport_introspection_c
[0.702s] [ 68%] Built target turtlesim__rosidl_typesupport_c
[0.768s] [ 76%] Built target turtlesim__rosidl_typesupport_introspection_cpp
[0.822s] [ 81%] Built target turtlesim_node
[0.893s] [ 83%] Built target turtle_teleop_key
[0.909s] running egg_info
[0.957s] writing turtlesim.egg-info/PKG-INFO
[0.964s] writing dependency_links to turtlesim.egg-info/dependency_links.txt
[0.965s] writing top-level names to turtlesim.egg-info/top_level.txt
[0.986s] [ 84%] Built target draw_square
[1.092s] [ 86%] Built target mimic
[1.130s] [ 86%] Built target turtlesim
[1.156s] reading manifest file 'turtlesim.egg-info/SOURCES.txt'
[1.158s] writing manifest file 'turtlesim.egg-info/SOURCES.txt'
[1.163s] [ 86%] Built target turtlesim__py
[1.208s] [ 86%] Built target ament_cmake_python_build_turtlesim_egg
[1.212s] [ 94%] Built target turtlesim__rosidl_generator_py
[1.237s] [ 96%] Built target turtlesim_s__rosidl_typesupport_fastrtps_c
[1.239s] [ 98%] Built target turtlesim_s__rosidl_typesupport_introspection_c
[1.262s] [100%] Built target turtlesim_s__rosidl_typesupport_c
