[0.012s] Invoking command in '/home/richard/ros2_ws/build/turtlesim': CMAKE_PREFIX_PATH=${CMAKE_PREFIX_PATH}:/opt/ros/jazzy DEBUGINFOD_URLS=https://debuginfod.ubuntu.com /usr/bin/cmake --build /home/richard/ros2_ws/build/turtlesim -- -j2 -l2
[0.110s] [  0%] Built target turtlesim__rosidl_generator_type_description
[0.140s] [  0%] Built target ament_cmake_python_copy_turtlesim
[0.172s] [  1%] Built target turtlesim__cpp
[0.183s] [ 24%] Built target turtlesim__rosidl_generator_c
[0.224s] [ 33%] Built target turtlesim__rosidl_typesupport_cpp
[0.340s] [ 41%] Built target turtlesim__rosidl_typesupport_fastrtps_c
[0.461s] [ 50%] Built target turtlesim__rosidl_typesupport_fastrtps_cpp
[0.577s] [ 59%] Built target turtlesim__rosidl_typesupport_introspection_c
[0.625s] [ 68%] Built target turtlesim__rosidl_typesupport_c
[0.690s] [ 76%] Built target turtlesim__rosidl_typesupport_introspection_cpp
[0.769s] [ 81%] Built target turtlesim_node
[0.796s] running egg_info
[0.822s] [ 83%] Built target turtle_teleop_key
[0.832s] writing turtlesim.egg-info/PKG-INFO
[0.832s] writing dependency_links to turtlesim.egg-info/dependency_links.txt
[0.835s] writing top-level names to turtlesim.egg-info/top_level.txt
[0.882s] [ 84%] Built target draw_square
[0.902s] reading manifest file 'turtlesim.egg-info/SOURCES.txt'
[0.902s] writing manifest file 'turtlesim.egg-info/SOURCES.txt'
[0.938s] [ 86%] Built target mimic
[0.939s] [ 86%] Built target ament_cmake_python_build_turtlesim_egg
[0.971s] [ 86%] Built target turtlesim
[0.994s] [ 86%] Built target turtlesim__py
[1.020s] [ 94%] Built target turtlesim__rosidl_generator_py
[1.046s] [ 96%] Built target turtlesim_s__rosidl_typesupport_fastrtps_c
[1.050s] [ 98%] Built target turtlesim_s__rosidl_typesupport_introspection_c
[1.072s] [100%] Built target turtlesim_s__rosidl_typesupport_c
