[0.010s] Invoking command in '/home/richard/ros2_ws/build/turtlesim': CMAKE_PREFIX_PATH=${CMAKE_PREFIX_PATH}:/opt/ros/jazzy DEBUGINFOD_URLS=https://debuginfod.ubuntu.com /usr/bin/cmake --build /home/richard/ros2_ws/build/turtlesim -- -j2 -l2
[0.087s] [  0%] Built target turtlesim__rosidl_generator_type_description
[0.106s] [  1%] Built target turtlesim__cpp
[0.151s] [  1%] Built target ament_cmake_python_copy_turtlesim
[0.164s] [ 24%] Built target turtlesim__rosidl_generator_c
[0.226s] [ 33%] Built target turtlesim__rosidl_typesupport_cpp
[0.306s] [ 41%] Built target turtlesim__rosidl_typesupport_fastrtps_c
[0.389s] [ 50%] Built target turtlesim__rosidl_typesupport_fastrtps_cpp
[0.466s] [ 59%] Built target turtlesim__rosidl_typesupport_introspection_c
[0.528s] [ 68%] Built target turtlesim__rosidl_typesupport_c
[0.601s] [ 76%] Built target turtlesim__rosidl_typesupport_introspection_cpp
[0.671s] running egg_info
[0.698s] [ 81%] Built target turtlesim_node
[0.704s] writing turtlesim.egg-info/PKG-INFO
[0.705s] writing dependency_links to turtlesim.egg-info/dependency_links.txt
[0.707s] writing top-level names to turtlesim.egg-info/top_level.txt
[0.769s] [ 83%] Built target turtle_teleop_key
[0.810s] reading manifest file 'turtlesim.egg-info/SOURCES.txt'
[0.811s] writing manifest file 'turtlesim.egg-info/SOURCES.txt'
[0.830s] [ 84%] Built target draw_square
[0.863s] [ 84%] Built target ament_cmake_python_build_turtlesim_egg
[0.892s] [ 86%] Built target mimic
[0.918s] [ 86%] Built target turtlesim
[0.950s] [ 86%] Built target turtlesim__py
[0.986s] [ 94%] Built target turtlesim__rosidl_generator_py
[1.007s] [ 97%] Built target turtlesim_s__rosidl_typesupport_introspection_c
[1.008s] [ 98%] Built target turtlesim_s__rosidl_typesupport_fastrtps_c
[1.033s] [100%] Built target turtlesim_s__rosidl_typesupport_c
