[0.014s] Invoking command in '/home/richard/ros2_ws/build/turtlesim': CMAKE_PREFIX_PATH=${CMAKE_PREFIX_PATH}:/opt/ros/jazzy DEBUGINFOD_URLS=https://debuginfod.ubuntu.com /usr/bin/cmake --build /home/richard/ros2_ws/build/turtlesim -- -j2 -l2
[0.117s] [  0%] Built target turtlesim__rosidl_generator_type_description
[0.162s] [  0%] Built target ament_cmake_python_copy_turtlesim
[0.197s] [  1%] Built target turtlesim__cpp
[0.285s] [ 24%] Built target turtlesim__rosidl_generator_c
[0.389s] [ 33%] Built target turtlesim__rosidl_typesupport_cpp
[0.461s] [ 41%] Built target turtlesim__rosidl_typesupport_fastrtps_c
[0.550s] [ 50%] Built target turtlesim__rosidl_typesupport_fastrtps_cpp
[0.809s] running egg_info
[0.836s] writing turtlesim.egg-info/PKG-INFO
[0.837s] writing dependency_links to turtlesim.egg-info/dependency_links.txt
[0.837s] writing top-level names to turtlesim.egg-info/top_level.txt
[0.929s] reading manifest file 'turtlesim.egg-info/SOURCES.txt'
[0.930s] writing manifest file 'turtlesim.egg-info/SOURCES.txt'
[0.982s] [ 50%] Built target ament_cmake_python_build_turtlesim_egg
[1.007s] [ 59%] Built target turtlesim__rosidl_typesupport_introspection_c
[1.035s] [ 68%] Built target turtlesim__rosidl_typesupport_c
[1.079s] [ 76%] Built target turtlesim__rosidl_typesupport_introspection_cpp
[1.115s] [ 81%] Built target turtlesim_node
[1.149s] [ 83%] Built target turtle_teleop_key
[1.190s] [ 84%] Built target draw_square
[1.219s] [ 86%] Built target mimic
[1.241s] [ 86%] Built target turtlesim
[1.271s] [ 86%] Built target turtlesim__py
[1.321s] [ 94%] Built target turtlesim__rosidl_generator_py
[1.387s] [ 96%] Built target turtlesim_s__rosidl_typesupport_fastrtps_c
[1.423s] [ 98%] Built target turtlesim_s__rosidl_typesupport_introspection_c
[1.457s] [100%] Built target turtlesim_s__rosidl_typesupport_c
