[0.006s] Invoking command in '/home/richard/ros2_ws/build/turtlesim': CMAKE_PREFIX_PATH=${CMAKE_PREFIX_PATH}:/opt/ros/jazzy DEBUGINFOD_URLS=https://debuginfod.ubuntu.com /usr/bin/cmake --build /home/richard/ros2_ws/build/turtlesim -- -j2 -l2
[0.066s] [  0%] Built target turtlesim__rosidl_generator_type_description
[0.084s] [  1%] Built target turtlesim__cpp
[0.115s] [  1%] Built target ament_cmake_python_copy_turtlesim
[0.120s] [ 24%] Built target turtlesim__rosidl_generator_c
[0.174s] [ 33%] Built target turtlesim__rosidl_typesupport_cpp
[0.227s] [ 41%] Built target turtlesim__rosidl_typesupport_fastrtps_c
[0.297s] [ 50%] Built target turtlesim__rosidl_typesupport_fastrtps_cpp
[0.351s] [ 59%] Built target turtlesim__rosidl_typesupport_introspection_c
[0.426s] [ 68%] Built target turtlesim__rosidl_typesupport_c
[0.486s] [ 76%] Built target turtlesim__rosidl_typesupport_introspection_cpp
[0.595s] [ 81%] Built target turtlesim_node
[0.658s] running egg_info
[0.692s] writing turtlesim.egg-info/PKG-INFO
[0.693s] writing dependency_links to turtlesim.egg-info/dependency_links.txt
[0.694s] writing top-level names to turtlesim.egg-info/top_level.txt
[0.697s] [ 83%] Built target turtle_teleop_key
[0.772s] [ 84%] Built target draw_square
[0.812s] reading manifest file 'turtlesim.egg-info/SOURCES.txt'
[0.813s] writing manifest file 'turtlesim.egg-info/SOURCES.txt'
[0.825s] [ 86%] Built target mimic
[0.844s] [ 86%] Built target turtlesim
[0.845s] [ 86%] Built target ament_cmake_python_build_turtlesim_egg
[0.862s] [ 86%] Built target turtlesim__py
[0.891s] [ 94%] Built target turtlesim__rosidl_generator_py
[0.909s] [ 98%] Built target turtlesim_s__rosidl_typesupport_fastrtps_c
[0.909s] [ 98%] Built target turtlesim_s__rosidl_typesupport_introspection_c
[0.928s] [100%] Built target turtlesim_s__rosidl_typesupport_c
