[0.013s] Invoking command in '/home/richard/ros2_ws/build/turtlesim': CMAKE_PREFIX_PATH=${CMAKE_PREFIX_PATH}:/opt/ros/jazzy DEBUGINFOD_URLS=https://debuginfod.ubuntu.com /usr/bin/cmake --build /home/richard/ros2_ws/build/turtlesim -- -j2 -l2
[0.098s] [  0%] Built target turtlesim__rosidl_generator_type_description
[0.117s] [  0%] Built target ament_cmake_python_copy_turtlesim
[0.128s] [  1%] Built target turtlesim__cpp
[0.160s] [ 24%] Built target turtlesim__rosidl_generator_c
[0.183s] [ 33%] Built target turtlesim__rosidl_typesupport_cpp
[0.214s] [ 41%] Built target turtlesim__rosidl_typesupport_fastrtps_c
[0.250s] [ 50%] Built target turtlesim__rosidl_typesupport_fastrtps_cpp
[0.282s] [ 59%] Built target turtlesim__rosidl_typesupport_introspection_c
[0.347s] [ 68%] Built target turtlesim__rosidl_typesupport_c
[0.376s] [ 76%] Built target turtlesim__rosidl_typesupport_introspection_cpp
[0.413s] [ 81%] Built target turtlesim_node
[0.413s] running egg_info
[0.451s] [ 83%] Built target turtle_teleop_key
[0.451s] writing turtlesim.egg-info/PKG-INFO
[0.452s] writing dependency_links to turtlesim.egg-info/dependency_links.txt
[0.452s] writing top-level names to turtlesim.egg-info/top_level.txt
[0.481s] [ 84%] Built target draw_square
[0.508s] [ 86%] Built target mimic
[0.521s] reading manifest file 'turtlesim.egg-info/SOURCES.txt'
[0.521s] writing manifest file 'turtlesim.egg-info/SOURCES.txt'
[0.531s] [ 86%] Built target turtlesim
[0.558s] [ 86%] Built target turtlesim__py
[0.559s] [ 86%] Built target ament_cmake_python_build_turtlesim_egg
[0.584s] [ 94%] Built target turtlesim__rosidl_generator_py
[0.606s] [ 96%] Built target turtlesim_s__rosidl_typesupport_introspection_c
[0.607s] [ 98%] Built target turtlesim_s__rosidl_typesupport_fastrtps_c
[0.627s] [100%] Built target turtlesim_s__rosidl_typesupport_c
