[0.013s] Invoking command in '/home/richard/ros2_ws/build/turtlesim': CMAKE_PREFIX_PATH=${CMAKE_PREFIX_PATH}:/opt/ros/jazzy DEBUGINFOD_URLS=https://debuginfod.ubuntu.com /usr/bin/cmake --build /home/richard/ros2_ws/build/turtlesim -- -j2 -l2
[0.085s] [  0%] Built target turtlesim__rosidl_generator_type_description
[0.130s] [  0%] Built target ament_cmake_python_copy_turtlesim
[0.138s] [  1%] Built target turtlesim__cpp
[0.175s] [ 24%] Built target turtlesim__rosidl_generator_c
[0.203s] [ 33%] Built target turtlesim__rosidl_typesupport_cpp
[0.236s] [ 41%] Built target turtlesim__rosidl_typesupport_fastrtps_c
[0.309s] [ 50%] Built target turtlesim__rosidl_typesupport_fastrtps_cpp
[0.368s] [ 59%] Built target turtlesim__rosidl_typesupport_introspection_c
[0.420s] [ 68%] Built target turtlesim__rosidl_typesupport_c
[0.482s] [ 76%] Built target turtlesim__rosidl_typesupport_introspection_cpp
[0.549s] running egg_info
[0.562s] [ 81%] Built target turtlesim_node
[0.598s] writing turtlesim.egg-info/PKG-INFO
[0.598s] writing dependency_links to turtlesim.egg-info/dependency_links.txt
[0.598s] writing top-level names to turtlesim.egg-info/top_level.txt
[0.655s] reading manifest file 'turtlesim.egg-info/SOURCES.txt'
[0.656s] writing manifest file 'turtlesim.egg-info/SOURCES.txt'
[0.664s] [ 83%] Built target turtle_teleop_key
[0.701s] [ 83%] Built target ament_cmake_python_build_turtlesim_egg
[0.711s] [ 84%] Built target draw_square
[0.744s] [ 85%] Built target turtlesim
[0.744s] [ 86%] Built target mimic
[0.767s] [ 86%] Built target turtlesim__py
[0.793s] [ 94%] Built target turtlesim__rosidl_generator_py
[0.814s] [ 96%] Built target turtlesim_s__rosidl_typesupport_introspection_c
[0.814s] [ 98%] Built target turtlesim_s__rosidl_typesupport_fastrtps_c
[0.837s] [100%] Built target turtlesim_s__rosidl_typesupport_c
