[0.016s] Invoking command in '/home/richard/ros2_ws/build/turtlesim': CMAKE_PREFIX_PATH=${CMAKE_PREFIX_PATH}:/opt/ros/jazzy DEBUGINFOD_URLS=https://debuginfod.ubuntu.com /usr/bin/cmake --build /home/richard/ros2_ws/build/turtlesim -- -j2 -l2
[0.112s] [  0%] Built target turtlesim__rosidl_generator_type_description
[0.139s] [  0%] Built target ament_cmake_python_copy_turtlesim
[0.189s] [  1%] Built target turtlesim__cpp
[0.234s] [ 24%] Built target turtlesim__rosidl_generator_c
[0.321s] [ 33%] Built target turtlesim__rosidl_typesupport_cpp
[0.439s] [ 41%] Built target turtlesim__rosidl_typesupport_fastrtps_c
[0.481s] [ 50%] Built target turtlesim__rosidl_typesupport_fastrtps_cpp
[0.513s] [ 59%] Built target turtlesim__rosidl_typesupport_introspection_c
[0.567s] [ 68%] Built target turtlesim__rosidl_typesupport_c
[0.601s] [ 76%] Built target turtlesim__rosidl_typesupport_introspection_cpp
[0.661s] [ 81%] Built target turtlesim_node
[0.691s] [ 83%] Built target turtle_teleop_key
[0.742s] [ 84%] Built target draw_square
[0.777s] [ 86%] Built target mimic
[0.796s] [ 86%] Built target turtlesim
[0.830s] running egg_info
[0.840s] [ 86%] Built target turtlesim__py
[0.868s] [ 94%] Built target turtlesim__rosidl_generator_py
[0.895s] writing turtlesim.egg-info/PKG-INFO
[0.895s] writing dependency_links to turtlesim.egg-info/dependency_links.txt
[0.895s] writing top-level names to turtlesim.egg-info/top_level.txt
[0.900s] [ 96%] Built target turtlesim_s__rosidl_typesupport_fastrtps_c
[0.945s] [ 98%] Built target turtlesim_s__rosidl_typesupport_introspection_c
[0.973s] [100%] Built target turtlesim_s__rosidl_typesupport_c
[1.020s] reading manifest file 'turtlesim.egg-info/SOURCES.txt'
[1.021s] writing manifest file 'turtlesim.egg-info/SOURCES.txt'
[1.059s] [100%] Built target ament_cmake_python_build_turtlesim_egg
