[0.010s] Invoking command in '/home/richard/ros2_ws/build/turtlesim': CMAKE_PREFIX_PATH=${CMAKE_PREFIX_PATH}:/opt/ros/jazzy DEBUGINFOD_URLS=https://debuginfod.ubuntu.com /usr/bin/cmake --build /home/richard/ros2_ws/build/turtlesim -- -j2 -l2
[0.083s] [  0%] Built target turtlesim__rosidl_generator_type_description
[0.130s] [  0%] Built target ament_cmake_python_copy_turtlesim
[0.135s] [  1%] Built target turtlesim__cpp
[0.168s] [ 24%] Built target turtlesim__rosidl_generator_c
[0.223s] [ 33%] Built target turtlesim__rosidl_typesupport_cpp
[0.295s] [ 41%] Built target turtlesim__rosidl_typesupport_fastrtps_c
[0.384s] [ 50%] Built target turtlesim__rosidl_typesupport_fastrtps_cpp
[0.455s] [ 59%] Built target turtlesim__rosidl_typesupport_introspection_c
[0.508s] [ 68%] Built target turtlesim__rosidl_typesupport_c
[0.554s] running egg_info
[0.559s] [ 76%] Built target turtlesim__rosidl_typesupport_introspection_cpp
[0.594s] writing turtlesim.egg-info/PKG-INFO
[0.596s] writing dependency_links to turtlesim.egg-info/dependency_links.txt
[0.597s] writing top-level names to turtlesim.egg-info/top_level.txt
[0.635s] [ 81%] Built target turtlesim_node
[0.686s] reading manifest file 'turtlesim.egg-info/SOURCES.txt'
[0.686s] writing manifest file 'turtlesim.egg-info/SOURCES.txt'
[0.697s] [ 83%] Built target turtle_teleop_key
[0.728s] [ 83%] Built target ament_cmake_python_build_turtlesim_egg
[0.750s] [ 84%] Built target draw_square
[0.766s] [ 86%] Built target mimic
[0.778s] [ 86%] Built target turtlesim
[0.799s] [ 86%] Built target turtlesim__py
[0.824s] [ 94%] Built target turtlesim__rosidl_generator_py
[0.846s] [ 96%] Built target turtlesim_s__rosidl_typesupport_fastrtps_c
[0.851s] [ 98%] Built target turtlesim_s__rosidl_typesupport_introspection_c
[0.869s] [100%] Built target turtlesim_s__rosidl_typesupport_c
