[0.011s] Invoking command in '/home/richard/ros2_ws/build/turtlesim': CMAKE_PREFIX_PATH=${CMAKE_PREFIX_PATH}:/opt/ros/jazzy DEBUGINFOD_URLS=https://debuginfod.ubuntu.com /usr/bin/cmake --build /home/richard/ros2_ws/build/turtlesim -- -j2 -l2
[0.065s] [  0%] Built target turtlesim__rosidl_generator_type_description
[0.137s] [  0%] Built target ament_cmake_python_copy_turtlesim
[0.157s] [  1%] Built target turtlesim__cpp
[0.209s] [ 24%] Built target turtlesim__rosidl_generator_c
[0.261s] [ 33%] Built target turtlesim__rosidl_typesupport_cpp
[0.290s] [ 41%] Built target turtlesim__rosidl_typesupport_fastrtps_c
[0.341s] [ 50%] Built target turtlesim__rosidl_typesupport_fastrtps_cpp
[0.406s] [ 59%] Built target turtlesim__rosidl_typesupport_introspection_c
[0.481s] [ 68%] Built target turtlesim__rosidl_typesupport_c
[0.528s] [ 76%] Built target turtlesim__rosidl_typesupport_introspection_cpp
[0.535s] running egg_info
[0.559s] writing turtlesim.egg-info/PKG-INFO
[0.559s] writing dependency_links to turtlesim.egg-info/dependency_links.txt
[0.560s] writing top-level names to turtlesim.egg-info/top_level.txt
[0.580s] [ 81%] Built target turtlesim_node
[0.604s] [ 83%] Built target turtle_teleop_key
[0.632s] [ 84%] Built target draw_square
[0.637s] reading manifest file 'turtlesim.egg-info/SOURCES.txt'
[0.639s] writing manifest file 'turtlesim.egg-info/SOURCES.txt'
[0.662s] [ 86%] Built target mimic
[0.667s] [ 86%] Built target ament_cmake_python_build_turtlesim_egg
[0.680s] [ 86%] Built target turtlesim
[0.699s] [ 86%] Built target turtlesim__py
[0.722s] [ 94%] Built target turtlesim__rosidl_generator_py
[0.741s] [ 96%] Built target turtlesim_s__rosidl_typesupport_introspection_c
[0.741s] [ 98%] Built target turtlesim_s__rosidl_typesupport_fastrtps_c
[0.762s] [100%] Built target turtlesim_s__rosidl_typesupport_c
