[0.015s] Invoking command in '/home/richard/ros2_ws/build/turtlesim': CMAKE_PREFIX_PATH=${CMAKE_PREFIX_PATH}:/opt/ros/jazzy DEBUGINFOD_URLS=https://debuginfod.ubuntu.com /usr/bin/cmake --build /home/richard/ros2_ws/build/turtlesim -- -j2 -l2
[0.119s] [  0%] Built target turtlesim__rosidl_generator_type_description
[0.126s] [  0%] Built target ament_cmake_python_copy_turtlesim
[0.161s] [  1%] Built target turtlesim__cpp
[0.184s] [ 24%] Built target turtlesim__rosidl_generator_c
[0.240s] [ 33%] Built target turtlesim__rosidl_typesupport_cpp
[0.309s] [ 41%] Built target turtlesim__rosidl_typesupport_fastrtps_c
[0.412s] [ 50%] Built target turtlesim__rosidl_typesupport_fastrtps_cpp
[0.478s] [ 59%] Built target turtlesim__rosidl_typesupport_introspection_c
[0.547s] [ 68%] Built target turtlesim__rosidl_typesupport_c
[0.616s] [ 76%] Built target turtlesim__rosidl_typesupport_introspection_cpp
[0.669s] running egg_info
[0.691s] [ 81%] Built target turtlesim_node
[0.707s] writing turtlesim.egg-info/PKG-INFO
[0.707s] writing dependency_links to turtlesim.egg-info/dependency_links.txt
[0.709s] writing top-level names to turtlesim.egg-info/top_level.txt
[0.765s] [ 83%] Built target turtle_teleop_key
[0.836s] [ 84%] Built target draw_square
[0.864s] reading manifest file 'turtlesim.egg-info/SOURCES.txt'
[0.868s] writing manifest file 'turtlesim.egg-info/SOURCES.txt'
[0.895s] [ 86%] Built target mimic
[0.939s] [ 86%] Built target ament_cmake_python_build_turtlesim_egg
[0.942s] [ 86%] Built target turtlesim
[0.966s] [ 86%] Built target turtlesim__py
[1.012s] [ 94%] Built target turtlesim__rosidl_generator_py
[1.049s] [ 96%] Built target turtlesim_s__rosidl_typesupport_introspection_c
[1.051s] [ 98%] Built target turtlesim_s__rosidl_typesupport_fastrtps_c
[1.076s] [100%] Built target turtlesim_s__rosidl_typesupport_c
