[0.010s] Invoking command in '/home/richard/ros2_ws/build/turtlesim': CMAKE_PREFIX_PATH=${CMAKE_PREFIX_PATH}:/opt/ros/jazzy DEBUGINFOD_URLS=https://debuginfod.ubuntu.com /usr/bin/cmake --build /home/richard/ros2_ws/build/turtlesim -- -j2 -l2
[0.163s] [  0%] Built target turtlesim__rosidl_generator_type_description
[0.164s] [  0%] Built target ament_cmake_python_copy_turtlesim
[0.202s] [  1%] Built target turtlesim__cpp
[0.218s] [ 24%] Built target turtlesim__rosidl_generator_c
[0.294s] [ 33%] Built target turtlesim__rosidl_typesupport_cpp
[0.335s] [ 41%] Built target turtlesim__rosidl_typesupport_fastrtps_c
[0.390s] [ 50%] Built target turtlesim__rosidl_typesupport_fastrtps_cpp
[0.436s] [ 59%] Built target turtlesim__rosidl_typesupport_introspection_c
[0.482s] [ 68%] Built target turtlesim__rosidl_typesupport_c
[0.544s] [ 76%] Built target turtlesim__rosidl_typesupport_introspection_cpp
[0.626s] [ 81%] Built target turtlesim_node
[0.688s] [ 83%] Built target turtle_teleop_key
[0.741s] [ 84%] Built target draw_square
[0.741s] running egg_info
[0.785s] [ 86%] Built target mimic
[0.799s] writing turtlesim.egg-info/PKG-INFO
[0.801s] writing dependency_links to turtlesim.egg-info/dependency_links.txt
[0.801s] writing top-level names to turtlesim.egg-info/top_level.txt
[0.814s] [ 86%] Built target turtlesim
[0.850s] [ 86%] Built target turtlesim__py
[0.872s] [ 94%] Built target turtlesim__rosidl_generator_py
[0.899s] [ 96%] Built target turtlesim_s__rosidl_typesupport_fastrtps_c
[0.911s] reading manifest file 'turtlesim.egg-info/SOURCES.txt'
[0.913s] writing manifest file 'turtlesim.egg-info/SOURCES.txt'
[0.942s] [ 98%] Built target turtlesim_s__rosidl_typesupport_introspection_c
[0.963s] [100%] Built target turtlesim_s__rosidl_typesupport_c
[0.967s] [100%] Built target ament_cmake_python_build_turtlesim_egg
