[0.015s] Invoking command in '/home/richard/ros2_ws/build/turtlesim': CMAKE_PREFIX_PATH=${CMAKE_PREFIX_PATH}:/opt/ros/jazzy DEBUGINFOD_URLS=https://debuginfod.ubuntu.com /usr/bin/cmake --build /home/richard/ros2_ws/build/turtlesim -- -j2 -l2
[0.086s] [  0%] Built target turtlesim__rosidl_generator_type_description
[0.112s] [  0%] Built target ament_cmake_python_copy_turtlesim
[0.144s] [  1%] Built target turtlesim__cpp
[0.160s] [ 24%] Built target turtlesim__rosidl_generator_c
[0.188s] [ 33%] Built target turtlesim__rosidl_typesupport_cpp
[0.245s] [ 41%] Built target turtlesim__rosidl_typesupport_fastrtps_c
[0.342s] [ 50%] Built target turtlesim__rosidl_typesupport_fastrtps_cpp
[0.429s] [ 59%] Built target turtlesim__rosidl_typesupport_introspection_c
[0.489s] [ 68%] Built target turtlesim__rosidl_typesupport_c
[0.549s] [ 76%] Built target turtlesim__rosidl_typesupport_introspection_cpp
[0.713s] [ 81%] Built target turtlesim_node
[0.713s] running egg_info
[0.719s] writing turtlesim.egg-info/PKG-INFO
[0.719s] writing dependency_links to turtlesim.egg-info/dependency_links.txt
[0.720s] writing top-level names to turtlesim.egg-info/top_level.txt
[0.730s] [ 83%] Built target turtle_teleop_key
[0.804s] [ 84%] Built target draw_square
[0.862s] [ 86%] Built target mimic
[0.880s] reading manifest file 'turtlesim.egg-info/SOURCES.txt'
[0.881s] writing manifest file 'turtlesim.egg-info/SOURCES.txt'
[0.885s] [ 86%] Built target turtlesim
[0.908s] [ 86%] Built target turtlesim__py
[0.910s] [ 86%] Built target ament_cmake_python_build_turtlesim_egg
[0.939s] [ 94%] Built target turtlesim__rosidl_generator_py
[0.962s] [ 98%] Built target turtlesim_s__rosidl_typesupport_fastrtps_c
[0.963s] [ 98%] Built target turtlesim_s__rosidl_typesupport_introspection_c
[0.986s] [100%] Built target turtlesim_s__rosidl_typesupport_c
