[0.039s] Invoking command in '/home/richard/ros2_ws/build/turtlesim': CMAKE_PREFIX_PATH=${CMAKE_PREFIX_PATH}:/opt/ros/jazzy DEBUGINFOD_URLS=https://debuginfod.ubuntu.com /usr/bin/cmake --build /home/richard/ros2_ws/build/turtlesim -- -j2 -l2
[0.377s] [  0%] Built target turtlesim__rosidl_generator_type_description
[0.460s] [  0%] Built target ament_cmake_python_copy_turtlesim
[0.497s] [  1%] Built target turtlesim__cpp
[0.575s] [ 24%] Built target turtlesim__rosidl_generator_c
[0.685s] [ 33%] Built target turtlesim__rosidl_typesupport_cpp
[0.784s] [ 41%] Built target turtlesim__rosidl_typesupport_fastrtps_c
[0.898s] [ 50%] Built target turtlesim__rosidl_typesupport_fastrtps_cpp
[0.969s] [ 59%] Built target turtlesim__rosidl_typesupport_introspection_c
[1.038s] [ 68%] Built target turtlesim__rosidl_typesupport_c
[1.112s] [ 76%] Built target turtlesim__rosidl_typesupport_introspection_cpp
[1.232s] [ 81%] Built target turtlesim_node
[1.335s] [ 83%] Built target turtle_teleop_key
[1.429s] [ 84%] Built target draw_square
[1.501s] running egg_info
[1.551s] [ 86%] Built target mimic
[1.583s] writing turtlesim.egg-info/PKG-INFO
[1.583s] writing dependency_links to turtlesim.egg-info/dependency_links.txt
[1.584s] writing top-level names to turtlesim.egg-info/top_level.txt
[1.648s] [ 86%] Built target turtlesim
[1.701s] [ 86%] Built target turtlesim__py
[1.800s] [ 94%] Built target turtlesim__rosidl_generator_py
[1.873s] reading manifest file 'turtlesim.egg-info/SOURCES.txt'
[1.875s] writing manifest file 'turtlesim.egg-info/SOURCES.txt'
[1.900s] [ 96%] Built target turtlesim_s__rosidl_typesupport_fastrtps_c
[1.978s] [ 97%] Built target ament_cmake_python_build_turtlesim_egg
[1.979s] [ 98%] Built target turtlesim_s__rosidl_typesupport_introspection_c
[2.016s] [100%] Built target turtlesim_s__rosidl_typesupport_c
