[ 20%] [32mBuilding CXX object CMakeFiles/navigation.dir/src/Action.cpp.o[0m
[01m[K/home/richard/ros2_ws/src/tp1/src/Action.cpp:[m[K In function ‘[01m[Kstd::vector<float>[01;32m[K smoothVector[m[K(const std::vector<float>&, int)[m[K’:
[01m[K/home/richard/ros2_ws/src/tp1/src/Action.cpp:20:50:[m[K [01;35m[Kwarning: [m[Kcomparison of integer expressions of different signedness: ‘[01m[Kint[m[K’ and ‘[01m[Kstd::vector<float>::size_type[m[K’ {aka ‘[01m[Klong unsigned int[m[K’} [[01;35m[K]8;;https://gcc.gnu.org/onlinedocs/gcc/Warning-Options.html#index-Wsign-compare-Wsign-compare]8;;[m[K]
   20 |         for (int j = i * N; j < (i + 1) * N && [01;35m[Kj < inputVector.size()[m[K; ++j) {
      |                                                [01;35m[K~~^~~~~~~~~~~~~~~~~~~~[m[K
[01m[K/home/richard/ros2_ws/src/tp1/src/Action.cpp:[m[K In function ‘[01m[Kstd::pair<int, float>[01;32m[K findMinPosition[m[K(const std::vector<float>&)[m[K’:
[01m[K/home/richard/ros2_ws/src/tp1/src/Action.cpp:36:16:[m[K [01;31m[Kerror: [m[Kcould not convert ‘[01m[K-1[m[K’ from ‘[01m[Kint[m[K’ to ‘[01m[Kstd::pair<int, float>[m[K’
   36 |         return [01;31m[K-1[m[K; // Retorna -1 se o vetor estiver vazio
      |                [01;31m[K^~[m[K
      |                [01;31m[K|[m[K
      |                [01;31m[Kint[m[K
[01m[K/home/richard/ros2_ws/src/tp1/src/Action.cpp:50:12:[m[K [01;35m[Kwarning: [m[Kleft operand of comma operator has no effect [[01;35m[K]8;;https://gcc.gnu.org/onlinedocs/gcc/Warning-Options.html#index-Wunused-value-Wunused-value]8;;[m[K]
   50 |     return [01;35m[KminPosition[m[K, minValue;  // Retorna a posição do menor valor
      |            [01;35m[K^~~~~~~~~~~[m[K
[01m[K/home/richard/ros2_ws/src/tp1/src/Action.cpp:50:23:[m[K [01;31m[Kerror: [m[Kcould not convert ‘[01m[K((void)0, minValue)[m[K’ from ‘[01m[Kfloat[m[K’ to ‘[01m[Kstd::pair<int, float>[m[K’
   50 |     return [01;31m[KminPosition, minValue[m[K;  // Retorna a posição do menor valor
      |            [01;31m[K~~~~~~~~~~~^~~~~~~~~~[m[K
      |                       [01;31m[K|[m[K
      |                       [01;31m[Kfloat[m[K
[01m[K/home/richard/ros2_ws/src/tp1/src/Action.cpp:[m[K In member function ‘[01m[Kvoid Action::[01;32m[KavoidObstacles[m[K(std::vector<float>, std::vector<float>)[m[K’:
[01m[K/home/richard/ros2_ws/src/tp1/src/Action.cpp:67:46:[m[K [01;31m[Kerror: [m[Kcannot convert ‘[01m[Kstd::pair<int, float>[m[K’ to ‘[01m[Kfloat[m[K’ in assignment
   67 |     minDistPos, minDistance = [01;31m[KfindMinPosition(sonars)[m[K;
      |                               [01;31m[K~~~~~~~~~~~~~~~^~~~~~~~[m[K
      |                                              [01;31m[K|[m[K
      |                                              [01;31m[Kstd::pair<int, float>[m[K
gmake[2]: *** [CMakeFiles/navigation.dir/build.make:90: CMakeFiles/navigation.dir/src/Action.cpp.o] Erro 1
gmake[1]: *** [CMakeFiles/Makefile2:137: CMakeFiles/navigation.dir/all] Erro 2
gmake: *** [Makefile:146: all] Erro 2
