[0.025s] Invoking command in '/home/richard/ros2_ws/build/turtlesim': CMAKE_PREFIX_PATH=${CMAKE_PREFIX_PATH}:/opt/ros/jazzy DEBUGINFOD_URLS=https://debuginfod.ubuntu.com /usr/bin/cmake --build /home/richard/ros2_ws/build/turtlesim -- -j2 -l2
[0.141s] [  0%] Built target turtlesim__rosidl_generator_type_description
[0.168s] [  0%] Built target ament_cmake_python_copy_turtlesim
[0.190s] [  1%] Built target turtlesim__cpp
[0.220s] [ 24%] Built target turtlesim__rosidl_generator_c
[0.282s] [ 33%] Built target turtlesim__rosidl_typesupport_cpp
[0.368s] [ 41%] Built target turtlesim__rosidl_typesupport_fastrtps_c
[0.513s] [ 50%] Built target turtlesim__rosidl_typesupport_fastrtps_cpp
[0.580s] [ 59%] Built target turtlesim__rosidl_typesupport_introspection_c
[0.640s] [ 68%] Built target turtlesim__rosidl_typesupport_c
[0.676s] [ 76%] Built target turtlesim__rosidl_typesupport_introspection_cpp
[0.717s] [ 81%] Built target turtlesim_node
[0.748s] [ 83%] Built target turtle_teleop_key
[0.781s] [ 84%] Built target draw_square
[0.785s] running egg_info
[0.816s] [ 86%] Built target mimic
[0.830s] writing turtlesim.egg-info/PKG-INFO
[0.830s] writing dependency_links to turtlesim.egg-info/dependency_links.txt
[0.830s] writing top-level names to turtlesim.egg-info/top_level.txt
[0.843s] [ 86%] Built target turtlesim
[0.867s] [ 86%] Built target turtlesim__py
[0.904s] [ 94%] Built target turtlesim__rosidl_generator_py
[0.919s] reading manifest file 'turtlesim.egg-info/SOURCES.txt'
[0.920s] writing manifest file 'turtlesim.egg-info/SOURCES.txt'
[0.935s] [ 96%] Built target turtlesim_s__rosidl_typesupport_fastrtps_c
[0.956s] [ 96%] Built target ament_cmake_python_build_turtlesim_egg
[0.962s] [ 98%] Built target turtlesim_s__rosidl_typesupport_introspection_c
[0.982s] [100%] Built target turtlesim_s__rosidl_typesupport_c
