[0.026s] Invoking command in '/home/richard/ros2_ws/build/turtlesim': CMAKE_PREFIX_PATH=${CMAKE_PREFIX_PATH}:/opt/ros/jazzy DEBUGINFOD_URLS=https://debuginfod.ubuntu.com /usr/bin/cmake --build /home/richard/ros2_ws/build/turtlesim -- -j2 -l2
[0.178s] [  0%] Built target turtlesim__rosidl_generator_type_description
[0.198s] [  0%] Built target ament_cmake_python_copy_turtlesim
[0.241s] [  1%] Built target turtlesim__cpp
[0.277s] [ 24%] Built target turtlesim__rosidl_generator_c
[0.400s] [ 33%] Built target turtlesim__rosidl_typesupport_cpp
[0.474s] [ 41%] Built target turtlesim__rosidl_typesupport_fastrtps_c
[0.541s] [ 50%] Built target turtlesim__rosidl_typesupport_fastrtps_cpp
[0.626s] [ 59%] Built target turtlesim__rosidl_typesupport_introspection_c
[0.694s] [ 68%] Built target turtlesim__rosidl_typesupport_c
[0.767s] [ 76%] Built target turtlesim__rosidl_typesupport_introspection_cpp
[0.896s] running egg_info
[0.937s] [ 81%] Built target turtlesim_node
[0.973s] writing turtlesim.egg-info/PKG-INFO
[0.973s] writing dependency_links to turtlesim.egg-info/dependency_links.txt
[0.973s] writing top-level names to turtlesim.egg-info/top_level.txt
[1.075s] [ 83%] Built target turtle_teleop_key
[1.141s] reading manifest file 'turtlesim.egg-info/SOURCES.txt'
[1.146s] writing manifest file 'turtlesim.egg-info/SOURCES.txt'
[1.180s] [ 84%] Built target draw_square
[1.226s] [ 84%] Built target ament_cmake_python_build_turtlesim_egg
[1.269s] [ 84%] Built target turtlesim
[1.272s] [ 86%] Built target mimic
[1.306s] [ 86%] Built target turtlesim__py
[1.348s] [ 94%] Built target turtlesim__rosidl_generator_py
[1.398s] [ 96%] Built target turtlesim_s__rosidl_typesupport_fastrtps_c
[1.408s] [ 98%] Built target turtlesim_s__rosidl_typesupport_introspection_c
[1.433s] [100%] Built target turtlesim_s__rosidl_typesupport_c
