[0.014s] Invoking command in '/home/richard/ros2_ws/build/turtlesim': CMAKE_PREFIX_PATH=${CMAKE_PREFIX_PATH}:/opt/ros/jazzy DEBUGINFOD_URLS=https://debuginfod.ubuntu.com /usr/bin/cmake --build /home/richard/ros2_ws/build/turtlesim -- -j2 -l2
[0.100s] [  0%] Built target turtlesim__rosidl_generator_type_description
[0.125s] [  0%] Built target ament_cmake_python_copy_turtlesim
[0.145s] [  1%] Built target turtlesim__cpp
[0.177s] [ 24%] Built target turtlesim__rosidl_generator_c
[0.204s] [ 33%] Built target turtlesim__rosidl_typesupport_cpp
[0.236s] [ 41%] Built target turtlesim__rosidl_typesupport_fastrtps_c
[0.275s] [ 50%] Built target turtlesim__rosidl_typesupport_fastrtps_cpp
[0.355s] [ 59%] Built target turtlesim__rosidl_typesupport_introspection_c
[0.425s] [ 68%] Built target turtlesim__rosidl_typesupport_c
[0.485s] [ 76%] Built target turtlesim__rosidl_typesupport_introspection_cpp
[0.562s] [ 81%] Built target turtlesim_node
[0.609s] running egg_info
[0.620s] [ 83%] Built target turtle_teleop_key
[0.637s] writing turtlesim.egg-info/PKG-INFO
[0.641s] writing dependency_links to turtlesim.egg-info/dependency_links.txt
[0.641s] writing top-level names to turtlesim.egg-info/top_level.txt
[0.657s] [ 84%] Built target draw_square
[0.686s] [ 86%] Built target mimic
[0.704s] [ 86%] Built target turtlesim
[0.712s] reading manifest file 'turtlesim.egg-info/SOURCES.txt'
[0.712s] writing manifest file 'turtlesim.egg-info/SOURCES.txt'
[0.732s] [ 86%] Built target turtlesim__py
[0.754s] [ 86%] Built target ament_cmake_python_build_turtlesim_egg
[0.767s] [ 94%] Built target turtlesim__rosidl_generator_py
[0.788s] [ 97%] Built target turtlesim_s__rosidl_typesupport_introspection_c
[0.789s] [ 98%] Built target turtlesim_s__rosidl_typesupport_fastrtps_c
[0.810s] [100%] Built target turtlesim_s__rosidl_typesupport_c
