[0.007s] Invoking command in '/home/richard/ros2_ws/build/turtlesim': CMAKE_PREFIX_PATH=${CMAKE_PREFIX_PATH}:/opt/ros/jazzy DEBUGINFOD_URLS=https://debuginfod.ubuntu.com /usr/bin/cmake --build /home/richard/ros2_ws/build/turtlesim -- -j2 -l2
[0.100s] [  0%] Built target turtlesim__rosidl_generator_type_description
[0.104s] [  0%] Built target ament_cmake_python_copy_turtlesim
[0.148s] [ 17%] Built target turtlesim__cpp
[0.149s] [ 24%] Built target turtlesim__rosidl_generator_c
[0.208s] [ 33%] Built target turtlesim__rosidl_typesupport_cpp
[0.274s] [ 41%] Built target turtlesim__rosidl_typesupport_fastrtps_c
[0.344s] [ 50%] Built target turtlesim__rosidl_typesupport_fastrtps_cpp
[0.416s] [ 59%] Built target turtlesim__rosidl_typesupport_introspection_c
[0.471s] [ 68%] Built target turtlesim__rosidl_typesupport_c
[0.527s] [ 76%] Built target turtlesim__rosidl_typesupport_introspection_cpp
[0.605s] [ 81%] Built target turtlesim_node
[0.610s] running egg_info
[0.635s] writing turtlesim.egg-info/PKG-INFO
[0.635s] writing dependency_links to turtlesim.egg-info/dependency_links.txt
[0.636s] writing top-level names to turtlesim.egg-info/top_level.txt
[0.668s] [ 83%] Built target turtle_teleop_key
[0.725s] [ 84%] Built target draw_square
[0.744s] reading manifest file 'turtlesim.egg-info/SOURCES.txt'
[0.746s] writing manifest file 'turtlesim.egg-info/SOURCES.txt'
[0.770s] [ 86%] Built target mimic
[0.785s] [ 86%] Built target ament_cmake_python_build_turtlesim_egg
[0.792s] [ 86%] Built target turtlesim
[0.814s] [ 86%] Built target turtlesim__py
[0.839s] [ 94%] Built target turtlesim__rosidl_generator_py
[0.865s] [ 97%] Built target turtlesim_s__rosidl_typesupport_fastrtps_c
[0.865s] [ 98%] Built target turtlesim_s__rosidl_typesupport_introspection_c
[0.888s] [100%] Built target turtlesim_s__rosidl_typesupport_c
