[0.011s] Invoking command in '/home/richard/ros2_ws/build/turtlesim': CMAKE_PREFIX_PATH=${CMAKE_PREFIX_PATH}:/opt/ros/jazzy DEBUGINFOD_URLS=https://debuginfod.ubuntu.com /usr/bin/cmake --build /home/richard/ros2_ws/build/turtlesim -- -j2 -l2
[0.119s] [  0%] Built target ament_cmake_python_copy_turtlesim
[0.136s] [  0%] Built target turtlesim__rosidl_generator_type_description
[0.216s] [  1%] Built target turtlesim__cpp
[0.350s] [ 24%] Built target turtlesim__rosidl_generator_c
[0.447s] [ 33%] Built target turtlesim__rosidl_typesupport_cpp
[0.541s] [ 41%] Built target turtlesim__rosidl_typesupport_fastrtps_c
[0.632s] [ 50%] Built target turtlesim__rosidl_typesupport_fastrtps_cpp
[0.715s] [ 59%] Built target turtlesim__rosidl_typesupport_introspection_c
[0.785s] [ 68%] Built target turtlesim__rosidl_typesupport_c
[0.854s] [ 76%] Built target turtlesim__rosidl_typesupport_introspection_cpp
[0.888s] running egg_info
[0.919s] [ 81%] Built target turtlesim_node
[0.936s] writing turtlesim.egg-info/PKG-INFO
[0.937s] writing dependency_links to turtlesim.egg-info/dependency_links.txt
[0.939s] writing top-level names to turtlesim.egg-info/top_level.txt
[0.955s] [ 83%] Built target turtle_teleop_key
[0.993s] [ 84%] Built target draw_square
[1.034s] [ 86%] Built target mimic
[1.046s] reading manifest file 'turtlesim.egg-info/SOURCES.txt'
[1.048s] writing manifest file 'turtlesim.egg-info/SOURCES.txt'
[1.064s] [ 86%] Built target turtlesim
[1.087s] [ 86%] Built target ament_cmake_python_build_turtlesim_egg
[1.099s] [ 86%] Built target turtlesim__py
[1.134s] [ 94%] Built target turtlesim__rosidl_generator_py
[1.174s] [ 96%] Built target turtlesim_s__rosidl_typesupport_fastrtps_c
[1.213s] [ 98%] Built target turtlesim_s__rosidl_typesupport_introspection_c
[1.246s] [100%] Built target turtlesim_s__rosidl_typesupport_c
