[0.013s] Invoking command in '/home/richard/ros2_ws/build/turtlesim': CMAKE_PREFIX_PATH=${CMAKE_PREFIX_PATH}:/opt/ros/jazzy DEBUGINFOD_URLS=https://debuginfod.ubuntu.com /usr/bin/cmake --build /home/richard/ros2_ws/build/turtlesim -- -j2 -l2
[0.084s] [  0%] Built target turtlesim__rosidl_generator_type_description
[0.116s] [  1%] Built target turtlesim__cpp
[0.134s] [  1%] Built target ament_cmake_python_copy_turtlesim
[0.184s] [ 24%] Built target turtlesim__rosidl_generator_c
[0.245s] [ 33%] Built target turtlesim__rosidl_typesupport_cpp
[0.349s] [ 41%] Built target turtlesim__rosidl_typesupport_fastrtps_c
[0.477s] [ 50%] Built target turtlesim__rosidl_typesupport_fastrtps_cpp
[0.563s] [ 59%] Built target turtlesim__rosidl_typesupport_introspection_c
[0.632s] [ 68%] Built target turtlesim__rosidl_typesupport_c
[0.719s] [ 76%] Built target turtlesim__rosidl_typesupport_introspection_cpp
[0.854s] [ 81%] Built target turtlesim_node
[0.908s] running egg_info
[0.953s] [ 83%] Built target turtle_teleop_key
[0.963s] writing turtlesim.egg-info/PKG-INFO
[0.965s] writing dependency_links to turtlesim.egg-info/dependency_links.txt
[0.966s] writing top-level names to turtlesim.egg-info/top_level.txt
[0.992s] [ 84%] Built target draw_square
[1.024s] [ 86%] Built target mimic
[1.053s] [ 86%] Built target turtlesim
[1.071s] reading manifest file 'turtlesim.egg-info/SOURCES.txt'
[1.072s] writing manifest file 'turtlesim.egg-info/SOURCES.txt'
[1.089s] [ 86%] Built target turtlesim__py
[1.117s] [ 86%] Built target ament_cmake_python_build_turtlesim_egg
[1.124s] [ 94%] Built target turtlesim__rosidl_generator_py
[1.160s] [ 96%] Built target turtlesim_s__rosidl_typesupport_fastrtps_c
[1.164s] [ 98%] Built target turtlesim_s__rosidl_typesupport_introspection_c
[1.191s] [100%] Built target turtlesim_s__rosidl_typesupport_c
