[0.022s] Invoking command in '/home/richard/ros2_ws/build/turtlesim': CMAKE_PREFIX_PATH=${CMAKE_PREFIX_PATH}:/opt/ros/jazzy DEBUGINFOD_URLS=https://debuginfod.ubuntu.com /usr/bin/cmake --build /home/richard/ros2_ws/build/turtlesim -- -j2 -l2
[0.135s] [  0%] Built target turtlesim__rosidl_generator_type_description
[0.138s] [  0%] Built target ament_cmake_python_copy_turtlesim
[0.178s] [ 23%] Built target turtlesim__rosidl_generator_c
[0.185s] [ 24%] Built target turtlesim__cpp
[0.296s] [ 33%] Built target turtlesim__rosidl_typesupport_cpp
[0.400s] [ 41%] Built target turtlesim__rosidl_typesupport_fastrtps_c
[0.532s] [ 50%] Built target turtlesim__rosidl_typesupport_fastrtps_cpp
[0.606s] [ 59%] Built target turtlesim__rosidl_typesupport_introspection_c
[0.643s] [ 68%] Built target turtlesim__rosidl_typesupport_c
[0.683s] [ 76%] Built target turtlesim__rosidl_typesupport_introspection_cpp
[0.731s] [ 81%] Built target turtlesim_node
[0.764s] [ 83%] Built target turtle_teleop_key
[0.776s] running egg_info
[0.797s] [ 84%] Built target draw_square
[0.803s] writing turtlesim.egg-info/PKG-INFO
[0.804s] writing dependency_links to turtlesim.egg-info/dependency_links.txt
[0.804s] writing top-level names to turtlesim.egg-info/top_level.txt
[0.838s] [ 86%] Built target mimic
[0.864s] [ 86%] Built target turtlesim
[0.887s] reading manifest file 'turtlesim.egg-info/SOURCES.txt'
[0.888s] writing manifest file 'turtlesim.egg-info/SOURCES.txt'
[0.892s] [ 86%] Built target turtlesim__py
[0.926s] [ 86%] Built target ament_cmake_python_build_turtlesim_egg
[0.930s] [ 94%] Built target turtlesim__rosidl_generator_py
[0.957s] [ 98%] Built target turtlesim_s__rosidl_typesupport_introspection_c
[0.957s] [ 98%] Built target turtlesim_s__rosidl_typesupport_fastrtps_c
[0.980s] [100%] Built target turtlesim_s__rosidl_typesupport_c
