[0.014s] Invoking command in '/home/richard/ros2_ws/build/tp1': CMAKE_PREFIX_PATH=${CMAKE_PREFIX_PATH}:/opt/ros/jazzy DEBUGINFOD_URLS=https://debuginfod.ubuntu.com /usr/bin/cmake --build /home/richard/ros2_ws/build/tp1 -- -j2 -l2
[0.082s] [ 16%] [32m[1mLinking CXX executable navigation[0m
[0.593s] /usr/bin/ld: CMakeFiles/navigation.dir/src/Graph.cpp.o: na função "graphicsThreadFunction(void*)":
[0.593s] Graph.cpp:(.text+0x20): undefined reference to `glfwInit'
[0.593s] /usr/bin/ld: Graph.cpp:(.text+0x57): undefined reference to `glfwCreateWindow'
[0.593s] /usr/bin/ld: Graph.cpp:(.text+0x67): undefined reference to `glfwTerminate'
[0.594s] /usr/bin/ld: Graph.cpp:(.text+0x7d): undefined reference to `glfwMakeContextCurrent'
[0.594s] /usr/bin/ld: Graph.cpp:(.text+0xa4): undefined reference to `glClearColor'
[0.594s] /usr/bin/ld: Graph.cpp:(.text+0xcc): undefined reference to `glClear'
[0.595s] /usr/bin/ld: Graph.cpp:(.text+0xd6): undefined reference to `glMatrixMode'
[0.596s] /usr/bin/ld: Graph.cpp:(.text+0xdb): undefined reference to `glLoadIdentity'
[0.596s] /usr/bin/ld: Graph.cpp:(.text+0x128): undefined reference to `glOrtho'
[0.596s] /usr/bin/ld: Graph.cpp:(.text+0x132): undefined reference to `glMatrixMode'
[0.596s] /usr/bin/ld: Graph.cpp:(.text+0x137): undefined reference to `glLoadIdentity'
[0.596s] /usr/bin/ld: Graph.cpp:(.text+0x14e): undefined reference to `glColor3f'
[0.596s] /usr/bin/ld: Graph.cpp:(.text+0x158): undefined reference to `glBegin'
[0.596s] /usr/bin/ld: Graph.cpp:(.text+0x1b0): undefined reference to `glVertex2f'
[0.596s] /usr/bin/ld: Graph.cpp:(.text+0x1d8): undefined reference to `glEnd'
[0.596s] /usr/bin/ld: Graph.cpp:(.text+0x1f3): undefined reference to `glColor3f'
[0.606s] /usr/bin/ld: Graph.cpp:(.text+0x20a): undefined reference to `glBegin'
[0.606s] /usr/bin/ld: Graph.cpp:(.text+0x234): undefined reference to `glVertex2f'
[0.606s] /usr/bin/ld: Graph.cpp:(.text+0x25e): undefined reference to `glVertex2f'
[0.606s] /usr/bin/ld: Graph.cpp:(.text+0x288): undefined reference to `glVertex2f'
[0.606s] /usr/bin/ld: Graph.cpp:(.text+0x2b2): undefined reference to `glVertex2f'
[0.606s] /usr/bin/ld: Graph.cpp:(.text+0x2b7): undefined reference to `glEnd'
[0.606s] /usr/bin/ld: Graph.cpp:(.text+0x2c3): undefined reference to `glfwSwapBuffers'
[0.607s] /usr/bin/ld: Graph.cpp:(.text+0x2c8): undefined reference to `glfwPollEvents'
[0.607s] /usr/bin/ld: Graph.cpp:(.text+0x2d4): undefined reference to `glfwWindowShouldClose'
[0.607s] /usr/bin/ld: Graph.cpp:(.text+0x2ed): undefined reference to `glfwDestroyWindow'
[0.607s] /usr/bin/ld: Graph.cpp:(.text+0x2f2): undefined reference to `glfwTerminate'
[0.675s] collect2: error: ld returned 1 exit status
[0.677s] gmake[2]: *** [CMakeFiles/navigation.dir/build.make:250: navigation] Erro 1
[0.678s] gmake[1]: *** [CMakeFiles/Makefile2:137: CMakeFiles/navigation.dir/all] Erro 2
[0.679s] gmake: *** [Makefile:146: all] Erro 2
[0.683s] Invoked command in '/home/richard/ros2_ws/build/tp1' returned '2': CMAKE_PREFIX_PATH=${CMAKE_PREFIX_PATH}:/opt/ros/jazzy DEBUGINFOD_URLS=https://debuginfod.ubuntu.com /usr/bin/cmake --build /home/richard/ros2_ws/build/tp1 -- -j2 -l2
