[0.017s] Invoking command in '/home/richard/ros2_ws/build/turtlesim': CMAKE_PREFIX_PATH=${CMAKE_PREFIX_PATH}:/opt/ros/jazzy DEBUGINFOD_URLS=https://debuginfod.ubuntu.com /usr/bin/cmake --build /home/richard/ros2_ws/build/turtlesim -- -j2 -l2
[0.102s] [  0%] Built target turtlesim__rosidl_generator_type_description
[0.126s] [  0%] Built target ament_cmake_python_copy_turtlesim
[0.144s] [  1%] Built target turtlesim__cpp
[0.187s] [ 24%] Built target turtlesim__rosidl_generator_c
[0.211s] [ 33%] Built target turtlesim__rosidl_typesupport_cpp
[0.237s] [ 41%] Built target turtlesim__rosidl_typesupport_fastrtps_c
[0.268s] [ 50%] Built target turtlesim__rosidl_typesupport_fastrtps_cpp
[0.300s] [ 59%] Built target turtlesim__rosidl_typesupport_introspection_c
[0.358s] [ 68%] Built target turtlesim__rosidl_typesupport_c
[0.411s] [ 76%] Built target turtlesim__rosidl_typesupport_introspection_cpp
[0.462s] [ 81%] Built target turtlesim_node
[0.530s] [ 83%] Built target turtle_teleop_key
[0.605s] [ 84%] Built target draw_square
[0.611s] running egg_info
[0.636s] writing turtlesim.egg-info/PKG-INFO
[0.637s] writing dependency_links to turtlesim.egg-info/dependency_links.txt
[0.641s] writing top-level names to turtlesim.egg-info/top_level.txt
[0.670s] [ 86%] Built target mimic
[0.722s] [ 86%] Built target turtlesim
[0.773s] reading manifest file 'turtlesim.egg-info/SOURCES.txt'
[0.773s] writing manifest file 'turtlesim.egg-info/SOURCES.txt'
[0.776s] [ 86%] Built target turtlesim__py
[0.815s] [ 86%] Built target ament_cmake_python_build_turtlesim_egg
[0.824s] [ 94%] Built target turtlesim__rosidl_generator_py
[0.860s] [ 96%] Built target turtlesim_s__rosidl_typesupport_introspection_c
[0.868s] [ 98%] Built target turtlesim_s__rosidl_typesupport_fastrtps_c
[0.893s] [100%] Built target turtlesim_s__rosidl_typesupport_c
