[0.005s] Invoking command in '/home/richard/ros2_ws/build/turtlesim': CMAKE_PREFIX_PATH=${CMAKE_PREFIX_PATH}:/opt/ros/jazzy DEBUGINFOD_URLS=https://debuginfod.ubuntu.com /usr/bin/cmake --build /home/richard/ros2_ws/build/turtlesim -- -j2 -l2
[0.075s] [  0%] Built target turtlesim__rosidl_generator_type_description
[0.100s] [  1%] Built target turtlesim__cpp
[0.128s] [ 24%] Built target turtlesim__rosidl_generator_c
[0.137s] [ 24%] Built target ament_cmake_python_copy_turtlesim
[0.174s] [ 33%] Built target turtlesim__rosidl_typesupport_cpp
[0.174s] [ 41%] Built target turtlesim__rosidl_typesupport_fastrtps_c
[0.200s] [ 50%] Built target turtlesim__rosidl_typesupport_introspection_c
[0.226s] [ 59%] Built target turtlesim__rosidl_typesupport_fastrtps_cpp
[0.250s] [ 68%] Built target turtlesim__rosidl_typesupport_c
[0.271s] [ 76%] Built target turtlesim__rosidl_typesupport_introspection_cpp
[0.345s] [ 81%] Built target turtlesim_node
[0.421s] [ 83%] Built target turtle_teleop_key
[0.483s] [ 84%] Built target draw_square
[0.540s] [ 86%] Built target mimic
[0.587s] [ 86%] Built target turtlesim
[0.633s] [ 86%] Built target turtlesim__py
[0.695s] running egg_info
[0.695s] [ 94%] Built target turtlesim__rosidl_generator_py
[0.733s] writing turtlesim.egg-info/PKG-INFO
[0.734s] writing dependency_links to turtlesim.egg-info/dependency_links.txt
[0.734s] writing top-level names to turtlesim.egg-info/top_level.txt
[0.750s] [ 96%] Built target turtlesim_s__rosidl_typesupport_fastrtps_c
[0.785s] [ 98%] Built target turtlesim_s__rosidl_typesupport_introspection_c
[0.819s] [100%] Built target turtlesim_s__rosidl_typesupport_c
[0.831s] reading manifest file 'turtlesim.egg-info/SOURCES.txt'
[0.831s] writing manifest file 'turtlesim.egg-info/SOURCES.txt'
[0.863s] [100%] Built target ament_cmake_python_build_turtlesim_egg
