[0.022s] Invoking command in '/home/richard/ros2_ws/build/turtlesim': CMAKE_PREFIX_PATH=${CMAKE_PREFIX_PATH}:/opt/ros/jazzy DEBUGINFOD_URLS=https://debuginfod.ubuntu.com /usr/bin/cmake --build /home/richard/ros2_ws/build/turtlesim -- -j2 -l2
[0.139s] [  0%] Built target turtlesim__rosidl_generator_type_description
[0.198s] [  1%] Built target turtlesim__cpp
[0.209s] [  1%] Built target ament_cmake_python_copy_turtlesim
[0.259s] [ 24%] Built target turtlesim__rosidl_generator_c
[0.335s] [ 33%] Built target turtlesim__rosidl_typesupport_cpp
[0.395s] [ 41%] Built target turtlesim__rosidl_typesupport_fastrtps_c
[0.515s] [ 50%] Built target turtlesim__rosidl_typesupport_fastrtps_cpp
[0.554s] [ 59%] Built target turtlesim__rosidl_typesupport_introspection_c
[0.633s] [ 68%] Built target turtlesim__rosidl_typesupport_c
[0.735s] [ 76%] Built target turtlesim__rosidl_typesupport_introspection_cpp
[0.842s] [ 81%] Built target turtlesim_node
[0.919s] [ 83%] Built target turtle_teleop_key
[0.973s] [ 84%] Built target draw_square
[1.017s] running egg_info
[1.031s] [ 86%] Built target mimic
[1.097s] writing turtlesim.egg-info/PKG-INFO
[1.097s] writing dependency_links to turtlesim.egg-info/dependency_links.txt
[1.099s] writing top-level names to turtlesim.egg-info/top_level.txt
[1.103s] [ 86%] Built target turtlesim
[1.155s] [ 86%] Built target turtlesim__py
[1.252s] [ 94%] Built target turtlesim__rosidl_generator_py
[1.299s] reading manifest file 'turtlesim.egg-info/SOURCES.txt'
[1.299s] writing manifest file 'turtlesim.egg-info/SOURCES.txt'
[1.301s] [ 96%] Built target turtlesim_s__rosidl_typesupport_fastrtps_c
[1.352s] [ 98%] Built target turtlesim_s__rosidl_typesupport_introspection_c
[1.362s] [ 98%] Built target ament_cmake_python_build_turtlesim_egg
[1.399s] [100%] Built target turtlesim_s__rosidl_typesupport_c
