[0.005s] Invoking command in '/home/richard/ros2_ws/build/turtlesim': CMAKE_PREFIX_PATH=${CMAKE_PREFIX_PATH}:/opt/ros/jazzy DEBUGINFOD_URLS=https://debuginfod.ubuntu.com /usr/bin/cmake --build /home/richard/ros2_ws/build/turtlesim -- -j2 -l2
[0.102s] [  0%] Built target turtlesim__rosidl_generator_type_description
[0.111s] [  0%] Built target ament_cmake_python_copy_turtlesim
[0.160s] [  1%] Built target turtlesim__cpp
[0.160s] [ 24%] Built target turtlesim__rosidl_generator_c
[0.214s] [ 33%] Built target turtlesim__rosidl_typesupport_cpp
[0.278s] [ 41%] Built target turtlesim__rosidl_typesupport_fastrtps_c
[0.343s] [ 50%] Built target turtlesim__rosidl_typesupport_fastrtps_cpp
[0.403s] [ 59%] Built target turtlesim__rosidl_typesupport_introspection_c
[0.473s] [ 68%] Built target turtlesim__rosidl_typesupport_c
[0.552s] [ 76%] Built target turtlesim__rosidl_typesupport_introspection_cpp
[0.619s] [ 81%] Built target turtlesim_node
[0.655s] running egg_info
[0.695s] [ 83%] Built target turtle_teleop_key
[0.710s] writing turtlesim.egg-info/PKG-INFO
[0.711s] writing dependency_links to turtlesim.egg-info/dependency_links.txt
[0.712s] writing top-level names to turtlesim.egg-info/top_level.txt
[0.742s] [ 84%] Built target draw_square
[0.792s] [ 86%] Built target mimic
[0.814s] reading manifest file 'turtlesim.egg-info/SOURCES.txt'
[0.816s] writing manifest file 'turtlesim.egg-info/SOURCES.txt'
[0.824s] [ 86%] Built target turtlesim
[0.852s] [ 86%] Built target ament_cmake_python_build_turtlesim_egg
[0.856s] [ 86%] Built target turtlesim__py
[0.893s] [ 94%] Built target turtlesim__rosidl_generator_py
[0.920s] [ 96%] Built target turtlesim_s__rosidl_typesupport_fastrtps_c
[0.934s] [ 98%] Built target turtlesim_s__rosidl_typesupport_introspection_c
[0.953s] [100%] Built target turtlesim_s__rosidl_typesupport_c
