[0.009s] Invoking command in '/home/richard/ros2_ws/build/turtlesim': CMAKE_PREFIX_PATH=${CMAKE_PREFIX_PATH}:/opt/ros/jazzy DEBUGINFOD_URLS=https://debuginfod.ubuntu.com /usr/bin/cmake --build /home/richard/ros2_ws/build/turtlesim -- -j2 -l2
[0.138s] [  0%] Built target turtlesim__rosidl_generator_type_description
[0.210s] [  0%] Built target ament_cmake_python_copy_turtlesim
[0.249s] [  1%] Built target turtlesim__cpp
[0.311s] [ 24%] Built target turtlesim__rosidl_generator_c
[0.422s] [ 33%] Built target turtlesim__rosidl_typesupport_cpp
[0.516s] [ 41%] Built target turtlesim__rosidl_typesupport_fastrtps_c
[0.574s] [ 50%] Built target turtlesim__rosidl_typesupport_fastrtps_cpp
[0.636s] [ 59%] Built target turtlesim__rosidl_typesupport_introspection_c
[0.700s] [ 68%] Built target turtlesim__rosidl_typesupport_c
[0.788s] [ 76%] Built target turtlesim__rosidl_typesupport_introspection_cpp
[0.875s] [ 81%] Built target turtlesim_node
[0.935s] [ 83%] Built target turtle_teleop_key
[0.960s] running egg_info
[0.993s] writing turtlesim.egg-info/PKG-INFO
[0.997s] writing dependency_links to turtlesim.egg-info/dependency_links.txt
[0.997s] writing top-level names to turtlesim.egg-info/top_level.txt
[1.000s] [ 84%] Built target draw_square
[1.043s] [ 86%] Built target mimic
[1.073s] [ 86%] Built target turtlesim
[1.077s] reading manifest file 'turtlesim.egg-info/SOURCES.txt'
[1.078s] writing manifest file 'turtlesim.egg-info/SOURCES.txt'
[1.111s] [ 86%] Built target turtlesim__py
[1.130s] [ 86%] Built target ament_cmake_python_build_turtlesim_egg
[1.149s] [ 94%] Built target turtlesim__rosidl_generator_py
[1.170s] [ 98%] Built target turtlesim_s__rosidl_typesupport_introspection_c
[1.170s] [ 98%] Built target turtlesim_s__rosidl_typesupport_fastrtps_c
[1.196s] [100%] Built target turtlesim_s__rosidl_typesupport_c
