[0.016s] Invoking command in '/home/richard/ros2_ws/build/tp1': CMAKE_PREFIX_PATH=${CMAKE_PREFIX_PATH}:/opt/ros/jazzy DEBUGINFOD_URLS=https://debuginfod.ubuntu.com /usr/bin/cmake --build /home/richard/ros2_ws/build/tp1 -- -j2 -l2
[0.086s] [ 20%] [32mBuilding CXX object CMakeFiles/navigation.dir/src/Action.cpp.o[0m
[0.946s] [01m[K/home/richard/ros2_ws/src/tp1/src/Action.cpp:[m[K In member function ‘[01m[Kvoid Action::[01;32m[KavoidObstacles[m[K(std::vector<float>, std::vector<float>)[m[K’:
[0.947s] [01m[K/home/richard/ros2_ws/src/tp1/src/Action.cpp:11:48:[m[K [01;35m[Kwarning: [m[Kunused parameter ‘[01m[Klasers[m[K’ [[01;35m[K]8;;https://gcc.gnu.org/onlinedocs/gcc/Warning-Options.html#index-Wunused-parameter-Wunused-parameter]8;;[m[K]
[0.947s]    11 | void Action::avoidObstacles([01;35m[Kstd::vector<float> lasers[m[K, std::vector<float> sonars)
[0.948s]       |                             [01;35m[K~~~~~~~~~~~~~~~~~~~^~~~~~[m[K
[0.948s] [01m[K/home/richard/ros2_ws/src/tp1/src/Action.cpp:11:75:[m[K [01;35m[Kwarning: [m[Kunused parameter ‘[01m[Ksonars[m[K’ [[01;35m[K]8;;https://gcc.gnu.org/onlinedocs/gcc/Warning-Options.html#index-Wunused-parameter-Wunused-parameter]8;;[m[K]
[0.948s]    11 | n::avoidObstacles(std::vector<float> lasers, [01;35m[Kstd::vector<float> sonars[m[K)
[0.948s]       |                                              [01;35m[K~~~~~~~~~~~~~~~~~~~^~~~~~[m[K
[0.948s] 
[0.951s] [01m[K/home/richard/ros2_ws/src/tp1/src/Action.cpp:[m[K In member function ‘[01m[Kvoid Action::[01;32m[KkeepAsFarthestAsPossibleFromWalls[m[K(std::vector<float>, std::vector<float>)[m[K’:
[0.951s] [01m[K/home/richard/ros2_ws/src/tp1/src/Action.cpp:21:15:[m[K [01;31m[Kerror: [m[Kno match for ‘[01m[Koperator<<[m[K’ (operand types are ‘[01m[Kstd::ostream[m[K’ {aka ‘[01m[Kstd::basic_ostream<char>[m[K’} and ‘[01m[Kstd::vector<float>[m[K’)
[0.952s]    21 |     [32m[Kstd::cout[m[K [01;31m[K<<[m[K [34m[Klasers[m[K;
[0.952s]       |     [32m[K~~~~~~~~~[m[K [01;31m[K^~[m[K [34m[K~~~~~~[m[K
[0.952s]       |          [32m[K|[m[K       [34m[K|[m[K
[0.952s]       |          [32m[K|[m[K       [34m[Kstd::vector<float>[m[K
[0.953s]       |          [32m[Kstd::ostream {aka std::basic_ostream<char>}[m[K
[0.953s] In file included from [01m[K/usr/include/c++/13/iostream:41[m[K,
[0.954s]                  from [01m[K/home/richard/ros2_ws/src/tp1/include/Utils.h:5[m[K,
[0.954s]                  from [01m[K/home/richard/ros2_ws/src/tp1/src/Action.cpp:3[m[K:
[0.954s] [01m[K/usr/include/c++/13/ostream:110:7:[m[K [01;36m[Knote: [m[Kcandidate: ‘[01m[Kstd::basic_ostream<_CharT, _Traits>::__ostream_type& std::basic_ostream<_CharT, _Traits>::[01;32m[Koperator<<[m[K(__ostream_type& (*)(__ostream_type&)) [35m[K[with _CharT = char; _Traits = std::char_traits<char>; __ostream_type = std::basic_ostream<char>][m[K[m[K’
[0.954s]   110 |       [01;36m[Koperator[m[K<<(__ostream_type& (*__pf)(__ostream_type&))
[0.954s]       |       [01;36m[K^~~~~~~~[m[K
[0.954s] [01m[K/usr/include/c++/13/ostream:110:36:[m[K [01;36m[Knote: [m[K  no known conversion for argument 1 from ‘[01m[Kstd::vector<float>[m[K’ to ‘[01m[Kstd::basic_ostream<char>::__ostream_type& (*)(std::basic_ostream<char>::__ostream_type&)[m[K’ {aka ‘[01m[Kstd::basic_ostream<char>& (*)(std::basic_ostream<char>&)[m[K’}
[0.956s]   110 |       operator<<([01;36m[K__ostream_type& (*__pf)(__ostream_type&)[m[K)
[0.956s]       |                  [01;36m[K~~~~~~~~~~~~~~~~~~^~~~~~~~~~~~~~~~~~~~~~[m[K
[0.956s] [01m[K/usr/include/c++/13/ostream:119:7:[m[K [01;36m[Knote: [m[Kcandidate: ‘[01m[Kstd::basic_ostream<_CharT, _Traits>::__ostream_type& std::basic_ostream<_CharT, _Traits>::[01;32m[Koperator<<[m[K(__ios_type& (*)(__ios_type&)) [35m[K[with _CharT = char; _Traits = std::char_traits<char>; __ostream_type = std::basic_ostream<char>; __ios_type = std::basic_ios<char>][m[K[m[K’
[0.956s]   119 |       [01;36m[Koperator[m[K<<(__ios_type& (*__pf)(__ios_type&))
[0.956s]       |       [01;36m[K^~~~~~~~[m[K
[0.956s] [01m[K/usr/include/c++/13/ostream:119:32:[m[K [01;36m[Knote: [m[K  no known conversion for argument 1 from ‘[01m[Kstd::vector<float>[m[K’ to ‘[01m[Kstd::basic_ostream<char>::__ios_type& (*)(std::basic_ostream<char>::__ios_type&)[m[K’ {aka ‘[01m[Kstd::basic_ios<char>& (*)(std::basic_ios<char>&)[m[K’}
[0.956s]   119 |       operator<<([01;36m[K__ios_type& (*__pf)(__ios_type&)[m[K)
[0.956s]       |                  [01;36m[K~~~~~~~~~~~~~~^~~~~~~~~~~~~~~~~~[m[K
[0.956s] [01m[K/usr/include/c++/13/ostream:129:7:[m[K [01;36m[Knote: [m[Kcandidate: ‘[01m[Kstd::basic_ostream<_CharT, _Traits>::__ostream_type& std::basic_ostream<_CharT, _Traits>::[01;32m[Koperator<<[m[K(std::ios_base& (*)(std::ios_base&)) [35m[K[with _CharT = char; _Traits = std::char_traits<char>; __ostream_type = std::basic_ostream<char>][m[K[m[K’
[0.956s]   129 |       [01;36m[Koperator[m[K<<(ios_base& (*__pf) (ios_base&))
[0.957s]       |       [01;36m[K^~~~~~~~[m[K
[0.961s] [01m[K/usr/include/c++/13/ostream:129:30:[m[K [01;36m[Knote: [m[K  no known conversion for argument 1 from ‘[01m[Kstd::vector<float>[m[K’ to ‘[01m[Kstd::ios_base& (*)(std::ios_base&)[m[K’
[0.961s]   129 |       operator<<([01;36m[Kios_base& (*__pf) (ios_base&)[m[K)
[0.961s]       |                  [01;36m[K~~~~~~~~~~~~^~~~~~~~~~~~~~~~~[m[K
[0.961s] [01m[K/usr/include/c++/13/ostream:168:7:[m[K [01;36m[Knote: [m[Kcandidate: ‘[01m[Kstd::basic_ostream<_CharT, _Traits>::__ostream_type& std::basic_ostream<_CharT, _Traits>::[01;32m[Koperator<<[m[K(long int) [35m[K[with _CharT = char; _Traits = std::char_traits<char>; __ostream_type = std::basic_ostream<char>][m[K[m[K’
[0.961s]   168 |       [01;36m[Koperator[m[K<<(long __n)
[0.961s]       |       [01;36m[K^~~~~~~~[m[K
[0.961s] [01m[K/usr/include/c++/13/ostream:168:23:[m[K [01;36m[Knote: [m[K  no known conversion for argument 1 from ‘[01m[Kstd::vector<float>[m[K’ to ‘[01m[Klong int[m[K’
[0.961s]   168 |       operator<<([01;36m[Klong __n[m[K)
[0.961s]       |                  [01;36m[K~~~~~^~~[m[K
[0.961s] [01m[K/usr/include/c++/13/ostream:172:7:[m[K [01;36m[Knote: [m[Kcandidate: ‘[01m[Kstd::basic_ostream<_CharT, _Traits>::__ostream_type& std::basic_ostream<_CharT, _Traits>::[01;32m[Koperator<<[m[K(long unsigned int) [35m[K[with _CharT = char; _Traits = std::char_traits<char>; __ostream_type = std::basic_ostream<char>][m[K[m[K’
[0.961s]   172 |       [01;36m[Koperator[m[K<<(unsigned long __n)
[0.962s]       |       [01;36m[K^~~~~~~~[m[K
[0.965s] [01m[K/usr/include/c++/13/ostream:172:32:[m[K [01;36m[Knote: [m[K  no known conversion for argument 1 from ‘[01m[Kstd::vector<float>[m[K’ to ‘[01m[Klong unsigned int[m[K’
[0.965s]   172 |       operator<<([01;36m[Kunsigned long __n[m[K)
[0.965s]       |                  [01;36m[K~~~~~~~~~~~~~~^~~[m[K
[0.965s] [01m[K/usr/include/c++/13/ostream:176:7:[m[K [01;36m[Knote: [m[Kcandidate: ‘[01m[Kstd::basic_ostream<_CharT, _Traits>::__ostream_type& std::basic_ostream<_CharT, _Traits>::[01;32m[Koperator<<[m[K(bool) [35m[K[with _CharT = char; _Traits = std::char_traits<char>; __ostream_type = std::basic_ostream<char>][m[K[m[K’
[0.965s]   176 |       [01;36m[Koperator[m[K<<(bool __n)
[0.965s]       |       [01;36m[K^~~~~~~~[m[K
[0.965s] [01m[K/usr/include/c++/13/ostream:176:23:[m[K [01;36m[Knote: [m[K  no known conversion for argument 1 from ‘[01m[Kstd::vector<float>[m[K’ to ‘[01m[Kbool[m[K’
[0.965s]   176 |       operator<<([01;36m[Kbool __n[m[K)
[0.965s]       |                  [01;36m[K~~~~~^~~[m[K
[0.965s] In file included from [01m[K/usr/include/c++/13/ostream:880[m[K:
[0.966s] [01m[K/usr/include/c++/13/bits/ostream.tcc:96:5:[m[K [01;36m[Knote: [m[Kcandidate: ‘[01m[Kstd::basic_ostream<_CharT, _Traits>& std::basic_ostream<_CharT, _Traits>::[01;32m[Koperator<<[m[K(short int) [35m[K[with _CharT = char; _Traits = std::char_traits<char>][m[K[m[K’
[0.967s]    96 |     [01;36m[Kbasic_ostream<_CharT, _Traits>[m[K::
[0.967s]       |     [01;36m[K^~~~~~~~~~~~~~~~~~~~~~~~~~~~~~[m[K
[0.967s] [01m[K/usr/include/c++/13/bits/ostream.tcc:97:22:[m[K [01;36m[Knote: [m[K  no known conversion for argument 1 from ‘[01m[Kstd::vector<float>[m[K’ to ‘[01m[Kshort int[m[K’
[0.967s]    97 |     operator<<([01;36m[Kshort __n[m[K)
[0.967s]       |                [01;36m[K~~~~~~^~~[m[K
[0.967s] [01m[K/usr/include/c++/13/ostream:183:7:[m[K [01;36m[Knote: [m[Kcandidate: ‘[01m[Kstd::basic_ostream<_CharT, _Traits>::__ostream_type& std::basic_ostream<_CharT, _Traits>::[01;32m[Koperator<<[m[K(short unsigned int) [35m[K[with _CharT = char; _Traits = std::char_traits<char>; __ostream_type = std::basic_ostream<char>][m[K[m[K’
[0.967s]   183 |       [01;36m[Koperator[m[K<<(unsigned short __n)
[0.968s]       |       [01;36m[K^~~~~~~~[m[K
[0.972s] [01m[K/usr/include/c++/13/ostream:183:33:[m[K [01;36m[Knote: [m[K  no known conversion for argument 1 from ‘[01m[Kstd::vector<float>[m[K’ to ‘[01m[Kshort unsigned int[m[K’
[0.972s]   183 |       operator<<([01;36m[Kunsigned short __n[m[K)
[0.972s]       |                  [01;36m[K~~~~~~~~~~~~~~~^~~[m[K
[0.972s] [01m[K/usr/include/c++/13/bits/ostream.tcc:110:5:[m[K [01;36m[Knote: [m[Kcandidate: ‘[01m[Kstd::basic_ostream<_CharT, _Traits>& std::basic_ostream<_CharT, _Traits>::[01;32m[Koperator<<[m[K(int) [35m[K[with _CharT = char; _Traits = std::char_traits<char>][m[K[m[K’
[0.972s]   110 |     [01;36m[Kbasic_ostream<_CharT, _Traits>[m[K::
[0.972s]       |     [01;36m[K^~~~~~~~~~~~~~~~~~~~~~~~~~~~~~[m[K
[0.972s] [01m[K/usr/include/c++/13/bits/ostream.tcc:111:20:[m[K [01;36m[Knote: [m[K  no known conversion for argument 1 from ‘[01m[Kstd::vector<float>[m[K’ to ‘[01m[Kint[m[K’
[0.972s]   111 |     operator<<([01;36m[Kint __n[m[K)
[0.972s]       |                [01;36m[K~~~~^~~[m[K
[0.972s] [01m[K/usr/include/c++/13/ostream:194:7:[m[K [01;36m[Knote: [m[Kcandidate: ‘[01m[Kstd::basic_ostream<_CharT, _Traits>::__ostream_type& std::basic_ostream<_CharT, _Traits>::[01;32m[Koperator<<[m[K(unsigned int) [35m[K[with _CharT = char; _Traits = std::char_traits<char>; __ostream_type = std::basic_ostream<char>][m[K[m[K’
[0.972s]   194 |       [01;36m[Koperator[m[K<<(unsigned int __n)
[0.972s]       |       [01;36m[K^~~~~~~~[m[K
[0.972s] [01m[K/usr/include/c++/13/ostream:194:31:[m[K [01;36m[Knote: [m[K  no known conversion for argument 1 from ‘[01m[Kstd::vector<float>[m[K’ to ‘[01m[Kunsigned int[m[K’
[0.973s]   194 |       operator<<([01;36m[Kunsigned int __n[m[K)
[0.973s]       |                  [01;36m[K~~~~~~~~~~~~~^~~[m[K
[0.973s] [01m[K/usr/include/c++/13/ostream:203:7:[m[K [01;36m[Knote: [m[Kcandidate: ‘[01m[Kstd::basic_ostream<_CharT, _Traits>::__ostream_type& std::basic_ostream<_CharT, _Traits>::[01;32m[Koperator<<[m[K(long long int) [35m[K[with _CharT = char; _Traits = std::char_traits<char>; __ostream_type = std::basic_ostream<char>][m[K[m[K’
[0.973s]   203 |       [01;36m[Koperator[m[K<<(long long __n)
[0.973s]       |       [01;36m[K^~~~~~~~[m[K
[0.973s] [01m[K/usr/include/c++/13/ostream:203:28:[m[K [01;36m[Knote: [m[K  no known conversion for argument 1 from ‘[01m[Kstd::vector<float>[m[K’ to ‘[01m[Klong long int[m[K’
[0.973s]   203 |       operator<<([01;36m[Klong long __n[m[K)
[0.973s]       |                  [01;36m[K~~~~~~~~~~^~~[m[K
[0.973s] [01m[K/usr/include/c++/13/ostream:207:7:[m[K [01;36m[Knote: [m[Kcandidate: ‘[01m[Kstd::basic_ostream<_CharT, _Traits>::__ostream_type& std::basic_ostream<_CharT, _Traits>::[01;32m[Koperator<<[m[K(long long unsigned int) [35m[K[with _CharT = char; _Traits = std::char_traits<char>; __ostream_type = std::basic_ostream<char>][m[K[m[K’
[0.973s]   207 |       [01;36m[Koperator[m[K<<(unsigned long long __n)
[0.973s]       |       [01;36m[K^~~~~~~~[m[K
[0.973s] [01m[K/usr/include/c++/13/ostream:207:37:[m[K [01;36m[Knote: [m[K  no known conversion for argument 1 from ‘[01m[Kstd::vector<float>[m[K’ to ‘[01m[Klong long unsigned int[m[K’
[0.973s]   207 |       operator<<([01;36m[Kunsigned long long __n[m[K)
[0.974s]       |                  [01;36m[K~~~~~~~~~~~~~~~~~~~^~~[m[K
[0.978s] [01m[K/usr/include/c++/13/ostream:222:7:[m[K [01;36m[Knote: [m[Kcandidate: ‘[01m[Kstd::basic_ostream<_CharT, _Traits>::__ostream_type& std::basic_ostream<_CharT, _Traits>::[01;32m[Koperator<<[m[K(double) [35m[K[with _CharT = char; _Traits = std::char_traits<char>; __ostream_type = std::basic_ostream<char>][m[K[m[K’
[0.978s]   222 |       [01;36m[Koperator[m[K<<(double __f)
[0.978s]       |       [01;36m[K^~~~~~~~[m[K
[0.978s] [01m[K/usr/include/c++/13/ostream:222:25:[m[K [01;36m[Knote: [m[K  no known conversion for argument 1 from ‘[01m[Kstd::vector<float>[m[K’ to ‘[01m[Kdouble[m[K’
[0.978s]   222 |       operator<<([01;36m[Kdouble __f[m[K)
[0.978s]       |                  [01;36m[K~~~~~~~^~~[m[K
[0.978s] [01m[K/usr/include/c++/13/ostream:226:7:[m[K [01;36m[Knote: [m[Kcandidate: ‘[01m[Kstd::basic_ostream<_CharT, _Traits>::__ostream_type& std::basic_ostream<_CharT, _Traits>::[01;32m[Koperator<<[m[K(float) [35m[K[with _CharT = char; _Traits = std::char_traits<char>; __ostream_type = std::basic_ostream<char>][m[K[m[K’
[0.978s]   226 |       [01;36m[Koperator[m[K<<(float __f)
[0.978s]       |       [01;36m[K^~~~~~~~[m[K
[0.979s] [01m[K/usr/include/c++/13/ostream:226:24:[m[K [01;36m[Knote: [m[K  no known conversion for argument 1 from ‘[01m[Kstd::vector<float>[m[K’ to ‘[01m[Kfloat[m[K’
[0.979s]   226 |       operator<<([01;36m[Kfloat __f[m[K)
[0.979s]       |                  [01;36m[K~~~~~~^~~[m[K
[0.979s] [01m[K/usr/include/c++/13/ostream:234:7:[m[K [01;36m[Knote: [m[Kcandidate: ‘[01m[Kstd::basic_ostream<_CharT, _Traits>::__ostream_type& std::basic_ostream<_CharT, _Traits>::[01;32m[Koperator<<[m[K(long double) [35m[K[with _CharT = char; _Traits = std::char_traits<char>; __ostream_type = std::basic_ostream<char>][m[K[m[K’
[0.979s]   234 |       [01;36m[Koperator[m[K<<(long double __f)
[0.979s]       |       [01;36m[K^~~~~~~~[m[K
[0.979s] [01m[K/usr/include/c++/13/ostream:234:30:[m[K [01;36m[Knote: [m[K  no known conversion for argument 1 from ‘[01m[Kstd::vector<float>[m[K’ to ‘[01m[Klong double[m[K’
[0.979s]   234 |       operator<<([01;36m[Klong double __f[m[K)
[0.979s]       |                  [01;36m[K~~~~~~~~~~~~^~~[m[K
[0.979s] [01m[K/usr/include/c++/13/ostream:292:7:[m[K [01;36m[Knote: [m[Kcandidate: ‘[01m[Kstd::basic_ostream<_CharT, _Traits>::__ostream_type& std::basic_ostream<_CharT, _Traits>::[01;32m[Koperator<<[m[K(const void*) [35m[K[with _CharT = char; _Traits = std::char_traits<char>; __ostream_type = std::basic_ostream<char>][m[K[m[K’
[0.979s]   292 |       [01;36m[Koperator[m[K<<(const void* __p)
[0.979s]       |       [01;36m[K^~~~~~~~[m[K
[0.979s] [01m[K/usr/include/c++/13/ostream:292:30:[m[K [01;36m[Knote: [m[K  no known conversion for argument 1 from ‘[01m[Kstd::vector<float>[m[K’ to ‘[01m[Kconst void*[m[K’
[0.984s]   292 |       operator<<([01;36m[Kconst void* __p[m[K)
[0.984s]       |                  [01;36m[K~~~~~~~~~~~~^~~[m[K
[0.984s] [01m[K/usr/include/c++/13/ostream:297:7:[m[K [01;36m[Knote: [m[Kcandidate: ‘[01m[Kstd::basic_ostream<_CharT, _Traits>::__ostream_type& std::basic_ostream<_CharT, _Traits>::[01;32m[Koperator<<[m[K(std::nullptr_t) [35m[K[with _CharT = char; _Traits = std::char_traits<char>; __ostream_type = std::basic_ostream<char>; std::nullptr_t = std::nullptr_t][m[K[m[K’
[0.984s]   297 |       [01;36m[Koperator[m[K<<(nullptr_t)
[0.984s]       |       [01;36m[K^~~~~~~~[m[K
[0.984s] [01m[K/usr/include/c++/13/ostream:297:18:[m[K [01;36m[Knote: [m[K  no known conversion for argument 1 from ‘[01m[Kstd::vector<float>[m[K’ to ‘[01m[Kstd::nullptr_t[m[K’
[0.984s]   297 |       operator<<([01;36m[Knullptr_t[m[K)
[0.984s]       |                  [01;36m[K^~~~~~~~~[m[K
[0.984s] [01m[K/usr/include/c++/13/bits/ostream.tcc:124:5:[m[K [01;36m[Knote: [m[Kcandidate: ‘[01m[Kstd::basic_ostream<_CharT, _Traits>& std::basic_ostream<_CharT, _Traits>::[01;32m[Koperator<<[m[K(__streambuf_type*) [35m[K[with _CharT = char; _Traits = std::char_traits<char>; __streambuf_type = std::basic_streambuf<char>][m[K[m[K’
[0.984s]   124 |     [01;36m[Kbasic_ostream<_CharT, _Traits>[m[K::
[0.985s]       |     [01;36m[K^~~~~~~~~~~~~~~~~~~~~~~~~~~~~~[m[K
[0.985s] [01m[K/usr/include/c++/13/bits/ostream.tcc:125:34:[m[K [01;36m[Knote: [m[K  no known conversion for argument 1 from ‘[01m[Kstd::vector<float>[m[K’ to ‘[01m[Kstd::basic_ostream<char>::__streambuf_type*[m[K’ {aka ‘[01m[Kstd::basic_streambuf<char>*[m[K’}
[0.985s]   125 |     operator<<([01;36m[K__streambuf_type* __sbin[m[K)
[0.985s]       |                [01;36m[K~~~~~~~~~~~~~~~~~~^~~~~~[m[K
[0.987s] In file included from [01m[K/usr/include/c++/13/bits/memory_resource.h:38[m[K,
[0.987s]                  from [01m[K/usr/include/c++/13/vector:80[m[K,
[0.987s]                  from [01m[K/home/richard/ros2_ws/src/tp1/include/Action.h:4[m[K,
[0.987s]                  from [01m[K/home/richard/ros2_ws/src/tp1/src/Action.cpp:1[m[K:
[0.987s] [01m[K/usr/include/c++/13/cstddef:124:5:[m[K [01;36m[Knote: [m[Kcandidate: ‘[01m[Ktemplate<class _IntegerType> constexpr std::__byte_op_t<_IntegerType> std::[01;32m[Koperator<<[m[K(byte, _IntegerType)[m[K’
[0.987s]   124 |     [01;36m[Koperator[m[K<<(byte __b, _IntegerType __shift) noexcept
[0.987s]       |     [01;36m[K^~~~~~~~[m[K
[0.990s] [01m[K/usr/include/c++/13/cstddef:124:5:[m[K [01;36m[Knote: [m[K  template argument deduction/substitution failed:
[0.990s] [01m[K/home/richard/ros2_ws/src/tp1/src/Action.cpp:21:10:[m[K [01;36m[Knote: [m[K  cannot convert ‘[01m[Kstd::cout[m[K’ (type ‘[01m[Kstd::ostream[m[K’ {aka ‘[01m[Kstd::basic_ostream<char>[m[K’}) to type ‘[01m[Kstd::byte[m[K’
[0.990s]    21 |     [01;36m[Kstd::cout[m[K << lasers;
[0.990s]       |     [01;36m[K~~~~~^~~~[m[K
[0.990s] In file included from [01m[K/usr/include/c++/13/bits/basic_string.h:47[m[K,
[0.995s]                  from [01m[K/usr/include/c++/13/string:54[m[K,
[0.995s]                  from [01m[K/usr/include/c++/13/bits/locale_classes.h:40[m[K,
[0.995s]                  from [01m[K/usr/include/c++/13/bits/ios_base.h:41[m[K,
[0.995s]                  from [01m[K/usr/include/c++/13/ios:44[m[K,
[0.995s]                  from [01m[K/usr/include/c++/13/ostream:40[m[K:
[0.995s] [01m[K/usr/include/c++/13/string_view:761:5:[m[K [01;36m[Knote: [m[Kcandidate: ‘[01m[Ktemplate<class _CharT, class _Traits> std::basic_ostream<_CharT, _Traits>& std::[01;32m[Koperator<<[m[K(basic_ostream<_CharT, _Traits>&, basic_string_view<_CharT, _Traits>)[m[K’
[0.995s]   761 |     [01;36m[Koperator[m[K<<(basic_ostream<_CharT, _Traits>& __os,
[0.995s]       |     [01;36m[K^~~~~~~~[m[K
[0.995s] [01m[K/usr/include/c++/13/string_view:761:5:[m[K [01;36m[Knote: [m[K  template argument deduction/substitution failed:
[0.995s] [01m[K/home/richard/ros2_ws/src/tp1/src/Action.cpp:21:18:[m[K [01;36m[Knote: [m[K  ‘[01m[Kstd::vector<float>[m[K’ is not derived from ‘[01m[Kstd::basic_string_view<_CharT, _Traits>[m[K’
[0.997s]    21 |     std::cout << [01;36m[Klasers[m[K;
[0.998s]       |                  [01;36m[K^~~~~~[m[K
[0.998s] [01m[K/usr/include/c++/13/bits/basic_string.h:4032:5:[m[K [01;36m[Knote: [m[Kcandidate: ‘[01m[Ktemplate<class _CharT, class _Traits, class _Alloc> std::basic_ostream<_CharT, _Traits>& std::[01;32m[Koperator<<[m[K(basic_ostream<_CharT, _Traits>&, const __cxx11::basic_string<_CharT, _Traits, _Allocator>&)[m[K’
[0.998s]  4032 |     [01;36m[Koperator[m[K<<(basic_ostream<_CharT, _Traits>& __os,
[0.998s]       |     [01;36m[K^~~~~~~~[m[K
[0.998s] [01m[K/usr/include/c++/13/bits/basic_string.h:4032:5:[m[K [01;36m[Knote: [m[K  template argument deduction/substitution failed:
[0.998s] [01m[K/home/richard/ros2_ws/src/tp1/src/Action.cpp:21:18:[m[K [01;36m[Knote: [m[K  ‘[01m[Kstd::vector<float>[m[K’ is not derived from ‘[01m[Kconst std::__cxx11::basic_string<_CharT, _Traits, _Allocator>[m[K’
[0.998s]    21 |     std::cout << [01;36m[Klasers[m[K;
[0.998s]       |                  [01;36m[K^~~~~~[m[K
[0.999s] In file included from [01m[K/usr/include/c++/13/bits/ios_base.h:46[m[K:
[0.999s] [01m[K/usr/include/c++/13/system_error:339:5:[m[K [01;36m[Knote: [m[Kcandidate: ‘[01m[Ktemplate<class _CharT, class _Traits> std::basic_ostream<_CharT, _Traits>& std::[01;32m[Koperator<<[m[K(basic_ostream<_CharT, _Traits>&, const error_code&)[m[K’
[0.999s]   339 |     [01;36m[Koperator[m[K<<(basic_ostream<_CharT, _Traits>& __os, const error_code& __e)
[0.999s]       |     [01;36m[K^~~~~~~~[m[K
[0.999s] [01m[K/usr/include/c++/13/system_error:339:5:[m[K [01;36m[Knote: [m[K  template argument deduction/substitution failed:
[0.999s] [01m[K/home/richard/ros2_ws/src/tp1/src/Action.cpp:21:18:[m[K [01;36m[Knote: [m[K  cannot convert ‘[01m[Klasers[m[K’ (type ‘[01m[Kstd::vector<float>[m[K’) to type ‘[01m[Kconst std::error_code&[m[K’
[0.999s]    21 |     std::cout << [01;36m[Klasers[m[K;
[0.999s]       |                  [01;36m[K^~~~~~[m[K
[0.999s] [01m[K/usr/include/c++/13/ostream:554:5:[m[K [01;36m[Knote: [m[Kcandidate: ‘[01m[Ktemplate<class _CharT, class _Traits> std::basic_ostream<_CharT, _Traits>& std::[01;32m[Koperator<<[m[K(basic_ostream<_CharT, _Traits>&, _CharT)[m[K’
[0.999s]   554 |     [01;36m[Koperator[m[K<<(basic_ostream<_CharT, _Traits>& __out, _CharT __c)
[0.999s]       |     [01;36m[K^~~~~~~~[m[K
[1.000s] [01m[K/usr/include/c++/13/ostream:554:5:[m[K [01;36m[Knote: [m[K  template argument deduction/substitution failed:
[1.004s] [01m[K/home/richard/ros2_ws/src/tp1/src/Action.cpp:21:18:[m[K [01;36m[Knote: [m[K  deduced conflicting types for parameter ‘[01m[K_CharT[m[K’ (‘[01m[Kchar[m[K’ and ‘[01m[Kstd::vector<float>[m[K’)
[1.004s]    21 |     std::cout << [01;36m[Klasers[m[K;
[1.004s]       |                  [01;36m[K^~~~~~[m[K
[1.004s] [01m[K/usr/include/c++/13/ostream:564:5:[m[K [01;36m[Knote: [m[Kcandidate: ‘[01m[Ktemplate<class _CharT, class _Traits> std::basic_ostream<_CharT, _Traits>& std::[01;32m[Koperator<<[m[K(basic_ostream<_CharT, _Traits>&, char)[m[K’
[1.004s]   564 |     [01;36m[Koperator[m[K<<(basic_ostream<_CharT, _Traits>& __out, char __c)
[1.004s]       |     [01;36m[K^~~~~~~~[m[K
[1.005s] [01m[K/usr/include/c++/13/ostream:564:5:[m[K [01;36m[Knote: [m[K  template argument deduction/substitution failed:
[1.007s] [01m[K/home/richard/ros2_ws/src/tp1/src/Action.cpp:21:18:[m[K [01;36m[Knote: [m[K  cannot convert ‘[01m[Klasers[m[K’ (type ‘[01m[Kstd::vector<float>[m[K’) to type ‘[01m[Kchar[m[K’
[1.007s]    21 |     std::cout << [01;36m[Klasers[m[K;
[1.007s]       |                  [01;36m[K^~~~~~[m[K
[1.007s] [01m[K/usr/include/c++/13/ostream:570:5:[m[K [01;36m[Knote: [m[Kcandidate: ‘[01m[Ktemplate<class _Traits> std::basic_ostream<char, _Traits>& std::[01;32m[Koperator<<[m[K(basic_ostream<char, _Traits>&, char)[m[K’
[1.007s]   570 |     [01;36m[Koperator[m[K<<(basic_ostream<char, _Traits>& __out, char __c)
[1.007s]       |     [01;36m[K^~~~~~~~[m[K
[1.007s] [01m[K/usr/include/c++/13/ostream:570:5:[m[K [01;36m[Knote: [m[K  template argument deduction/substitution failed:
[1.007s] [01m[K/home/richard/ros2_ws/src/tp1/src/Action.cpp:21:18:[m[K [01;36m[Knote: [m[K  cannot convert ‘[01m[Klasers[m[K’ (type ‘[01m[Kstd::vector<float>[m[K’) to type ‘[01m[Kchar[m[K’
[1.007s]    21 |     std::cout << [01;36m[Klasers[m[K;
[1.007s]       |                  [01;36m[K^~~~~~[m[K
[1.008s] [01m[K/usr/include/c++/13/ostream:581:5:[m[K [01;36m[Knote: [m[Kcandidate: ‘[01m[Ktemplate<class _Traits> std::basic_ostream<char, _Traits>& std::[01;32m[Koperator<<[m[K(basic_ostream<char, _Traits>&, signed char)[m[K’
[1.010s]   581 |     [01;36m[Koperator[m[K<<(basic_ostream<char, _Traits>& __out, signed char __c)
[1.010s]       |     [01;36m[K^~~~~~~~[m[K
[1.010s] [01m[K/usr/include/c++/13/ostream:581:5:[m[K [01;36m[Knote: [m[K  template argument deduction/substitution failed:
[1.010s] [01m[K/home/richard/ros2_ws/src/tp1/src/Action.cpp:21:18:[m[K [01;36m[Knote: [m[K  cannot convert ‘[01m[Klasers[m[K’ (type ‘[01m[Kstd::vector<float>[m[K’) to type ‘[01m[Ksigned char[m[K’
[1.010s]    21 |     std::cout << [01;36m[Klasers[m[K;
[1.010s]       |                  [01;36m[K^~~~~~[m[K
[1.010s] [01m[K/usr/include/c++/13/ostream:586:5:[m[K [01;36m[Knote: [m[Kcandidate: ‘[01m[Ktemplate<class _Traits> std::basic_ostream<char, _Traits>& std::[01;32m[Koperator<<[m[K(basic_ostream<char, _Traits>&, unsigned char)[m[K’
[1.010s]   586 |     [01;36m[Koperator[m[K<<(basic_ostream<char, _Traits>& __out, unsigned char __c)
[1.010s]       |     [01;36m[K^~~~~~~~[m[K
[1.010s] [01m[K/usr/include/c++/13/ostream:586:5:[m[K [01;36m[Knote: [m[K  template argument deduction/substitution failed:
[1.010s] [01m[K/home/richard/ros2_ws/src/tp1/src/Action.cpp:21:18:[m[K [01;36m[Knote: [m[K  cannot convert ‘[01m[Klasers[m[K’ (type ‘[01m[Kstd::vector<float>[m[K’) to type ‘[01m[Kunsigned char[m[K’
[1.013s]    21 |     std::cout << [01;36m[Klasers[m[K;
[1.013s]       |                  [01;36m[K^~~~~~[m[K
[1.013s] [01m[K/usr/include/c++/13/ostream:645:5:[m[K [01;36m[Knote: [m[Kcandidate: ‘[01m[Ktemplate<class _CharT, class _Traits> std::basic_ostream<_CharT, _Traits>& std::[01;32m[Koperator<<[m[K(basic_ostream<_CharT, _Traits>&, const _CharT*)[m[K’
[1.013s]   645 |     [01;36m[Koperator[m[K<<(basic_ostream<_CharT, _Traits>& __out, const _CharT* __s)
[1.013s]       |     [01;36m[K^~~~~~~~[m[K
[1.013s] [01m[K/usr/include/c++/13/ostream:645:5:[m[K [01;36m[Knote: [m[K  template argument deduction/substitution failed:
[1.013s] [01m[K/home/richard/ros2_ws/src/tp1/src/Action.cpp:21:18:[m[K [01;36m[Knote: [m[K  mismatched types ‘[01m[Kconst _CharT*[m[K’ and ‘[01m[Kstd::vector<float>[m[K’
[1.013s]    21 |     std::cout << [01;36m[Klasers[m[K;
[1.013s]       |                  [01;36m[K^~~~~~[m[K
[1.013s] [01m[K/usr/include/c++/13/bits/ostream.tcc:307:5:[m[K [01;36m[Knote: [m[Kcandidate: ‘[01m[Ktemplate<class _CharT, class _Traits> std::basic_ostream<_CharT, _Traits>& std::[01;32m[Koperator<<[m[K(basic_ostream<_CharT, _Traits>&, const char*)[m[K’
[1.016s]   307 |     [01;36m[Koperator[m[K<<(basic_ostream<_CharT, _Traits>& __out, const char* __s)
[1.016s]       |     [01;36m[K^~~~~~~~[m[K
[1.016s] [01m[K/usr/include/c++/13/bits/ostream.tcc:307:5:[m[K [01;36m[Knote: [m[K  template argument deduction/substitution failed:
[1.016s] [01m[K/home/richard/ros2_ws/src/tp1/src/Action.cpp:21:18:[m[K [01;36m[Knote: [m[K  cannot convert ‘[01m[Klasers[m[K’ (type ‘[01m[Kstd::vector<float>[m[K’) to type ‘[01m[Kconst char*[m[K’
[1.016s]    21 |     std::cout << [01;36m[Klasers[m[K;
[1.016s]       |                  [01;36m[K^~~~~~[m[K
[1.016s] [01m[K/usr/include/c++/13/ostream:662:5:[m[K [01;36m[Knote: [m[Kcandidate: ‘[01m[Ktemplate<class _Traits> std::basic_ostream<char, _Traits>& std::[01;32m[Koperator<<[m[K(basic_ostream<char, _Traits>&, const char*)[m[K’
[1.016s]   662 |     [01;36m[Koperator[m[K<<(basic_ostream<char, _Traits>& __out, const char* __s)
[1.016s]       |     [01;36m[K^~~~~~~~[m[K
[1.016s] [01m[K/usr/include/c++/13/ostream:662:5:[m[K [01;36m[Knote: [m[K  template argument deduction/substitution failed:
[1.016s] [01m[K/home/richard/ros2_ws/src/tp1/src/Action.cpp:21:18:[m[K [01;36m[Knote: [m[K  cannot convert ‘[01m[Klasers[m[K’ (type ‘[01m[Kstd::vector<float>[m[K’) to type ‘[01m[Kconst char*[m[K’
[1.017s]    21 |     std::cout << [01;36m[Klasers[m[K;
[1.017s]       |                  [01;36m[K^~~~~~[m[K
[1.019s] [01m[K/usr/include/c++/13/ostream:675:5:[m[K [01;36m[Knote: [m[Kcandidate: ‘[01m[Ktemplate<class _Traits> std::basic_ostream<char, _Traits>& std::[01;32m[Koperator<<[m[K(basic_ostream<char, _Traits>&, const signed char*)[m[K’
[1.019s]   675 |     [01;36m[Koperator[m[K<<(basic_ostream<char, _Traits>& __out, const signed char* __s)
[1.019s]       |     [01;36m[K^~~~~~~~[m[K
[1.021s] [01m[K/usr/include/c++/13/ostream:675:5:[m[K [01;36m[Knote: [m[K  template argument deduction/substitution failed:
[1.021s] [01m[K/home/richard/ros2_ws/src/tp1/src/Action.cpp:21:18:[m[K [01;36m[Knote: [m[K  cannot convert ‘[01m[Klasers[m[K’ (type ‘[01m[Kstd::vector<float>[m[K’) to type ‘[01m[Kconst signed char*[m[K’
[1.021s]    21 |     std::cout << [01;36m[Klasers[m[K;
[1.021s]       |                  [01;36m[K^~~~~~[m[K
[1.021s] [01m[K/usr/include/c++/13/ostream:680:5:[m[K [01;36m[Knote: [m[Kcandidate: ‘[01m[Ktemplate<class _Traits> std::basic_ostream<char, _Traits>& std::[01;32m[Koperator<<[m[K(basic_ostream<char, _Traits>&, const unsigned char*)[m[K’
[1.021s]   680 |     [01;36m[Koperator[m[K<<(basic_ostream<char, _Traits>& __out, const unsigned char* __s)
[1.021s]       |     [01;36m[K^~~~~~~~[m[K
[1.021s] [01m[K/usr/include/c++/13/ostream:680:5:[m[K [01;36m[Knote: [m[K  template argument deduction/substitution failed:
[1.021s] [01m[K/home/richard/ros2_ws/src/tp1/src/Action.cpp:21:18:[m[K [01;36m[Knote: [m[K  cannot convert ‘[01m[Klasers[m[K’ (type ‘[01m[Kstd::vector<float>[m[K’) to type ‘[01m[Kconst unsigned char*[m[K’
[1.021s]    21 |     std::cout << [01;36m[Klasers[m[K;
[1.022s]       |                  [01;36m[K^~~~~~[m[K
[1.022s] [01m[K/usr/include/c++/13/ostream:801:5:[m[K [01;36m[Knote: [m[Kcandidate: ‘[01m[Ktemplate<class _Ostream, class _Tp> _Ostream&& std::[01;32m[Koperator<<[m[K(_Ostream&&, const _Tp&)[m[K’
[1.022s]   801 |     [01;36m[Koperator[m[K<<(_Ostream&& __os, const _Tp& __x)
[1.022s]       |     [01;36m[K^~~~~~~~[m[K
[1.022s] [01m[K/usr/include/c++/13/ostream:801:5:[m[K [01;36m[Knote: [m[K  template argument deduction/substitution failed:
[1.022s] /usr/include/c++/13/ostream: In substitution of ‘[01m[Ktemplate<class _Ostream, class _Tp> _Ostream&& std::[01;32m[Koperator<<[m[K(_Ostream&&, const _Tp&) [35m[K[with _Ostream = std::basic_ostream<char>&; _Tp = std::vector<float>][m[K[m[K’:
[1.022s] [01m[K/home/richard/ros2_ws/src/tp1/src/Action.cpp:21:18:[m[K   required from here
[1.022s] [01m[K/usr/include/c++/13/ostream:801:5:[m[K [01;31m[Kerror: [m[Kno type named ‘[01m[Ktype[m[K’ in ‘[01m[Kstruct std::enable_if<false, void>[m[K’
[1.022s] [01m[K/home/richard/ros2_ws/src/tp1/src/Action.cpp:22:15:[m[K [01;31m[Kerror: [m[Kno match for ‘[01m[Koperator<<[m[K’ (operand types are ‘[01m[Kstd::ostream[m[K’ {aka ‘[01m[Kstd::basic_ostream<char>[m[K’} and ‘[01m[Kstd::vector<float>[m[K’)
[1.022s]    22 |     [32m[Kstd::cout[m[K [01;31m[K<<[m[K [34m[Ksonars[m[K;
[1.022s]       |     [32m[K~~~~~~~~~[m[K [01;31m[K^~[m[K [34m[K~~~~~~[m[K
[1.022s]       |          [32m[K|[m[K       [34m[K|[m[K
[1.023s]       |          [32m[K|[m[K       [34m[Kstd::vector<float>[m[K
[1.027s]       |          [32m[Kstd::ostream {aka std::basic_ostream<char>}[m[K
[1.027s] [01m[K/usr/include/c++/13/ostream:110:7:[m[K [01;36m[Knote: [m[Kcandidate: ‘[01m[Kstd::basic_ostream<_CharT, _Traits>::__ostream_type& std::basic_ostream<_CharT, _Traits>::[01;32m[Koperator<<[m[K(__ostream_type& (*)(__ostream_type&)) [35m[K[with _CharT = char; _Traits = std::char_traits<char>; __ostream_type = std::basic_ostream<char>][m[K[m[K’
[1.027s]   110 |       [01;36m[Koperator[m[K<<(__ostream_type& (*__pf)(__ostream_type&))
[1.027s]       |       [01;36m[K^~~~~~~~[m[K
[1.027s] [01m[K/usr/include/c++/13/ostream:110:36:[m[K [01;36m[Knote: [m[K  no known conversion for argument 1 from ‘[01m[Kstd::vector<float>[m[K’ to ‘[01m[Kstd::basic_ostream<char>::__ostream_type& (*)(std::basic_ostream<char>::__ostream_type&)[m[K’ {aka ‘[01m[Kstd::basic_ostream<char>& (*)(std::basic_ostream<char>&)[m[K’}
[1.027s]   110 |       operator<<([01;36m[K__ostream_type& (*__pf)(__ostream_type&)[m[K)
[1.027s]       |                  [01;36m[K~~~~~~~~~~~~~~~~~~^~~~~~~~~~~~~~~~~~~~~~[m[K
[1.027s] [01m[K/usr/include/c++/13/ostream:119:7:[m[K [01;36m[Knote: [m[Kcandidate: ‘[01m[Kstd::basic_ostream<_CharT, _Traits>::__ostream_type& std::basic_ostream<_CharT, _Traits>::[01;32m[Koperator<<[m[K(__ios_type& (*)(__ios_type&)) [35m[K[with _CharT = char; _Traits = std::char_traits<char>; __ostream_type = std::basic_ostream<char>; __ios_type = std::basic_ios<char>][m[K[m[K’
[1.027s]   119 |       [01;36m[Koperator[m[K<<(__ios_type& (*__pf)(__ios_type&))
[1.029s]       |       [01;36m[K^~~~~~~~[m[K
[1.029s] [01m[K/usr/include/c++/13/ostream:119:32:[m[K [01;36m[Knote: [m[K  no known conversion for argument 1 from ‘[01m[Kstd::vector<float>[m[K’ to ‘[01m[Kstd::basic_ostream<char>::__ios_type& (*)(std::basic_ostream<char>::__ios_type&)[m[K’ {aka ‘[01m[Kstd::basic_ios<char>& (*)(std::basic_ios<char>&)[m[K’}
[1.029s]   119 |       operator<<([01;36m[K__ios_type& (*__pf)(__ios_type&)[m[K)
[1.029s]       |                  [01;36m[K~~~~~~~~~~~~~~^~~~~~~~~~~~~~~~~~[m[K
[1.029s] [01m[K/usr/include/c++/13/ostream:129:7:[m[K [01;36m[Knote: [m[Kcandidate: ‘[01m[Kstd::basic_ostream<_CharT, _Traits>::__ostream_type& std::basic_ostream<_CharT, _Traits>::[01;32m[Koperator<<[m[K(std::ios_base& (*)(std::ios_base&)) [35m[K[with _CharT = char; _Traits = std::char_traits<char>; __ostream_type = std::basic_ostream<char>][m[K[m[K’
[1.029s]   129 |       [01;36m[Koperator[m[K<<(ios_base& (*__pf) (ios_base&))
[1.029s]       |       [01;36m[K^~~~~~~~[m[K
[1.029s] [01m[K/usr/include/c++/13/ostream:129:30:[m[K [01;36m[Knote: [m[K  no known conversion for argument 1 from ‘[01m[Kstd::vector<float>[m[K’ to ‘[01m[Kstd::ios_base& (*)(std::ios_base&)[m[K’
[1.029s]   129 |       operator<<([01;36m[Kios_base& (*__pf) (ios_base&)[m[K)
[1.029s]       |                  [01;36m[K~~~~~~~~~~~~^~~~~~~~~~~~~~~~~[m[K
[1.029s] [01m[K/usr/include/c++/13/ostream:168:7:[m[K [01;36m[Knote: [m[Kcandidate: ‘[01m[Kstd::basic_ostream<_CharT, _Traits>::__ostream_type& std::basic_ostream<_CharT, _Traits>::[01;32m[Koperator<<[m[K(long int) [35m[K[with _CharT = char; _Traits = std::char_traits<char>; __ostream_type = std::basic_ostream<char>][m[K[m[K’
[1.033s]   168 |       [01;36m[Koperator[m[K<<(long __n)
[1.033s]       |       [01;36m[K^~~~~~~~[m[K
[1.033s] [01m[K/usr/include/c++/13/ostream:168:23:[m[K [01;36m[Knote: [m[K  no known conversion for argument 1 from ‘[01m[Kstd::vector<float>[m[K’ to ‘[01m[Klong int[m[K’
[1.033s]   168 |       operator<<([01;36m[Klong __n[m[K)
[1.033s]       |                  [01;36m[K~~~~~^~~[m[K
[1.033s] [01m[K/usr/include/c++/13/ostream:172:7:[m[K [01;36m[Knote: [m[Kcandidate: ‘[01m[Kstd::basic_ostream<_CharT, _Traits>::__ostream_type& std::basic_ostream<_CharT, _Traits>::[01;32m[Koperator<<[m[K(long unsigned int) [35m[K[with _CharT = char; _Traits = std::char_traits<char>; __ostream_type = std::basic_ostream<char>][m[K[m[K’
[1.033s]   172 |       [01;36m[Koperator[m[K<<(unsigned long __n)
[1.033s]       |       [01;36m[K^~~~~~~~[m[K
[1.033s] [01m[K/usr/include/c++/13/ostream:172:32:[m[K [01;36m[Knote: [m[K  no known conversion for argument 1 from ‘[01m[Kstd::vector<float>[m[K’ to ‘[01m[Klong unsigned int[m[K’
[1.034s]   172 |       operator<<([01;36m[Kunsigned long __n[m[K)
[1.035s]       |                  [01;36m[K~~~~~~~~~~~~~~^~~[m[K
[1.035s] [01m[K/usr/include/c++/13/ostream:176:7:[m[K [01;36m[Knote: [m[Kcandidate: ‘[01m[Kstd::basic_ostream<_CharT, _Traits>::__ostream_type& std::basic_ostream<_CharT, _Traits>::[01;32m[Koperator<<[m[K(bool) [35m[K[with _CharT = char; _Traits = std::char_traits<char>; __ostream_type = std::basic_ostream<char>][m[K[m[K’
[1.035s]   176 |       [01;36m[Koperator[m[K<<(bool __n)
[1.035s]       |       [01;36m[K^~~~~~~~[m[K
[1.035s] [01m[K/usr/include/c++/13/ostream:176:23:[m[K [01;36m[Knote: [m[K  no known conversion for argument 1 from ‘[01m[Kstd::vector<float>[m[K’ to ‘[01m[Kbool[m[K’
[1.035s]   176 |       operator<<([01;36m[Kbool __n[m[K)
[1.035s]       |                  [01;36m[K~~~~~^~~[m[K
[1.035s] [01m[K/usr/include/c++/13/bits/ostream.tcc:96:5:[m[K [01;36m[Knote: [m[Kcandidate: ‘[01m[Kstd::basic_ostream<_CharT, _Traits>& std::basic_ostream<_CharT, _Traits>::[01;32m[Koperator<<[m[K(short int) [35m[K[with _CharT = char; _Traits = std::char_traits<char>][m[K[m[K’
[1.035s]    96 |     [01;36m[Kbasic_ostream<_CharT, _Traits>[m[K::
[1.035s]       |     [01;36m[K^~~~~~~~~~~~~~~~~~~~~~~~~~~~~~[m[K
[1.035s] [01m[K/usr/include/c++/13/bits/ostream.tcc:97:22:[m[K [01;36m[Knote: [m[K  no known conversion for argument 1 from ‘[01m[Kstd::vector<float>[m[K’ to ‘[01m[Kshort int[m[K’
[1.039s]    97 |     operator<<([01;36m[Kshort __n[m[K)
[1.039s]       |                [01;36m[K~~~~~~^~~[m[K
[1.039s] [01m[K/usr/include/c++/13/ostream:183:7:[m[K [01;36m[Knote: [m[Kcandidate: ‘[01m[Kstd::basic_ostream<_CharT, _Traits>::__ostream_type& std::basic_ostream<_CharT, _Traits>::[01;32m[Koperator<<[m[K(short unsigned int) [35m[K[with _CharT = char; _Traits = std::char_traits<char>; __ostream_type = std::basic_ostream<char>][m[K[m[K’
[1.039s]   183 |       [01;36m[Koperator[m[K<<(unsigned short __n)
[1.039s]       |       [01;36m[K^~~~~~~~[m[K
[1.039s] [01m[K/usr/include/c++/13/ostream:183:33:[m[K [01;36m[Knote: [m[K  no known conversion for argument 1 from ‘[01m[Kstd::vector<float>[m[K’ to ‘[01m[Kshort unsigned int[m[K’
[1.039s]   183 |       operator<<([01;36m[Kunsigned short __n[m[K)
[1.039s]       |                  [01;36m[K~~~~~~~~~~~~~~~^~~[m[K
[1.039s] [01m[K/usr/include/c++/13/bits/ostream.tcc:110:5:[m[K [01;36m[Knote: [m[Kcandidate: ‘[01m[Kstd::basic_ostream<_CharT, _Traits>& std::basic_ostream<_CharT, _Traits>::[01;32m[Koperator<<[m[K(int) [35m[K[with _CharT = char; _Traits = std::char_traits<char>][m[K[m[K’
[1.039s]   110 |     [01;36m[Kbasic_ostream<_CharT, _Traits>[m[K::
[1.040s]       |     [01;36m[K^~~~~~~~~~~~~~~~~~~~~~~~~~~~~~[m[K
[1.040s] [01m[K/usr/include/c++/13/bits/ostream.tcc:111:20:[m[K [01;36m[Knote: [m[K  no known conversion for argument 1 from ‘[01m[Kstd::vector<float>[m[K’ to ‘[01m[Kint[m[K’
[1.040s]   111 |     operator<<([01;36m[Kint __n[m[K)
[1.040s]       |                [01;36m[K~~~~^~~[m[K
[1.040s] [01m[K/usr/include/c++/13/ostream:194:7:[m[K [01;36m[Knote: [m[Kcandidate: ‘[01m[Kstd::basic_ostream<_CharT, _Traits>::__ostream_type& std::basic_ostream<_CharT, _Traits>::[01;32m[Koperator<<[m[K(unsigned int) [35m[K[with _CharT = char; _Traits = std::char_traits<char>; __ostream_type = std::basic_ostream<char>][m[K[m[K’
[1.040s]   194 |       [01;36m[Koperator[m[K<<(unsigned int __n)
[1.040s]       |       [01;36m[K^~~~~~~~[m[K
[1.040s] [01m[K/usr/include/c++/13/ostream:194:31:[m[K [01;36m[Knote: [m[K  no known conversion for argument 1 from ‘[01m[Kstd::vector<float>[m[K’ to ‘[01m[Kunsigned int[m[K’
[1.040s]   194 |       operator<<([01;36m[Kunsigned int __n[m[K)
[1.040s]       |                  [01;36m[K~~~~~~~~~~~~~^~~[m[K
[1.040s] [01m[K/usr/include/c++/13/ostream:203:7:[m[K [01;36m[Knote: [m[Kcandidate: ‘[01m[Kstd::basic_ostream<_CharT, _Traits>::__ostream_type& std::basic_ostream<_CharT, _Traits>::[01;32m[Koperator<<[m[K(long long int) [35m[K[with _CharT = char; _Traits = std::char_traits<char>; __ostream_type = std::basic_ostream<char>][m[K[m[K’
[1.040s]   203 |       [01;36m[Koperator[m[K<<(long long __n)
[1.040s]       |       [01;36m[K^~~~~~~~[m[K
[1.045s] [01m[K/usr/include/c++/13/ostream:203:28:[m[K [01;36m[Knote: [m[K  no known conversion for argument 1 from ‘[01m[Kstd::vector<float>[m[K’ to ‘[01m[Klong long int[m[K’
[1.045s]   203 |       operator<<([01;36m[Klong long __n[m[K)
[1.045s]       |                  [01;36m[K~~~~~~~~~~^~~[m[K
[1.045s] [01m[K/usr/include/c++/13/ostream:207:7:[m[K [01;36m[Knote: [m[Kcandidate: ‘[01m[Kstd::basic_ostream<_CharT, _Traits>::__ostream_type& std::basic_ostream<_CharT, _Traits>::[01;32m[Koperator<<[m[K(long long unsigned int) [35m[K[with _CharT = char; _Traits = std::char_traits<char>; __ostream_type = std::basic_ostream<char>][m[K[m[K’
[1.045s]   207 |       [01;36m[Koperator[m[K<<(unsigned long long __n)
[1.045s]       |       [01;36m[K^~~~~~~~[m[K
[1.045s] [01m[K/usr/include/c++/13/ostream:207:37:[m[K [01;36m[Knote: [m[K  no known conversion for argument 1 from ‘[01m[Kstd::vector<float>[m[K’ to ‘[01m[Klong long unsigned int[m[K’
[1.045s]   207 |       operator<<([01;36m[Kunsigned long long __n[m[K)
[1.045s]       |                  [01;36m[K~~~~~~~~~~~~~~~~~~~^~~[m[K
[1.045s] [01m[K/usr/include/c++/13/ostream:222:7:[m[K [01;36m[Knote: [m[Kcandidate: ‘[01m[Kstd::basic_ostream<_CharT, _Traits>::__ostream_type& std::basic_ostream<_CharT, _Traits>::[01;32m[Koperator<<[m[K(double) [35m[K[with _CharT = char; _Traits = std::char_traits<char>; __ostream_type = std::basic_ostream<char>][m[K[m[K’
[1.047s]   222 |       [01;36m[Koperator[m[K<<(double __f)
[1.047s]       |       [01;36m[K^~~~~~~~[m[K
[1.047s] [01m[K/usr/include/c++/13/ostream:222:25:[m[K [01;36m[Knote: [m[K  no known conversion for argument 1 from ‘[01m[Kstd::vector<float>[m[K’ to ‘[01m[Kdouble[m[K’
[1.047s]   222 |       operator<<([01;36m[Kdouble __f[m[K)
[1.047s]       |                  [01;36m[K~~~~~~~^~~[m[K
[1.047s] [01m[K/usr/include/c++/13/ostream:226:7:[m[K [01;36m[Knote: [m[Kcandidate: ‘[01m[Kstd::basic_ostream<_CharT, _Traits>::__ostream_type& std::basic_ostream<_CharT, _Traits>::[01;32m[Koperator<<[m[K(float) [35m[K[with _CharT = char; _Traits = std::char_traits<char>; __ostream_type = std::basic_ostream<char>][m[K[m[K’
[1.048s]   226 |       [01;36m[Koperator[m[K<<(float __f)
[1.051s]       |       [01;36m[K^~~~~~~~[m[K
[1.051s] [01m[K/usr/include/c++/13/ostream:226:24:[m[K [01;36m[Knote: [m[K  no known conversion for argument 1 from ‘[01m[Kstd::vector<float>[m[K’ to ‘[01m[Kfloat[m[K’
[1.051s]   226 |       operator<<([01;36m[Kfloat __f[m[K)
[1.051s]       |                  [01;36m[K~~~~~~^~~[m[K
[1.051s] [01m[K/usr/include/c++/13/ostream:234:7:[m[K [01;36m[Knote: [m[Kcandidate: ‘[01m[Kstd::basic_ostream<_CharT, _Traits>::__ostream_type& std::basic_ostream<_CharT, _Traits>::[01;32m[Koperator<<[m[K(long double) [35m[K[with _CharT = char; _Traits = std::char_traits<char>; __ostream_type = std::basic_ostream<char>][m[K[m[K’
[1.051s]   234 |       [01;36m[Koperator[m[K<<(long double __f)
[1.051s]       |       [01;36m[K^~~~~~~~[m[K
[1.051s] [01m[K/usr/include/c++/13/ostream:234:30:[m[K [01;36m[Knote: [m[K  no known conversion for argument 1 from ‘[01m[Kstd::vector<float>[m[K’ to ‘[01m[Klong double[m[K’
[1.051s]   234 |       operator<<([01;36m[Klong double __f[m[K)
[1.052s]       |                  [01;36m[K~~~~~~~~~~~~^~~[m[K
[1.052s] [01m[K/usr/include/c++/13/ostream:292:7:[m[K [01;36m[Knote: [m[Kcandidate: ‘[01m[Kstd::basic_ostream<_CharT, _Traits>::__ostream_type& std::basic_ostream<_CharT, _Traits>::[01;32m[Koperator<<[m[K(const void*) [35m[K[with _CharT = char; _Traits = std::char_traits<char>; __ostream_type = std::basic_ostream<char>][m[K[m[K’
[1.052s]   292 |       [01;36m[Koperator[m[K<<(const void* __p)
[1.052s]       |       [01;36m[K^~~~~~~~[m[K
[1.052s] [01m[K/usr/include/c++/13/ostream:292:30:[m[K [01;36m[Knote: [m[K  no known conversion for argument 1 from ‘[01m[Kstd::vector<float>[m[K’ to ‘[01m[Kconst void*[m[K’
[1.052s]   292 |       operator<<([01;36m[Kconst void* __p[m[K)
[1.052s]       |                  [01;36m[K~~~~~~~~~~~~^~~[m[K
[1.052s] [01m[K/usr/include/c++/13/ostream:297:7:[m[K [01;36m[Knote: [m[Kcandidate: ‘[01m[Kstd::basic_ostream<_CharT, _Traits>::__ostream_type& std::basic_ostream<_CharT, _Traits>::[01;32m[Koperator<<[m[K(std::nullptr_t) [35m[K[with _CharT = char; _Traits = std::char_traits<char>; __ostream_type = std::basic_ostream<char>; std::nullptr_t = std::nullptr_t][m[K[m[K’
[1.052s]   297 |       [01;36m[Koperator[m[K<<(nullptr_t)
[1.052s]       |       [01;36m[K^~~~~~~~[m[K
[1.052s] [01m[K/usr/include/c++/13/ostream:297:18:[m[K [01;36m[Knote: [m[K  no known conversion for argument 1 from ‘[01m[Kstd::vector<float>[m[K’ to ‘[01m[Kstd::nullptr_t[m[K’
[1.052s]   297 |       operator<<([01;36m[Knullptr_t[m[K)
[1.053s]       |                  [01;36m[K^~~~~~~~~[m[K
[1.057s] [01m[K/usr/include/c++/13/bits/ostream.tcc:124:5:[m[K [01;36m[Knote: [m[Kcandidate: ‘[01m[Kstd::basic_ostream<_CharT, _Traits>& std::basic_ostream<_CharT, _Traits>::[01;32m[Koperator<<[m[K(__streambuf_type*) [35m[K[with _CharT = char; _Traits = std::char_traits<char>; __streambuf_type = std::basic_streambuf<char>][m[K[m[K’
[1.057s]   124 |     [01;36m[Kbasic_ostream<_CharT, _Traits>[m[K::
[1.057s]       |     [01;36m[K^~~~~~~~~~~~~~~~~~~~~~~~~~~~~~[m[K
[1.057s] [01m[K/usr/include/c++/13/bits/ostream.tcc:125:34:[m[K [01;36m[Knote: [m[K  no known conversion for argument 1 from ‘[01m[Kstd::vector<float>[m[K’ to ‘[01m[Kstd::basic_ostream<char>::__streambuf_type*[m[K’ {aka ‘[01m[Kstd::basic_streambuf<char>*[m[K’}
[1.057s]   125 |     operator<<([01;36m[K__streambuf_type* __sbin[m[K)
[1.057s]       |                [01;36m[K~~~~~~~~~~~~~~~~~~^~~~~~[m[K
[1.057s] [01m[K/usr/include/c++/13/cstddef:124:5:[m[K [01;36m[Knote: [m[Kcandidate: ‘[01m[Ktemplate<class _IntegerType> constexpr std::__byte_op_t<_IntegerType> std::[01;32m[Koperator<<[m[K(byte, _IntegerType)[m[K’
[1.057s]   124 |     [01;36m[Koperator[m[K<<(byte __b, _IntegerType __shift) noexcept
[1.057s]       |     [01;36m[K^~~~~~~~[m[K
[1.057s] [01m[K/usr/include/c++/13/cstddef:124:5:[m[K [01;36m[Knote: [m[K  template argument deduction/substitution failed:
[1.058s] [01m[K/home/richard/ros2_ws/src/tp1/src/Action.cpp:22:10:[m[K [01;36m[Knote: [m[K  cannot convert ‘[01m[Kstd::cout[m[K’ (type ‘[01m[Kstd::ostream[m[K’ {aka ‘[01m[Kstd::basic_ostream<char>[m[K’}) to type ‘[01m[Kstd::byte[m[K’
[1.058s]    22 |     [01;36m[Kstd::cout[m[K << sonars;
[1.058s]       |     [01;36m[K~~~~~^~~~[m[K
[1.058s] [01m[K/usr/include/c++/13/string_view:761:5:[m[K [01;36m[Knote: [m[Kcandidate: ‘[01m[Ktemplate<class _CharT, class _Traits> std::basic_ostream<_CharT, _Traits>& std::[01;32m[Koperator<<[m[K(basic_ostream<_CharT, _Traits>&, basic_string_view<_CharT, _Traits>)[m[K’
[1.059s]   761 |     [01;36m[Koperator[m[K<<(basic_ostream<_CharT, _Traits>& __os,
[1.059s]       |     [01;36m[K^~~~~~~~[m[K
[1.059s] [01m[K/usr/include/c++/13/string_view:761:5:[m[K [01;36m[Knote: [m[K  template argument deduction/substitution failed:
[1.059s] [01m[K/home/richard/ros2_ws/src/tp1/src/Action.cpp:22:18:[m[K [01;36m[Knote: [m[K  ‘[01m[Kstd::vector<float>[m[K’ is not derived from ‘[01m[Kstd::basic_string_view<_CharT, _Traits>[m[K’
[1.059s]    22 |     std::cout << [01;36m[Ksonars[m[K;
[1.059s]       |                  [01;36m[K^~~~~~[m[K
[1.059s] [01m[K/usr/include/c++/13/bits/basic_string.h:4032:5:[m[K [01;36m[Knote: [m[Kcandidate: ‘[01m[Ktemplate<class _CharT, class _Traits, class _Alloc> std::basic_ostream<_CharT, _Traits>& std::[01;32m[Koperator<<[m[K(basic_ostream<_CharT, _Traits>&, const __cxx11::basic_string<_CharT, _Traits, _Allocator>&)[m[K’
[1.059s]  4032 |     [01;36m[Koperator[m[K<<(basic_ostream<_CharT, _Traits>& __os,
[1.063s]       |     [01;36m[K^~~~~~~~[m[K
[1.063s] [01m[K/usr/include/c++/13/bits/basic_string.h:4032:5:[m[K [01;36m[Knote: [m[K  template argument deduction/substitution failed:
[1.063s] [01m[K/home/richard/ros2_ws/src/tp1/src/Action.cpp:22:18:[m[K [01;36m[Knote: [m[K  ‘[01m[Kstd::vector<float>[m[K’ is not derived from ‘[01m[Kconst std::__cxx11::basic_string<_CharT, _Traits, _Allocator>[m[K’
[1.063s]    22 |     std::cout << [01;36m[Ksonars[m[K;
[1.063s]       |                  [01;36m[K^~~~~~[m[K
[1.063s] [01m[K/usr/include/c++/13/system_error:339:5:[m[K [01;36m[Knote: [m[Kcandidate: ‘[01m[Ktemplate<class _CharT, class _Traits> std::basic_ostream<_CharT, _Traits>& std::[01;32m[Koperator<<[m[K(basic_ostream<_CharT, _Traits>&, const error_code&)[m[K’
[1.063s]   339 |     [01;36m[Koperator[m[K<<(basic_ostream<_CharT, _Traits>& __os, const error_code& __e)
[1.063s]       |     [01;36m[K^~~~~~~~[m[K
[1.063s] [01m[K/usr/include/c++/13/system_error:339:5:[m[K [01;36m[Knote: [m[K  template argument deduction/substitution failed:
[1.063s] [01m[K/home/richard/ros2_ws/src/tp1/src/Action.cpp:22:18:[m[K [01;36m[Knote: [m[K  cannot convert ‘[01m[Ksonars[m[K’ (type ‘[01m[Kstd::vector<float>[m[K’) to type ‘[01m[Kconst std::error_code&[m[K’
[1.064s]    22 |     std::cout << [01;36m[Ksonars[m[K;
[1.064s]       |                  [01;36m[K^~~~~~[m[K
[1.064s] [01m[K/usr/include/c++/13/ostream:554:5:[m[K [01;36m[Knote: [m[Kcandidate: ‘[01m[Ktemplate<class _CharT, class _Traits> std::basic_ostream<_CharT, _Traits>& std::[01;32m[Koperator<<[m[K(basic_ostream<_CharT, _Traits>&, _CharT)[m[K’
[1.064s]   554 |     [01;36m[Koperator[m[K<<(basic_ostream<_CharT, _Traits>& __out, _CharT __c)
[1.064s]       |     [01;36m[K^~~~~~~~[m[K
[1.064s] [01m[K/usr/include/c++/13/ostream:554:5:[m[K [01;36m[Knote: [m[K  template argument deduction/substitution failed:
[1.064s] [01m[K/home/richard/ros2_ws/src/tp1/src/Action.cpp:22:18:[m[K [01;36m[Knote: [m[K  deduced conflicting types for parameter ‘[01m[K_CharT[m[K’ (‘[01m[Kchar[m[K’ and ‘[01m[Kstd::vector<float>[m[K’)
[1.064s]    22 |     std::cout << [01;36m[Ksonars[m[K;
[1.064s]       |                  [01;36m[K^~~~~~[m[K
[1.064s] [01m[K/usr/include/c++/13/ostream:564:5:[m[K [01;36m[Knote: [m[Kcandidate: ‘[01m[Ktemplate<class _CharT, class _Traits> std::basic_ostream<_CharT, _Traits>& std::[01;32m[Koperator<<[m[K(basic_ostream<_CharT, _Traits>&, char)[m[K’
[1.064s]   564 |     [01;36m[Koperator[m[K<<(basic_ostream<_CharT, _Traits>& __out, char __c)
[1.064s]       |     [01;36m[K^~~~~~~~[m[K
[1.065s] [01m[K/usr/include/c++/13/ostream:564:5:[m[K [01;36m[Knote: [m[K  template argument deduction/substitution failed:
[1.069s] [01m[K/home/richard/ros2_ws/src/tp1/src/Action.cpp:22:18:[m[K [01;36m[Knote: [m[K  cannot convert ‘[01m[Ksonars[m[K’ (type ‘[01m[Kstd::vector<float>[m[K’) to type ‘[01m[Kchar[m[K’
[1.069s]    22 |     std::cout << [01;36m[Ksonars[m[K;
[1.069s]       |                  [01;36m[K^~~~~~[m[K
[1.069s] [01m[K/usr/include/c++/13/ostream:570:5:[m[K [01;36m[Knote: [m[Kcandidate: ‘[01m[Ktemplate<class _Traits> std::basic_ostream<char, _Traits>& std::[01;32m[Koperator<<[m[K(basic_ostream<char, _Traits>&, char)[m[K’
[1.069s]   570 |     [01;36m[Koperator[m[K<<(basic_ostream<char, _Traits>& __out, char __c)
[1.069s]       |     [01;36m[K^~~~~~~~[m[K
[1.069s] [01m[K/usr/include/c++/13/ostream:570:5:[m[K [01;36m[Knote: [m[K  template argument deduction/substitution failed:
[1.069s] [01m[K/home/richard/ros2_ws/src/tp1/src/Action.cpp:22:18:[m[K [01;36m[Knote: [m[K  cannot convert ‘[01m[Ksonars[m[K’ (type ‘[01m[Kstd::vector<float>[m[K’) to type ‘[01m[Kchar[m[K’
[1.069s]    22 |     std::cout << [01;36m[Ksonars[m[K;
[1.069s]       |                  [01;36m[K^~~~~~[m[K
[1.070s] [01m[K/usr/include/c++/13/ostream:581:5:[m[K [01;36m[Knote: [m[Kcandidate: ‘[01m[Ktemplate<class _Traits> std::basic_ostream<char, _Traits>& std::[01;32m[Koperator<<[m[K(basic_ostream<char, _Traits>&, signed char)[m[K’
[1.070s]   581 |     [01;36m[Koperator[m[K<<(basic_ostream<char, _Traits>& __out, signed char __c)
[1.070s]       |     [01;36m[K^~~~~~~~[m[K
[1.070s] [01m[K/usr/include/c++/13/ostream:581:5:[m[K [01;36m[Knote: [m[K  template argument deduction/substitution failed:
[1.070s] [01m[K/home/richard/ros2_ws/src/tp1/src/Action.cpp:22:18:[m[K [01;36m[Knote: [m[K  cannot convert ‘[01m[Ksonars[m[K’ (type ‘[01m[Kstd::vector<float>[m[K’) to type ‘[01m[Ksigned char[m[K’
[1.070s]    22 |     std::cout << [01;36m[Ksonars[m[K;
[1.070s]       |                  [01;36m[K^~~~~~[m[K
[1.070s] [01m[K/usr/include/c++/13/ostream:586:5:[m[K [01;36m[Knote: [m[Kcandidate: ‘[01m[Ktemplate<class _Traits> std::basic_ostream<char, _Traits>& std::[01;32m[Koperator<<[m[K(basic_ostream<char, _Traits>&, unsigned char)[m[K’
[1.070s]   586 |     [01;36m[Koperator[m[K<<(basic_ostream<char, _Traits>& __out, unsigned char __c)
[1.070s]       |     [01;36m[K^~~~~~~~[m[K
[1.070s] [01m[K/usr/include/c++/13/ostream:586:5:[m[K [01;36m[Knote: [m[K  template argument deduction/substitution failed:
[1.070s] [01m[K/home/richard/ros2_ws/src/tp1/src/Action.cpp:22:18:[m[K [01;36m[Knote: [m[K  cannot convert ‘[01m[Ksonars[m[K’ (type ‘[01m[Kstd::vector<float>[m[K’) to type ‘[01m[Kunsigned char[m[K’
[1.070s]    22 |     std::cout << [01;36m[Ksonars[m[K;
[1.071s]       |                  [01;36m[K^~~~~~[m[K
[1.075s] [01m[K/usr/include/c++/13/ostream:645:5:[m[K [01;36m[Knote: [m[Kcandidate: ‘[01m[Ktemplate<class _CharT, class _Traits> std::basic_ostream<_CharT, _Traits>& std::[01;32m[Koperator<<[m[K(basic_ostream<_CharT, _Traits>&, const _CharT*)[m[K’
[1.075s]   645 |     [01;36m[Koperator[m[K<<(basic_ostream<_CharT, _Traits>& __out, const _CharT* __s)
[1.075s]       |     [01;36m[K^~~~~~~~[m[K
[1.075s] [01m[K/usr/include/c++/13/ostream:645:5:[m[K [01;36m[Knote: [m[K  template argument deduction/substitution failed:
[1.075s] [01m[K/home/richard/ros2_ws/src/tp1/src/Action.cpp:22:18:[m[K [01;36m[Knote: [m[K  mismatched types ‘[01m[Kconst _CharT*[m[K’ and ‘[01m[Kstd::vector<float>[m[K’
[1.075s]    22 |     std::cout << [01;36m[Ksonars[m[K;
[1.075s]       |                  [01;36m[K^~~~~~[m[K
[1.075s] [01m[K/usr/include/c++/13/bits/ostream.tcc:307:5:[m[K [01;36m[Knote: [m[Kcandidate: ‘[01m[Ktemplate<class _CharT, class _Traits> std::basic_ostream<_CharT, _Traits>& std::[01;32m[Koperator<<[m[K(basic_ostream<_CharT, _Traits>&, const char*)[m[K’
[1.075s]   307 |     [01;36m[Koperator[m[K<<(basic_ostream<_CharT, _Traits>& __out, const char* __s)
[1.075s]       |     [01;36m[K^~~~~~~~[m[K
[1.076s] [01m[K/usr/include/c++/13/bits/ostream.tcc:307:5:[m[K [01;36m[Knote: [m[K  template argument deduction/substitution failed:
[1.077s] [01m[K/home/richard/ros2_ws/src/tp1/src/Action.cpp:22:18:[m[K [01;36m[Knote: [m[K  cannot convert ‘[01m[Ksonars[m[K’ (type ‘[01m[Kstd::vector<float>[m[K’) to type ‘[01m[Kconst char*[m[K’
[1.077s]    22 |     std::cout << [01;36m[Ksonars[m[K;
[1.077s]       |                  [01;36m[K^~~~~~[m[K
[1.078s] [01m[K/usr/include/c++/13/ostream:662:5:[m[K [01;36m[Knote: [m[Kcandidate: ‘[01m[Ktemplate<class _Traits> std::basic_ostream<char, _Traits>& std::[01;32m[Koperator<<[m[K(basic_ostream<char, _Traits>&, const char*)[m[K’
[1.079s]   662 |     [01;36m[Koperator[m[K<<(basic_ostream<char, _Traits>& __out, const char* __s)
[1.088s]       |     [01;36m[K^~~~~~~~[m[K
[1.088s] [01m[K/usr/include/c++/13/ostream:662:5:[m[K [01;36m[Knote: [m[K  template argument deduction/substitution failed:
[1.088s] [01m[K/home/richard/ros2_ws/src/tp1/src/Action.cpp:22:18:[m[K [01;36m[Knote: [m[K  cannot convert ‘[01m[Ksonars[m[K’ (type ‘[01m[Kstd::vector<float>[m[K’) to type ‘[01m[Kconst char*[m[K’
[1.088s]    22 |     std::cout << [01;36m[Ksonars[m[K;
[1.088s]       |                  [01;36m[K^~~~~~[m[K
[1.088s] [01m[K/usr/include/c++/13/ostream:675:5:[m[K [01;36m[Knote: [m[Kcandidate: ‘[01m[Ktemplate<class _Traits> std::basic_ostream<char, _Traits>& std::[01;32m[Koperator<<[m[K(basic_ostream<char, _Traits>&, const signed char*)[m[K’
[1.088s]   675 |     [01;36m[Koperator[m[K<<(basic_ostream<char, _Traits>& __out, const signed char* __s)
[1.089s]       |     [01;36m[K^~~~~~~~[m[K
[1.089s] [01m[K/usr/include/c++/13/ostream:675:5:[m[K [01;36m[Knote: [m[K  template argument deduction/substitution failed:
[1.089s] [01m[K/home/richard/ros2_ws/src/tp1/src/Action.cpp:22:18:[m[K [01;36m[Knote: [m[K  cannot convert ‘[01m[Ksonars[m[K’ (type ‘[01m[Kstd::vector<float>[m[K’) to type ‘[01m[Kconst signed char*[m[K’
[1.089s]    22 |     std::cout << [01;36m[Ksonars[m[K;
[1.089s]       |                  [01;36m[K^~~~~~[m[K
[1.089s] [01m[K/usr/include/c++/13/ostream:680:5:[m[K [01;36m[Knote: [m[Kcandidate: ‘[01m[Ktemplate<class _Traits> std::basic_ostream<char, _Traits>& std::[01;32m[Koperator<<[m[K(basic_ostream<char, _Traits>&, const unsigned char*)[m[K’
[1.089s]   680 |     [01;36m[Koperator[m[K<<(basic_ostream<char, _Traits>& __out, const unsigned char* __s)
[1.089s]       |     [01;36m[K^~~~~~~~[m[K
[1.089s] [01m[K/usr/include/c++/13/ostream:680:5:[m[K [01;36m[Knote: [m[K  template argument deduction/substitution failed:
[1.089s] [01m[K/home/richard/ros2_ws/src/tp1/src/Action.cpp:22:18:[m[K [01;36m[Knote: [m[K  cannot convert ‘[01m[Ksonars[m[K’ (type ‘[01m[Kstd::vector<float>[m[K’) to type ‘[01m[Kconst unsigned char*[m[K’
[1.089s]    22 |     std::cout << [01;36m[Ksonars[m[K;
[1.089s]       |                  [01;36m[K^~~~~~[m[K
[1.089s] [01m[K/usr/include/c++/13/ostream:801:5:[m[K [01;36m[Knote: [m[Kcandidate: ‘[01m[Ktemplate<class _Ostream, class _Tp> _Ostream&& std::[01;32m[Koperator<<[m[K(_Ostream&&, const _Tp&)[m[K’
[1.090s]   801 |     [01;36m[Koperator[m[K<<(_Ostream&& __os, const _Tp& __x)
[1.096s]       |     [01;36m[K^~~~~~~~[m[K
[1.096s] [01m[K/usr/include/c++/13/ostream:801:5:[m[K [01;36m[Knote: [m[K  template argument deduction/substitution failed:
[1.096s] /usr/include/c++/13/ostream: In substitution of ‘[01m[Ktemplate<class _Ostream, class _Tp> _Ostream&& std::[01;32m[Koperator<<[m[K(_Ostream&&, const _Tp&) [35m[K[with _Ostream = std::basic_ostream<char>&; _Tp = std::vector<float>][m[K[m[K’:
[1.096s] [01m[K/home/richard/ros2_ws/src/tp1/src/Action.cpp:22:18:[m[K   required from here
[1.096s] [01m[K/usr/include/c++/13/ostream:801:5:[m[K [01;31m[Kerror: [m[Kno type named ‘[01m[Ktype[m[K’ in ‘[01m[Kstruct std::enable_if<false, void>[m[K’
[1.177s] gmake[2]: *** [CMakeFiles/navigation.dir/build.make:90: CMakeFiles/navigation.dir/src/Action.cpp.o] Erro 1
[1.178s] gmake[1]: *** [CMakeFiles/Makefile2:137: CMakeFiles/navigation.dir/all] Erro 2
[1.180s] gmake: *** [Makefile:146: all] Erro 2
[1.187s] Invoked command in '/home/richard/ros2_ws/build/tp1' returned '2': CMAKE_PREFIX_PATH=${CMAKE_PREFIX_PATH}:/opt/ros/jazzy DEBUGINFOD_URLS=https://debuginfod.ubuntu.com /usr/bin/cmake --build /home/richard/ros2_ws/build/tp1 -- -j2 -l2
