[0.031s] Invoking command in '/home/richard/ros2_ws/build/turtlesim': CMAKE_PREFIX_PATH=${CMAKE_PREFIX_PATH}:/opt/ros/jazzy DEBUGINFOD_URLS=https://debuginfod.ubuntu.com /usr/bin/cmake --build /home/richard/ros2_ws/build/turtlesim -- -j2 -l2
[0.250s] [  0%] Built target turtlesim__rosidl_generator_type_description
[0.387s] [  0%] Built target ament_cmake_python_copy_turtlesim
[0.496s] [  1%] Built target turtlesim__cpp
[0.565s] [ 24%] Built target turtlesim__rosidl_generator_c
[1.173s] running egg_info
[1.251s] writing turtlesim.egg-info/PKG-INFO
[1.258s] writing dependency_links to turtlesim.egg-info/dependency_links.txt
[1.260s] writing top-level names to turtlesim.egg-info/top_level.txt
[1.449s] reading manifest file 'turtlesim.egg-info/SOURCES.txt'
[1.450s] writing manifest file 'turtlesim.egg-info/SOURCES.txt'
[1.697s] [ 24%] Built target ament_cmake_python_build_turtlesim_egg
[1.808s] [ 33%] Built target turtlesim__rosidl_typesupport_cpp
[1.913s] [ 41%] Built target turtlesim__rosidl_typesupport_fastrtps_c
[1.976s] [ 50%] Built target turtlesim__rosidl_typesupport_fastrtps_cpp
[2.012s] [ 59%] Built target turtlesim__rosidl_typesupport_introspection_c
[2.050s] [ 68%] Built target turtlesim__rosidl_typesupport_c
[2.108s] [ 76%] Built target turtlesim__rosidl_typesupport_introspection_cpp
[2.201s] [ 81%] Built target turtlesim_node
[2.320s] [ 83%] Built target turtle_teleop_key
[2.446s] [ 84%] Built target draw_square
[2.569s] [ 86%] Built target mimic
[2.641s] [ 86%] Built target turtlesim
[2.747s] [ 86%] Built target turtlesim__py
[2.928s] [ 94%] Built target turtlesim__rosidl_generator_py
[3.032s] [ 96%] Built target turtlesim_s__rosidl_typesupport_fastrtps_c
[3.121s] [ 98%] Built target turtlesim_s__rosidl_typesupport_introspection_c
[3.216s] [100%] Built target turtlesim_s__rosidl_typesupport_c
