[0.011s] Invoking command in '/home/richard/ros2_ws/build/turtlesim': CMAKE_PREFIX_PATH=${CMAKE_PREFIX_PATH}:/opt/ros/jazzy DEBUGINFOD_URLS=https://debuginfod.ubuntu.com /usr/bin/cmake --build /home/richard/ros2_ws/build/turtlesim -- -j2 -l2
[0.092s] [  0%] Built target turtlesim__rosidl_generator_type_description
[0.095s] [  0%] Built target ament_cmake_python_copy_turtlesim
[0.132s] [  1%] Built target turtlesim__cpp
[0.154s] [ 24%] Built target turtlesim__rosidl_generator_c
[0.214s] [ 33%] Built target turtlesim__rosidl_typesupport_cpp
[0.292s] [ 41%] Built target turtlesim__rosidl_typesupport_fastrtps_c
[0.366s] [ 50%] Built target turtlesim__rosidl_typesupport_fastrtps_cpp
[0.418s] [ 59%] Built target turtlesim__rosidl_typesupport_introspection_c
[0.478s] [ 68%] Built target turtlesim__rosidl_typesupport_c
[0.518s] running egg_info
[0.535s] [ 76%] Built target turtlesim__rosidl_typesupport_introspection_cpp
[0.549s] writing turtlesim.egg-info/PKG-INFO
[0.550s] writing dependency_links to turtlesim.egg-info/dependency_links.txt
[0.551s] writing top-level names to turtlesim.egg-info/top_level.txt
[0.608s] [ 81%] Built target turtlesim_node
[0.679s] reading manifest file 'turtlesim.egg-info/SOURCES.txt'
[0.679s] writing manifest file 'turtlesim.egg-info/SOURCES.txt'
[0.685s] [ 83%] Built target turtle_teleop_key
[0.730s] [ 83%] Built target ament_cmake_python_build_turtlesim_egg
[0.748s] [ 84%] Built target draw_square
[0.779s] [ 84%] Built target turtlesim
[0.793s] [ 86%] Built target mimic
[0.802s] [ 86%] Built target turtlesim__py
[0.839s] [ 94%] Built target turtlesim__rosidl_generator_py
[0.865s] [ 96%] Built target turtlesim_s__rosidl_typesupport_introspection_c
[0.871s] [ 98%] Built target turtlesim_s__rosidl_typesupport_fastrtps_c
[0.892s] [100%] Built target turtlesim_s__rosidl_typesupport_c
