[0.010s] Invoking command in '/home/richard/ros2_ws/build/turtlesim': CMAKE_PREFIX_PATH=${CMAKE_PREFIX_PATH}:/opt/ros/jazzy DEBUGINFOD_URLS=https://debuginfod.ubuntu.com /usr/bin/cmake --build /home/richard/ros2_ws/build/turtlesim -- -j2 -l2
[0.094s] [  0%] Built target turtlesim__rosidl_generator_type_description
[0.113s] [  0%] Built target ament_cmake_python_copy_turtlesim
[0.129s] [  1%] Built target turtlesim__cpp
[0.177s] [ 24%] Built target turtlesim__rosidl_generator_c
[0.226s] [ 33%] Built target turtlesim__rosidl_typesupport_cpp
[0.289s] [ 41%] Built target turtlesim__rosidl_typesupport_fastrtps_c
[0.361s] [ 50%] Built target turtlesim__rosidl_typesupport_fastrtps_cpp
[0.426s] [ 59%] Built target turtlesim__rosidl_typesupport_introspection_c
[0.493s] [ 68%] Built target turtlesim__rosidl_typesupport_c
[0.533s] running egg_info
[0.558s] [ 76%] Built target turtlesim__rosidl_typesupport_introspection_cpp
[0.572s] writing turtlesim.egg-info/PKG-INFO
[0.572s] writing dependency_links to turtlesim.egg-info/dependency_links.txt
[0.572s] writing top-level names to turtlesim.egg-info/top_level.txt
[0.632s] [ 81%] Built target turtlesim_node
[0.692s] reading manifest file 'turtlesim.egg-info/SOURCES.txt'
[0.693s] writing manifest file 'turtlesim.egg-info/SOURCES.txt'
[0.704s] [ 83%] Built target turtle_teleop_key
[0.744s] [ 83%] Built target ament_cmake_python_build_turtlesim_egg
[0.766s] [ 84%] Built target draw_square
[0.799s] [ 86%] Built target mimic
[0.804s] [ 86%] Built target turtlesim
[0.848s] [ 86%] Built target turtlesim__py
[0.880s] [ 94%] Built target turtlesim__rosidl_generator_py
[0.903s] [ 98%] Built target turtlesim_s__rosidl_typesupport_fastrtps_c
[0.903s] [ 98%] Built target turtlesim_s__rosidl_typesupport_introspection_c
[0.924s] [100%] Built target turtlesim_s__rosidl_typesupport_c
