[0.009s] Invoking command in '/home/richard/ros2_ws/build/turtlesim': CMAKE_PREFIX_PATH=${CMAKE_PREFIX_PATH}:/opt/ros/jazzy DEBUGINFOD_URLS=https://debuginfod.ubuntu.com /usr/bin/cmake --build /home/richard/ros2_ws/build/turtlesim -- -j2 -l2
[0.089s] [  0%] Built target turtlesim__rosidl_generator_type_description
[0.110s] [  0%] Built target ament_cmake_python_copy_turtlesim
[0.141s] [ 18%] Built target turtlesim__cpp
[0.143s] [ 24%] Built target turtlesim__rosidl_generator_c
[0.188s] [ 33%] Built target turtlesim__rosidl_typesupport_cpp
[0.257s] [ 41%] Built target turtlesim__rosidl_typesupport_fastrtps_c
[0.318s] [ 50%] Built target turtlesim__rosidl_typesupport_fastrtps_cpp
[0.388s] [ 59%] Built target turtlesim__rosidl_typesupport_introspection_c
[0.475s] [ 68%] Built target turtlesim__rosidl_typesupport_c
[0.560s] [ 76%] Built target turtlesim__rosidl_typesupport_introspection_cpp
[0.650s] [ 81%] Built target turtlesim_node
[0.678s] running egg_info
[0.715s] [ 83%] Built target turtle_teleop_key
[0.725s] writing turtlesim.egg-info/PKG-INFO
[0.726s] writing dependency_links to turtlesim.egg-info/dependency_links.txt
[0.727s] writing top-level names to turtlesim.egg-info/top_level.txt
[0.785s] [ 84%] Built target draw_square
[0.846s] [ 86%] Built target mimic
[0.874s] reading manifest file 'turtlesim.egg-info/SOURCES.txt'
[0.874s] writing manifest file 'turtlesim.egg-info/SOURCES.txt'
[0.900s] [ 86%] Built target turtlesim
[0.932s] [ 86%] Built target ament_cmake_python_build_turtlesim_egg
[0.953s] [ 86%] Built target turtlesim__py
[1.001s] [ 94%] Built target turtlesim__rosidl_generator_py
[1.049s] [ 96%] Built target turtlesim_s__rosidl_typesupport_introspection_c
[1.054s] [ 98%] Built target turtlesim_s__rosidl_typesupport_fastrtps_c
[1.079s] [100%] Built target turtlesim_s__rosidl_typesupport_c
