[0.016s] Invoking command in '/home/richard/ros2_ws/build/turtlesim': CMAKE_PREFIX_PATH=${CMAKE_PREFIX_PATH}:/opt/ros/jazzy DEBUGINFOD_URLS=https://debuginfod.ubuntu.com /usr/bin/cmake --build /home/richard/ros2_ws/build/turtlesim -- -j2 -l2
[0.116s] [  0%] Built target turtlesim__rosidl_generator_type_description
[0.153s] [  0%] Built target ament_cmake_python_copy_turtlesim
[0.170s] [  1%] Built target turtlesim__cpp
[0.211s] [ 24%] Built target turtlesim__rosidl_generator_c
[0.268s] [ 33%] Built target turtlesim__rosidl_typesupport_cpp
[0.341s] [ 41%] Built target turtlesim__rosidl_typesupport_fastrtps_c
[0.430s] [ 50%] Built target turtlesim__rosidl_typesupport_fastrtps_cpp
[0.491s] [ 59%] Built target turtlesim__rosidl_typesupport_introspection_c
[0.549s] [ 68%] Built target turtlesim__rosidl_typesupport_c
[0.602s] running egg_info
[0.621s] [ 76%] Built target turtlesim__rosidl_typesupport_introspection_cpp
[0.631s] writing turtlesim.egg-info/PKG-INFO
[0.632s] writing dependency_links to turtlesim.egg-info/dependency_links.txt
[0.632s] writing top-level names to turtlesim.egg-info/top_level.txt
[0.695s] [ 81%] Built target turtlesim_node
[0.714s] reading manifest file 'turtlesim.egg-info/SOURCES.txt'
[0.716s] writing manifest file 'turtlesim.egg-info/SOURCES.txt'
[0.760s] [ 82%] Built target ament_cmake_python_build_turtlesim_egg
[0.763s] [ 83%] Built target turtle_teleop_key
[0.805s] [ 85%] Built target mimic
[0.811s] [ 86%] Built target draw_square
[0.827s] [ 86%] Built target turtlesim
[0.850s] [ 86%] Built target turtlesim__py
[0.880s] [ 94%] Built target turtlesim__rosidl_generator_py
[0.901s] [ 96%] Built target turtlesim_s__rosidl_typesupport_fastrtps_c
[0.906s] [ 98%] Built target turtlesim_s__rosidl_typesupport_introspection_c
[0.924s] [100%] Built target turtlesim_s__rosidl_typesupport_c
