[0.024s] Invoking command in '/home/richard/ros2_ws/build/turtlesim': CMAKE_PREFIX_PATH=${CMAKE_PREFIX_PATH}:/opt/ros/jazzy DEBUGINFOD_URLS=https://debuginfod.ubuntu.com /usr/bin/cmake --build /home/richard/ros2_ws/build/turtlesim -- -j2 -l2
[0.140s] [  0%] Built target turtlesim__rosidl_generator_type_description
[0.152s] [  0%] Built target ament_cmake_python_copy_turtlesim
[0.216s] [  1%] Built target turtlesim__cpp
[0.221s] [ 24%] Built target turtlesim__rosidl_generator_c
[0.331s] [ 33%] Built target turtlesim__rosidl_typesupport_cpp
[0.430s] [ 41%] Built target turtlesim__rosidl_typesupport_fastrtps_c
[0.574s] [ 50%] Built target turtlesim__rosidl_typesupport_fastrtps_cpp
[0.673s] [ 59%] Built target turtlesim__rosidl_typesupport_introspection_c
[0.707s] [ 68%] Built target turtlesim__rosidl_typesupport_c
[0.741s] [ 76%] Built target turtlesim__rosidl_typesupport_introspection_cpp
[0.779s] [ 81%] Built target turtlesim_node
[0.816s] [ 83%] Built target turtle_teleop_key
[0.844s] running egg_info
[0.849s] [ 84%] Built target draw_square
[0.871s] writing turtlesim.egg-info/PKG-INFO
[0.871s] writing dependency_links to turtlesim.egg-info/dependency_links.txt
[0.872s] writing top-level names to turtlesim.egg-info/top_level.txt
[0.879s] [ 86%] Built target mimic
[0.903s] [ 86%] Built target turtlesim
[0.939s] [ 86%] Built target turtlesim__py
[0.962s] reading manifest file 'turtlesim.egg-info/SOURCES.txt'
[0.963s] writing manifest file 'turtlesim.egg-info/SOURCES.txt'
[0.971s] [ 94%] Built target turtlesim__rosidl_generator_py
[0.995s] [ 96%] Built target turtlesim_s__rosidl_typesupport_fastrtps_c
[0.998s] [ 96%] Built target ament_cmake_python_build_turtlesim_egg
[1.027s] [ 98%] Built target turtlesim_s__rosidl_typesupport_introspection_c
[1.028s] [100%] Built target turtlesim_s__rosidl_typesupport_c
