[0.021s] Invoking command in '/home/richard/ros2_ws/build/turtlesim': CMAKE_PREFIX_PATH=${CMAKE_PREFIX_PATH}:/opt/ros/jazzy DEBUGINFOD_URLS=https://debuginfod.ubuntu.com /usr/bin/cmake --build /home/richard/ros2_ws/build/turtlesim -- -j2 -l2
[0.178s] [  0%] Built target turtlesim__rosidl_generator_type_description
[0.219s] [  0%] Built target ament_cmake_python_copy_turtlesim
[0.268s] [  1%] Built target turtlesim__cpp
[0.285s] [ 24%] Built target turtlesim__rosidl_generator_c
[0.320s] [ 33%] Built target turtlesim__rosidl_typesupport_cpp
[0.362s] [ 41%] Built target turtlesim__rosidl_typesupport_fastrtps_c
[0.420s] [ 50%] Built target turtlesim__rosidl_typesupport_fastrtps_cpp
[0.475s] [ 59%] Built target turtlesim__rosidl_typesupport_introspection_c
[0.555s] [ 68%] Built target turtlesim__rosidl_typesupport_c
[0.674s] [ 76%] Built target turtlesim__rosidl_typesupport_introspection_cpp
[0.811s] [ 81%] Built target turtlesim_node
[0.850s] [ 83%] Built target turtle_teleop_key
[0.894s] [ 84%] Built target draw_square
[0.927s] [ 86%] Built target mimic
[0.952s] [ 86%] Built target turtlesim
[0.977s] running egg_info
[0.977s] [ 86%] Built target turtlesim__py
[1.010s] writing turtlesim.egg-info/PKG-INFO
[1.011s] writing dependency_links to turtlesim.egg-info/dependency_links.txt
[1.011s] writing top-level names to turtlesim.egg-info/top_level.txt
[1.018s] [ 94%] Built target turtlesim__rosidl_generator_py
[1.045s] [ 96%] Built target turtlesim_s__rosidl_typesupport_fastrtps_c
[1.073s] [ 98%] Built target turtlesim_s__rosidl_typesupport_introspection_c
[1.090s] reading manifest file 'turtlesim.egg-info/SOURCES.txt'
[1.092s] writing manifest file 'turtlesim.egg-info/SOURCES.txt'
[1.106s] [100%] Built target turtlesim_s__rosidl_typesupport_c
[1.124s] [100%] Built target ament_cmake_python_build_turtlesim_egg
