[0.007s] Invoking command in '/home/richard/ros2_ws/build/turtlesim': CMAKE_PREFIX_PATH=${CMAKE_PREFIX_PATH}:/opt/ros/jazzy DEBUGINFOD_URLS=https://debuginfod.ubuntu.com /usr/bin/cmake --build /home/richard/ros2_ws/build/turtlesim -- -j2 -l2
[0.096s] [  0%] Built target turtlesim__rosidl_generator_type_description
[0.096s] [  0%] Built target ament_cmake_python_copy_turtlesim
[0.138s] [ 23%] Built target turtlesim__rosidl_generator_c
[0.155s] [ 24%] Built target turtlesim__cpp
[0.216s] [ 33%] Built target turtlesim__rosidl_typesupport_cpp
[0.278s] [ 41%] Built target turtlesim__rosidl_typesupport_fastrtps_c
[0.330s] [ 50%] Built target turtlesim__rosidl_typesupport_fastrtps_cpp
[0.390s] [ 59%] Built target turtlesim__rosidl_typesupport_introspection_c
[0.455s] [ 68%] Built target turtlesim__rosidl_typesupport_c
[0.524s] [ 76%] Built target turtlesim__rosidl_typesupport_introspection_cpp
[0.614s] [ 81%] Built target turtlesim_node
[0.677s] [ 83%] Built target turtle_teleop_key
[0.684s] running egg_info
[0.720s] writing turtlesim.egg-info/PKG-INFO
[0.728s] writing dependency_links to turtlesim.egg-info/dependency_links.txt
[0.728s] writing top-level names to turtlesim.egg-info/top_level.txt
[0.740s] [ 84%] Built target draw_square
[0.794s] [ 86%] Built target mimic
[0.853s] [ 86%] Built target turtlesim
[0.882s] reading manifest file 'turtlesim.egg-info/SOURCES.txt'
[0.883s] writing manifest file 'turtlesim.egg-info/SOURCES.txt'
[0.901s] [ 86%] Built target turtlesim__py
[0.947s] [ 86%] Built target ament_cmake_python_build_turtlesim_egg
[0.954s] [ 94%] Built target turtlesim__rosidl_generator_py
[0.983s] [ 96%] Built target turtlesim_s__rosidl_typesupport_introspection_c
[0.997s] [ 98%] Built target turtlesim_s__rosidl_typesupport_fastrtps_c
[1.007s] [100%] Built target turtlesim_s__rosidl_typesupport_c
