[0.016s] Invoking command in '/home/richard/ros2_ws/build/turtlesim': CMAKE_PREFIX_PATH=${CMAKE_PREFIX_PATH}:/opt/ros/jazzy DEBUGINFOD_URLS=https://debuginfod.ubuntu.com /usr/bin/cmake --build /home/richard/ros2_ws/build/turtlesim -- -j2 -l2
[0.097s] [  0%] Built target turtlesim__rosidl_generator_type_description
[0.124s] [  0%] Built target ament_cmake_python_copy_turtlesim
[0.151s] [  1%] Built target turtlesim__cpp
[0.210s] [ 24%] Built target turtlesim__rosidl_generator_c
[0.282s] [ 33%] Built target turtlesim__rosidl_typesupport_cpp
[0.423s] [ 41%] Built target turtlesim__rosidl_typesupport_fastrtps_c
[0.545s] [ 50%] Built target turtlesim__rosidl_typesupport_fastrtps_cpp
[0.627s] [ 59%] Built target turtlesim__rosidl_typesupport_introspection_c
[0.678s] [ 68%] Built target turtlesim__rosidl_typesupport_c
[0.713s] [ 76%] Built target turtlesim__rosidl_typesupport_introspection_cpp
[0.760s] [ 81%] Built target turtlesim_node
[0.876s] running egg_info
[0.913s] [ 83%] Built target turtle_teleop_key
[0.913s] writing turtlesim.egg-info/PKG-INFO
[0.913s] writing dependency_links to turtlesim.egg-info/dependency_links.txt
[0.913s] writing top-level names to turtlesim.egg-info/top_level.txt
[0.913s] [ 84%] Built target draw_square
[0.961s] [ 86%] Built target mimic
[1.012s] [ 86%] Built target turtlesim
[1.057s] reading manifest file 'turtlesim.egg-info/SOURCES.txt'
[1.057s] writing manifest file 'turtlesim.egg-info/SOURCES.txt'
[1.086s] [ 86%] Built target turtlesim__py
[1.094s] [ 86%] Built target ament_cmake_python_build_turtlesim_egg
[1.128s] [ 94%] Built target turtlesim__rosidl_generator_py
[1.152s] [ 96%] Built target turtlesim_s__rosidl_typesupport_fastrtps_c
[1.154s] [ 98%] Built target turtlesim_s__rosidl_typesupport_introspection_c
[1.178s] [100%] Built target turtlesim_s__rosidl_typesupport_c
