[0.005s] Invoking command in '/home/richard/ros2_ws/build/turtlesim': CMAKE_PREFIX_PATH=${CMAKE_PREFIX_PATH}:/opt/ros/jazzy DEBUGINFOD_URLS=https://debuginfod.ubuntu.com /usr/bin/cmake --build /home/richard/ros2_ws/build/turtlesim -- -j2 -l2
[0.082s] [  0%] Built target turtlesim__rosidl_generator_type_description
[0.105s] [  1%] Built target turtlesim__cpp
[0.119s] [  1%] Built target ament_cmake_python_copy_turtlesim
[0.172s] [ 24%] Built target turtlesim__rosidl_generator_c
[0.230s] [ 33%] Built target turtlesim__rosidl_typesupport_cpp
[0.313s] [ 41%] Built target turtlesim__rosidl_typesupport_fastrtps_c
[0.381s] [ 50%] Built target turtlesim__rosidl_typesupport_fastrtps_cpp
[0.456s] [ 59%] Built target turtlesim__rosidl_typesupport_introspection_c
[0.532s] [ 68%] Built target turtlesim__rosidl_typesupport_c
[0.608s] running egg_info
[0.610s] [ 76%] Built target turtlesim__rosidl_typesupport_introspection_cpp
[0.659s] writing turtlesim.egg-info/PKG-INFO
[0.659s] writing dependency_links to turtlesim.egg-info/dependency_links.txt
[0.661s] writing top-level names to turtlesim.egg-info/top_level.txt
[0.698s] [ 81%] Built target turtlesim_node
[0.753s] [ 83%] Built target turtle_teleop_key
[0.770s] reading manifest file 'turtlesim.egg-info/SOURCES.txt'
[0.770s] writing manifest file 'turtlesim.egg-info/SOURCES.txt'
[0.798s] [ 84%] Built target draw_square
[0.809s] [ 84%] Built target ament_cmake_python_build_turtlesim_egg
[0.828s] [ 85%] Built target turtlesim
[0.829s] [ 86%] Built target mimic
[0.856s] [ 86%] Built target turtlesim__py
[0.886s] [ 94%] Built target turtlesim__rosidl_generator_py
[0.907s] [ 96%] Built target turtlesim_s__rosidl_typesupport_fastrtps_c
[0.908s] [ 98%] Built target turtlesim_s__rosidl_typesupport_introspection_c
[0.928s] [100%] Built target turtlesim_s__rosidl_typesupport_c
