[  0%] Built target ament_cmake_python_copy_turtlesim
[  0%] Built target turtlesim__rosidl_generator_type_description
[  1%] Built target turtlesim__cpp
[ 24%] Built target turtlesim__rosidl_generator_c
[ 33%] Built target turtlesim__rosidl_typesupport_cpp
[ 41%] Built target turtlesim__rosidl_typesupport_fastrtps_c
[ 50%] Built target turtlesim__rosidl_typesupport_fastrtps_cpp
[ 59%] Built target turtlesim__rosidl_typesupport_introspection_c
[ 68%] Built target turtlesim__rosidl_typesupport_c
[ 76%] Built target turtlesim__rosidl_typesupport_introspection_cpp
running egg_info
[ 81%] Built target turtlesim_node
writing turtlesim.egg-info/PKG-INFO
writing dependency_links to turtlesim.egg-info/dependency_links.txt
writing top-level names to turtlesim.egg-info/top_level.txt
[ 83%] Built target turtle_teleop_key
[ 84%] Built target draw_square
[ 86%] Built target mimic
reading manifest file 'turtlesim.egg-info/SOURCES.txt'
writing manifest file 'turtlesim.egg-info/SOURCES.txt'
[ 86%] Built target turtlesim
[ 86%] Built target turtlesim__py
[ 86%] Built target ament_cmake_python_build_turtlesim_egg
[ 94%] Built target turtlesim__rosidl_generator_py
[ 96%] Built target turtlesim_s__rosidl_typesupport_introspection_c
[ 98%] Built target turtlesim_s__rosidl_typesupport_fastrtps_c
[100%] Built target turtlesim_s__rosidl_typesupport_c
