[0.008s] Invoking command in '/home/richard/ros2_ws/build/turtlesim': CMAKE_PREFIX_PATH=${CMAKE_PREFIX_PATH}:/opt/ros/jazzy DEBUGINFOD_URLS=https://debuginfod.ubuntu.com /usr/bin/cmake --build /home/richard/ros2_ws/build/turtlesim -- -j2 -l2
[0.169s] [  0%] Built target turtlesim__rosidl_generator_type_description
[0.241s] [  0%] Built target ament_cmake_python_copy_turtlesim
[0.264s] [  1%] Built target turtlesim__cpp
[0.292s] [ 24%] Built target turtlesim__rosidl_generator_c
[0.723s] running egg_info
[0.747s] writing turtlesim.egg-info/PKG-INFO
[0.747s] writing dependency_links to turtlesim.egg-info/dependency_links.txt
[0.748s] writing top-level names to turtlesim.egg-info/top_level.txt
[0.844s] reading manifest file 'turtlesim.egg-info/SOURCES.txt'
[0.844s] writing manifest file 'turtlesim.egg-info/SOURCES.txt'
[0.884s] [ 24%] Built target ament_cmake_python_build_turtlesim_egg
[0.936s] [ 33%] Built target turtlesim__rosidl_typesupport_cpp
[0.968s] [ 41%] Built target turtlesim__rosidl_typesupport_fastrtps_c
[1.027s] [ 50%] Built target turtlesim__rosidl_typesupport_fastrtps_cpp
[1.057s] [ 59%] Built target turtlesim__rosidl_typesupport_introspection_c
[1.095s] [ 68%] Built target turtlesim__rosidl_typesupport_c
[1.131s] [ 76%] Built target turtlesim__rosidl_typesupport_introspection_cpp
[1.163s] [ 81%] Built target turtlesim_node
[1.202s] [ 83%] Built target turtle_teleop_key
[1.232s] [ 84%] Built target draw_square
[1.256s] [ 86%] Built target mimic
[1.281s] [ 86%] Built target turtlesim
[1.298s] [ 86%] Built target turtlesim__py
[1.331s] [ 94%] Built target turtlesim__rosidl_generator_py
[1.355s] [ 96%] Built target turtlesim_s__rosidl_typesupport_fastrtps_c
[1.386s] [ 98%] Built target turtlesim_s__rosidl_typesupport_introspection_c
[1.434s] [100%] Built target turtlesim_s__rosidl_typesupport_c
