[0.035s] Invoking command in '/home/richard/ros2_ws/build/tp1': CMAKE_PREFIX_PATH=${CMAKE_PREFIX_PATH}:/opt/ros/jazzy DEBUGINFOD_URLS=https://debuginfod.ubuntu.com /usr/bin/cmake --build /home/richard/ros2_ws/build/tp1 -- -j2 -l2
[0.097s] -- Found ament_cmake: 2.5.4 (/opt/ros/jazzy/share/ament_cmake/cmake)
[0.725s] [33mCMake Warning (dev) at /usr/share/cmake-3.28/Modules/FindOpenGL.cmake:381 (message):
[0.725s]   Policy CMP0072 is not set: FindOpenGL prefers GLVND by default when
[0.725s]   available.  Run "cmake --help-policy CMP0072" for policy details.  Use the
[0.725s]   cmake_policy command to set the policy and suppress this warning.
[0.726s] 
[0.726s]   FindOpenGL found both a legacy GL library:
[0.726s] 
[0.726s]     OPENGL_gl_LIBRARY: /usr/lib/x86_64-linux-gnu/libGL.so
[0.726s] 
[0.726s]   and GLVND libraries for OpenGL and GLX:
[0.726s] 
[0.726s]     OPENGL_opengl_LIBRARY: /usr/lib/x86_64-linux-gnu/libOpenGL.so
[0.726s]     OPENGL_glx_LIBRARY: /usr/lib/x86_64-linux-gnu/libGLX.so
[0.726s] 
[0.726s]   OpenGL_GL_PREFERENCE has not been set to "GLVND" or "LEGACY", so for
[0.726s]   compatibility with CMake 3.10 and below the legacy GL library will be used.
[0.727s] Call Stack (most recent call first):
[0.727s]   CMakeLists.txt:13 (find_package)
[0.727s] This warning is for project developers.  Use -Wno-dev to suppress it.
[0.729s] [0m
[0.748s] -- Found rclcpp: 28.1.9 (/opt/ros/jazzy/share/rclcpp/cmake)
[0.864s] -- Found rosidl_generator_c: 4.6.5 (/opt/ros/jazzy/share/rosidl_generator_c/cmake)
[0.911s] -- Found rosidl_generator_cpp: 4.6.5 (/opt/ros/jazzy/share/rosidl_generator_cpp/cmake)
[0.960s] -- Using all available rosidl_typesupport_c: rosidl_typesupport_fastrtps_c;rosidl_typesupport_introspection_c
[1.017s] -- Using all available rosidl_typesupport_cpp: rosidl_typesupport_fastrtps_cpp;rosidl_typesupport_introspection_cpp
[1.283s] -- Found rmw_implementation_cmake: 7.3.2 (/opt/ros/jazzy/share/rmw_implementation_cmake/cmake)
[1.294s] -- Found rmw_fastrtps_cpp: 8.4.2 (/opt/ros/jazzy/share/rmw_fastrtps_cpp/cmake)
[1.436s] -- Using RMW implementation 'rmw_fastrtps_cpp' as default
[1.679s] -- Found sensor_msgs: 5.3.6 (/opt/ros/jazzy/share/sensor_msgs/cmake)
[1.793s] -- Found nav_msgs: 5.3.6 (/opt/ros/jazzy/share/nav_msgs/cmake)
[1.843s] -- Found tf2: 0.36.10 (/opt/ros/jazzy/share/tf2/cmake)
[1.851s] -- Found tf2_geometry_msgs: 0.36.10 (/opt/ros/jazzy/share/tf2_geometry_msgs/cmake)
[1.863s] -- Found eigen3_cmake_module: 0.3.0 (/opt/ros/jazzy/share/eigen3_cmake_module/cmake)
[1.866s] -- Ensuring Eigen3 include directory is part of orocos-kdl CMake target
[2.127s] -- Found ament_lint_auto: 0.17.2 (/opt/ros/jazzy/share/ament_lint_auto/cmake)
[2.265s] -- Added test 'cppcheck' to perform static code analysis on C / C++ code
[2.266s] -- Configured cppcheck include dirs: $<BUILD_INTERFACE:/home/richard/ros2_ws/src/tp1/include>
[2.266s] -- Configured cppcheck exclude dirs and/or files: 
[2.267s] -- Added test 'flake8' to check Python code syntax and style conventions
[2.268s] -- Configured 'flake8' exclude dirs and/or files: 
[2.268s] -- Added test 'lint_cmake' to check CMake code style
[2.270s] -- Added test 'pep257' to check Python code against some of the docstring style conventions in PEP 257
[2.272s] -- Added test 'uncrustify' to check C / C++ code style
[2.273s] -- Configured uncrustify additional arguments: 
[2.273s] -- Added test 'xmllint' to check XML markup files
[2.276s] -- Configuring done (2.2s)
[2.305s] -- Generating done (0.0s)
[2.314s] -- Build files have been written to: /home/richard/ros2_ws/build/tp1
[2.390s] [ 16%] [32m[1mLinking CXX executable navigation[0m
[2.932s] /usr/bin/ld: CMakeFiles/navigation.dir/src/Utils.cpp.o: aviso: relocalização contra "_ZTVN4YAML13BadConversionE" em secção só de leitura ".text._ZN4YAML13BadConversionC2ERKNS_4MarkE[_ZN4YAML13BadConversionC5ERKNS_4MarkE]"
[3.029s] /usr/bin/ld: CMakeFiles/navigation.dir/src/Utils.cpp.o: na função "getConfigs()":
[3.030s] Utils.cpp:(.text+0x249): undefined reference to `YAML::LoadFile(std::__cxx11::basic_string<char, std::char_traits<char>, std::allocator<char> > const&)'
[3.031s] /usr/bin/ld: CMakeFiles/navigation.dir/src/Utils.cpp.o: na função "YAML::Exception::Exception(YAML::Mark const&, std::__cxx11::basic_string<char, std::char_traits<char>, std::allocator<char> > const&)":
[3.031s] Utils.cpp:(.text._ZN4YAML9ExceptionC2ERKNS_4MarkERKNSt7__cxx1112basic_stringIcSt11char_traitsIcESaIcEEE[_ZN4YAML9ExceptionC5ERKNS_4MarkERKNSt7__cxx1112basic_stringIcSt11char_traitsIcESaIcEEE]+0x61): undefined reference to `vtable for YAML::Exception'
[3.032s] /usr/bin/ld: CMakeFiles/navigation.dir/src/Utils.cpp.o: na função "YAML::RepresentationException::RepresentationException(YAML::Mark const&, std::__cxx11::basic_string<char, std::char_traits<char>, std::allocator<char> > const&)":
[3.032s] Utils.cpp:(.text._ZN4YAML23RepresentationExceptionC2ERKNS_4MarkERKNSt7__cxx1112basic_stringIcSt11char_traitsIcESaIcEEE[_ZN4YAML23RepresentationExceptionC5ERKNS_4MarkERKNSt7__cxx1112basic_stringIcSt11char_traitsIcESaIcEEE]+0x32): undefined reference to `vtable for YAML::RepresentationException'
[3.032s] /usr/bin/ld: CMakeFiles/navigation.dir/src/Utils.cpp.o: na função "YAML::InvalidNode::InvalidNode(std::__cxx11::basic_string<char, std::char_traits<char>, std::allocator<char> > const&)":
[3.032s] Utils.cpp:(.text._ZN4YAML11InvalidNodeC2ERKNSt7__cxx1112basic_stringIcSt11char_traitsIcESaIcEEE[_ZN4YAML11InvalidNodeC5ERKNSt7__cxx1112basic_stringIcSt11char_traitsIcESaIcEEE]+0x71): undefined reference to `vtable for YAML::InvalidNode'
[3.032s] /usr/bin/ld: CMakeFiles/navigation.dir/src/Utils.cpp.o: na função "YAML::BadConversion::BadConversion(YAML::Mark const&)":
[3.032s] Utils.cpp:(.text._ZN4YAML13BadConversionC2ERKNS_4MarkE[_ZN4YAML13BadConversionC5ERKNS_4MarkE]+0x7b): undefined reference to `vtable for YAML::BadConversion'
[3.032s] /usr/bin/ld: CMakeFiles/navigation.dir/src/Utils.cpp.o: na função "YAML::detail::memory_holder::create_node()":
[3.032s] Utils.cpp:(.text._ZN4YAML6detail13memory_holder11create_nodeEv[_ZN4YAML6detail13memory_holder11create_nodeEv]+0x20): undefined reference to `YAML::detail::memory::create_node()'
[3.032s] /usr/bin/ld: CMakeFiles/navigation.dir/src/Utils.cpp.o: na função "YAML::detail::node_ref::mark_defined()":
[3.033s] Utils.cpp:(.text._ZN4YAML6detail8node_ref12mark_definedEv[_ZN4YAML6detail8node_ref12mark_definedEv]+0x20): undefined reference to `YAML::detail::node_data::mark_defined()'
[3.033s] /usr/bin/ld: CMakeFiles/navigation.dir/src/Utils.cpp.o: na função "YAML::detail::node_ref::set_null()":
[3.033s] Utils.cpp:(.text._ZN4YAML6detail8node_ref8set_nullEv[_ZN4YAML6detail8node_ref8set_nullEv]+0x20): undefined reference to `YAML::detail::node_data::set_null()'
[3.035s] /usr/bin/ld: CMakeFiles/navigation.dir/src/Utils.cpp.o: na função "YAML::detail::node_ref::set_scalar(std::__cxx11::basic_string<char, std::char_traits<char>, std::allocator<char> > const&)":
[3.037s] Utils.cpp:(.text._ZN4YAML6detail8node_ref10set_scalarERKNSt7__cxx1112basic_stringIcSt11char_traitsIcESaIcEEE[_ZN4YAML6detail8node_ref10set_scalarERKNSt7__cxx1112basic_stringIcSt11char_traitsIcESaIcEEE]+0x2e): undefined reference to `YAML::detail::node_data::set_scalar(std::__cxx11::basic_string<char, std::char_traits<char>, std::allocator<char> > const&)'
[3.037s] /usr/bin/ld: CMakeFiles/navigation.dir/src/Utils.cpp.o: na função "YAML::Node::EnsureNodeExists() const":
[3.037s] Utils.cpp:(.text._ZNK4YAML4Node16EnsureNodeExistsEv[_ZNK4YAML4Node16EnsureNodeExistsEv]+0x46): undefined reference to `YAML::InvalidNode::~InvalidNode()'
[3.037s] /usr/bin/ld: Utils.cpp:(.text._ZNK4YAML4Node16EnsureNodeExistsEv[_ZNK4YAML4Node16EnsureNodeExistsEv]+0x50): undefined reference to `typeinfo for YAML::InvalidNode'
[3.037s] /usr/bin/ld: CMakeFiles/navigation.dir/src/Utils.cpp.o: na função "YAML::Node::Mark() const":
[3.037s] Utils.cpp:(.text._ZNK4YAML4Node4MarkEv[_ZNK4YAML4Node4MarkEv]+0x44): undefined reference to `YAML::InvalidNode::~InvalidNode()'
[3.037s] /usr/bin/ld: Utils.cpp:(.text._ZNK4YAML4Node4MarkEv[_ZNK4YAML4Node4MarkEv]+0x4e): undefined reference to `typeinfo for YAML::InvalidNode'
[3.037s] /usr/bin/ld: CMakeFiles/navigation.dir/src/Utils.cpp.o: na função "YAML::Node::Type() const":
[3.037s] Utils.cpp:(.text._ZNK4YAML4Node4TypeEv[_ZNK4YAML4Node4TypeEv]+0x44): undefined reference to `YAML::InvalidNode::~InvalidNode()'
[3.037s] /usr/bin/ld: Utils.cpp:(.text._ZNK4YAML4Node4TypeEv[_ZNK4YAML4Node4TypeEv]+0x4e): undefined reference to `typeinfo for YAML::InvalidNode'
[3.038s] /usr/bin/ld: CMakeFiles/navigation.dir/src/Utils.cpp.o: na função "YAML::TypedBadConversion<std::__cxx11::basic_string<char, std::char_traits<char>, std::allocator<char> > >::~TypedBadConversion()":
[3.038s] Utils.cpp:(.text._ZN4YAML18TypedBadConversionINSt7__cxx1112basic_stringIcSt11char_traitsIcESaIcEEEED2Ev[_ZN4YAML18TypedBadConversionINSt7__cxx1112basic_stringIcSt11char_traitsIcESaIcEEEED5Ev]+0x26): undefined reference to `YAML::BadConversion::~BadConversion()'
[3.038s] /usr/bin/ld: CMakeFiles/navigation.dir/src/Utils.cpp.o: na função "YAML::Node::Scalar[abi:cxx11]() const":
[3.038s] Utils.cpp:(.text._ZNK4YAML4Node6ScalarB5cxx11Ev[_ZNK4YAML4Node6ScalarB5cxx11Ev]+0x44): undefined reference to `YAML::InvalidNode::~InvalidNode()'
[3.038s] /usr/bin/ld: Utils.cpp:(.text._ZNK4YAML4Node6ScalarB5cxx11Ev[_ZNK4YAML4Node6ScalarB5cxx11Ev]+0x4e): undefined reference to `typeinfo for YAML::InvalidNode'
[3.038s] /usr/bin/ld: Utils.cpp:(.text._ZNK4YAML4Node6ScalarB5cxx11Ev[_ZNK4YAML4Node6ScalarB5cxx11Ev]+0x7d): undefined reference to `YAML::detail::node_data::empty_scalar[abi:cxx11]()'
[3.039s] /usr/bin/ld: CMakeFiles/navigation.dir/src/Utils.cpp.o: na função "std::__cxx11::basic_string<char, std::char_traits<char>, std::allocator<char> > YAML::Node::as<std::__cxx11::basic_string<char, std::char_traits<char>, std::allocator<char> > >() const":
[3.039s] Utils.cpp:(.text._ZNK4YAML4Node2asINSt7__cxx1112basic_stringIcSt11char_traitsIcESaIcEEEEET_v[_ZNK4YAML4Node2asINSt7__cxx1112basic_stringIcSt11char_traitsIcESaIcEEEEET_v]+0x6b): undefined reference to `YAML::InvalidNode::~InvalidNode()'
[3.041s] /usr/bin/ld: Utils.cpp:(.text._ZNK4YAML4Node2asINSt7__cxx1112basic_stringIcSt11char_traitsIcESaIcEEEEET_v[_ZNK4YAML4Node2asINSt7__cxx1112basic_stringIcSt11char_traitsIcESaIcEEEEET_v]+0x75): undefined reference to `typeinfo for YAML::InvalidNode'
[3.041s] /usr/bin/ld: CMakeFiles/navigation.dir/src/Utils.cpp.o: na função "double YAML::Node::as<double>() const":
[3.041s] Utils.cpp:(.text._ZNK4YAML4Node2asIdEET_v[_ZNK4YAML4Node2asIdEET_v]+0x67): undefined reference to `YAML::InvalidNode::~InvalidNode()'
[3.041s] /usr/bin/ld: Utils.cpp:(.text._ZNK4YAML4Node2asIdEET_v[_ZNK4YAML4Node2asIdEET_v]+0x71): undefined reference to `typeinfo for YAML::InvalidNode'
[3.041s] /usr/bin/ld: CMakeFiles/navigation.dir/src/Utils.cpp.o: na função "bool YAML::Node::as<bool>() const":
[3.042s] Utils.cpp:(.text._ZNK4YAML4Node2asIbEET_v[_ZNK4YAML4Node2asIbEET_v]+0x67): undefined reference to `YAML::InvalidNode::~InvalidNode()'
[3.042s] /usr/bin/ld: Utils.cpp:(.text._ZNK4YAML4Node2asIbEET_v[_ZNK4YAML4Node2asIbEET_v]+0x71): undefined reference to `typeinfo for YAML::InvalidNode'
[3.042s] /usr/bin/ld: CMakeFiles/navigation.dir/src/Utils.cpp.o: na função "YAML::TypedBadConversion<double>::~TypedBadConversion()":
[3.042s] Utils.cpp:(.text._ZN4YAML18TypedBadConversionIdED2Ev[_ZN4YAML18TypedBadConversionIdED5Ev]+0x26): undefined reference to `YAML::BadConversion::~BadConversion()'
[3.042s] /usr/bin/ld: CMakeFiles/navigation.dir/src/Utils.cpp.o: na função "YAML::TypedBadConversion<bool>::~TypedBadConversion()":
[3.042s] Utils.cpp:(.text._ZN4YAML18TypedBadConversionIbED2Ev[_ZN4YAML18TypedBadConversionIbED5Ev]+0x26): undefined reference to `YAML::BadConversion::~BadConversion()'
[3.042s] /usr/bin/ld: CMakeFiles/navigation.dir/src/Utils.cpp.o: na função "YAML::as_if<bool, void>::operator()() const":
[3.042s] Utils.cpp:(.text._ZNK4YAML5as_ifIbvEclEv[_ZNK4YAML5as_ifIbvEclEv]+0xae): undefined reference to `YAML::convert<bool>::decode(YAML::Node const&, bool&)'
[3.042s] /usr/bin/ld: CMakeFiles/navigation.dir/src/Utils.cpp.o: na função "YAML::detail::node& YAML::detail::node_data::get<char [5]>(char const (&) [5], std::shared_ptr<YAML::detail::memory_holder>)":
[3.042s] Utils.cpp:(.text._ZN4YAML6detail9node_data3getIA5_cEERNS0_4nodeERKT_St10shared_ptrINS0_13memory_holderEE[_ZN4YAML6detail9node_data3getIA5_cEERNS0_4nodeERKT_St10shared_ptrINS0_13memory_holderEE]+0xd3): undefined reference to `YAML::detail::node_data::convert_to_map(std::shared_ptr<YAML::detail::memory_holder> const&)'
[3.042s] /usr/bin/ld: Utils.cpp:(.text._ZN4YAML6detail9node_data3getIA5_cEERNS0_4nodeERKT_St10shared_ptrINS0_13memory_holderEE[_ZN4YAML6detail9node_data3getIA5_cEERNS0_4nodeERKT_St10shared_ptrINS0_13memory_holderEE]+0x117): undefined reference to `YAML::BadSubscript::~BadSubscript()'
[3.043s] /usr/bin/ld: Utils.cpp:(.text._ZN4YAML6detail9node_data3getIA5_cEERNS0_4nodeERKT_St10shared_ptrINS0_13memory_holderEE[_ZN4YAML6detail9node_data3getIA5_cEERNS0_4nodeERKT_St10shared_ptrINS0_13memory_holderEE]+0x121): undefined reference to `typeinfo for YAML::BadSubscript'
[3.043s] /usr/bin/ld: Utils.cpp:(.text._ZN4YAML6detail9node_data3getIA5_cEERNS0_4nodeERKT_St10shared_ptrINS0_13memory_holderEE[_ZN4YAML6detail9node_data3getIA5_cEERNS0_4nodeERKT_St10shared_ptrINS0_13memory_holderEE]+0x20f): undefined reference to `YAML::detail::node_data::insert_map_pair(YAML::detail::node&, YAML::detail::node&)'
[3.043s] /usr/bin/ld: CMakeFiles/navigation.dir/src/Utils.cpp.o: na função "YAML::detail::node& YAML::detail::node_data::get<char [8]>(char const (&) [8], std::shared_ptr<YAML::detail::memory_holder>)":
[3.043s] Utils.cpp:(.text._ZN4YAML6detail9node_data3getIA8_cEERNS0_4nodeERKT_St10shared_ptrINS0_13memory_holderEE[_ZN4YAML6detail9node_data3getIA8_cEERNS0_4nodeERKT_St10shared_ptrINS0_13memory_holderEE]+0xd3): undefined reference to `YAML::detail::node_data::convert_to_map(std::shared_ptr<YAML::detail::memory_holder> const&)'
[3.047s] /usr/bin/ld: Utils.cpp:(.text._ZN4YAML6detail9node_data3getIA8_cEERNS0_4nodeERKT_St10shared_ptrINS0_13memory_holderEE[_ZN4YAML6detail9node_data3getIA8_cEERNS0_4nodeERKT_St10shared_ptrINS0_13memory_holderEE]+0x117): undefined reference to `YAML::BadSubscript::~BadSubscript()'
[3.047s] /usr/bin/ld: Utils.cpp:(.text._ZN4YAML6detail9node_data3getIA8_cEERNS0_4nodeERKT_St10shared_ptrINS0_13memory_holderEE[_ZN4YAML6detail9node_data3getIA8_cEERNS0_4nodeERKT_St10shared_ptrINS0_13memory_holderEE]+0x121): undefined reference to `typeinfo for YAML::BadSubscript'
[3.047s] /usr/bin/ld: Utils.cpp:(.text._ZN4YAML6detail9node_data3getIA8_cEERNS0_4nodeERKT_St10shared_ptrINS0_13memory_holderEE[_ZN4YAML6detail9node_data3getIA8_cEERNS0_4nodeERKT_St10shared_ptrINS0_13memory_holderEE]+0x20f): undefined reference to `YAML::detail::node_data::insert_map_pair(YAML::detail::node&, YAML::detail::node&)'
[3.047s] /usr/bin/ld: CMakeFiles/navigation.dir/src/Utils.cpp.o: na função "YAML::detail::node& YAML::detail::node_data::get<char [13]>(char const (&) [13], std::shared_ptr<YAML::detail::memory_holder>)":
[3.047s] Utils.cpp:(.text._ZN4YAML6detail9node_data3getIA13_cEERNS0_4nodeERKT_St10shared_ptrINS0_13memory_holderEE[_ZN4YAML6detail9node_data3getIA13_cEERNS0_4nodeERKT_St10shared_ptrINS0_13memory_holderEE]+0xd3): undefined reference to `YAML::detail::node_data::convert_to_map(std::shared_ptr<YAML::detail::memory_holder> const&)'
[3.047s] /usr/bin/ld: Utils.cpp:(.text._ZN4YAML6detail9node_data3getIA13_cEERNS0_4nodeERKT_St10shared_ptrINS0_13memory_holderEE[_ZN4YAML6detail9node_data3getIA13_cEERNS0_4nodeERKT_St10shared_ptrINS0_13memory_holderEE]+0x117): undefined reference to `YAML::BadSubscript::~BadSubscript()'
[3.047s] /usr/bin/ld: Utils.cpp:(.text._ZN4YAML6detail9node_data3getIA13_cEERNS0_4nodeERKT_St10shared_ptrINS0_13memory_holderEE[_ZN4YAML6detail9node_data3getIA13_cEERNS0_4nodeERKT_St10shared_ptrINS0_13memory_holderEE]+0x121): undefined reference to `typeinfo for YAML::BadSubscript'
[3.048s] /usr/bin/ld: Utils.cpp:(.text._ZN4YAML6detail9node_data3getIA13_cEERNS0_4nodeERKT_St10shared_ptrINS0_13memory_holderEE[_ZN4YAML6detail9node_data3getIA13_cEERNS0_4nodeERKT_St10shared_ptrINS0_13memory_holderEE]+0x20f): undefined reference to `YAML::detail::node_data::insert_map_pair(YAML::detail::node&, YAML::detail::node&)'
[3.048s] /usr/bin/ld: CMakeFiles/navigation.dir/src/Utils.cpp.o: na função "YAML::detail::node& YAML::detail::node_data::get<char [6]>(char const (&) [6], std::shared_ptr<YAML::detail::memory_holder>)":
[3.048s] Utils.cpp:(.text._ZN4YAML6detail9node_data3getIA6_cEERNS0_4nodeERKT_St10shared_ptrINS0_13memory_holderEE[_ZN4YAML6detail9node_data3getIA6_cEERNS0_4nodeERKT_St10shared_ptrINS0_13memory_holderEE]+0xd3): undefined reference to `YAML::detail::node_data::convert_to_map(std::shared_ptr<YAML::detail::memory_holder> const&)'
[3.048s] /usr/bin/ld: Utils.cpp:(.text._ZN4YAML6detail9node_data3getIA6_cEERNS0_4nodeERKT_St10shared_ptrINS0_13memory_holderEE[_ZN4YAML6detail9node_data3getIA6_cEERNS0_4nodeERKT_St10shared_ptrINS0_13memory_holderEE]+0x117): undefined reference to `YAML::BadSubscript::~BadSubscript()'
[3.048s] /usr/bin/ld: Utils.cpp:(.text._ZN4YAML6detail9node_data3getIA6_cEERNS0_4nodeERKT_St10shared_ptrINS0_13memory_holderEE[_ZN4YAML6detail9node_data3getIA6_cEERNS0_4nodeERKT_St10shared_ptrINS0_13memory_holderEE]+0x121): undefined reference to `typeinfo for YAML::BadSubscript'
[3.048s] /usr/bin/ld: Utils.cpp:(.text._ZN4YAML6detail9node_data3getIA6_cEERNS0_4nodeERKT_St10shared_ptrINS0_13memory_holderEE[_ZN4YAML6detail9node_data3getIA6_cEERNS0_4nodeERKT_St10shared_ptrINS0_13memory_holderEE]+0x20f): undefined reference to `YAML::detail::node_data::insert_map_pair(YAML::detail::node&, YAML::detail::node&)'
[3.048s] /usr/bin/ld: CMakeFiles/navigation.dir/src/Utils.cpp.o: na função "YAML::BadSubscript::BadSubscript<char [5]>(YAML::Mark const&, char const (&) [5])":
[3.048s] Utils.cpp:(.text._ZN4YAML12BadSubscriptC2IA5_cEERKNS_4MarkERKT_[_ZN4YAML12BadSubscriptC5IA5_cEERKNS_4MarkERKT_]+0x61): undefined reference to `vtable for YAML::BadSubscript'
[3.048s] /usr/bin/ld: CMakeFiles/navigation.dir/src/Utils.cpp.o: na função "YAML::detail::node& YAML::detail::node_data::convert_to_node<char [5]>(char const (&) [5], std::shared_ptr<YAML::detail::memory_holder>)":
[3.048s] Utils.cpp:(.text._ZN4YAML6detail9node_data15convert_to_nodeIA5_cEERNS0_4nodeERKT_St10shared_ptrINS0_13memory_holderEE[_ZN4YAML6detail9node_data15convert_to_nodeIA5_cEERNS0_4nodeERKT_St10shared_ptrINS0_13memory_holderEE]+0x69): undefined reference to `YAML::detail::memory_holder::merge(YAML::detail::memory_holder&)'
[3.049s] /usr/bin/ld: CMakeFiles/navigation.dir/src/Utils.cpp.o: na função "YAML::BadSubscript::BadSubscript<char [8]>(YAML::Mark const&, char const (&) [8])":
[3.049s] Utils.cpp:(.text._ZN4YAML12BadSubscriptC2IA8_cEERKNS_4MarkERKT_[_ZN4YAML12BadSubscriptC5IA8_cEERKNS_4MarkERKT_]+0x61): undefined reference to `vtable for YAML::BadSubscript'
[3.049s] /usr/bin/ld: CMakeFiles/navigation.dir/src/Utils.cpp.o: na função "YAML::detail::node& YAML::detail::node_data::convert_to_node<char [8]>(char const (&) [8], std::shared_ptr<YAML::detail::memory_holder>)":
[3.049s] Utils.cpp:(.text._ZN4YAML6detail9node_data15convert_to_nodeIA8_cEERNS0_4nodeERKT_St10shared_ptrINS0_13memory_holderEE[_ZN4YAML6detail9node_data15convert_to_nodeIA8_cEERNS0_4nodeERKT_St10shared_ptrINS0_13memory_holderEE]+0x69): undefined reference to `YAML::detail::memory_holder::merge(YAML::detail::memory_holder&)'
[3.049s] /usr/bin/ld: CMakeFiles/navigation.dir/src/Utils.cpp.o: na função "YAML::BadSubscript::BadSubscript<char [13]>(YAML::Mark const&, char const (&) [13])":
[3.049s] Utils.cpp:(.text._ZN4YAML12BadSubscriptC2IA13_cEERKNS_4MarkERKT_[_ZN4YAML12BadSubscriptC5IA13_cEERKNS_4MarkERKT_]+0x61): undefined reference to `vtable for YAML::BadSubscript'
[3.049s] /usr/bin/ld: CMakeFiles/navigation.dir/src/Utils.cpp.o: na função "YAML::detail::node& YAML::detail::node_data::convert_to_node<char [13]>(char const (&) [13], std::shared_ptr<YAML::detail::memory_holder>)":
[3.049s] Utils.cpp:(.text._ZN4YAML6detail9node_data15convert_to_nodeIA13_cEERNS0_4nodeERKT_St10shared_ptrINS0_13memory_holderEE[_ZN4YAML6detail9node_data15convert_to_nodeIA13_cEERNS0_4nodeERKT_St10shared_ptrINS0_13memory_holderEE]+0x69): undefined reference to `YAML::detail::memory_holder::merge(YAML::detail::memory_holder&)'
[3.049s] /usr/bin/ld: CMakeFiles/navigation.dir/src/Utils.cpp.o: na função "YAML::BadSubscript::BadSubscript<char [6]>(YAML::Mark const&, char const (&) [6])":
[3.049s] Utils.cpp:(.text._ZN4YAML12BadSubscriptC2IA6_cEERKNS_4MarkERKT_[_ZN4YAML12BadSubscriptC5IA6_cEERKNS_4MarkERKT_]+0x61): undefined reference to `vtable for YAML::BadSubscript'
[3.055s] /usr/bin/ld: CMakeFiles/navigation.dir/src/Utils.cpp.o: na função "YAML::detail::node& YAML::detail::node_data::convert_to_node<char [6]>(char const (&) [6], std::shared_ptr<YAML::detail::memory_holder>)":
[3.055s] Utils.cpp:(.text._ZN4YAML6detail9node_data15convert_to_nodeIA6_cEERNS0_4nodeERKT_St10shared_ptrINS0_13memory_holderEE[_ZN4YAML6detail9node_data15convert_to_nodeIA6_cEERNS0_4nodeERKT_St10shared_ptrINS0_13memory_holderEE]+0x69): undefined reference to `YAML::detail::memory_holder::merge(YAML::detail::memory_holder&)'
[3.055s] /usr/bin/ld: CMakeFiles/navigation.dir/src/Utils.cpp.o:(.data.rel.ro._ZTIN4YAML18TypedBadConversionIbEE[_ZTIN4YAML18TypedBadConversionIbEE]+0x10): undefined reference to `typeinfo for YAML::BadConversion'
[3.056s] /usr/bin/ld: CMakeFiles/navigation.dir/src/Utils.cpp.o:(.data.rel.ro._ZTIN4YAML18TypedBadConversionIdEE[_ZTIN4YAML18TypedBadConversionIdEE]+0x10): undefined reference to `typeinfo for YAML::BadConversion'
[3.056s] /usr/bin/ld: CMakeFiles/navigation.dir/src/Utils.cpp.o:(.data.rel.ro._ZTIN4YAML18TypedBadConversionINSt7__cxx1112basic_stringIcSt11char_traitsIcESaIcEEEEE[_ZTIN4YAML18TypedBadConversionINSt7__cxx1112basic_stringIcSt11char_traitsIcESaIcEEEEE]+0x10): undefined reference to `typeinfo for YAML::BadConversion'
[3.087s] /usr/bin/ld: aviso: a criar DT_TEXTREL num PIE.
[3.102s] collect2: error: ld returned 1 exit status
[3.109s] gmake[2]: *** [CMakeFiles/navigation.dir/build.make:290: navigation] Erro 1
[3.109s] gmake[1]: *** [CMakeFiles/Makefile2:137: CMakeFiles/navigation.dir/all] Erro 2
[3.110s] gmake: *** [Makefile:146: all] Erro 2
[3.116s] Invoked command in '/home/richard/ros2_ws/build/tp1' returned '2': CMAKE_PREFIX_PATH=${CMAKE_PREFIX_PATH}:/opt/ros/jazzy DEBUGINFOD_URLS=https://debuginfod.ubuntu.com /usr/bin/cmake --build /home/richard/ros2_ws/build/tp1 -- -j2 -l2
