[0.008s] Invoking command in '/home/richard/ros2_ws/build/turtlesim': CMAKE_PREFIX_PATH=${CMAKE_PREFIX_PATH}:/opt/ros/jazzy DEBUGINFOD_URLS=https://debuginfod.ubuntu.com /usr/bin/cmake --build /home/richard/ros2_ws/build/turtlesim -- -j2 -l2
[0.094s] [  0%] Built target turtlesim__rosidl_generator_type_description
[0.105s] [  0%] Built target ament_cmake_python_copy_turtlesim
[0.139s] [ 23%] Built target turtlesim__rosidl_generator_c
[0.146s] [ 24%] Built target turtlesim__cpp
[0.177s] [ 33%] Built target turtlesim__rosidl_typesupport_cpp
[0.205s] [ 41%] Built target turtlesim__rosidl_typesupport_fastrtps_c
[0.240s] [ 50%] Built target turtlesim__rosidl_typesupport_fastrtps_cpp
[0.262s] [ 59%] Built target turtlesim__rosidl_typesupport_introspection_c
[0.294s] [ 68%] Built target turtlesim__rosidl_typesupport_c
[0.337s] [ 76%] Built target turtlesim__rosidl_typesupport_introspection_cpp
[0.381s] [ 81%] Built target turtlesim_node
[0.418s] [ 83%] Built target turtle_teleop_key
[0.475s] [ 84%] Built target draw_square
[0.547s] [ 86%] Built target mimic
[0.622s] [ 86%] Built target turtlesim
[0.622s] running egg_info
[0.673s] [ 86%] Built target turtlesim__py
[0.674s] writing turtlesim.egg-info/PKG-INFO
[0.675s] writing dependency_links to turtlesim.egg-info/dependency_links.txt
[0.675s] writing top-level names to turtlesim.egg-info/top_level.txt
[0.723s] [ 94%] Built target turtlesim__rosidl_generator_py
[0.768s] [ 96%] Built target turtlesim_s__rosidl_typesupport_fastrtps_c
[0.776s] reading manifest file 'turtlesim.egg-info/SOURCES.txt'
[0.777s] writing manifest file 'turtlesim.egg-info/SOURCES.txt'
[0.793s] [ 98%] Built target turtlesim_s__rosidl_typesupport_introspection_c
[0.804s] [ 98%] Built target ament_cmake_python_build_turtlesim_egg
[0.817s] [100%] Built target turtlesim_s__rosidl_typesupport_c
