[0.013s] Invoking command in '/home/richard/ros2_ws/build/turtlesim': CMAKE_PREFIX_PATH=${CMAKE_PREFIX_PATH}:/opt/ros/jazzy DEBUGINFOD_URLS=https://debuginfod.ubuntu.com /usr/bin/cmake --build /home/richard/ros2_ws/build/turtlesim -- -j2 -l2
[0.091s] [  0%] Built target turtlesim__rosidl_generator_type_description
[0.105s] [  0%] Built target ament_cmake_python_copy_turtlesim
[0.131s] [  1%] Built target turtlesim__cpp
[0.154s] [ 24%] Built target turtlesim__rosidl_generator_c
[0.209s] [ 33%] Built target turtlesim__rosidl_typesupport_cpp
[0.270s] [ 41%] Built target turtlesim__rosidl_typesupport_fastrtps_c
[0.353s] [ 50%] Built target turtlesim__rosidl_typesupport_fastrtps_cpp
[0.468s] [ 59%] Built target turtlesim__rosidl_typesupport_introspection_c
[0.571s] [ 68%] Built target turtlesim__rosidl_typesupport_c
[0.656s] [ 76%] Built target turtlesim__rosidl_typesupport_introspection_cpp
[0.669s] running egg_info
[0.713s] writing turtlesim.egg-info/PKG-INFO
[0.717s] writing dependency_links to turtlesim.egg-info/dependency_links.txt
[0.717s] writing top-level names to turtlesim.egg-info/top_level.txt
[0.733s] [ 81%] Built target turtlesim_node
[0.796s] [ 83%] Built target turtle_teleop_key
[0.836s] [ 84%] Built target draw_square
[0.845s] reading manifest file 'turtlesim.egg-info/SOURCES.txt'
[0.845s] writing manifest file 'turtlesim.egg-info/SOURCES.txt'
[0.869s] [ 86%] Built target mimic
[0.888s] [ 86%] Built target ament_cmake_python_build_turtlesim_egg
[0.890s] [ 86%] Built target turtlesim
[0.913s] [ 86%] Built target turtlesim__py
[0.939s] [ 94%] Built target turtlesim__rosidl_generator_py
[0.967s] [ 96%] Built target turtlesim_s__rosidl_typesupport_introspection_c
[0.968s] [ 98%] Built target turtlesim_s__rosidl_typesupport_fastrtps_c
[0.989s] [100%] Built target turtlesim_s__rosidl_typesupport_c
