[0.006s] Invoking command in '/home/richard/ros2_ws/build/turtlesim': CMAKE_PREFIX_PATH=${CMAKE_PREFIX_PATH}:/opt/ros/jazzy DEBUGINFOD_URLS=https://debuginfod.ubuntu.com /usr/bin/cmake --build /home/richard/ros2_ws/build/turtlesim -- -j2 -l2
[0.106s] [  0%] Built target turtlesim__rosidl_generator_type_description
[0.107s] [  0%] Built target ament_cmake_python_copy_turtlesim
[0.148s] [  1%] Built target turtlesim__cpp
[0.157s] [ 24%] Built target turtlesim__rosidl_generator_c
[0.217s] [ 33%] Built target turtlesim__rosidl_typesupport_cpp
[0.281s] [ 41%] Built target turtlesim__rosidl_typesupport_fastrtps_c
[0.410s] [ 50%] Built target turtlesim__rosidl_typesupport_fastrtps_cpp
[0.534s] [ 59%] Built target turtlesim__rosidl_typesupport_introspection_c
[0.636s] [ 68%] Built target turtlesim__rosidl_typesupport_c
[0.698s] [ 76%] Built target turtlesim__rosidl_typesupport_introspection_cpp
[0.737s] [ 81%] Built target turtlesim_node
[0.741s] running egg_info
[0.770s] [ 83%] Built target turtle_teleop_key
[0.775s] writing turtlesim.egg-info/PKG-INFO
[0.777s] writing dependency_links to turtlesim.egg-info/dependency_links.txt
[0.777s] writing top-level names to turtlesim.egg-info/top_level.txt
[0.802s] [ 84%] Built target draw_square
[0.835s] [ 86%] Built target mimic
[0.860s] [ 86%] Built target turtlesim
[0.862s] reading manifest file 'turtlesim.egg-info/SOURCES.txt'
[0.863s] writing manifest file 'turtlesim.egg-info/SOURCES.txt'
[0.882s] [ 86%] Built target turtlesim__py
[0.891s] [ 86%] Built target ament_cmake_python_build_turtlesim_egg
[0.907s] [ 94%] Built target turtlesim__rosidl_generator_py
[0.934s] [ 96%] Built target turtlesim_s__rosidl_typesupport_fastrtps_c
[0.939s] [ 98%] Built target turtlesim_s__rosidl_typesupport_introspection_c
[0.957s] [100%] Built target turtlesim_s__rosidl_typesupport_c
