[0.012s] Invoking command in '/home/richard/ros2_ws/build/turtlesim': CMAKE_PREFIX_PATH=${CMAKE_PREFIX_PATH}:/opt/ros/jazzy DEBUGINFOD_URLS=https://debuginfod.ubuntu.com /usr/bin/cmake --build /home/richard/ros2_ws/build/turtlesim -- -j2 -l2
[0.104s] [  0%] Built target turtlesim__rosidl_generator_type_description
[0.127s] [  0%] Built target ament_cmake_python_copy_turtlesim
[0.151s] [  1%] Built target turtlesim__cpp
[0.166s] [ 24%] Built target turtlesim__rosidl_generator_c
[0.222s] [ 33%] Built target turtlesim__rosidl_typesupport_cpp
[0.299s] [ 41%] Built target turtlesim__rosidl_typesupport_fastrtps_c
[0.389s] [ 50%] Built target turtlesim__rosidl_typesupport_fastrtps_cpp
[0.469s] [ 59%] Built target turtlesim__rosidl_typesupport_introspection_c
[0.523s] [ 68%] Built target turtlesim__rosidl_typesupport_c
[0.587s] [ 76%] Built target turtlesim__rosidl_typesupport_introspection_cpp
[0.622s] running egg_info
[0.666s] [ 81%] Built target turtlesim_node
[0.679s] writing turtlesim.egg-info/PKG-INFO
[0.679s] writing dependency_links to turtlesim.egg-info/dependency_links.txt
[0.679s] writing top-level names to turtlesim.egg-info/top_level.txt
[0.735s] [ 83%] Built target turtle_teleop_key
[0.787s] reading manifest file 'turtlesim.egg-info/SOURCES.txt'
[0.789s] writing manifest file 'turtlesim.egg-info/SOURCES.txt'
[0.799s] [ 84%] Built target draw_square
[0.855s] [ 86%] Built target mimic
[0.855s] [ 86%] Built target ament_cmake_python_build_turtlesim_egg
[0.884s] [ 86%] Built target turtlesim
[0.904s] [ 86%] Built target turtlesim__py
[0.929s] [ 94%] Built target turtlesim__rosidl_generator_py
[0.952s] [ 96%] Built target turtlesim_s__rosidl_typesupport_introspection_c
[0.959s] [ 98%] Built target turtlesim_s__rosidl_typesupport_fastrtps_c
[0.976s] [100%] Built target turtlesim_s__rosidl_typesupport_c
