[0.008s] Invoking command in '/home/richard/ros2_ws/build/turtlesim': CMAKE_PREFIX_PATH=${CMAKE_PREFIX_PATH}:/opt/ros/jazzy DEBUGINFOD_URLS=https://debuginfod.ubuntu.com /usr/bin/cmake --build /home/richard/ros2_ws/build/turtlesim -- -j2 -l2
[0.075s] [  0%] Built target turtlesim__rosidl_generator_type_description
[0.116s] [  0%] Built target ament_cmake_python_copy_turtlesim
[0.118s] [  1%] Built target turtlesim__cpp
[0.151s] [ 24%] Built target turtlesim__rosidl_generator_c
[0.179s] [ 33%] Built target turtlesim__rosidl_typesupport_cpp
[0.207s] [ 41%] Built target turtlesim__rosidl_typesupport_fastrtps_c
[0.236s] [ 50%] Built target turtlesim__rosidl_typesupport_fastrtps_cpp
[0.263s] [ 59%] Built target turtlesim__rosidl_typesupport_introspection_c
[0.296s] [ 68%] Built target turtlesim__rosidl_typesupport_c
[0.353s] [ 76%] Built target turtlesim__rosidl_typesupport_introspection_cpp
[0.430s] [ 81%] Built target turtlesim_node
[0.497s] [ 83%] Built target turtle_teleop_key
[0.556s] [ 84%] Built target draw_square
[0.620s] [ 86%] Built target mimic
[0.645s] running egg_info
[0.689s] [ 86%] Built target turtlesim
[0.702s] writing turtlesim.egg-info/PKG-INFO
[0.703s] writing dependency_links to turtlesim.egg-info/dependency_links.txt
[0.704s] writing top-level names to turtlesim.egg-info/top_level.txt
[0.734s] [ 86%] Built target turtlesim__py
[0.819s] [ 94%] Built target turtlesim__rosidl_generator_py
[0.829s] reading manifest file 'turtlesim.egg-info/SOURCES.txt'
[0.833s] writing manifest file 'turtlesim.egg-info/SOURCES.txt'
[0.861s] [ 96%] Built target turtlesim_s__rosidl_typesupport_fastrtps_c
[0.881s] [ 96%] Built target ament_cmake_python_build_turtlesim_egg
[0.889s] [ 98%] Built target turtlesim_s__rosidl_typesupport_introspection_c
[0.906s] [100%] Built target turtlesim_s__rosidl_typesupport_c
