[0.009s] Invoking command in '/home/richard/ros2_ws/build/turtlesim': CMAKE_PREFIX_PATH=${CMAKE_PREFIX_PATH}:/opt/ros/jazzy DEBUGINFOD_URLS=https://debuginfod.ubuntu.com /usr/bin/cmake --build /home/richard/ros2_ws/build/turtlesim -- -j2 -l2
[0.098s] [  0%] Built target ament_cmake_python_copy_turtlesim
[0.098s] [  0%] Built target turtlesim__rosidl_generator_type_description
[0.123s] [  1%] Built target turtlesim__cpp
[0.187s] [ 24%] Built target turtlesim__rosidl_generator_c
[0.243s] [ 33%] Built target turtlesim__rosidl_typesupport_cpp
[0.304s] [ 41%] Built target turtlesim__rosidl_typesupport_fastrtps_c
[0.372s] [ 50%] Built target turtlesim__rosidl_typesupport_fastrtps_cpp
[0.437s] [ 59%] Built target turtlesim__rosidl_typesupport_introspection_c
[0.499s] [ 68%] Built target turtlesim__rosidl_typesupport_c
[0.539s] running egg_info
[0.559s] [ 76%] Built target turtlesim__rosidl_typesupport_introspection_cpp
[0.585s] writing turtlesim.egg-info/PKG-INFO
[0.587s] writing dependency_links to turtlesim.egg-info/dependency_links.txt
[0.589s] writing top-level names to turtlesim.egg-info/top_level.txt
[0.636s] [ 81%] Built target turtlesim_node
[0.672s] reading manifest file 'turtlesim.egg-info/SOURCES.txt'
[0.673s] writing manifest file 'turtlesim.egg-info/SOURCES.txt'
[0.696s] [ 83%] Built target turtle_teleop_key
[0.709s] [ 83%] Built target ament_cmake_python_build_turtlesim_egg
[0.753s] [ 84%] Built target draw_square
[0.753s] [ 86%] Built target mimic
[0.777s] [ 86%] Built target turtlesim
[0.798s] [ 86%] Built target turtlesim__py
[0.824s] [ 94%] Built target turtlesim__rosidl_generator_py
[0.846s] [ 97%] Built target turtlesim_s__rosidl_typesupport_fastrtps_c
[0.847s] [ 98%] Built target turtlesim_s__rosidl_typesupport_introspection_c
[0.871s] [100%] Built target turtlesim_s__rosidl_typesupport_c
