[ 20%] [32mBuilding CXX object CMakeFiles/navigation.dir/src/Action.cpp.o[0m
[ 40%] [32mBuilding CXX object CMakeFiles/navigation.dir/src/Utils.cpp.o[0m
[01m[K/home/richard/ros2_ws/src/tp1/src/Action.cpp:[m[K In member function ‘[01m[Kvoid Action::[01;32m[KkeepAsFarthestAsPossibleFromWalls[m[K(std::vector<float>, std::vector<float>)[m[K’:
[01m[K/home/richard/ros2_ws/src/tp1/src/Action.cpp:35:67:[m[K [01;35m[Kwarning: [m[Kunused parameter ‘[01m[Klasers[m[K’ [[01;35m[K]8;;https://gcc.gnu.org/onlinedocs/gcc/Warning-Options.html#index-Wunused-parameter-Wunused-parameter]8;;[m[K]
   35 | ction::keepAsFarthestAsPossibleFromWalls([01;35m[Kstd::vector<float> lasers[m[K, std::vector<float> sonars)
      |                                          [01;35m[K~~~~~~~~~~~~~~~~~~~^~~~~~[m[K

[01m[K/home/richard/ros2_ws/src/tp1/src/Action.cpp:35:94:[m[K [01;35m[Kwarning: [m[Kunused parameter ‘[01m[Ksonars[m[K’ [[01;35m[K]8;;https://gcc.gnu.org/onlinedocs/gcc/Warning-Options.html#index-Wunused-parameter-Wunused-parameter]8;;[m[K]
   35 | PossibleFromWalls(std::vector<float> lasers, [01;35m[Kstd::vector<float> sonars[m[K)
      |                                              [01;35m[K~~~~~~~~~~~~~~~~~~~^~~~~~[m[K

[ 60%] [32m[1mLinking CXX executable navigation[0m
[100%] Built target navigation
-- Install configuration: ""
-- Installing: /home/richard/ros2_ws/install/tp1/lib/tp1/navigation
-- Set non-toolchain portion of runtime path of "/home/richard/ros2_ws/install/tp1/lib/tp1/navigation" to ""
-- Up-to-date: /home/richard/ros2_ws/install/tp1/share/tp1/launch
-- Up-to-date: /home/richard/ros2_ws/install/tp1/share/tp1/launch/p3dx-rosaria.launch.py
-- Up-to-date: /home/richard/ros2_ws/install/tp1/share/tp1/config
-- Up-to-date: /home/richard/ros2_ws/install/tp1/share/tp1/config/p3dx.rviz
-- Up-to-date: /home/richard/ros2_ws/install/tp1/share/ament_index/resource_index/package_run_dependencies/tp1
-- Up-to-date: /home/richard/ros2_ws/install/tp1/share/ament_index/resource_index/parent_prefix_path/tp1
-- Up-to-date: /home/richard/ros2_ws/install/tp1/share/tp1/environment/ament_prefix_path.sh
-- Up-to-date: /home/richard/ros2_ws/install/tp1/share/tp1/environment/ament_prefix_path.dsv
-- Up-to-date: /home/richard/ros2_ws/install/tp1/share/tp1/environment/path.sh
-- Up-to-date: /home/richard/ros2_ws/install/tp1/share/tp1/environment/path.dsv
-- Up-to-date: /home/richard/ros2_ws/install/tp1/share/tp1/local_setup.bash
-- Up-to-date: /home/richard/ros2_ws/install/tp1/share/tp1/local_setup.sh
-- Up-to-date: /home/richard/ros2_ws/install/tp1/share/tp1/local_setup.zsh
-- Up-to-date: /home/richard/ros2_ws/install/tp1/share/tp1/local_setup.dsv
-- Installing: /home/richard/ros2_ws/install/tp1/share/tp1/package.dsv
-- Up-to-date: /home/richard/ros2_ws/install/tp1/share/ament_index/resource_index/packages/tp1
-- Up-to-date: /home/richard/ros2_ws/install/tp1/share/tp1/cmake/tp1Config.cmake
-- Up-to-date: /home/richard/ros2_ws/install/tp1/share/tp1/cmake/tp1Config-version.cmake
-- Up-to-date: /home/richard/ros2_ws/install/tp1/share/tp1/package.xml
