[0.021s] Invoking command in '/home/richard/ros2_ws/build/turtlesim': CMAKE_PREFIX_PATH=${CMAKE_PREFIX_PATH}:/opt/ros/jazzy DEBUGINFOD_URLS=https://debuginfod.ubuntu.com /usr/bin/cmake --build /home/richard/ros2_ws/build/turtlesim -- -j2 -l2
[0.218s] [  0%] Built target turtlesim__rosidl_generator_type_description
[0.270s] [  0%] Built target ament_cmake_python_copy_turtlesim
[0.270s] [  1%] Built target turtlesim__cpp
[0.369s] [ 24%] Built target turtlesim__rosidl_generator_c
[0.452s] [ 33%] Built target turtlesim__rosidl_typesupport_cpp
[0.564s] [ 41%] Built target turtlesim__rosidl_typesupport_fastrtps_c
[0.664s] [ 50%] Built target turtlesim__rosidl_typesupport_fastrtps_cpp
[0.768s] [ 59%] Built target turtlesim__rosidl_typesupport_introspection_c
[1.077s] running egg_info
[1.118s] writing turtlesim.egg-info/PKG-INFO
[1.118s] writing dependency_links to turtlesim.egg-info/dependency_links.txt
[1.118s] writing top-level names to turtlesim.egg-info/top_level.txt
[1.295s] reading manifest file 'turtlesim.egg-info/SOURCES.txt'
[1.303s] writing manifest file 'turtlesim.egg-info/SOURCES.txt'
[1.396s] [ 59%] Built target ament_cmake_python_build_turtlesim_egg
[1.486s] [ 68%] Built target turtlesim__rosidl_typesupport_c
[1.569s] [ 76%] Built target turtlesim__rosidl_typesupport_introspection_cpp
[1.636s] [ 81%] Built target turtlesim_node
[1.716s] [ 83%] Built target turtle_teleop_key
[1.747s] [ 84%] Built target draw_square
[1.795s] [ 86%] Built target mimic
[1.821s] [ 86%] Built target turtlesim
[1.858s] [ 86%] Built target turtlesim__py
[1.909s] [ 94%] Built target turtlesim__rosidl_generator_py
[1.941s] [ 96%] Built target turtlesim_s__rosidl_typesupport_fastrtps_c
[1.968s] [ 98%] Built target turtlesim_s__rosidl_typesupport_introspection_c
[1.990s] [100%] Built target turtlesim_s__rosidl_typesupport_c
