[0.001s] Invoking command in '/home/richard/ros2_ws/build/turtlesim': CMAKE_PREFIX_PATH=${CMAKE_PREFIX_PATH}:/opt/ros/jazzy DEBUGINFOD_URLS=https://debuginfod.ubuntu.com /usr/bin/cmake --build /home/richard/ros2_ws/build/turtlesim -- -j2 -l2
[0.080s] [  0%] Built target turtlesim__rosidl_generator_type_description
[0.119s] [  0%] Built target ament_cmake_python_copy_turtlesim
[0.124s] [  1%] Built target turtlesim__cpp
[0.156s] [ 24%] Built target turtlesim__rosidl_generator_c
[0.186s] [ 33%] Built target turtlesim__rosidl_typesupport_cpp
[0.211s] [ 41%] Built target turtlesim__rosidl_typesupport_fastrtps_c
[0.243s] [ 50%] Built target turtlesim__rosidl_typesupport_fastrtps_cpp
[0.270s] [ 59%] Built target turtlesim__rosidl_typesupport_introspection_c
[0.339s] [ 68%] Built target turtlesim__rosidl_typesupport_c
[0.411s] [ 76%] Built target turtlesim__rosidl_typesupport_introspection_cpp
[0.562s] [ 81%] Built target turtlesim_node
[0.659s] [ 83%] Built target turtle_teleop_key
[0.727s] [ 84%] Built target draw_square
[0.773s] running egg_info
[0.799s] [ 86%] Built target mimic
[0.856s] writing turtlesim.egg-info/PKG-INFO
[0.858s] writing dependency_links to turtlesim.egg-info/dependency_links.txt
[0.859s] [ 86%] Built target turtlesim
[0.859s] writing top-level names to turtlesim.egg-info/top_level.txt
[0.923s] [ 86%] Built target turtlesim__py
[0.985s] [ 94%] Built target turtlesim__rosidl_generator_py
[0.996s] reading manifest file 'turtlesim.egg-info/SOURCES.txt'
[0.996s] writing manifest file 'turtlesim.egg-info/SOURCES.txt'
[1.012s] [ 96%] Built target turtlesim_s__rosidl_typesupport_fastrtps_c
[1.023s] [ 96%] Built target ament_cmake_python_build_turtlesim_egg
[1.035s] [ 98%] Built target turtlesim_s__rosidl_typesupport_introspection_c
[1.048s] [100%] Built target turtlesim_s__rosidl_typesupport_c
