[0.007s] Invoking command in '/home/richard/ros2_ws/build/turtlesim': CMAKE_PREFIX_PATH=${CMAKE_PREFIX_PATH}:/opt/ros/jazzy DEBUGINFOD_URLS=https://debuginfod.ubuntu.com /usr/bin/cmake --build /home/richard/ros2_ws/build/turtlesim -- -j2 -l2
[0.089s] [  0%] Built target turtlesim__rosidl_generator_type_description
[0.097s] [  0%] Built target ament_cmake_python_copy_turtlesim
[0.123s] [  1%] Built target turtlesim__cpp
[0.128s] [ 24%] Built target turtlesim__rosidl_generator_c
[0.178s] [ 33%] Built target turtlesim__rosidl_typesupport_cpp
[0.228s] [ 41%] Built target turtlesim__rosidl_typesupport_fastrtps_c
[0.288s] [ 50%] Built target turtlesim__rosidl_typesupport_fastrtps_cpp
[0.342s] [ 59%] Built target turtlesim__rosidl_typesupport_introspection_c
[0.394s] [ 68%] Built target turtlesim__rosidl_typesupport_c
[0.452s] [ 76%] Built target turtlesim__rosidl_typesupport_introspection_cpp
[0.474s] running egg_info
[0.516s] writing turtlesim.egg-info/PKG-INFO
[0.516s] writing dependency_links to turtlesim.egg-info/dependency_links.txt
[0.516s] writing top-level names to turtlesim.egg-info/top_level.txt
[0.533s] [ 81%] Built target turtlesim_node
[0.583s] [ 83%] Built target turtle_teleop_key
[0.608s] reading manifest file 'turtlesim.egg-info/SOURCES.txt'
[0.610s] writing manifest file 'turtlesim.egg-info/SOURCES.txt'
[0.635s] [ 84%] Built target draw_square
[0.648s] [ 84%] Built target ament_cmake_python_build_turtlesim_egg
[0.675s] [ 84%] Built target turtlesim
[0.677s] [ 86%] Built target mimic
[0.699s] [ 86%] Built target turtlesim__py
[0.721s] [ 94%] Built target turtlesim__rosidl_generator_py
[0.754s] [ 96%] Built target turtlesim_s__rosidl_typesupport_introspection_c
[0.757s] [ 98%] Built target turtlesim_s__rosidl_typesupport_fastrtps_c
[0.777s] [100%] Built target turtlesim_s__rosidl_typesupport_c
