[0.022s] Invoking command in '/home/richard/ros2_ws/build/turtlesim': CMAKE_PREFIX_PATH=${CMAKE_PREFIX_PATH}:/opt/ros/jazzy DEBUGINFOD_URLS=https://debuginfod.ubuntu.com /usr/bin/cmake --build /home/richard/ros2_ws/build/turtlesim -- -j2 -l2
[0.092s] [  0%] Built target turtlesim__rosidl_generator_type_description
[0.152s] [  0%] Built target ament_cmake_python_copy_turtlesim
[0.173s] [  1%] Built target turtlesim__cpp
[0.203s] [ 24%] Built target turtlesim__rosidl_generator_c
[0.532s] running egg_info
[0.556s] writing turtlesim.egg-info/PKG-INFO
[0.556s] writing dependency_links to turtlesim.egg-info/dependency_links.txt
[0.556s] writing top-level names to turtlesim.egg-info/top_level.txt
[0.627s] reading manifest file 'turtlesim.egg-info/SOURCES.txt'
[0.627s] writing manifest file 'turtlesim.egg-info/SOURCES.txt'
[0.654s] [ 24%] Built target ament_cmake_python_build_turtlesim_egg
[0.679s] [ 33%] Built target turtlesim__rosidl_typesupport_cpp
[0.705s] [ 41%] Built target turtlesim__rosidl_typesupport_fastrtps_c
[0.735s] [ 50%] Built target turtlesim__rosidl_typesupport_fastrtps_cpp
[0.765s] [ 59%] Built target turtlesim__rosidl_typesupport_introspection_c
[0.790s] [ 68%] Built target turtlesim__rosidl_typesupport_c
[0.817s] [ 76%] Built target turtlesim__rosidl_typesupport_introspection_cpp
[0.854s] [ 81%] Built target turtlesim_node
[0.881s] [ 83%] Built target turtle_teleop_key
[0.909s] [ 84%] Built target draw_square
[0.936s] [ 86%] Built target mimic
[0.955s] [ 86%] Built target turtlesim
[0.975s] [ 86%] Built target turtlesim__py
[0.998s] [ 94%] Built target turtlesim__rosidl_generator_py
[1.020s] [ 96%] Built target turtlesim_s__rosidl_typesupport_fastrtps_c
[1.049s] [ 98%] Built target turtlesim_s__rosidl_typesupport_introspection_c
[1.070s] [100%] Built target turtlesim_s__rosidl_typesupport_c
