[0.008s] Invoking command in '/home/richard/ros2_ws/build/turtlesim': CMAKE_PREFIX_PATH=${CMAKE_PREFIX_PATH}:/opt/ros/jazzy DEBUGINFOD_URLS=https://debuginfod.ubuntu.com /usr/bin/cmake --build /home/richard/ros2_ws/build/turtlesim -- -j2 -l2
[0.076s] [  0%] Built target turtlesim__rosidl_generator_type_description
[0.108s] [  0%] Built target ament_cmake_python_copy_turtlesim
[0.111s] [  1%] Built target turtlesim__cpp
[0.185s] [ 24%] Built target turtlesim__rosidl_generator_c
[0.239s] [ 33%] Built target turtlesim__rosidl_typesupport_cpp
[0.300s] [ 41%] Built target turtlesim__rosidl_typesupport_fastrtps_c
[0.358s] [ 50%] Built target turtlesim__rosidl_typesupport_fastrtps_cpp
[0.408s] [ 59%] Built target turtlesim__rosidl_typesupport_introspection_c
[0.461s] [ 68%] Built target turtlesim__rosidl_typesupport_c
[0.525s] [ 76%] Built target turtlesim__rosidl_typesupport_introspection_cpp
[0.536s] running egg_info
[0.580s] writing turtlesim.egg-info/PKG-INFO
[0.581s] writing dependency_links to turtlesim.egg-info/dependency_links.txt
[0.582s] writing top-level names to turtlesim.egg-info/top_level.txt
[0.594s] [ 81%] Built target turtlesim_node
[0.648s] [ 83%] Built target turtle_teleop_key
[0.679s] [ 84%] Built target draw_square
[0.687s] reading manifest file 'turtlesim.egg-info/SOURCES.txt'
[0.688s] writing manifest file 'turtlesim.egg-info/SOURCES.txt'
[0.707s] [ 86%] Built target mimic
[0.717s] [ 86%] Built target ament_cmake_python_build_turtlesim_egg
[0.727s] [ 86%] Built target turtlesim
[0.750s] [ 86%] Built target turtlesim__py
[0.778s] [ 94%] Built target turtlesim__rosidl_generator_py
[0.800s] [ 96%] Built target turtlesim_s__rosidl_typesupport_introspection_c
[0.801s] [ 98%] Built target turtlesim_s__rosidl_typesupport_fastrtps_c
[0.820s] [100%] Built target turtlesim_s__rosidl_typesupport_c
