[0.017s] Invoking command in '/home/richard/ros2_ws/build/tp1': CMAKE_PREFIX_PATH=${CMAKE_PREFIX_PATH}:/opt/ros/jazzy DEBUGINFOD_URLS=https://debuginfod.ubuntu.com /usr/bin/cmake --build /home/richard/ros2_ws/build/tp1 -- -j2 -l2
[0.130s] [ 14%] [32mBuilding CXX object CMakeFiles/navigation.dir/src/Mapping.cpp.o[0m
[0.800s] [01m[K/home/richard/ros2_ws/src/tp1/src/Mapping.cpp:[m[K In function ‘[01m[Kvoid*[01;32m[K mappingThreadFunction[m[K(void*)[m[K’:
[0.800s] [01m[K/home/richard/ros2_ws/src/tp1/src/Mapping.cpp:184:35:[m[K [01;35m[Kwarning: [m[Kunused parameter ‘[01m[Karg[m[K’ [[01;35m[K]8;;https://gcc.gnu.org/onlinedocs/gcc/Warning-Options.html#index-Wunused-parameter-Wunused-parameter]8;;[m[K]
[0.800s]   184 | void* mappingThreadFunction([01;35m[Kvoid* arg[m[K) {
[0.800s]       |                             [01;35m[K~~~~~~^~~[m[K
[1.083s] [ 28%] [32m[1mLinking CXX executable navigation[0m
[1.942s] [100%] Built target navigation
[1.959s] Invoked command in '/home/richard/ros2_ws/build/tp1' returned '0': CMAKE_PREFIX_PATH=${CMAKE_PREFIX_PATH}:/opt/ros/jazzy DEBUGINFOD_URLS=https://debuginfod.ubuntu.com /usr/bin/cmake --build /home/richard/ros2_ws/build/tp1 -- -j2 -l2
[1.960s] Invoking command in '/home/richard/ros2_ws/build/tp1': CMAKE_PREFIX_PATH=${CMAKE_PREFIX_PATH}:/opt/ros/jazzy DEBUGINFOD_URLS=https://debuginfod.ubuntu.com /usr/bin/cmake --install /home/richard/ros2_ws/build/tp1
[1.969s] -- Install configuration: ""
[1.969s] -- Installing: /home/richard/ros2_ws/install/tp1/lib/tp1/navigation
[1.980s] -- Set non-toolchain portion of runtime path of "/home/richard/ros2_ws/install/tp1/lib/tp1/navigation" to ""
[1.980s] -- Up-to-date: /home/richard/ros2_ws/install/tp1/share/tp1/launch
[1.980s] -- Up-to-date: /home/richard/ros2_ws/install/tp1/share/tp1/launch/p3dx-rosaria.launch.py
[1.980s] -- Up-to-date: /home/richard/ros2_ws/install/tp1/share/tp1/config
[1.980s] -- Up-to-date: /home/richard/ros2_ws/install/tp1/share/tp1/config/p3dx.rviz
[1.980s] -- Up-to-date: /home/richard/ros2_ws/install/tp1/share/ament_index/resource_index/package_run_dependencies/tp1
[1.980s] -- Up-to-date: /home/richard/ros2_ws/install/tp1/share/ament_index/resource_index/parent_prefix_path/tp1
[1.980s] -- Up-to-date: /home/richard/ros2_ws/install/tp1/share/tp1/environment/ament_prefix_path.sh
[1.980s] -- Up-to-date: /home/richard/ros2_ws/install/tp1/share/tp1/environment/ament_prefix_path.dsv
[1.980s] -- Up-to-date: /home/richard/ros2_ws/install/tp1/share/tp1/environment/path.sh
[1.980s] -- Up-to-date: /home/richard/ros2_ws/install/tp1/share/tp1/environment/path.dsv
[1.980s] -- Up-to-date: /home/richard/ros2_ws/install/tp1/share/tp1/local_setup.bash
[1.980s] -- Up-to-date: /home/richard/ros2_ws/install/tp1/share/tp1/local_setup.sh
[1.981s] -- Up-to-date: /home/richard/ros2_ws/install/tp1/share/tp1/local_setup.zsh
[1.981s] -- Up-to-date: /home/richard/ros2_ws/install/tp1/share/tp1/local_setup.dsv
[1.981s] -- Installing: /home/richard/ros2_ws/install/tp1/share/tp1/package.dsv
[1.981s] -- Up-to-date: /home/richard/ros2_ws/install/tp1/share/ament_index/resource_index/packages/tp1
[1.981s] -- Up-to-date: /home/richard/ros2_ws/install/tp1/share/tp1/cmake/tp1Config.cmake
[1.981s] -- Up-to-date: /home/richard/ros2_ws/install/tp1/share/tp1/cmake/tp1Config-version.cmake
[1.981s] -- Up-to-date: /home/richard/ros2_ws/install/tp1/share/tp1/package.xml
[1.984s] Invoked command in '/home/richard/ros2_ws/build/tp1' returned '0': CMAKE_PREFIX_PATH=${CMAKE_PREFIX_PATH}:/opt/ros/jazzy DEBUGINFOD_URLS=https://debuginfod.ubuntu.com /usr/bin/cmake --install /home/richard/ros2_ws/build/tp1
