[0.005s] Invoking command in '/home/richard/ros2_ws/build/turtlesim': CMAKE_PREFIX_PATH=${CMAKE_PREFIX_PATH}:/opt/ros/jazzy DEBUGINFOD_URLS=https://debuginfod.ubuntu.com /usr/bin/cmake --build /home/richard/ros2_ws/build/turtlesim -- -j2 -l2
[0.077s] [  0%] Built target turtlesim__rosidl_generator_type_description
[0.117s] [  1%] Built target turtlesim__cpp
[0.123s] [  1%] Built target ament_cmake_python_copy_turtlesim
[0.158s] [ 24%] Built target turtlesim__rosidl_generator_c
[0.212s] [ 33%] Built target turtlesim__rosidl_typesupport_cpp
[0.275s] [ 41%] Built target turtlesim__rosidl_typesupport_fastrtps_c
[0.333s] [ 50%] Built target turtlesim__rosidl_typesupport_fastrtps_cpp
[0.392s] [ 59%] Built target turtlesim__rosidl_typesupport_introspection_c
[0.458s] [ 68%] Built target turtlesim__rosidl_typesupport_c
[0.508s] [ 76%] Built target turtlesim__rosidl_typesupport_introspection_cpp
[0.552s] [ 81%] Built target turtlesim_node
[0.570s] running egg_info
[0.585s] [ 83%] Built target turtle_teleop_key
[0.595s] writing turtlesim.egg-info/PKG-INFO
[0.596s] writing dependency_links to turtlesim.egg-info/dependency_links.txt
[0.597s] writing top-level names to turtlesim.egg-info/top_level.txt
[0.613s] [ 84%] Built target draw_square
[0.641s] [ 86%] Built target mimic
[0.663s] [ 86%] Built target turtlesim
[0.675s] reading manifest file 'turtlesim.egg-info/SOURCES.txt'
[0.676s] writing manifest file 'turtlesim.egg-info/SOURCES.txt'
[0.686s] [ 86%] Built target turtlesim__py
[0.704s] [ 86%] Built target ament_cmake_python_build_turtlesim_egg
[0.709s] [ 94%] Built target turtlesim__rosidl_generator_py
[0.738s] [ 96%] Built target turtlesim_s__rosidl_typesupport_introspection_c
[0.742s] [ 98%] Built target turtlesim_s__rosidl_typesupport_fastrtps_c
[0.761s] [100%] Built target turtlesim_s__rosidl_typesupport_c
