[0.012s] Invoking command in '/home/richard/ros2_ws/build/turtlesim': CMAKE_PREFIX_PATH=${CMAKE_PREFIX_PATH}:/opt/ros/jazzy DEBUGINFOD_URLS=https://debuginfod.ubuntu.com /usr/bin/cmake --build /home/richard/ros2_ws/build/turtlesim -- -j2 -l2
[0.098s] [  0%] Built target turtlesim__rosidl_generator_type_description
[0.105s] [  0%] Built target ament_cmake_python_copy_turtlesim
[0.138s] [  1%] Built target turtlesim__cpp
[0.153s] [ 24%] Built target turtlesim__rosidl_generator_c
[0.184s] [ 33%] Built target turtlesim__rosidl_typesupport_cpp
[0.211s] [ 41%] Built target turtlesim__rosidl_typesupport_fastrtps_c
[0.243s] [ 50%] Built target turtlesim__rosidl_typesupport_fastrtps_cpp
[0.273s] [ 59%] Built target turtlesim__rosidl_typesupport_introspection_c
[0.328s] [ 68%] Built target turtlesim__rosidl_typesupport_c
[0.383s] [ 76%] Built target turtlesim__rosidl_typesupport_introspection_cpp
[0.428s] [ 81%] Built target turtlesim_node
[0.464s] [ 83%] Built target turtle_teleop_key
[0.495s] [ 84%] Built target draw_square
[0.526s] [ 86%] Built target mimic
[0.564s] [ 86%] Built target turtlesim
[0.612s] [ 86%] Built target turtlesim__py
[0.678s] running egg_info
[0.678s] [ 94%] Built target turtlesim__rosidl_generator_py
[0.707s] writing turtlesim.egg-info/PKG-INFO
[0.707s] writing dependency_links to turtlesim.egg-info/dependency_links.txt
[0.711s] writing top-level names to turtlesim.egg-info/top_level.txt
[0.726s] [ 96%] Built target turtlesim_s__rosidl_typesupport_fastrtps_c
[0.789s] [ 98%] Built target turtlesim_s__rosidl_typesupport_introspection_c
[0.814s] [100%] Built target turtlesim_s__rosidl_typesupport_c
[0.830s] reading manifest file 'turtlesim.egg-info/SOURCES.txt'
[0.832s] writing manifest file 'turtlesim.egg-info/SOURCES.txt'
[0.873s] [100%] Built target ament_cmake_python_build_turtlesim_egg
