[0.008s] Invoking command in '/home/richard/ros2_ws/build/turtlesim': CMAKE_PREFIX_PATH=${CMAKE_PREFIX_PATH}:/opt/ros/jazzy DEBUGINFOD_URLS=https://debuginfod.ubuntu.com /usr/bin/cmake --build /home/richard/ros2_ws/build/turtlesim -- -j2 -l2
[0.155s] [  0%] Built target turtlesim__rosidl_generator_type_description
[0.188s] [  0%] Built target ament_cmake_python_copy_turtlesim
[0.214s] [  1%] Built target turtlesim__cpp
[0.254s] [ 24%] Built target turtlesim__rosidl_generator_c
[0.311s] [ 33%] Built target turtlesim__rosidl_typesupport_cpp
[0.385s] [ 41%] Built target turtlesim__rosidl_typesupport_fastrtps_c
[0.502s] [ 50%] Built target turtlesim__rosidl_typesupport_fastrtps_cpp
[0.552s] [ 59%] Built target turtlesim__rosidl_typesupport_introspection_c
[0.587s] [ 68%] Built target turtlesim__rosidl_typesupport_c
[0.629s] [ 76%] Built target turtlesim__rosidl_typesupport_introspection_cpp
[0.674s] [ 81%] Built target turtlesim_node
[0.740s] [ 83%] Built target turtle_teleop_key
[0.781s] [ 84%] Built target draw_square
[0.809s] running egg_info
[0.826s] [ 86%] Built target mimic
[0.844s] writing turtlesim.egg-info/PKG-INFO
[0.847s] writing dependency_links to turtlesim.egg-info/dependency_links.txt
[0.847s] writing top-level names to turtlesim.egg-info/top_level.txt
[0.854s] [ 86%] Built target turtlesim
[0.882s] [ 86%] Built target turtlesim__py
[0.924s] [ 94%] Built target turtlesim__rosidl_generator_py
[0.946s] reading manifest file 'turtlesim.egg-info/SOURCES.txt'
[0.946s] writing manifest file 'turtlesim.egg-info/SOURCES.txt'
[0.956s] [ 96%] Built target turtlesim_s__rosidl_typesupport_fastrtps_c
[0.983s] [ 96%] Built target ament_cmake_python_build_turtlesim_egg
[0.987s] [ 98%] Built target turtlesim_s__rosidl_typesupport_introspection_c
[1.017s] [100%] Built target turtlesim_s__rosidl_typesupport_c
