[0.035s] Invoking command in '/home/richard/ros2_ws/build/turtlesim': CMAKE_PREFIX_PATH=${CMAKE_PREFIX_PATH}:/opt/ros/jazzy DEBUGINFOD_URLS=https://debuginfod.ubuntu.com /usr/bin/cmake --build /home/richard/ros2_ws/build/turtlesim -- -j2 -l2
[0.234s] [  0%] Built target turtlesim__rosidl_generator_type_description
[0.406s] [  0%] Built target ament_cmake_python_copy_turtlesim
[0.533s] [  1%] Built target turtlesim__cpp
[0.631s] [ 24%] Built target turtlesim__rosidl_generator_c
[1.037s] running egg_info
[1.070s] writing turtlesim.egg-info/PKG-INFO
[1.070s] writing dependency_links to turtlesim.egg-info/dependency_links.txt
[1.070s] writing top-level names to turtlesim.egg-info/top_level.txt
[1.171s] reading manifest file 'turtlesim.egg-info/SOURCES.txt'
[1.173s] writing manifest file 'turtlesim.egg-info/SOURCES.txt'
[1.223s] [ 24%] Built target ament_cmake_python_build_turtlesim_egg
[1.272s] [ 33%] Built target turtlesim__rosidl_typesupport_cpp
[1.302s] [ 41%] Built target turtlesim__rosidl_typesupport_fastrtps_c
[1.336s] [ 50%] Built target turtlesim__rosidl_typesupport_fastrtps_cpp
[1.366s] [ 59%] Built target turtlesim__rosidl_typesupport_introspection_c
[1.393s] [ 68%] Built target turtlesim__rosidl_typesupport_c
[1.421s] [ 76%] Built target turtlesim__rosidl_typesupport_introspection_cpp
[1.466s] [ 81%] Built target turtlesim_node
[1.496s] [ 83%] Built target turtle_teleop_key
[1.529s] [ 84%] Built target draw_square
[1.581s] [ 86%] Built target mimic
[1.616s] [ 86%] Built target turtlesim
[1.660s] [ 86%] Built target turtlesim__py
[1.721s] [ 94%] Built target turtlesim__rosidl_generator_py
[1.781s] [ 96%] Built target turtlesim_s__rosidl_typesupport_fastrtps_c
[1.844s] [ 98%] Built target turtlesim_s__rosidl_typesupport_introspection_c
[1.905s] [100%] Built target turtlesim_s__rosidl_typesupport_c
