[0.032s] Invoking command in '/home/richard/ros2_ws/build/turtlesim': CMAKE_PREFIX_PATH=${CMAKE_PREFIX_PATH}:/opt/ros/jazzy DEBUGINFOD_URLS=https://debuginfod.ubuntu.com /usr/bin/cmake --build /home/richard/ros2_ws/build/turtlesim -- -j2 -l2
[0.247s] [  0%] Built target turtlesim__rosidl_generator_type_description
[0.318s] [  0%] Built target ament_cmake_python_copy_turtlesim
[0.399s] [  1%] Built target turtlesim__cpp
[0.481s] [ 24%] Built target turtlesim__rosidl_generator_c
[1.117s] running egg_info
[1.147s] writing turtlesim.egg-info/PKG-INFO
[1.148s] writing dependency_links to turtlesim.egg-info/dependency_links.txt
[1.148s] writing top-level names to turtlesim.egg-info/top_level.txt
[1.242s] reading manifest file 'turtlesim.egg-info/SOURCES.txt'
[1.243s] writing manifest file 'turtlesim.egg-info/SOURCES.txt'
[1.303s] [ 24%] Built target ament_cmake_python_build_turtlesim_egg
[1.338s] [ 33%] Built target turtlesim__rosidl_typesupport_cpp
[1.371s] [ 41%] Built target turtlesim__rosidl_typesupport_fastrtps_c
[1.414s] [ 50%] Built target turtlesim__rosidl_typesupport_fastrtps_cpp
[1.446s] [ 59%] Built target turtlesim__rosidl_typesupport_introspection_c
[1.486s] [ 68%] Built target turtlesim__rosidl_typesupport_c
[1.519s] [ 76%] Built target turtlesim__rosidl_typesupport_introspection_cpp
[1.560s] [ 81%] Built target turtlesim_node
[1.600s] [ 83%] Built target turtle_teleop_key
[1.638s] [ 84%] Built target draw_square
[1.678s] [ 86%] Built target mimic
[1.707s] [ 86%] Built target turtlesim
[1.735s] [ 86%] Built target turtlesim__py
[1.772s] [ 94%] Built target turtlesim__rosidl_generator_py
[1.818s] [ 96%] Built target turtlesim_s__rosidl_typesupport_fastrtps_c
[1.846s] [ 98%] Built target turtlesim_s__rosidl_typesupport_introspection_c
[1.874s] [100%] Built target turtlesim_s__rosidl_typesupport_c
