[0.023s] Invoking command in '/home/richard/ros2_ws/build/tp1': CMAKE_PREFIX_PATH=${CMAKE_PREFIX_PATH}:/opt/ros/jazzy DEBUGINFOD_URLS=https://debuginfod.ubuntu.com /usr/bin/cmake --build /home/richard/ros2_ws/build/tp1 -- -j2 -l2
[0.055s] -- Found ament_cmake: 2.5.3 (/opt/ros/jazzy/share/ament_cmake/cmake)
[0.365s] -- Found rclcpp: 28.1.8 (/opt/ros/jazzy/share/rclcpp/cmake)
[0.439s] -- Found rosidl_generator_c: 4.6.5 (/opt/ros/jazzy/share/rosidl_generator_c/cmake)
[0.465s] -- Found rosidl_generator_cpp: 4.6.5 (/opt/ros/jazzy/share/rosidl_generator_cpp/cmake)
[0.512s] -- Using all available rosidl_typesupport_c: rosidl_typesupport_fastrtps_c;rosidl_typesupport_introspection_c
[0.550s] -- Using all available rosidl_typesupport_cpp: rosidl_typesupport_fastrtps_cpp;rosidl_typesupport_introspection_cpp
[0.657s] -- Found rmw_implementation_cmake: 7.3.2 (/opt/ros/jazzy/share/rmw_implementation_cmake/cmake)
[0.659s] -- Found rmw_fastrtps_cpp: 8.4.2 (/opt/ros/jazzy/share/rmw_fastrtps_cpp/cmake)
[0.765s] -- Using RMW implementation 'rmw_fastrtps_cpp' as default
[0.856s] -- Found sensor_msgs: 5.3.6 (/opt/ros/jazzy/share/sensor_msgs/cmake)
[0.947s] -- Found ament_lint_auto: 0.17.2 (/opt/ros/jazzy/share/ament_lint_auto/cmake)
[1.071s] -- Added test 'cppcheck' to perform static code analysis on C / C++ code
[1.072s] -- Configured cppcheck include dirs: /home/richard/ros2_ws/src/tp1/include;$<BUILD_INTERFACE:/home/richard/ros2_ws/src/tp1/include>
[1.072s] -- Configured cppcheck exclude dirs and/or files: 
[1.072s] -- Added test 'flake8' to check Python code syntax and style conventions
[1.072s] -- Configured 'flake8' exclude dirs and/or files: 
[1.074s] -- Added test 'lint_cmake' to check CMake code style
[1.077s] -- Added test 'pep257' to check Python code against some of the docstring style conventions in PEP 257
[1.077s] -- Added test 'uncrustify' to check C / C++ code style
[1.077s] -- Configured uncrustify additional arguments: 
[1.079s] -- Added test 'xmllint' to check XML markup files
[1.081s] -- Configuring done (1.0s)
[1.097s] -- Generating done (0.0s)
[1.104s] -- Build files have been written to: /home/richard/ros2_ws/build/tp1
[1.218s] [ 16%] [32mBuilding CXX object CMakeFiles/navigation.dir/src/Graph.cpp.o[0m
[1.234s] [01m[K/home/richard/ros2_ws/src/tp1/src/Graph.cpp:2:10:[m[K [01;31m[Kfatal error: [m[Kgraphics.hpp: Arquivo ou diretório inexistente
[1.234s]     2 | #include [01;31m[K"graphics.hpp"[m[K
[1.234s]       |          [01;31m[K^~~~~~~~~~~~~~[m[K
[1.234s] compilation terminated.
[1.234s] gmake[2]: *** [CMakeFiles/navigation.dir/build.make:132: CMakeFiles/navigation.dir/src/Graph.cpp.o] Erro 1
[1.234s] gmake[1]: *** [CMakeFiles/Makefile2:137: CMakeFiles/navigation.dir/all] Erro 2
[1.234s] gmake: *** [Makefile:146: all] Erro 2
[1.251s] Invoked command in '/home/richard/ros2_ws/build/tp1' returned '2': CMAKE_PREFIX_PATH=${CMAKE_PREFIX_PATH}:/opt/ros/jazzy DEBUGINFOD_URLS=https://debuginfod.ubuntu.com /usr/bin/cmake --build /home/richard/ros2_ws/build/tp1 -- -j2 -l2
