[0.013s] Invoking command in '/home/richard/ros2_ws/build/turtlesim': CMAKE_PREFIX_PATH=${CMAKE_PREFIX_PATH}:/opt/ros/jazzy DEBUGINFOD_URLS=https://debuginfod.ubuntu.com /usr/bin/cmake --build /home/richard/ros2_ws/build/turtlesim -- -j2 -l2
[0.094s] [  0%] Built target ament_cmake_python_copy_turtlesim
[0.110s] [  0%] Built target turtlesim__rosidl_generator_type_description
[0.171s] [  1%] Built target turtlesim__cpp
[0.231s] [ 24%] Built target turtlesim__rosidl_generator_c
[0.291s] [ 33%] Built target turtlesim__rosidl_typesupport_cpp
[0.371s] [ 41%] Built target turtlesim__rosidl_typesupport_fastrtps_c
[0.444s] [ 50%] Built target turtlesim__rosidl_typesupport_fastrtps_cpp
[0.504s] [ 59%] Built target turtlesim__rosidl_typesupport_introspection_c
[0.523s] running egg_info
[0.562s] [ 68%] Built target turtlesim__rosidl_typesupport_c
[0.574s] writing turtlesim.egg-info/PKG-INFO
[0.576s] writing dependency_links to turtlesim.egg-info/dependency_links.txt
[0.576s] writing top-level names to turtlesim.egg-info/top_level.txt
[0.615s] [ 76%] Built target turtlesim__rosidl_typesupport_introspection_cpp
[0.685s] [ 81%] Built target turtlesim_node
[0.704s] reading manifest file 'turtlesim.egg-info/SOURCES.txt'
[0.707s] writing manifest file 'turtlesim.egg-info/SOURCES.txt'
[0.748s] [ 83%] Built target turtle_teleop_key
[0.760s] [ 83%] Built target ament_cmake_python_build_turtlesim_egg
[0.797s] [ 85%] Built target mimic
[0.803s] [ 86%] Built target draw_square
[0.827s] [ 86%] Built target turtlesim
[0.850s] [ 86%] Built target turtlesim__py
[0.880s] [ 94%] Built target turtlesim__rosidl_generator_py
[0.902s] [ 96%] Built target turtlesim_s__rosidl_typesupport_fastrtps_c
[0.903s] [ 98%] Built target turtlesim_s__rosidl_typesupport_introspection_c
[0.923s] [100%] Built target turtlesim_s__rosidl_typesupport_c
