[0.020s] Invoking command in '/home/richard/ros2_ws/build/tp1': CMAKE_PREFIX_PATH=${CMAKE_PREFIX_PATH}:/opt/ros/jazzy DEBUGINFOD_URLS=https://debuginfod.ubuntu.com /usr/bin/cmake --build /home/richard/ros2_ws/build/tp1 -- -j2 -l2
[0.168s] [ 14%] [32mBuilding CXX object CMakeFiles/navigation.dir/src/Mapping.cpp.o[0m
[1.514s] [01m[K/home/richard/ros2_ws/src/tp1/src/Mapping.cpp:[m[K In function ‘[01m[Kvoid*[01;32m[K mappingThreadFunction[m[K(void*)[m[K’:
[1.514s] [01m[K/home/richard/ros2_ws/src/tp1/src/Mapping.cpp:198:35:[m[K [01;35m[Kwarning: [m[Kunused parameter ‘[01m[Karg[m[K’ [[01;35m[K]8;;https://gcc.gnu.org/onlinedocs/gcc/Warning-Options.html#index-Wunused-parameter-Wunused-parameter]8;;[m[K]
[1.514s]   198 | void* mappingThreadFunction([01;35m[Kvoid* arg[m[K) {
[1.514s]       |                             [01;35m[K~~~~~~^~~[m[K
[2.235s] [ 28%] [32m[1mLinking CXX executable navigation[0m
[3.593s] [100%] Built target navigation
[3.608s] Invoked command in '/home/richard/ros2_ws/build/tp1' returned '0': CMAKE_PREFIX_PATH=${CMAKE_PREFIX_PATH}:/opt/ros/jazzy DEBUGINFOD_URLS=https://debuginfod.ubuntu.com /usr/bin/cmake --build /home/richard/ros2_ws/build/tp1 -- -j2 -l2
[3.609s] Invoking command in '/home/richard/ros2_ws/build/tp1': CMAKE_PREFIX_PATH=${CMAKE_PREFIX_PATH}:/opt/ros/jazzy DEBUGINFOD_URLS=https://debuginfod.ubuntu.com /usr/bin/cmake --install /home/richard/ros2_ws/build/tp1
[3.621s] -- Install configuration: ""
[3.621s] -- Installing: /home/richard/ros2_ws/install/tp1/lib/tp1/navigation
[3.632s] -- Set non-toolchain portion of runtime path of "/home/richard/ros2_ws/install/tp1/lib/tp1/navigation" to ""
[3.632s] -- Up-to-date: /home/richard/ros2_ws/install/tp1/share/tp1/launch
[3.632s] -- Up-to-date: /home/richard/ros2_ws/install/tp1/share/tp1/launch/p3dx-rosaria.launch.py
[3.632s] -- Up-to-date: /home/richard/ros2_ws/install/tp1/share/tp1/config
[3.633s] -- Up-to-date: /home/richard/ros2_ws/install/tp1/share/tp1/config/p3dx.rviz
[3.633s] -- Up-to-date: /home/richard/ros2_ws/install/tp1/share/ament_index/resource_index/package_run_dependencies/tp1
[3.633s] -- Up-to-date: /home/richard/ros2_ws/install/tp1/share/ament_index/resource_index/parent_prefix_path/tp1
[3.633s] -- Up-to-date: /home/richard/ros2_ws/install/tp1/share/tp1/environment/ament_prefix_path.sh
[3.634s] -- Up-to-date: /home/richard/ros2_ws/install/tp1/share/tp1/environment/ament_prefix_path.dsv
[3.634s] -- Up-to-date: /home/richard/ros2_ws/install/tp1/share/tp1/environment/path.sh
[3.634s] -- Up-to-date: /home/richard/ros2_ws/install/tp1/share/tp1/environment/path.dsv
[3.634s] -- Up-to-date: /home/richard/ros2_ws/install/tp1/share/tp1/local_setup.bash
[3.634s] -- Up-to-date: /home/richard/ros2_ws/install/tp1/share/tp1/local_setup.sh
[3.634s] -- Up-to-date: /home/richard/ros2_ws/install/tp1/share/tp1/local_setup.zsh
[3.634s] -- Up-to-date: /home/richard/ros2_ws/install/tp1/share/tp1/local_setup.dsv
[3.635s] -- Installing: /home/richard/ros2_ws/install/tp1/share/tp1/package.dsv
[3.635s] -- Up-to-date: /home/richard/ros2_ws/install/tp1/share/ament_index/resource_index/packages/tp1
[3.635s] -- Up-to-date: /home/richard/ros2_ws/install/tp1/share/tp1/cmake/tp1Config.cmake
[3.635s] -- Up-to-date: /home/richard/ros2_ws/install/tp1/share/tp1/cmake/tp1Config-version.cmake
[3.636s] -- Up-to-date: /home/richard/ros2_ws/install/tp1/share/tp1/package.xml
[3.638s] Invoked command in '/home/richard/ros2_ws/build/tp1' returned '0': CMAKE_PREFIX_PATH=${CMAKE_PREFIX_PATH}:/opt/ros/jazzy DEBUGINFOD_URLS=https://debuginfod.ubuntu.com /usr/bin/cmake --install /home/richard/ros2_ws/build/tp1
