[0.017s] Invoking command in '/home/richard/ros2_ws/build/tp1': CMAKE_PREFIX_PATH=${CMAKE_PREFIX_PATH}:/opt/ros/jazzy DEBUGINFOD_URLS=https://debuginfod.ubuntu.com /usr/bin/cmake --build /home/richard/ros2_ws/build/tp1 -- -j2 -l2
[0.182s] [ 16%] [32mBuilding CXX object CMakeFiles/navigation.dir/src/Graph.cpp.o[0m
[0.651s] [01m[K/home/richard/ros2_ws/src/tp1/src/Graph.cpp:[m[K In function ‘[01m[Kvoid*[01;32m[K graphicsThreadFunction[m[K(void*)[m[K’:
[0.651s] [01m[K/home/richard/ros2_ws/src/tp1/src/Graph.cpp:33:40:[m[K [01;31m[Kerror: [m[Kno match for ‘[01m[Koperator[][m[K’ (operand types are ‘[01m[KPosition[m[K’ and ‘[01m[Kint[m[K’)
[0.652s]    33 |         Position posRobo = {roboPosicao[01;31m[K[[m[K0] + 0.1, roboPosicao[1] + 0.1};
[0.652s]       |                                        [01;31m[K^[m[K
[0.652s] [01m[K/home/richard/ros2_ws/src/tp1/src/Graph.cpp:33:62:[m[K [01;31m[Kerror: [m[Kno match for ‘[01m[Koperator[][m[K’ (operand types are ‘[01m[KPosition[m[K’ and ‘[01m[Kint[m[K’)
[0.652s]    33 |        Position posRobo = {roboPosicao[0] + 0.1, roboPosicao[01;31m[K[[m[K1] + 0.1};
[0.652s]       |                                                             [01;31m[K^[m[K
[0.659s] 
[0.660s] [01m[K/home/richard/ros2_ws/src/tp1/src/Graph.cpp:34:42:[m[K [01;31m[Kerror: [m[Kno match for ‘[01m[Koperator[][m[K’ (operand types are ‘[01m[KPosition[m[K’ and ‘[01m[Kint[m[K’)
[0.660s]    34 |         Position posParede = {pontoParede[01;31m[K[[m[K0] + 0.1, pontoParede[1] + 0.1};
[0.660s]       |                                          [01;31m[K^[m[K
[0.660s] [01m[K/home/richard/ros2_ws/src/tp1/src/Graph.cpp:34:64:[m[K [01;31m[Kerror: [m[Kno match for ‘[01m[Koperator[][m[K’ (operand types are ‘[01m[KPosition[m[K’ and ‘[01m[Kint[m[K’)
[0.660s]    34 |      Position posParede = {pontoParede[0] + 0.1, pontoParede[01;31m[K[[m[K1] + 0.1};
[0.660s]       |                                                             [01;31m[K^[m[K
[0.660s] 
[0.667s] [01m[K/home/richard/ros2_ws/src/tp1/src/Graph.cpp:14:36:[m[K [01;35m[Kwarning: [m[Kunused parameter ‘[01m[Karg[m[K’ [[01;35m[K]8;;https://gcc.gnu.org/onlinedocs/gcc/Warning-Options.html#index-Wunused-parameter-Wunused-parameter]8;;[m[K]
[0.667s]    14 | void* graphicsThreadFunction([01;35m[Kvoid* arg[m[K) {
[0.667s]       |                              [01;35m[K~~~~~~^~~[m[K
[0.704s] gmake[2]: *** [CMakeFiles/navigation.dir/build.make:132: CMakeFiles/navigation.dir/src/Graph.cpp.o] Erro 1
[0.704s] gmake[1]: *** [CMakeFiles/Makefile2:137: CMakeFiles/navigation.dir/all] Erro 2
[0.706s] gmake: *** [Makefile:146: all] Erro 2
[0.715s] Invoked command in '/home/richard/ros2_ws/build/tp1' returned '2': CMAKE_PREFIX_PATH=${CMAKE_PREFIX_PATH}:/opt/ros/jazzy DEBUGINFOD_URLS=https://debuginfod.ubuntu.com /usr/bin/cmake --build /home/richard/ros2_ws/build/tp1 -- -j2 -l2
