[0.022s] Invoking command in '/home/richard/ros2_ws/build/tp1': CMAKE_PREFIX_PATH=${CMAKE_PREFIX_PATH}:/opt/ros/jazzy DEBUGINFOD_URLS=https://debuginfod.ubuntu.com /usr/bin/cmake --build /home/richard/ros2_ws/build/tp1 -- -j2 -l2
[0.048s] -- Found ament_cmake: 2.5.3 (/opt/ros/jazzy/share/ament_cmake/cmake)
[0.567s] [33mCMake Warning (dev) at /usr/share/cmake-3.28/Modules/FindOpenGL.cmake:381 (message):
[0.567s]   Policy CMP0072 is not set: FindOpenGL prefers GLVND by default when
[0.567s]   available.  Run "cmake --help-policy CMP0072" for policy details.  Use the
[0.567s]   cmake_policy command to set the policy and suppress this warning.
[0.567s] 
[0.567s]   FindOpenGL found both a legacy GL library:
[0.567s] 
[0.567s]     OPENGL_gl_LIBRARY: /usr/lib/x86_64-linux-gnu/libGL.so
[0.567s] 
[0.567s]   and GLVND libraries for OpenGL and GLX:
[0.568s] 
[0.568s]     OPENGL_opengl_LIBRARY: /usr/lib/x86_64-linux-gnu/libOpenGL.so
[0.579s]     OPENGL_glx_LIBRARY: /usr/lib/x86_64-linux-gnu/libGLX.so
[0.580s] 
[0.580s]   OpenGL_GL_PREFERENCE has not been set to "GLVND" or "LEGACY", so for
[0.580s]   compatibility with CMake 3.10 and below the legacy GL library will be used.
[0.580s] Call Stack (most recent call first):
[0.580s]   CMakeLists.txt:13 (find_package)
[0.580s] This warning is for project developers.  Use -Wno-dev to suppress it.
[0.580s] [0m
[0.584s] -- Found rclcpp: 28.1.8 (/opt/ros/jazzy/share/rclcpp/cmake)
[0.704s] -- Found rosidl_generator_c: 4.6.5 (/opt/ros/jazzy/share/rosidl_generator_c/cmake)
[0.754s] -- Found rosidl_generator_cpp: 4.6.5 (/opt/ros/jazzy/share/rosidl_generator_cpp/cmake)
[0.783s] -- Using all available rosidl_typesupport_c: rosidl_typesupport_fastrtps_c;rosidl_typesupport_introspection_c
[0.806s] -- Using all available rosidl_typesupport_cpp: rosidl_typesupport_fastrtps_cpp;rosidl_typesupport_introspection_cpp
[0.942s] -- Found rmw_implementation_cmake: 7.3.2 (/opt/ros/jazzy/share/rmw_implementation_cmake/cmake)
[0.945s] -- Found rmw_fastrtps_cpp: 8.4.2 (/opt/ros/jazzy/share/rmw_fastrtps_cpp/cmake)
[1.039s] -- Using RMW implementation 'rmw_fastrtps_cpp' as default
[1.144s] -- Found sensor_msgs: 5.3.6 (/opt/ros/jazzy/share/sensor_msgs/cmake)
[1.253s] -- Found nav_msgs: 5.3.6 (/opt/ros/jazzy/share/nav_msgs/cmake)
[1.362s] -- Found ament_lint_auto: 0.17.2 (/opt/ros/jazzy/share/ament_lint_auto/cmake)
[1.497s] -- Added test 'cppcheck' to perform static code analysis on C / C++ code
[1.497s] -- Configured cppcheck include dirs: $<BUILD_INTERFACE:/home/richard/ros2_ws/src/tp1/include>
[1.497s] -- Configured cppcheck exclude dirs and/or files: 
[1.498s] -- Added test 'flake8' to check Python code syntax and style conventions
[1.498s] -- Configured 'flake8' exclude dirs and/or files: 
[1.500s] -- Added test 'lint_cmake' to check CMake code style
[1.500s] -- Added test 'pep257' to check Python code against some of the docstring style conventions in PEP 257
[1.503s] -- Added test 'uncrustify' to check C / C++ code style
[1.504s] -- Configured uncrustify additional arguments: 
[1.504s] -- Added test 'xmllint' to check XML markup files
[1.504s] -- Configuring done (1.5s)
[1.527s] -- Generating done (0.0s)
[1.535s] -- Build files have been written to: /home/richard/ros2_ws/build/tp1
[1.603s] [ 16%] [32mBuilding CXX object CMakeFiles/navigation.dir/src/main.cpp.o[0m
[1.604s] [ 33%] [32mBuilding CXX object CMakeFiles/navigation.dir/src/Perception.cpp.o[0m
[1.748s] In file included from [01m[K/home/richard/ros2_ws/src/tp1/src/Perception.cpp:1[m[K:
[1.748s] [01m[K/home/richard/ros2_ws/src/tp1/include/Perception.h:6:10:[m[K [01;31m[Kfatal error: [m[Knav_msgs/msg/Odometry.hpp: Arquivo ou diretório inexistente
[1.748s]     6 | #include [01;31m[K<nav_msgs/msg/Odometry.hpp>[m[K
[1.748s]       |          [01;31m[K^~~~~~~~~~~~~~~~~~~~~~~~~~~[m[K
[1.748s] compilation terminated.
[1.753s] gmake[2]: *** [CMakeFiles/navigation.dir/build.make:104: CMakeFiles/navigation.dir/src/Perception.cpp.o] Erro 1
[1.753s] gmake[2]: ** Esperando que outros processos terminem.
[1.949s] In file included from [01m[K/home/richard/ros2_ws/src/tp1/src/main.cpp:10[m[K:
[1.949s] [01m[K/home/richard/ros2_ws/src/tp1/include/Perception.h:6:10:[m[K [01;31m[Kfatal error: [m[Knav_msgs/msg/Odometry.hpp: Arquivo ou diretório inexistente
[1.949s]     6 | #include [01;31m[K<nav_msgs/msg/Odometry.hpp>[m[K
[1.949s]       |          [01;31m[K^~~~~~~~~~~~~~~~~~~~~~~~~~~[m[K
[1.949s] compilation terminated.
[1.954s] gmake[2]: *** [CMakeFiles/navigation.dir/build.make:76: CMakeFiles/navigation.dir/src/main.cpp.o] Erro 1
[1.954s] gmake[1]: *** [CMakeFiles/Makefile2:137: CMakeFiles/navigation.dir/all] Erro 2
[1.954s] gmake: *** [Makefile:146: all] Erro 2
[1.957s] Invoked command in '/home/richard/ros2_ws/build/tp1' returned '2': CMAKE_PREFIX_PATH=${CMAKE_PREFIX_PATH}:/opt/ros/jazzy DEBUGINFOD_URLS=https://debuginfod.ubuntu.com /usr/bin/cmake --build /home/richard/ros2_ws/build/tp1 -- -j2 -l2
