[0.043s] Invoking command in '/home/richard/ros2_ws/build/turtlesim': CMAKE_PREFIX_PATH=${CMAKE_PREFIX_PATH}:/opt/ros/jazzy DEBUGINFOD_URLS=https://debuginfod.ubuntu.com /usr/bin/cmake --build /home/richard/ros2_ws/build/turtlesim -- -j2 -l2
[0.353s] [  0%] Built target turtlesim__rosidl_generator_type_description
[0.498s] [  0%] Built target ament_cmake_python_copy_turtlesim
[0.535s] [  1%] Built target turtlesim__cpp
[0.597s] [ 24%] Built target turtlesim__rosidl_generator_c
[1.134s] running egg_info
[1.160s] writing turtlesim.egg-info/PKG-INFO
[1.161s] writing dependency_links to turtlesim.egg-info/dependency_links.txt
[1.161s] writing top-level names to turtlesim.egg-info/top_level.txt
[1.264s] reading manifest file 'turtlesim.egg-info/SOURCES.txt'
[1.265s] writing manifest file 'turtlesim.egg-info/SOURCES.txt'
[1.302s] [ 24%] Built target ament_cmake_python_build_turtlesim_egg
[1.348s] [ 33%] Built target turtlesim__rosidl_typesupport_cpp
[1.381s] [ 41%] Built target turtlesim__rosidl_typesupport_fastrtps_c
[1.415s] [ 50%] Built target turtlesim__rosidl_typesupport_fastrtps_cpp
[1.454s] [ 59%] Built target turtlesim__rosidl_typesupport_introspection_c
[1.488s] [ 68%] Built target turtlesim__rosidl_typesupport_c
[1.533s] [ 76%] Built target turtlesim__rosidl_typesupport_introspection_cpp
[1.584s] [ 81%] Built target turtlesim_node
[1.618s] [ 83%] Built target turtle_teleop_key
[1.654s] [ 84%] Built target draw_square
[1.687s] [ 86%] Built target mimic
[1.712s] [ 86%] Built target turtlesim
[1.744s] [ 86%] Built target turtlesim__py
[1.776s] [ 94%] Built target turtlesim__rosidl_generator_py
[1.804s] [ 96%] Built target turtlesim_s__rosidl_typesupport_fastrtps_c
[1.837s] [ 98%] Built target turtlesim_s__rosidl_typesupport_introspection_c
[1.871s] [100%] Built target turtlesim_s__rosidl_typesupport_c
