[0.013s] Invoking command in '/home/richard/ros2_ws/build/turtlesim': CMAKE_PREFIX_PATH=${CMAKE_PREFIX_PATH}:/opt/ros/jazzy DEBUGINFOD_URLS=https://debuginfod.ubuntu.com /usr/bin/cmake --build /home/richard/ros2_ws/build/turtlesim -- -j2 -l2
[0.094s] [  0%] Built target turtlesim__rosidl_generator_type_description
[0.103s] [  0%] Built target ament_cmake_python_copy_turtlesim
[0.125s] [  1%] Built target turtlesim__cpp
[0.131s] [ 24%] Built target turtlesim__rosidl_generator_c
[0.155s] [ 33%] Built target turtlesim__rosidl_typesupport_cpp
[0.186s] [ 41%] Built target turtlesim__rosidl_typesupport_fastrtps_c
[0.215s] [ 50%] Built target turtlesim__rosidl_typesupport_fastrtps_cpp
[0.239s] [ 59%] Built target turtlesim__rosidl_typesupport_introspection_c
[0.267s] [ 68%] Built target turtlesim__rosidl_typesupport_c
[0.297s] [ 76%] Built target turtlesim__rosidl_typesupport_introspection_cpp
[0.340s] [ 81%] Built target turtlesim_node
[0.375s] [ 83%] Built target turtle_teleop_key
[0.404s] [ 84%] Built target draw_square
[0.434s] [ 86%] Built target mimic
[0.461s] [ 86%] Built target turtlesim
[0.488s] [ 86%] Built target turtlesim__py
[0.516s] [ 94%] Built target turtlesim__rosidl_generator_py
[0.537s] running egg_info
[0.542s] [ 96%] Built target turtlesim_s__rosidl_typesupport_fastrtps_c
[0.566s] [ 98%] Built target turtlesim_s__rosidl_typesupport_introspection_c
[0.576s] writing turtlesim.egg-info/PKG-INFO
[0.577s] writing dependency_links to turtlesim.egg-info/dependency_links.txt
[0.579s] writing top-level names to turtlesim.egg-info/top_level.txt
[0.592s] [100%] Built target turtlesim_s__rosidl_typesupport_c
[0.655s] reading manifest file 'turtlesim.egg-info/SOURCES.txt'
[0.658s] writing manifest file 'turtlesim.egg-info/SOURCES.txt'
[0.697s] [100%] Built target ament_cmake_python_build_turtlesim_egg
[0.715s] Invoked command in '/home/richard/ros2_ws/build/turtlesim' returned '0': CMAKE_PREFIX_PATH=${CMAKE_PREFIX_PATH}:/opt/ros/jazzy DEBUGINFOD_URLS=https://debuginfod.ubuntu.com /usr/bin/cmake --build /home/richard/ros2_ws/build/turtlesim -- -j2 -l2
[0.717s] Invoking command in '/home/richard/ros2_ws/build/turtlesim': CMAKE_PREFIX_PATH=${CMAKE_PREFIX_PATH}:/opt/ros/jazzy DEBUGINFOD_URLS=https://debuginfod.ubuntu.com /usr/bin/cmake --install /home/richard/ros2_ws/build/turtlesim
[0.729s] -- Install configuration: ""
[0.731s] -- Up-to-date: /home/richard/ros2_ws/install/turtlesim/share/ament_index/resource_index/rosidl_interfaces/turtlesim
[0.731s] -- Up-to-date: /home/richard/ros2_ws/install/turtlesim/share/turtlesim/action/RotateAbsolute.json
[0.731s] -- Up-to-date: /home/richard/ros2_ws/install/turtlesim/share/turtlesim/msg/Color.json
[0.731s] -- Up-to-date: /home/richard/ros2_ws/install/turtlesim/share/turtlesim/msg/Pose.json
[0.731s] -- Up-to-date: /home/richard/ros2_ws/install/turtlesim/share/turtlesim/srv/Kill.json
[0.734s] -- Up-to-date: /home/richard/ros2_ws/install/turtlesim/share/turtlesim/srv/SetPen.json
[0.734s] -- Up-to-date: /home/richard/ros2_ws/install/turtlesim/share/turtlesim/srv/Spawn.json
[0.734s] -- Up-to-date: /home/richard/ros2_ws/install/turtlesim/share/turtlesim/srv/TeleportAbsolute.json
[0.734s] -- Up-to-date: /home/richard/ros2_ws/install/turtlesim/share/turtlesim/srv/TeleportRelative.json
[0.734s] -- Up-to-date: /home/richard/ros2_ws/install/turtlesim/include/turtlesim/turtlesim
[0.734s] -- Up-to-date: /home/richard/ros2_ws/install/turtlesim/include/turtlesim/turtlesim/srv
[0.734s] -- Up-to-date: /home/richard/ros2_ws/install/turtlesim/include/turtlesim/turtlesim/srv/teleport_relative.h
[0.734s] -- Up-to-date: /home/richard/ros2_ws/install/turtlesim/include/turtlesim/turtlesim/srv/kill.h
[0.734s] -- Up-to-date: /home/richard/ros2_ws/install/turtlesim/include/turtlesim/turtlesim/srv/teleport_absolute.h
[0.735s] -- Up-to-date: /home/richard/ros2_ws/install/turtlesim/include/turtlesim/turtlesim/srv/spawn.h
[0.736s] -- Up-to-date: /home/richard/ros2_ws/install/turtlesim/include/turtlesim/turtlesim/srv/set_pen.h
[0.736s] -- Up-to-date: /home/richard/ros2_ws/install/turtlesim/include/turtlesim/turtlesim/srv/detail
[0.736s] -- Up-to-date: /home/richard/ros2_ws/install/turtlesim/include/turtlesim/turtlesim/srv/detail/teleport_absolute__struct.h
[0.736s] -- Up-to-date: /home/richard/ros2_ws/install/turtlesim/include/turtlesim/turtlesim/srv/detail/teleport_relative__functions.h
[0.736s] -- Up-to-date: /home/richard/ros2_ws/install/turtlesim/include/turtlesim/turtlesim/srv/detail/teleport_absolute__functions.c
[0.736s] -- Up-to-date: /home/richard/ros2_ws/install/turtlesim/include/turtlesim/turtlesim/srv/detail/kill__type_support.h
[0.736s] -- Up-to-date: /home/richard/ros2_ws/install/turtlesim/include/turtlesim/turtlesim/srv/detail/teleport_absolute__type_support.h
[0.736s] -- Installing: /home/richard/ros2_ws/install/turtlesim/include/turtlesim/turtlesim/srv/detail/spawn__type_support.c
[0.738s] -- Installing: /home/richard/ros2_ws/install/turtlesim/include/turtlesim/turtlesim/srv/detail/teleport_absolute__type_support.c
[0.738s] -- Up-to-date: /home/richard/ros2_ws/install/turtlesim/include/turtlesim/turtlesim/srv/detail/set_pen__functions.h
[0.738s] -- Installing: /home/richard/ros2_ws/install/turtlesim/include/turtlesim/turtlesim/srv/detail/teleport_relative__type_support.c
[0.738s] -- Up-to-date: /home/richard/ros2_ws/install/turtlesim/include/turtlesim/turtlesim/srv/detail/kill__struct.h
[0.738s] -- Up-to-date: /home/richard/ros2_ws/install/turtlesim/include/turtlesim/turtlesim/srv/detail/teleport_relative__struct.h
[0.738s] -- Up-to-date: /home/richard/ros2_ws/install/turtlesim/include/turtlesim/turtlesim/srv/detail/spawn__functions.c
[0.738s] -- Installing: /home/richard/ros2_ws/install/turtlesim/include/turtlesim/turtlesim/srv/detail/set_pen__type_support.c
[0.738s] -- Up-to-date: /home/richard/ros2_ws/install/turtlesim/include/turtlesim/turtlesim/srv/detail/spawn__type_support.h
[0.738s] -- Up-to-date: /home/richard/ros2_ws/install/turtlesim/include/turtlesim/turtlesim/srv/detail/spawn__description.c
[0.738s] -- Up-to-date: /home/richard/ros2_ws/install/turtlesim/include/turtlesim/turtlesim/srv/detail/teleport_absolute__description.c
[0.738s] -- Up-to-date: /home/richard/ros2_ws/install/turtlesim/include/turtlesim/turtlesim/srv/detail/set_pen__description.c
[0.741s] -- Up-to-date: /home/richard/ros2_ws/install/turtlesim/include/turtlesim/turtlesim/srv/detail/spawn__struct.h
[0.741s] -- Up-to-date: /home/richard/ros2_ws/install/turtlesim/include/turtlesim/turtlesim/srv/detail/teleport_relative__functions.c
[0.741s] -- Installing: /home/richard/ros2_ws/install/turtlesim/include/turtlesim/turtlesim/srv/detail/kill__type_support.c
[0.741s] -- Up-to-date: /home/richard/ros2_ws/install/turtlesim/include/turtlesim/turtlesim/srv/detail/teleport_relative__description.c
[0.741s] -- Up-to-date: /home/richard/ros2_ws/install/turtlesim/include/turtlesim/turtlesim/srv/detail/set_pen__type_support.h
[0.741s] -- Up-to-date: /home/richard/ros2_ws/install/turtlesim/include/turtlesim/turtlesim/srv/detail/teleport_relative__type_support.h
[0.741s] -- Up-to-date: /home/richard/ros2_ws/install/turtlesim/include/turtlesim/turtlesim/srv/detail/set_pen__functions.c
[0.741s] -- Up-to-date: /home/richard/ros2_ws/install/turtlesim/include/turtlesim/turtlesim/srv/detail/teleport_absolute__functions.h
[0.743s] -- Up-to-date: /home/richard/ros2_ws/install/turtlesim/include/turtlesim/turtlesim/srv/detail/spawn__functions.h
[0.743s] -- Up-to-date: /home/richard/ros2_ws/install/turtlesim/include/turtlesim/turtlesim/srv/detail/kill__functions.c
[0.744s] -- Up-to-date: /home/richard/ros2_ws/install/turtlesim/include/turtlesim/turtlesim/srv/detail/set_pen__struct.h
[0.744s] -- Up-to-date: /home/richard/ros2_ws/install/turtlesim/include/turtlesim/turtlesim/srv/detail/kill__functions.h
[0.744s] -- Up-to-date: /home/richard/ros2_ws/install/turtlesim/include/turtlesim/turtlesim/srv/detail/kill__description.c
[0.744s] -- Up-to-date: /home/richard/ros2_ws/install/turtlesim/include/turtlesim/turtlesim/action
[0.744s] -- Up-to-date: /home/richard/ros2_ws/install/turtlesim/include/turtlesim/turtlesim/action/rotate_absolute.h
[0.744s] -- Up-to-date: /home/richard/ros2_ws/install/turtlesim/include/turtlesim/turtlesim/action/detail
[0.744s] -- Up-to-date: /home/richard/ros2_ws/install/turtlesim/include/turtlesim/turtlesim/action/detail/rotate_absolute__type_support.h
[0.744s] -- Up-to-date: /home/richard/ros2_ws/install/turtlesim/include/turtlesim/turtlesim/action/detail/rotate_absolute__struct.h
[0.744s] -- Up-to-date: /home/richard/ros2_ws/install/turtlesim/include/turtlesim/turtlesim/action/detail/rotate_absolute__functions.h
[0.744s] -- Installing: /home/richard/ros2_ws/install/turtlesim/include/turtlesim/turtlesim/action/detail/rotate_absolute__type_support.c
[0.744s] -- Up-to-date: /home/richard/ros2_ws/install/turtlesim/include/turtlesim/turtlesim/action/detail/rotate_absolute__description.c
[0.744s] -- Up-to-date: /home/richard/ros2_ws/install/turtlesim/include/turtlesim/turtlesim/action/detail/rotate_absolute__functions.c
[0.744s] -- Up-to-date: /home/richard/ros2_ws/install/turtlesim/include/turtlesim/turtlesim/msg
[0.744s] -- Up-to-date: /home/richard/ros2_ws/install/turtlesim/include/turtlesim/turtlesim/msg/rosidl_generator_c__visibility_control.h
[0.744s] -- Up-to-date: /home/richard/ros2_ws/install/turtlesim/include/turtlesim/turtlesim/msg/pose.h
[0.744s] -- Up-to-date: /home/richard/ros2_ws/install/turtlesim/include/turtlesim/turtlesim/msg/color.h
[0.745s] -- Up-to-date: /home/richard/ros2_ws/install/turtlesim/include/turtlesim/turtlesim/msg/detail
[0.748s] -- Up-to-date: /home/richard/ros2_ws/install/turtlesim/include/turtlesim/turtlesim/msg/detail/color__functions.c
[0.748s] -- Up-to-date: /home/richard/ros2_ws/install/turtlesim/include/turtlesim/turtlesim/msg/detail/color__struct.h
[0.748s] -- Up-to-date: /home/richard/ros2_ws/install/turtlesim/include/turtlesim/turtlesim/msg/detail/pose__functions.c
[0.748s] -- Up-to-date: /home/richard/ros2_ws/install/turtlesim/include/turtlesim/turtlesim/msg/detail/pose__functions.h
[0.748s] -- Installing: /home/richard/ros2_ws/install/turtlesim/include/turtlesim/turtlesim/msg/detail/pose__type_support.c
[0.748s] -- Up-to-date: /home/richard/ros2_ws/install/turtlesim/include/turtlesim/turtlesim/msg/detail/pose__type_support.h
[0.748s] -- Up-to-date: /home/richard/ros2_ws/install/turtlesim/include/turtlesim/turtlesim/msg/detail/color__description.c
[0.748s] -- Up-to-date: /home/richard/ros2_ws/install/turtlesim/include/turtlesim/turtlesim/msg/detail/color__functions.h
[0.749s] -- Installing: /home/richard/ros2_ws/install/turtlesim/include/turtlesim/turtlesim/msg/detail/color__type_support.c
[0.749s] -- Up-to-date: /home/richard/ros2_ws/install/turtlesim/include/turtlesim/turtlesim/msg/detail/pose__struct.h
[0.749s] -- Up-to-date: /home/richard/ros2_ws/install/turtlesim/include/turtlesim/turtlesim/msg/detail/color__type_support.h
[0.749s] -- Up-to-date: /home/richard/ros2_ws/install/turtlesim/include/turtlesim/turtlesim/msg/detail/pose__description.c
[0.750s] -- Up-to-date: /home/richard/ros2_ws/install/turtlesim/share/turtlesim/environment/library_path.sh
[0.750s] -- Up-to-date: /home/richard/ros2_ws/install/turtlesim/share/turtlesim/environment/library_path.dsv
[0.750s] -- Up-to-date: /home/richard/ros2_ws/install/turtlesim/lib/libturtlesim__rosidl_generator_c.so
[0.750s] -- Up-to-date: /home/richard/ros2_ws/install/turtlesim/include/turtlesim/turtlesim
[0.750s] -- Up-to-date: /home/richard/ros2_ws/install/turtlesim/include/turtlesim/turtlesim/srv
[0.750s] -- Up-to-date: /home/richard/ros2_ws/install/turtlesim/include/turtlesim/turtlesim/srv/detail
[0.750s] -- Up-to-date: /home/richard/ros2_ws/install/turtlesim/include/turtlesim/turtlesim/srv/detail/kill__rosidl_typesupport_fastrtps_c.h
[0.750s] -- Up-to-date: /home/richard/ros2_ws/install/turtlesim/include/turtlesim/turtlesim/srv/detail/teleport_relative__rosidl_typesupport_fastrtps_c.h
[0.750s] -- Up-to-date: /home/richard/ros2_ws/install/turtlesim/include/turtlesim/turtlesim/srv/detail/set_pen__rosidl_typesupport_fastrtps_c.h
[0.750s] -- Up-to-date: /home/richard/ros2_ws/install/turtlesim/include/turtlesim/turtlesim/srv/detail/teleport_absolute__rosidl_typesupport_fastrtps_c.h
[0.751s] -- Up-to-date: /home/richard/ros2_ws/install/turtlesim/include/turtlesim/turtlesim/srv/detail/spawn__rosidl_typesupport_fastrtps_c.h
[0.751s] -- Up-to-date: /home/richard/ros2_ws/install/turtlesim/include/turtlesim/turtlesim/action
[0.751s] -- Up-to-date: /home/richard/ros2_ws/install/turtlesim/include/turtlesim/turtlesim/action/detail
[0.751s] -- Up-to-date: /home/richard/ros2_ws/install/turtlesim/include/turtlesim/turtlesim/action/detail/rotate_absolute__rosidl_typesupport_fastrtps_c.h
[0.751s] -- Up-to-date: /home/richard/ros2_ws/install/turtlesim/include/turtlesim/turtlesim/msg
[0.751s] -- Up-to-date: /home/richard/ros2_ws/install/turtlesim/include/turtlesim/turtlesim/msg/rosidl_typesupport_fastrtps_c__visibility_control.h
[0.752s] -- Up-to-date: /home/richard/ros2_ws/install/turtlesim/include/turtlesim/turtlesim/msg/detail
[0.752s] -- Up-to-date: /home/richard/ros2_ws/install/turtlesim/include/turtlesim/turtlesim/msg/detail/pose__rosidl_typesupport_fastrtps_c.h
[0.752s] -- Up-to-date: /home/richard/ros2_ws/install/turtlesim/include/turtlesim/turtlesim/msg/detail/color__rosidl_typesupport_fastrtps_c.h
[0.752s] -- Up-to-date: /home/richard/ros2_ws/install/turtlesim/lib/libturtlesim__rosidl_typesupport_fastrtps_c.so
[0.752s] -- Up-to-date: /home/richard/ros2_ws/install/turtlesim/include/turtlesim/turtlesim
[0.752s] -- Up-to-date: /home/richard/ros2_ws/install/turtlesim/include/turtlesim/turtlesim/srv
[0.752s] -- Up-to-date: /home/richard/ros2_ws/install/turtlesim/include/turtlesim/turtlesim/srv/spawn.hpp
[0.752s] -- Up-to-date: /home/richard/ros2_ws/install/turtlesim/include/turtlesim/turtlesim/srv/kill.hpp
[0.756s] -- Up-to-date: /home/richard/ros2_ws/install/turtlesim/include/turtlesim/turtlesim/srv/set_pen.hpp
[0.757s] -- Up-to-date: /home/richard/ros2_ws/install/turtlesim/include/turtlesim/turtlesim/srv/teleport_absolute.hpp
[0.757s] -- Up-to-date: /home/richard/ros2_ws/install/turtlesim/include/turtlesim/turtlesim/srv/teleport_relative.hpp
[0.757s] -- Up-to-date: /home/richard/ros2_ws/install/turtlesim/include/turtlesim/turtlesim/srv/detail
[0.757s] -- Up-to-date: /home/richard/ros2_ws/install/turtlesim/include/turtlesim/turtlesim/srv/detail/spawn__type_support.hpp
[0.757s] -- Up-to-date: /home/richard/ros2_ws/install/turtlesim/include/turtlesim/turtlesim/srv/detail/teleport_absolute__traits.hpp
[0.757s] -- Up-to-date: /home/richard/ros2_ws/install/turtlesim/include/turtlesim/turtlesim/srv/detail/kill__builder.hpp
[0.757s] -- Up-to-date: /home/richard/ros2_ws/install/turtlesim/include/turtlesim/turtlesim/srv/detail/set_pen__struct.hpp
[0.757s] -- Up-to-date: /home/richard/ros2_ws/install/turtlesim/include/turtlesim/turtlesim/srv/detail/teleport_absolute__type_support.hpp
[0.757s] -- Up-to-date: /home/richard/ros2_ws/install/turtlesim/include/turtlesim/turtlesim/srv/detail/teleport_absolute__builder.hpp
[0.758s] -- Up-to-date: /home/richard/ros2_ws/install/turtlesim/include/turtlesim/turtlesim/srv/detail/set_pen__builder.hpp
[0.758s] -- Up-to-date: /home/richard/ros2_ws/install/turtlesim/include/turtlesim/turtlesim/srv/detail/teleport_relative__traits.hpp
[0.758s] -- Up-to-date: /home/richard/ros2_ws/install/turtlesim/include/turtlesim/turtlesim/srv/detail/spawn__builder.hpp
[0.759s] -- Up-to-date: /home/richard/ros2_ws/install/turtlesim/include/turtlesim/turtlesim/srv/detail/spawn__traits.hpp
[0.759s] -- Up-to-date: /home/richard/ros2_ws/install/turtlesim/include/turtlesim/turtlesim/srv/detail/set_pen__type_support.hpp
[0.759s] -- Up-to-date: /home/richard/ros2_ws/install/turtlesim/include/turtlesim/turtlesim/srv/detail/kill__traits.hpp
[0.759s] -- Up-to-date: /home/richard/ros2_ws/install/turtlesim/include/turtlesim/turtlesim/srv/detail/kill__struct.hpp
[0.759s] -- Up-to-date: /home/richard/ros2_ws/install/turtlesim/include/turtlesim/turtlesim/srv/detail/teleport_relative__type_support.hpp
[0.759s] -- Up-to-date: /home/richard/ros2_ws/install/turtlesim/include/turtlesim/turtlesim/srv/detail/teleport_absolute__struct.hpp
[0.759s] -- Up-to-date: /home/richard/ros2_ws/install/turtlesim/include/turtlesim/turtlesim/srv/detail/teleport_relative__builder.hpp
[0.769s] -- Up-to-date: /home/richard/ros2_ws/install/turtlesim/include/turtlesim/turtlesim/srv/detail/teleport_relative__struct.hpp
[0.769s] -- Up-to-date: /home/richard/ros2_ws/install/turtlesim/include/turtlesim/turtlesim/srv/detail/spawn__struct.hpp
[0.770s] -- Up-to-date: /home/richard/ros2_ws/install/turtlesim/include/turtlesim/turtlesim/srv/detail/kill__type_support.hpp
[0.770s] -- Up-to-date: /home/richard/ros2_ws/install/turtlesim/include/turtlesim/turtlesim/srv/detail/set_pen__traits.hpp
[0.770s] -- Up-to-date: /home/richard/ros2_ws/install/turtlesim/include/turtlesim/turtlesim/action
[0.770s] -- Up-to-date: /home/richard/ros2_ws/install/turtlesim/include/turtlesim/turtlesim/action/rotate_absolute.hpp
[0.770s] -- Up-to-date: /home/richard/ros2_ws/install/turtlesim/include/turtlesim/turtlesim/action/detail
[0.770s] -- Up-to-date: /home/richard/ros2_ws/install/turtlesim/include/turtlesim/turtlesim/action/detail/rotate_absolute__traits.hpp
[0.770s] -- Up-to-date: /home/richard/ros2_ws/install/turtlesim/include/turtlesim/turtlesim/action/detail/rotate_absolute__struct.hpp
[0.770s] -- Up-to-date: /home/richard/ros2_ws/install/turtlesim/include/turtlesim/turtlesim/action/detail/rotate_absolute__type_support.hpp
[0.770s] -- Up-to-date: /home/richard/ros2_ws/install/turtlesim/include/turtlesim/turtlesim/action/detail/rotate_absolute__builder.hpp
[0.770s] -- Up-to-date: /home/richard/ros2_ws/install/turtlesim/include/turtlesim/turtlesim/msg
[0.774s] -- Up-to-date: /home/richard/ros2_ws/install/turtlesim/include/turtlesim/turtlesim/msg/pose.hpp
[0.775s] -- Up-to-date: /home/richard/ros2_ws/install/turtlesim/include/turtlesim/turtlesim/msg/rosidl_generator_cpp__visibility_control.hpp
[0.775s] -- Up-to-date: /home/richard/ros2_ws/install/turtlesim/include/turtlesim/turtlesim/msg/detail
[0.776s] -- Up-to-date: /home/richard/ros2_ws/install/turtlesim/include/turtlesim/turtlesim/msg/detail/color__type_support.hpp
[0.776s] -- Up-to-date: /home/richard/ros2_ws/install/turtlesim/include/turtlesim/turtlesim/msg/detail/pose__type_support.hpp
[0.776s] -- Up-to-date: /home/richard/ros2_ws/install/turtlesim/include/turtlesim/turtlesim/msg/detail/color__struct.hpp
[0.776s] -- Up-to-date: /home/richard/ros2_ws/install/turtlesim/include/turtlesim/turtlesim/msg/detail/pose__traits.hpp
[0.776s] -- Up-to-date: /home/richard/ros2_ws/install/turtlesim/include/turtlesim/turtlesim/msg/detail/pose__builder.hpp
[0.776s] -- Up-to-date: /home/richard/ros2_ws/install/turtlesim/include/turtlesim/turtlesim/msg/detail/pose__struct.hpp
[0.776s] -- Up-to-date: /home/richard/ros2_ws/install/turtlesim/include/turtlesim/turtlesim/msg/detail/color__builder.hpp
[0.778s] -- Up-to-date: /home/richard/ros2_ws/install/turtlesim/include/turtlesim/turtlesim/msg/detail/color__traits.hpp
[0.778s] -- Up-to-date: /home/richard/ros2_ws/install/turtlesim/include/turtlesim/turtlesim/msg/color.hpp
[0.778s] -- Up-to-date: /home/richard/ros2_ws/install/turtlesim/include/turtlesim/turtlesim
[0.778s] -- Up-to-date: /home/richard/ros2_ws/install/turtlesim/include/turtlesim/turtlesim/srv
[0.778s] -- Up-to-date: /home/richard/ros2_ws/install/turtlesim/include/turtlesim/turtlesim/srv/detail
[0.780s] -- Up-to-date: /home/richard/ros2_ws/install/turtlesim/include/turtlesim/turtlesim/srv/detail/teleport_relative__rosidl_typesupport_fastrtps_cpp.hpp
[0.780s] -- Up-to-date: /home/richard/ros2_ws/install/turtlesim/include/turtlesim/turtlesim/srv/detail/teleport_absolute__rosidl_typesupport_fastrtps_cpp.hpp
[0.780s] -- Up-to-date: /home/richard/ros2_ws/install/turtlesim/include/turtlesim/turtlesim/srv/detail/spawn__rosidl_typesupport_fastrtps_cpp.hpp
[0.780s] -- Up-to-date: /home/richard/ros2_ws/install/turtlesim/include/turtlesim/turtlesim/srv/detail/dds_fastrtps
[0.780s] -- Up-to-date: /home/richard/ros2_ws/install/turtlesim/include/turtlesim/turtlesim/srv/detail/kill__rosidl_typesupport_fastrtps_cpp.hpp
[0.783s] -- Up-to-date: /home/richard/ros2_ws/install/turtlesim/include/turtlesim/turtlesim/srv/detail/set_pen__rosidl_typesupport_fastrtps_cpp.hpp
[0.783s] -- Up-to-date: /home/richard/ros2_ws/install/turtlesim/include/turtlesim/turtlesim/action
[0.783s] -- Up-to-date: /home/richard/ros2_ws/install/turtlesim/include/turtlesim/turtlesim/action/detail
[0.783s] -- Up-to-date: /home/richard/ros2_ws/install/turtlesim/include/turtlesim/turtlesim/action/detail/rotate_absolute__rosidl_typesupport_fastrtps_cpp.hpp
[0.783s] -- Up-to-date: /home/richard/ros2_ws/install/turtlesim/include/turtlesim/turtlesim/action/detail/dds_fastrtps
[0.783s] -- Up-to-date: /home/richard/ros2_ws/install/turtlesim/include/turtlesim/turtlesim/msg
[0.783s] -- Up-to-date: /home/richard/ros2_ws/install/turtlesim/include/turtlesim/turtlesim/msg/rosidl_typesupport_fastrtps_cpp__visibility_control.h
[0.783s] -- Up-to-date: /home/richard/ros2_ws/install/turtlesim/include/turtlesim/turtlesim/msg/detail
[0.783s] -- Up-to-date: /home/richard/ros2_ws/install/turtlesim/include/turtlesim/turtlesim/msg/detail/dds_fastrtps
[0.784s] -- Up-to-date: /home/richard/ros2_ws/install/turtlesim/include/turtlesim/turtlesim/msg/detail/pose__rosidl_typesupport_fastrtps_cpp.hpp
[0.785s] -- Up-to-date: /home/richard/ros2_ws/install/turtlesim/include/turtlesim/turtlesim/msg/detail/color__rosidl_typesupport_fastrtps_cpp.hpp
[0.785s] -- Up-to-date: /home/richard/ros2_ws/install/turtlesim/lib/libturtlesim__rosidl_typesupport_fastrtps_cpp.so
[0.785s] -- Up-to-date: /home/richard/ros2_ws/install/turtlesim/include/turtlesim/turtlesim
[0.785s] -- Up-to-date: /home/richard/ros2_ws/install/turtlesim/include/turtlesim/turtlesim/srv
[0.785s] -- Up-to-date: /home/richard/ros2_ws/install/turtlesim/include/turtlesim/turtlesim/srv/detail
[0.785s] -- Up-to-date: /home/richard/ros2_ws/install/turtlesim/include/turtlesim/turtlesim/srv/detail/kill__rosidl_typesupport_introspection_c.h
[0.785s] -- Installing: /home/richard/ros2_ws/install/turtlesim/include/turtlesim/turtlesim/srv/detail/spawn__type_support.c
[0.787s] -- Installing: /home/richard/ros2_ws/install/turtlesim/include/turtlesim/turtlesim/srv/detail/teleport_absolute__type_support.c
[0.787s] -- Installing: /home/richard/ros2_ws/install/turtlesim/include/turtlesim/turtlesim/srv/detail/teleport_relative__type_support.c
[0.787s] -- Up-to-date: /home/richard/ros2_ws/install/turtlesim/include/turtlesim/turtlesim/srv/detail/spawn__rosidl_typesupport_introspection_c.h
[0.787s] -- Installing: /home/richard/ros2_ws/install/turtlesim/include/turtlesim/turtlesim/srv/detail/set_pen__type_support.c
[0.787s] -- Up-to-date: /home/richard/ros2_ws/install/turtlesim/include/turtlesim/turtlesim/srv/detail/teleport_relative__rosidl_typesupport_introspection_c.h
[0.787s] -- Installing: /home/richard/ros2_ws/install/turtlesim/include/turtlesim/turtlesim/srv/detail/kill__type_support.c
[0.787s] -- Up-to-date: /home/richard/ros2_ws/install/turtlesim/include/turtlesim/turtlesim/srv/detail/teleport_absolute__rosidl_typesupport_introspection_c.h
[0.789s] -- Up-to-date: /home/richard/ros2_ws/install/turtlesim/include/turtlesim/turtlesim/srv/detail/set_pen__rosidl_typesupport_introspection_c.h
[0.789s] -- Up-to-date: /home/richard/ros2_ws/install/turtlesim/include/turtlesim/turtlesim/action
[0.789s] -- Up-to-date: /home/richard/ros2_ws/install/turtlesim/include/turtlesim/turtlesim/action/detail
[0.789s] -- Up-to-date: /home/richard/ros2_ws/install/turtlesim/include/turtlesim/turtlesim/action/detail/rotate_absolute__rosidl_typesupport_introspection_c.h
[0.789s] -- Installing: /home/richard/ros2_ws/install/turtlesim/include/turtlesim/turtlesim/action/detail/rotate_absolute__type_support.c
[0.789s] -- Up-to-date: /home/richard/ros2_ws/install/turtlesim/include/turtlesim/turtlesim/msg
[0.789s] -- Up-to-date: /home/richard/ros2_ws/install/turtlesim/include/turtlesim/turtlesim/msg/rosidl_typesupport_introspection_c__visibility_control.h
[0.789s] -- Up-to-date: /home/richard/ros2_ws/install/turtlesim/include/turtlesim/turtlesim/msg/detail
[0.791s] -- Up-to-date: /home/richard/ros2_ws/install/turtlesim/include/turtlesim/turtlesim/msg/detail/pose__rosidl_typesupport_introspection_c.h
[0.791s] -- Installing: /home/richard/ros2_ws/install/turtlesim/include/turtlesim/turtlesim/msg/detail/pose__type_support.c
[0.791s] -- Installing: /home/richard/ros2_ws/install/turtlesim/include/turtlesim/turtlesim/msg/detail/color__type_support.c
[0.792s] -- Up-to-date: /home/richard/ros2_ws/install/turtlesim/include/turtlesim/turtlesim/msg/detail/color__rosidl_typesupport_introspection_c.h
[0.793s] -- Up-to-date: /home/richard/ros2_ws/install/turtlesim/lib/libturtlesim__rosidl_typesupport_introspection_c.so
[0.793s] -- Up-to-date: /home/richard/ros2_ws/install/turtlesim/lib/libturtlesim__rosidl_typesupport_c.so
[0.793s] -- Up-to-date: /home/richard/ros2_ws/install/turtlesim/include/turtlesim/turtlesim
[0.793s] -- Up-to-date: /home/richard/ros2_ws/install/turtlesim/include/turtlesim/turtlesim/srv
[0.793s] -- Up-to-date: /home/richard/ros2_ws/install/turtlesim/include/turtlesim/turtlesim/srv/detail
[0.793s] -- Up-to-date: /home/richard/ros2_ws/install/turtlesim/include/turtlesim/turtlesim/srv/detail/set_pen__rosidl_typesupport_introspection_cpp.hpp
[0.793s] -- Up-to-date: /home/richard/ros2_ws/install/turtlesim/include/turtlesim/turtlesim/srv/detail/set_pen__type_support.cpp
[0.793s] -- Up-to-date: /home/richard/ros2_ws/install/turtlesim/include/turtlesim/turtlesim/srv/detail/teleport_relative__type_support.cpp
[0.795s] -- Up-to-date: /home/richard/ros2_ws/install/turtlesim/include/turtlesim/turtlesim/srv/detail/spawn__type_support.cpp
[0.795s] -- Up-to-date: /home/richard/ros2_ws/install/turtlesim/include/turtlesim/turtlesim/srv/detail/spawn__rosidl_typesupport_introspection_cpp.hpp
[0.795s] -- Up-to-date: /home/richard/ros2_ws/install/turtlesim/include/turtlesim/turtlesim/srv/detail/teleport_absolute__rosidl_typesupport_introspection_cpp.hpp
[0.795s] -- Up-to-date: /home/richard/ros2_ws/install/turtlesim/include/turtlesim/turtlesim/srv/detail/teleport_absolute__type_support.cpp
[0.795s] -- Up-to-date: /home/richard/ros2_ws/install/turtlesim/include/turtlesim/turtlesim/srv/detail/kill__type_support.cpp
[0.795s] -- Up-to-date: /home/richard/ros2_ws/install/turtlesim/include/turtlesim/turtlesim/srv/detail/teleport_relative__rosidl_typesupport_introspection_cpp.hpp
[0.796s] -- Up-to-date: /home/richard/ros2_ws/install/turtlesim/include/turtlesim/turtlesim/srv/detail/kill__rosidl_typesupport_introspection_cpp.hpp
[0.796s] -- Up-to-date: /home/richard/ros2_ws/install/turtlesim/include/turtlesim/turtlesim/action
[0.796s] -- Up-to-date: /home/richard/ros2_ws/install/turtlesim/include/turtlesim/turtlesim/action/detail
[0.796s] -- Up-to-date: /home/richard/ros2_ws/install/turtlesim/include/turtlesim/turtlesim/action/detail/rotate_absolute__rosidl_typesupport_introspection_cpp.hpp
[0.796s] -- Up-to-date: /home/richard/ros2_ws/install/turtlesim/include/turtlesim/turtlesim/action/detail/rotate_absolute__type_support.cpp
[0.797s] -- Up-to-date: /home/richard/ros2_ws/install/turtlesim/include/turtlesim/turtlesim/msg
[0.797s] -- Up-to-date: /home/richard/ros2_ws/install/turtlesim/include/turtlesim/turtlesim/msg/detail
[0.797s] -- Up-to-date: /home/richard/ros2_ws/install/turtlesim/include/turtlesim/turtlesim/msg/detail/color__rosidl_typesupport_introspection_cpp.hpp
[0.798s] -- Up-to-date: /home/richard/ros2_ws/install/turtlesim/include/turtlesim/turtlesim/msg/detail/color__type_support.cpp
[0.798s] -- Up-to-date: /home/richard/ros2_ws/install/turtlesim/include/turtlesim/turtlesim/msg/detail/pose__rosidl_typesupport_introspection_cpp.hpp
[0.799s] -- Up-to-date: /home/richard/ros2_ws/install/turtlesim/include/turtlesim/turtlesim/msg/detail/pose__type_support.cpp
[0.799s] -- Up-to-date: /home/richard/ros2_ws/install/turtlesim/lib/libturtlesim__rosidl_typesupport_introspection_cpp.so
[0.799s] -- Up-to-date: /home/richard/ros2_ws/install/turtlesim/lib/libturtlesim__rosidl_typesupport_cpp.so
[0.800s] -- Up-to-date: /home/richard/ros2_ws/install/turtlesim/share/turtlesim/environment/pythonpath.sh
[0.800s] -- Up-to-date: /home/richard/ros2_ws/install/turtlesim/share/turtlesim/environment/pythonpath.dsv
[0.800s] -- Up-to-date: /home/richard/ros2_ws/install/turtlesim/lib/python3.12/site-packages/turtlesim-1.8.3-py3.12.egg-info
[0.802s] -- Installing: /home/richard/ros2_ws/install/turtlesim/lib/python3.12/site-packages/turtlesim-1.8.3-py3.12.egg-info/PKG-INFO
[0.802s] -- Installing: /home/richard/ros2_ws/install/turtlesim/lib/python3.12/site-packages/turtlesim-1.8.3-py3.12.egg-info/dependency_links.txt
[0.802s] -- Installing: /home/richard/ros2_ws/install/turtlesim/lib/python3.12/site-packages/turtlesim-1.8.3-py3.12.egg-info/top_level.txt
[0.802s] -- Installing: /home/richard/ros2_ws/install/turtlesim/lib/python3.12/site-packages/turtlesim-1.8.3-py3.12.egg-info/SOURCES.txt
[0.802s] -- Up-to-date: /home/richard/ros2_ws/install/turtlesim/lib/python3.12/site-packages/turtlesim
[0.802s] -- Up-to-date: /home/richard/ros2_ws/install/turtlesim/lib/python3.12/site-packages/turtlesim/__init__.py
[0.803s] -- Up-to-date: /home/richard/ros2_ws/install/turtlesim/lib/python3.12/site-packages/turtlesim/turtlesim_s__rosidl_typesupport_introspection_c.so
[0.804s] -- Up-to-date: /home/richard/ros2_ws/install/turtlesim/lib/python3.12/site-packages/turtlesim/srv
[0.804s] -- Up-to-date: /home/richard/ros2_ws/install/turtlesim/lib/python3.12/site-packages/turtlesim/srv/_set_pen_s.c
[0.805s] -- Up-to-date: /home/richard/ros2_ws/install/turtlesim/lib/python3.12/site-packages/turtlesim/srv/_set_pen.py
[0.805s] -- Up-to-date: /home/richard/ros2_ws/install/turtlesim/lib/python3.12/site-packages/turtlesim/srv/__init__.py
[0.806s] -- Up-to-date: /home/richard/ros2_ws/install/turtlesim/lib/python3.12/site-packages/turtlesim/srv/_teleport_absolute_s.c
[0.806s] -- Up-to-date: /home/richard/ros2_ws/install/turtlesim/lib/python3.12/site-packages/turtlesim/srv/_kill_s.c
[0.806s] -- Up-to-date: /home/richard/ros2_ws/install/turtlesim/lib/python3.12/site-packages/turtlesim/srv/_teleport_absolute.py
[0.806s] -- Up-to-date: /home/richard/ros2_ws/install/turtlesim/lib/python3.12/site-packages/turtlesim/srv/_teleport_relative_s.c
[0.806s] -- Up-to-date: /home/richard/ros2_ws/install/turtlesim/lib/python3.12/site-packages/turtlesim/srv/_kill.py
[0.806s] -- Up-to-date: /home/richard/ros2_ws/install/turtlesim/lib/python3.12/site-packages/turtlesim/srv/_spawn.py
[0.806s] -- Up-to-date: /home/richard/ros2_ws/install/turtlesim/lib/python3.12/site-packages/turtlesim/srv/_spawn_s.c
[0.806s] -- Up-to-date: /home/richard/ros2_ws/install/turtlesim/lib/python3.12/site-packages/turtlesim/srv/_teleport_relative.py
[0.806s] -- Up-to-date: /home/richard/ros2_ws/install/turtlesim/lib/python3.12/site-packages/turtlesim/_turtlesim_s.ep.rosidl_typesupport_fastrtps_c.c
[0.806s] -- Up-to-date: /home/richard/ros2_ws/install/turtlesim/lib/python3.12/site-packages/turtlesim/turtlesim_s__rosidl_typesupport_c.so
[0.806s] -- Up-to-date: /home/richard/ros2_ws/install/turtlesim/lib/python3.12/site-packages/turtlesim/turtlesim_s__rosidl_typesupport_fastrtps_c.so
[0.806s] -- Up-to-date: /home/richard/ros2_ws/install/turtlesim/lib/python3.12/site-packages/turtlesim/_turtlesim_s.ep.rosidl_typesupport_c.c
[0.807s] -- Up-to-date: /home/richard/ros2_ws/install/turtlesim/lib/python3.12/site-packages/turtlesim/action
[0.807s] -- Up-to-date: /home/richard/ros2_ws/install/turtlesim/lib/python3.12/site-packages/turtlesim/action/__init__.py
[0.807s] -- Up-to-date: /home/richard/ros2_ws/install/turtlesim/lib/python3.12/site-packages/turtlesim/action/_rotate_absolute.py
[0.807s] -- Up-to-date: /home/richard/ros2_ws/install/turtlesim/lib/python3.12/site-packages/turtlesim/action/_rotate_absolute_s.c
[0.807s] -- Up-to-date: /home/richard/ros2_ws/install/turtlesim/lib/python3.12/site-packages/turtlesim/msg
[0.807s] -- Up-to-date: /home/richard/ros2_ws/install/turtlesim/lib/python3.12/site-packages/turtlesim/msg/__init__.py
[0.807s] -- Up-to-date: /home/richard/ros2_ws/install/turtlesim/lib/python3.12/site-packages/turtlesim/msg/_pose.py
[0.811s] -- Up-to-date: /home/richard/ros2_ws/install/turtlesim/lib/python3.12/site-packages/turtlesim/msg/_pose_s.c
[0.811s] -- Up-to-date: /home/richard/ros2_ws/install/turtlesim/lib/python3.12/site-packages/turtlesim/msg/_color_s.c
[0.811s] -- Up-to-date: /home/richard/ros2_ws/install/turtlesim/lib/python3.12/site-packages/turtlesim/msg/_color.py
[0.811s] -- Up-to-date: /home/richard/ros2_ws/install/turtlesim/lib/python3.12/site-packages/turtlesim/_turtlesim_s.ep.rosidl_typesupport_introspection_c.c
[0.811s] Listing '/home/richard/ros2_ws/install/turtlesim/lib/python3.12/site-packages/turtlesim'...
[0.811s] Listing '/home/richard/ros2_ws/install/turtlesim/lib/python3.12/site-packages/turtlesim/action'...
[0.811s] Listing '/home/richard/ros2_ws/install/turtlesim/lib/python3.12/site-packages/turtlesim/msg'...
[0.811s] Listing '/home/richard/ros2_ws/install/turtlesim/lib/python3.12/site-packages/turtlesim/srv'...
[0.811s] -- Up-to-date: /home/richard/ros2_ws/install/turtlesim/lib/python3.12/site-packages/turtlesim/turtlesim_s__rosidl_typesupport_fastrtps_c.so
[0.811s] -- Up-to-date: /home/richard/ros2_ws/install/turtlesim/lib/python3.12/site-packages/turtlesim/turtlesim_s__rosidl_typesupport_introspection_c.so
[0.811s] -- Up-to-date: /home/richard/ros2_ws/install/turtlesim/lib/python3.12/site-packages/turtlesim/turtlesim_s__rosidl_typesupport_c.so
[0.811s] -- Up-to-date: /home/richard/ros2_ws/install/turtlesim/lib/libturtlesim__rosidl_generator_py.so
[0.812s] -- Up-to-date: /home/richard/ros2_ws/install/turtlesim/share/turtlesim/action/RotateAbsolute.idl
[0.812s] -- Up-to-date: /home/richard/ros2_ws/install/turtlesim/share/turtlesim/msg/Color.idl
[0.812s] -- Up-to-date: /home/richard/ros2_ws/install/turtlesim/share/turtlesim/msg/Pose.idl
[0.812s] -- Up-to-date: /home/richard/ros2_ws/install/turtlesim/share/turtlesim/srv/Kill.idl
[0.812s] -- Up-to-date: /home/richard/ros2_ws/install/turtlesim/share/turtlesim/srv/SetPen.idl
[0.812s] -- Up-to-date: /home/richard/ros2_ws/install/turtlesim/share/turtlesim/srv/Spawn.idl
[0.813s] -- Up-to-date: /home/richard/ros2_ws/install/turtlesim/share/turtlesim/srv/TeleportAbsolute.idl
[0.813s] -- Up-to-date: /home/richard/ros2_ws/install/turtlesim/share/turtlesim/srv/TeleportRelative.idl
[0.813s] -- Up-to-date: /home/richard/ros2_ws/install/turtlesim/share/turtlesim/action/RotateAbsolute.action
[0.813s] -- Up-to-date: /home/richard/ros2_ws/install/turtlesim/share/turtlesim/msg/Color.msg
[0.814s] -- Up-to-date: /home/richard/ros2_ws/install/turtlesim/share/turtlesim/msg/Pose.msg
[0.814s] -- Up-to-date: /home/richard/ros2_ws/install/turtlesim/share/turtlesim/srv/Kill.srv
[0.815s] -- Up-to-date: /home/richard/ros2_ws/install/turtlesim/share/turtlesim/srv/SetPen.srv
[0.815s] -- Up-to-date: /home/richard/ros2_ws/install/turtlesim/share/turtlesim/srv/Spawn.srv
[0.816s] -- Up-to-date: /home/richard/ros2_ws/install/turtlesim/share/turtlesim/srv/TeleportAbsolute.srv
[0.816s] -- Up-to-date: /home/richard/ros2_ws/install/turtlesim/share/turtlesim/srv/TeleportRelative.srv
[0.816s] -- Up-to-date: /home/richard/ros2_ws/install/turtlesim/lib/turtlesim/turtlesim_node
[0.816s] -- Up-to-date: /home/richard/ros2_ws/install/turtlesim/lib/turtlesim/turtle_teleop_key
[0.817s] -- Up-to-date: /home/richard/ros2_ws/install/turtlesim/lib/turtlesim/draw_square
[0.817s] -- Up-to-date: /home/richard/ros2_ws/install/turtlesim/lib/turtlesim/mimic
[0.817s] -- Up-to-date: /home/richard/ros2_ws/install/turtlesim/share/turtlesim/images
[0.818s] -- Up-to-date: /home/richard/ros2_ws/install/turtlesim/share/turtlesim/images/rolling.png
[0.818s] -- Up-to-date: /home/richard/ros2_ws/install/turtlesim/share/turtlesim/images/eloquent.png
[0.818s] -- Up-to-date: /home/richard/ros2_ws/install/turtlesim/share/turtlesim/images/bouncy.png
[0.818s] -- Up-to-date: /home/richard/ros2_ws/install/turtlesim/share/turtlesim/images/dashing.png
[0.819s] -- Up-to-date: /home/richard/ros2_ws/install/turtlesim/share/turtlesim/images/humble.png
[0.819s] -- Up-to-date: /home/richard/ros2_ws/install/turtlesim/share/turtlesim/images/iron.png
[0.819s] -- Up-to-date: /home/richard/ros2_ws/install/turtlesim/share/turtlesim/images/galactic.png
[0.819s] -- Up-to-date: /home/richard/ros2_ws/install/turtlesim/share/turtlesim/images/foxy.png
[0.819s] -- Up-to-date: /home/richard/ros2_ws/install/turtlesim/share/turtlesim/images/jazzy.png
[0.819s] -- Up-to-date: /home/richard/ros2_ws/install/turtlesim/share/turtlesim/images/crystal.png
[0.820s] -- Up-to-date: /home/richard/ros2_ws/install/turtlesim/share/turtlesim/images/ardent.png
[0.820s] -- Up-to-date: /home/richard/ros2_ws/install/turtlesim/share/turtlesim/launch
[0.820s] -- Up-to-date: /home/richard/ros2_ws/install/turtlesim/share/turtlesim/launch/multisim.launch.py
[0.820s] -- Up-to-date: /home/richard/ros2_ws/install/turtlesim/share/ament_index/resource_index/package_run_dependencies/turtlesim
[0.820s] -- Up-to-date: /home/richard/ros2_ws/install/turtlesim/share/ament_index/resource_index/parent_prefix_path/turtlesim
[0.820s] -- Up-to-date: /home/richard/ros2_ws/install/turtlesim/share/turtlesim/environment/ament_prefix_path.sh
[0.820s] -- Up-to-date: /home/richard/ros2_ws/install/turtlesim/share/turtlesim/environment/ament_prefix_path.dsv
[0.820s] -- Up-to-date: /home/richard/ros2_ws/install/turtlesim/share/turtlesim/environment/path.sh
[0.820s] -- Up-to-date: /home/richard/ros2_ws/install/turtlesim/share/turtlesim/environment/path.dsv
[0.820s] -- Up-to-date: /home/richard/ros2_ws/install/turtlesim/share/turtlesim/local_setup.bash
[0.820s] -- Up-to-date: /home/richard/ros2_ws/install/turtlesim/share/turtlesim/local_setup.sh
[0.820s] -- Up-to-date: /home/richard/ros2_ws/install/turtlesim/share/turtlesim/local_setup.zsh
[0.821s] -- Up-to-date: /home/richard/ros2_ws/install/turtlesim/share/turtlesim/local_setup.dsv
[0.821s] -- Installing: /home/richard/ros2_ws/install/turtlesim/share/turtlesim/package.dsv
[0.821s] -- Up-to-date: /home/richard/ros2_ws/install/turtlesim/share/ament_index/resource_index/packages/turtlesim
[0.821s] -- Up-to-date: /home/richard/ros2_ws/install/turtlesim/share/turtlesim/cmake/export_turtlesim__rosidl_generator_cExport.cmake
[0.821s] -- Up-to-date: /home/richard/ros2_ws/install/turtlesim/share/turtlesim/cmake/export_turtlesim__rosidl_generator_cExport-noconfig.cmake
[0.821s] -- Up-to-date: /home/richard/ros2_ws/install/turtlesim/share/turtlesim/cmake/export_turtlesim__rosidl_typesupport_fastrtps_cExport.cmake
[0.821s] -- Up-to-date: /home/richard/ros2_ws/install/turtlesim/share/turtlesim/cmake/export_turtlesim__rosidl_typesupport_fastrtps_cExport-noconfig.cmake
[0.822s] -- Up-to-date: /home/richard/ros2_ws/install/turtlesim/share/turtlesim/cmake/export_turtlesim__rosidl_generator_cppExport.cmake
[0.823s] -- Up-to-date: /home/richard/ros2_ws/install/turtlesim/share/turtlesim/cmake/export_turtlesim__rosidl_typesupport_fastrtps_cppExport.cmake
[0.823s] -- Up-to-date: /home/richard/ros2_ws/install/turtlesim/share/turtlesim/cmake/export_turtlesim__rosidl_typesupport_fastrtps_cppExport-noconfig.cmake
[0.823s] -- Up-to-date: /home/richard/ros2_ws/install/turtlesim/share/turtlesim/cmake/turtlesim__rosidl_typesupport_introspection_cExport.cmake
[0.823s] -- Up-to-date: /home/richard/ros2_ws/install/turtlesim/share/turtlesim/cmake/turtlesim__rosidl_typesupport_introspection_cExport-noconfig.cmake
[0.824s] -- Up-to-date: /home/richard/ros2_ws/install/turtlesim/share/turtlesim/cmake/turtlesim__rosidl_typesupport_cExport.cmake
[0.824s] -- Up-to-date: /home/richard/ros2_ws/install/turtlesim/share/turtlesim/cmake/turtlesim__rosidl_typesupport_cExport-noconfig.cmake
[0.824s] -- Up-to-date: /home/richard/ros2_ws/install/turtlesim/share/turtlesim/cmake/turtlesim__rosidl_typesupport_introspection_cppExport.cmake
[0.824s] -- Up-to-date: /home/richard/ros2_ws/install/turtlesim/share/turtlesim/cmake/turtlesim__rosidl_typesupport_introspection_cppExport-noconfig.cmake
[0.824s] -- Up-to-date: /home/richard/ros2_ws/install/turtlesim/share/turtlesim/cmake/turtlesim__rosidl_typesupport_cppExport.cmake
[0.824s] -- Up-to-date: /home/richard/ros2_ws/install/turtlesim/share/turtlesim/cmake/turtlesim__rosidl_typesupport_cppExport-noconfig.cmake
[0.825s] -- Up-to-date: /home/richard/ros2_ws/install/turtlesim/share/turtlesim/cmake/export_turtlesim__rosidl_generator_pyExport.cmake
[0.825s] -- Up-to-date: /home/richard/ros2_ws/install/turtlesim/share/turtlesim/cmake/export_turtlesim__rosidl_generator_pyExport-noconfig.cmake
[0.825s] -- Up-to-date: /home/richard/ros2_ws/install/turtlesim/share/turtlesim/cmake/rosidl_cmake-extras.cmake
[0.825s] -- Up-to-date: /home/richard/ros2_ws/install/turtlesim/share/turtlesim/cmake/ament_cmake_export_dependencies-extras.cmake
[0.826s] -- Up-to-date: /home/richard/ros2_ws/install/turtlesim/share/turtlesim/cmake/ament_cmake_export_include_directories-extras.cmake
[0.826s] -- Up-to-date: /home/richard/ros2_ws/install/turtlesim/share/turtlesim/cmake/ament_cmake_export_libraries-extras.cmake
[0.826s] -- Up-to-date: /home/richard/ros2_ws/install/turtlesim/share/turtlesim/cmake/ament_cmake_export_targets-extras.cmake
[0.826s] -- Up-to-date: /home/richard/ros2_ws/install/turtlesim/share/turtlesim/cmake/rosidl_cmake_export_typesupport_targets-extras.cmake
[0.826s] -- Up-to-date: /home/richard/ros2_ws/install/turtlesim/share/turtlesim/cmake/rosidl_cmake_export_typesupport_libraries-extras.cmake
[0.826s] -- Up-to-date: /home/richard/ros2_ws/install/turtlesim/share/turtlesim/cmake/turtlesimConfig.cmake
[0.826s] -- Up-to-date: /home/richard/ros2_ws/install/turtlesim/share/turtlesim/cmake/turtlesimConfig-version.cmake
[0.827s] -- Up-to-date: /home/richard/ros2_ws/install/turtlesim/share/turtlesim/package.xml
[0.827s] Invoked command in '/home/richard/ros2_ws/build/turtlesim' returned '0': CMAKE_PREFIX_PATH=${CMAKE_PREFIX_PATH}:/opt/ros/jazzy DEBUGINFOD_URLS=https://debuginfod.ubuntu.com /usr/bin/cmake --install /home/richard/ros2_ws/build/turtlesim
