[0.013s] Invoking command in '/home/richard/ros2_ws/build/turtlesim': CMAKE_PREFIX_PATH=${CMAKE_PREFIX_PATH}:/opt/ros/jazzy DEBUGINFOD_URLS=https://debuginfod.ubuntu.com /usr/bin/cmake --build /home/richard/ros2_ws/build/turtlesim -- -j2 -l2
[0.103s] [  0%] Built target turtlesim__rosidl_generator_type_description
[0.124s] [  0%] Built target ament_cmake_python_copy_turtlesim
[0.142s] [  1%] Built target turtlesim__cpp
[0.176s] [ 24%] Built target turtlesim__rosidl_generator_c
[0.228s] [ 33%] Built target turtlesim__rosidl_typesupport_cpp
[0.292s] [ 41%] Built target turtlesim__rosidl_typesupport_fastrtps_c
[0.344s] [ 50%] Built target turtlesim__rosidl_typesupport_fastrtps_cpp
[0.387s] [ 59%] Built target turtlesim__rosidl_typesupport_introspection_c
[0.440s] [ 68%] Built target turtlesim__rosidl_typesupport_c
[0.502s] [ 76%] Built target turtlesim__rosidl_typesupport_introspection_cpp
[0.572s] running egg_info
[0.585s] [ 81%] Built target turtlesim_node
[0.625s] writing turtlesim.egg-info/PKG-INFO
[0.626s] writing dependency_links to turtlesim.egg-info/dependency_links.txt
[0.626s] writing top-level names to turtlesim.egg-info/top_level.txt
[0.641s] [ 83%] Built target turtle_teleop_key
[0.669s] [ 84%] Built target draw_square
[0.715s] [ 86%] Built target mimic
[0.737s] [ 86%] Built target turtlesim
[0.741s] reading manifest file 'turtlesim.egg-info/SOURCES.txt'
[0.741s] writing manifest file 'turtlesim.egg-info/SOURCES.txt'
[0.771s] [ 86%] Built target turtlesim__py
[0.786s] [ 86%] Built target ament_cmake_python_build_turtlesim_egg
[0.799s] [ 94%] Built target turtlesim__rosidl_generator_py
[0.819s] [ 97%] Built target turtlesim_s__rosidl_typesupport_fastrtps_c
[0.820s] [ 98%] Built target turtlesim_s__rosidl_typesupport_introspection_c
[0.840s] [100%] Built target turtlesim_s__rosidl_typesupport_c
