[0.008s] Invoking command in '/home/richard/ros2_ws/build/turtlesim': CMAKE_PREFIX_PATH=${CMAKE_PREFIX_PATH}:/opt/ros/jazzy DEBUGINFOD_URLS=https://debuginfod.ubuntu.com /usr/bin/cmake --build /home/richard/ros2_ws/build/turtlesim -- -j2 -l2
[0.079s] [  0%] Built target turtlesim__rosidl_generator_type_description
[0.112s] [  1%] Built target turtlesim__cpp
[0.112s] [  1%] Built target ament_cmake_python_copy_turtlesim
[0.166s] [ 24%] Built target turtlesim__rosidl_generator_c
[0.215s] [ 33%] Built target turtlesim__rosidl_typesupport_cpp
[0.276s] [ 41%] Built target turtlesim__rosidl_typesupport_fastrtps_c
[0.342s] [ 50%] Built target turtlesim__rosidl_typesupport_fastrtps_cpp
[0.406s] [ 59%] Built target turtlesim__rosidl_typesupport_introspection_c
[0.523s] [ 68%] Built target turtlesim__rosidl_typesupport_c
[0.632s] [ 76%] Built target turtlesim__rosidl_typesupport_introspection_cpp
[0.750s] [ 81%] Built target turtlesim_node
[0.760s] running egg_info
[0.814s] writing turtlesim.egg-info/PKG-INFO
[0.814s] [ 83%] Built target turtle_teleop_key
[0.820s] writing dependency_links to turtlesim.egg-info/dependency_links.txt
[0.820s] writing top-level names to turtlesim.egg-info/top_level.txt
[0.891s] [ 84%] Built target draw_square
[0.931s] reading manifest file 'turtlesim.egg-info/SOURCES.txt'
[0.932s] writing manifest file 'turtlesim.egg-info/SOURCES.txt'
[0.945s] [ 86%] Built target mimic
[0.990s] [ 86%] Built target turtlesim
[0.999s] [ 86%] Built target ament_cmake_python_build_turtlesim_egg
[1.016s] [ 86%] Built target turtlesim__py
[1.048s] [ 94%] Built target turtlesim__rosidl_generator_py
[1.075s] [ 96%] Built target turtlesim_s__rosidl_typesupport_fastrtps_c
[1.081s] [ 98%] Built target turtlesim_s__rosidl_typesupport_introspection_c
[1.099s] [100%] Built target turtlesim_s__rosidl_typesupport_c
