[0.009s] Invoking command in '/home/richard/ros2_ws/build/turtlesim': CMAKE_PREFIX_PATH=${CMAKE_PREFIX_PATH}:/opt/ros/jazzy DEBUGINFOD_URLS=https://debuginfod.ubuntu.com /usr/bin/cmake --build /home/richard/ros2_ws/build/turtlesim -- -j2 -l2
[0.087s] [  0%] Built target turtlesim__rosidl_generator_type_description
[0.126s] [  1%] Built target turtlesim__cpp
[0.137s] [  1%] Built target ament_cmake_python_copy_turtlesim
[0.159s] [ 24%] Built target turtlesim__rosidl_generator_c
[0.212s] [ 33%] Built target turtlesim__rosidl_typesupport_cpp
[0.278s] [ 41%] Built target turtlesim__rosidl_typesupport_fastrtps_c
[0.380s] [ 50%] Built target turtlesim__rosidl_typesupport_fastrtps_cpp
[0.495s] [ 59%] Built target turtlesim__rosidl_typesupport_introspection_c
[0.567s] [ 68%] Built target turtlesim__rosidl_typesupport_c
[0.624s] [ 76%] Built target turtlesim__rosidl_typesupport_introspection_cpp
[0.651s] running egg_info
[0.675s] writing turtlesim.egg-info/PKG-INFO
[0.675s] writing dependency_links to turtlesim.egg-info/dependency_links.txt
[0.675s] writing top-level names to turtlesim.egg-info/top_level.txt
[0.695s] [ 81%] Built target turtlesim_node
[0.767s] [ 83%] Built target turtle_teleop_key
[0.789s] reading manifest file 'turtlesim.egg-info/SOURCES.txt'
[0.791s] writing manifest file 'turtlesim.egg-info/SOURCES.txt'
[0.822s] [ 84%] Built target draw_square
[0.835s] [ 84%] Built target ament_cmake_python_build_turtlesim_egg
[0.879s] [ 84%] Built target turtlesim
[0.883s] [ 86%] Built target mimic
[0.914s] [ 86%] Built target turtlesim__py
[0.944s] [ 94%] Built target turtlesim__rosidl_generator_py
[0.968s] [ 96%] Built target turtlesim_s__rosidl_typesupport_introspection_c
[0.972s] [ 98%] Built target turtlesim_s__rosidl_typesupport_fastrtps_c
[0.990s] [100%] Built target turtlesim_s__rosidl_typesupport_c
