[0.007s] Invoking command in '/home/richard/ros2_ws/build/turtlesim': CMAKE_PREFIX_PATH=${CMAKE_PREFIX_PATH}:/opt/ros/jazzy DEBUGINFOD_URLS=https://debuginfod.ubuntu.com /usr/bin/cmake --build /home/richard/ros2_ws/build/turtlesim -- -j2 -l2
[0.099s] [  0%] Built target turtlesim__rosidl_generator_type_description
[0.099s] [  0%] Built target ament_cmake_python_copy_turtlesim
[0.137s] [  1%] Built target turtlesim__cpp
[0.201s] [ 24%] Built target turtlesim__rosidl_generator_c
[0.263s] [ 33%] Built target turtlesim__rosidl_typesupport_cpp
[0.332s] [ 41%] Built target turtlesim__rosidl_typesupport_fastrtps_c
[0.408s] [ 50%] Built target turtlesim__rosidl_typesupport_fastrtps_cpp
[0.465s] [ 59%] Built target turtlesim__rosidl_typesupport_introspection_c
[0.501s] running egg_info
[0.513s] [ 68%] Built target turtlesim__rosidl_typesupport_c
[0.531s] writing turtlesim.egg-info/PKG-INFO
[0.532s] writing dependency_links to turtlesim.egg-info/dependency_links.txt
[0.533s] writing top-level names to turtlesim.egg-info/top_level.txt
[0.571s] [ 76%] Built target turtlesim__rosidl_typesupport_introspection_cpp
[0.637s] [ 81%] Built target turtlesim_node
[0.670s] reading manifest file 'turtlesim.egg-info/SOURCES.txt'
[0.670s] writing manifest file 'turtlesim.egg-info/SOURCES.txt'
[0.696s] [ 83%] Built target turtle_teleop_key
[0.703s] [ 83%] Built target ament_cmake_python_build_turtlesim_egg
[0.730s] [ 84%] Built target draw_square
[0.766s] [ 86%] Built target mimic
[0.771s] [ 86%] Built target turtlesim
[0.797s] [ 86%] Built target turtlesim__py
[0.825s] [ 94%] Built target turtlesim__rosidl_generator_py
[0.851s] [ 96%] Built target turtlesim_s__rosidl_typesupport_introspection_c
[0.855s] [ 98%] Built target turtlesim_s__rosidl_typesupport_fastrtps_c
[0.873s] [100%] Built target turtlesim_s__rosidl_typesupport_c
