[0.012s] Invoking command in '/home/richard/ros2_ws/build/turtlesim': CMAKE_PREFIX_PATH=${CMAKE_PREFIX_PATH}:/opt/ros/jazzy DEBUGINFOD_URLS=https://debuginfod.ubuntu.com /usr/bin/cmake --build /home/richard/ros2_ws/build/turtlesim -- -j2 -l2
[0.102s] [  0%] Built target turtlesim__rosidl_generator_type_description
[0.107s] [  0%] Built target ament_cmake_python_copy_turtlesim
[0.139s] [  1%] Built target turtlesim__cpp
[0.175s] [ 24%] Built target turtlesim__rosidl_generator_c
[0.228s] [ 33%] Built target turtlesim__rosidl_typesupport_cpp
[0.294s] [ 41%] Built target turtlesim__rosidl_typesupport_fastrtps_c
[0.371s] [ 50%] Built target turtlesim__rosidl_typesupport_fastrtps_cpp
[0.431s] [ 59%] Built target turtlesim__rosidl_typesupport_introspection_c
[0.471s] running egg_info
[0.487s] [ 68%] Built target turtlesim__rosidl_typesupport_c
[0.502s] writing turtlesim.egg-info/PKG-INFO
[0.502s] writing dependency_links to turtlesim.egg-info/dependency_links.txt
[0.502s] writing top-level names to turtlesim.egg-info/top_level.txt
[0.543s] [ 76%] Built target turtlesim__rosidl_typesupport_introspection_cpp
[0.599s] reading manifest file 'turtlesim.egg-info/SOURCES.txt'
[0.599s] writing manifest file 'turtlesim.egg-info/SOURCES.txt'
[0.613s] [ 81%] Built target turtlesim_node
[0.632s] [ 81%] Built target ament_cmake_python_build_turtlesim_egg
[0.669s] [ 83%] Built target draw_square
[0.670s] [ 84%] Built target turtle_teleop_key
[0.703s] [ 86%] Built target mimic
[0.708s] [ 86%] Built target turtlesim
[0.736s] [ 86%] Built target turtlesim__py
[0.766s] [ 94%] Built target turtlesim__rosidl_generator_py
[0.787s] [ 98%] Built target turtlesim_s__rosidl_typesupport_introspection_c
[0.787s] [ 98%] Built target turtlesim_s__rosidl_typesupport_fastrtps_c
[0.809s] [100%] Built target turtlesim_s__rosidl_typesupport_c
