[0.027s] Invoking command in '/home/richard/ros2_ws/build/turtlesim': CMAKE_PREFIX_PATH=${CMAKE_PREFIX_PATH}:/opt/ros/jazzy DEBUGINFOD_URLS=https://debuginfod.ubuntu.com /usr/bin/cmake --build /home/richard/ros2_ws/build/turtlesim -- -j2 -l2
[0.110s] [  0%] Built target turtlesim__rosidl_generator_type_description
[0.150s] [  0%] Built target ament_cmake_python_copy_turtlesim
[0.173s] [  1%] Built target turtlesim__cpp
[0.232s] [ 24%] Built target turtlesim__rosidl_generator_c
[0.328s] [ 33%] Built target turtlesim__rosidl_typesupport_cpp
[0.411s] [ 41%] Built target turtlesim__rosidl_typesupport_fastrtps_c
[0.487s] [ 50%] Built target turtlesim__rosidl_typesupport_fastrtps_cpp
[0.555s] [ 59%] Built target turtlesim__rosidl_typesupport_introspection_c
[0.586s] [ 68%] Built target turtlesim__rosidl_typesupport_c
[0.628s] [ 76%] Built target turtlesim__rosidl_typesupport_introspection_cpp
[0.736s] [ 81%] Built target turtlesim_node
[0.791s] [ 83%] Built target turtle_teleop_key
[0.807s] running egg_info
[0.859s] [ 84%] Built target draw_square
[0.870s] writing turtlesim.egg-info/PKG-INFO
[0.870s] writing dependency_links to turtlesim.egg-info/dependency_links.txt
[0.871s] writing top-level names to turtlesim.egg-info/top_level.txt
[0.931s] [ 86%] Built target mimic
[0.972s] [ 86%] Built target turtlesim
[0.995s] reading manifest file 'turtlesim.egg-info/SOURCES.txt'
[0.996s] writing manifest file 'turtlesim.egg-info/SOURCES.txt'
[1.003s] [ 86%] Built target turtlesim__py
[1.044s] [ 87%] Built target ament_cmake_python_build_turtlesim_egg
[1.046s] [ 94%] Built target turtlesim__rosidl_generator_py
[1.074s] [ 96%] Built target turtlesim_s__rosidl_typesupport_fastrtps_c
[1.074s] [ 98%] Built target turtlesim_s__rosidl_typesupport_introspection_c
[1.099s] [100%] Built target turtlesim_s__rosidl_typesupport_c
