[0.014s] Invoking command in '/home/richard/ros2_ws/build/turtlesim': CMAKE_PREFIX_PATH=${CMAKE_PREFIX_PATH}:/opt/ros/jazzy DEBUGINFOD_URLS=https://debuginfod.ubuntu.com /usr/bin/cmake --build /home/richard/ros2_ws/build/turtlesim -- -j2 -l2
[0.099s] [  0%] Built target turtlesim__rosidl_generator_type_description
[0.143s] [  0%] Built target ament_cmake_python_copy_turtlesim
[0.143s] [  1%] Built target turtlesim__cpp
[0.177s] [ 24%] Built target turtlesim__rosidl_generator_c
[0.223s] [ 33%] Built target turtlesim__rosidl_typesupport_cpp
[0.301s] [ 41%] Built target turtlesim__rosidl_typesupport_fastrtps_c
[0.379s] [ 50%] Built target turtlesim__rosidl_typesupport_fastrtps_cpp
[0.459s] [ 59%] Built target turtlesim__rosidl_typesupport_introspection_c
[0.571s] [ 68%] Built target turtlesim__rosidl_typesupport_c
[0.653s] [ 76%] Built target turtlesim__rosidl_typesupport_introspection_cpp
[0.694s] [ 81%] Built target turtlesim_node
[0.707s] running egg_info
[0.735s] [ 83%] Built target turtle_teleop_key
[0.748s] writing turtlesim.egg-info/PKG-INFO
[0.750s] writing dependency_links to turtlesim.egg-info/dependency_links.txt
[0.753s] writing top-level names to turtlesim.egg-info/top_level.txt
[0.766s] [ 84%] Built target draw_square
[0.800s] [ 86%] Built target mimic
[0.833s] [ 86%] Built target turtlesim
[0.864s] [ 86%] Built target turtlesim__py
[0.901s] [ 94%] Built target turtlesim__rosidl_generator_py
[0.917s] reading manifest file 'turtlesim.egg-info/SOURCES.txt'
[0.918s] writing manifest file 'turtlesim.egg-info/SOURCES.txt'
[0.950s] [ 96%] Built target turtlesim_s__rosidl_typesupport_fastrtps_c
[0.975s] [ 96%] Built target ament_cmake_python_build_turtlesim_egg
[0.975s] [ 98%] Built target turtlesim_s__rosidl_typesupport_introspection_c
[0.999s] [100%] Built target turtlesim_s__rosidl_typesupport_c
