[0.013s] Invoking command in '/home/richard/ros2_ws/build/tp1': CMAKE_PREFIX_PATH=${CMAKE_PREFIX_PATH}:/opt/ros/jazzy DEBUGINFOD_URLS=https://debuginfod.ubuntu.com /usr/bin/cmake --build /home/richard/ros2_ws/build/tp1 -- -j2 -l2
[0.162s] [ 14%] [32mBuilding CXX object CMakeFiles/navigation.dir/src/main.cpp.o[0m
[3.296s] [01m[K/home/richard/ros2_ws/src/tp1/src/main.cpp:[m[K In function ‘[01m[Kvoid*[01;32m[K keyboardThreadFunction[m[K(void*)[m[K’:
[3.296s] [01m[K/home/richard/ros2_ws/src/tp1/src/main.cpp:92:36:[m[K [01;35m[Kwarning: [m[Kunused parameter ‘[01m[Karg[m[K’ [[01;35m[K]8;;https://gcc.gnu.org/onlinedocs/gcc/Warning-Options.html#index-Wunused-parameter-Wunused-parameter]8;;[m[K]
[3.296s]    92 | void *keyboardThreadFunction([01;35m[Kvoid *arg[m[K)
[3.296s]       |                              [01;35m[K~~~~~~^~~[m[K
[3.298s] [01m[K/home/richard/ros2_ws/src/tp1/src/main.cpp:[m[K In function ‘[01m[Kvoid*[01;32m[K mainThreadFunction[m[K(void*)[m[K’:
[3.298s] [01m[K/home/richard/ros2_ws/src/tp1/src/main.cpp:106:32:[m[K [01;35m[Kwarning: [m[Kunused parameter ‘[01m[Karg[m[K’ [[01;35m[K]8;;https://gcc.gnu.org/onlinedocs/gcc/Warning-Options.html#index-Wunused-parameter-Wunused-parameter]8;;[m[K]
[3.298s]   106 | void *mainThreadFunction([01;35m[Kvoid *arg[m[K)
[3.298s]       |                          [01;35m[K~~~~~~^~~[m[K
[14.256s] [ 28%] [32m[1mLinking CXX executable navigation[0m
[14.896s] [100%] Built target navigation
[14.909s] Invoked command in '/home/richard/ros2_ws/build/tp1' returned '0': CMAKE_PREFIX_PATH=${CMAKE_PREFIX_PATH}:/opt/ros/jazzy DEBUGINFOD_URLS=https://debuginfod.ubuntu.com /usr/bin/cmake --build /home/richard/ros2_ws/build/tp1 -- -j2 -l2
[14.910s] Invoking command in '/home/richard/ros2_ws/build/tp1': CMAKE_PREFIX_PATH=${CMAKE_PREFIX_PATH}:/opt/ros/jazzy DEBUGINFOD_URLS=https://debuginfod.ubuntu.com /usr/bin/cmake --install /home/richard/ros2_ws/build/tp1
[14.917s] -- Install configuration: ""
[14.917s] -- Installing: /home/richard/ros2_ws/install/tp1/lib/tp1/navigation
[14.926s] -- Set non-toolchain portion of runtime path of "/home/richard/ros2_ws/install/tp1/lib/tp1/navigation" to ""
[14.927s] -- Up-to-date: /home/richard/ros2_ws/install/tp1/share/tp1/launch
[14.927s] -- Up-to-date: /home/richard/ros2_ws/install/tp1/share/tp1/launch/p3dx-rosaria.launch.py
[14.927s] -- Up-to-date: /home/richard/ros2_ws/install/tp1/share/tp1/config
[14.927s] -- Up-to-date: /home/richard/ros2_ws/install/tp1/share/tp1/config/p3dx.rviz
[14.928s] -- Up-to-date: /home/richard/ros2_ws/install/tp1/share/ament_index/resource_index/package_run_dependencies/tp1
[14.928s] -- Up-to-date: /home/richard/ros2_ws/install/tp1/share/ament_index/resource_index/parent_prefix_path/tp1
[14.928s] -- Up-to-date: /home/richard/ros2_ws/install/tp1/share/tp1/environment/ament_prefix_path.sh
[14.928s] -- Up-to-date: /home/richard/ros2_ws/install/tp1/share/tp1/environment/ament_prefix_path.dsv
[14.928s] -- Up-to-date: /home/richard/ros2_ws/install/tp1/share/tp1/environment/path.sh
[14.928s] -- Up-to-date: /home/richard/ros2_ws/install/tp1/share/tp1/environment/path.dsv
[14.928s] -- Up-to-date: /home/richard/ros2_ws/install/tp1/share/tp1/local_setup.bash
[14.928s] -- Up-to-date: /home/richard/ros2_ws/install/tp1/share/tp1/local_setup.sh
[14.928s] -- Up-to-date: /home/richard/ros2_ws/install/tp1/share/tp1/local_setup.zsh
[14.928s] -- Up-to-date: /home/richard/ros2_ws/install/tp1/share/tp1/local_setup.dsv
[14.928s] -- Installing: /home/richard/ros2_ws/install/tp1/share/tp1/package.dsv
[14.928s] -- Up-to-date: /home/richard/ros2_ws/install/tp1/share/ament_index/resource_index/packages/tp1
[14.928s] -- Up-to-date: /home/richard/ros2_ws/install/tp1/share/tp1/cmake/tp1Config.cmake
[14.928s] -- Up-to-date: /home/richard/ros2_ws/install/tp1/share/tp1/cmake/tp1Config-version.cmake
[14.928s] -- Up-to-date: /home/richard/ros2_ws/install/tp1/share/tp1/package.xml
[14.930s] Invoked command in '/home/richard/ros2_ws/build/tp1' returned '0': CMAKE_PREFIX_PATH=${CMAKE_PREFIX_PATH}:/opt/ros/jazzy DEBUGINFOD_URLS=https://debuginfod.ubuntu.com /usr/bin/cmake --install /home/richard/ros2_ws/build/tp1
