[0.005s] Invoking command in '/home/richard/ros2_ws/build/turtlesim': CMAKE_PREFIX_PATH=${CMAKE_PREFIX_PATH}:/opt/ros/jazzy DEBUGINFOD_URLS=https://debuginfod.ubuntu.com /usr/bin/cmake --build /home/richard/ros2_ws/build/turtlesim -- -j2 -l2
[0.071s] [  0%] Built target turtlesim__rosidl_generator_type_description
[0.096s] [  1%] Built target turtlesim__cpp
[0.119s] [  1%] Built target ament_cmake_python_copy_turtlesim
[0.145s] [ 24%] Built target turtlesim__rosidl_generator_c
[0.188s] [ 33%] Built target turtlesim__rosidl_typesupport_cpp
[0.216s] [ 41%] Built target turtlesim__rosidl_typesupport_fastrtps_c
[0.250s] [ 50%] Built target turtlesim__rosidl_typesupport_fastrtps_cpp
[0.276s] [ 59%] Built target turtlesim__rosidl_typesupport_introspection_c
[0.347s] [ 68%] Built target turtlesim__rosidl_typesupport_c
[0.408s] [ 76%] Built target turtlesim__rosidl_typesupport_introspection_cpp
[0.493s] [ 81%] Built target turtlesim_node
[0.537s] running egg_info
[0.558s] [ 83%] Built target turtle_teleop_key
[0.586s] writing turtlesim.egg-info/PKG-INFO
[0.586s] writing dependency_links to turtlesim.egg-info/dependency_links.txt
[0.586s] writing top-level names to turtlesim.egg-info/top_level.txt
[0.622s] [ 84%] Built target draw_square
[0.682s] [ 86%] Built target mimic
[0.694s] reading manifest file 'turtlesim.egg-info/SOURCES.txt'
[0.698s] writing manifest file 'turtlesim.egg-info/SOURCES.txt'
[0.727s] [ 86%] Built target turtlesim
[0.740s] [ 86%] Built target ament_cmake_python_build_turtlesim_egg
[0.761s] [ 86%] Built target turtlesim__py
[0.794s] [ 94%] Built target turtlesim__rosidl_generator_py
[0.823s] [ 97%] Built target turtlesim_s__rosidl_typesupport_fastrtps_c
[0.824s] [ 98%] Built target turtlesim_s__rosidl_typesupport_introspection_c
[0.849s] [100%] Built target turtlesim_s__rosidl_typesupport_c
