[0.009s] Invoking command in '/home/richard/ros2_ws/build/turtlesim': CMAKE_PREFIX_PATH=${CMAKE_PREFIX_PATH}:/opt/ros/jazzy DEBUGINFOD_URLS=https://debuginfod.ubuntu.com /usr/bin/cmake --build /home/richard/ros2_ws/build/turtlesim -- -j2 -l2
[0.093s] [  0%] Built target turtlesim__rosidl_generator_type_description
[0.156s] [  0%] Built target ament_cmake_python_copy_turtlesim
[0.220s] [  1%] Built target turtlesim__cpp
[0.320s] [ 24%] Built target turtlesim__rosidl_generator_c
[1.004s] running egg_info
[1.039s] writing turtlesim.egg-info/PKG-INFO
[1.039s] writing dependency_links to turtlesim.egg-info/dependency_links.txt
[1.039s] writing top-level names to turtlesim.egg-info/top_level.txt
[1.192s] reading manifest file 'turtlesim.egg-info/SOURCES.txt'
[1.195s] writing manifest file 'turtlesim.egg-info/SOURCES.txt'
[1.244s] [ 24%] Built target ament_cmake_python_build_turtlesim_egg
[1.300s] [ 33%] Built target turtlesim__rosidl_typesupport_cpp
[1.350s] [ 41%] Built target turtlesim__rosidl_typesupport_fastrtps_c
[1.388s] [ 50%] Built target turtlesim__rosidl_typesupport_fastrtps_cpp
[1.424s] [ 59%] Built target turtlesim__rosidl_typesupport_introspection_c
[1.458s] [ 68%] Built target turtlesim__rosidl_typesupport_c
[1.490s] [ 76%] Built target turtlesim__rosidl_typesupport_introspection_cpp
[1.532s] [ 81%] Built target turtlesim_node
[1.566s] [ 83%] Built target turtle_teleop_key
[1.598s] [ 84%] Built target draw_square
[1.628s] [ 86%] Built target mimic
[1.654s] [ 86%] Built target turtlesim
[1.680s] [ 86%] Built target turtlesim__py
[1.711s] [ 94%] Built target turtlesim__rosidl_generator_py
[1.741s] [ 96%] Built target turtlesim_s__rosidl_typesupport_fastrtps_c
[1.776s] [ 98%] Built target turtlesim_s__rosidl_typesupport_introspection_c
[1.806s] [100%] Built target turtlesim_s__rosidl_typesupport_c
