[0.013s] Invoking command in '/home/richard/ros2_ws/build/turtlesim': CMAKE_PREFIX_PATH=${CMAKE_PREFIX_PATH}:/opt/ros/jazzy DEBUGINFOD_URLS=https://debuginfod.ubuntu.com /usr/bin/cmake --build /home/richard/ros2_ws/build/turtlesim -- -j2 -l2
[0.139s] [  0%] Built target turtlesim__rosidl_generator_type_description
[0.190s] [  0%] Built target ament_cmake_python_copy_turtlesim
[0.216s] [  1%] Built target turtlesim__cpp
[0.315s] [ 24%] Built target turtlesim__rosidl_generator_c
[0.426s] [ 33%] Built target turtlesim__rosidl_typesupport_cpp
[0.501s] [ 41%] Built target turtlesim__rosidl_typesupport_fastrtps_c
[0.566s] [ 50%] Built target turtlesim__rosidl_typesupport_fastrtps_cpp
[0.633s] [ 59%] Built target turtlesim__rosidl_typesupport_introspection_c
[0.711s] [ 68%] Built target turtlesim__rosidl_typesupport_c
[0.769s] [ 76%] Built target turtlesim__rosidl_typesupport_introspection_cpp
[0.843s] [ 81%] Built target turtlesim_node
[0.894s] [ 83%] Built target turtle_teleop_key
[0.915s] running egg_info
[0.921s] [ 84%] Built target draw_square
[0.951s] [ 86%] Built target mimic
[0.967s] writing turtlesim.egg-info/PKG-INFO
[0.968s] writing dependency_links to turtlesim.egg-info/dependency_links.txt
[0.969s] writing top-level names to turtlesim.egg-info/top_level.txt
[0.980s] [ 86%] Built target turtlesim
[1.014s] [ 86%] Built target turtlesim__py
[1.045s] [ 94%] Built target turtlesim__rosidl_generator_py
[1.050s] reading manifest file 'turtlesim.egg-info/SOURCES.txt'
[1.051s] writing manifest file 'turtlesim.egg-info/SOURCES.txt'
[1.069s] [ 96%] Built target turtlesim_s__rosidl_typesupport_fastrtps_c
[1.087s] [ 96%] Built target ament_cmake_python_build_turtlesim_egg
[1.099s] [ 98%] Built target turtlesim_s__rosidl_typesupport_introspection_c
[1.109s] [100%] Built target turtlesim_s__rosidl_typesupport_c
