[0.010s] Invoking command in '/home/richard/ros2_ws/build/turtlesim': CMAKE_PREFIX_PATH=${CMAKE_PREFIX_PATH}:/opt/ros/jazzy DEBUGINFOD_URLS=https://debuginfod.ubuntu.com /usr/bin/cmake --build /home/richard/ros2_ws/build/turtlesim -- -j2 -l2
[0.102s] [  0%] Built target turtlesim__rosidl_generator_type_description
[0.107s] [  0%] Built target ament_cmake_python_copy_turtlesim
[0.130s] [  1%] Built target turtlesim__cpp
[0.172s] [ 24%] Built target turtlesim__rosidl_generator_c
[0.224s] [ 33%] Built target turtlesim__rosidl_typesupport_cpp
[0.295s] [ 41%] Built target turtlesim__rosidl_typesupport_fastrtps_c
[0.417s] [ 50%] Built target turtlesim__rosidl_typesupport_fastrtps_cpp
[0.538s] [ 59%] Built target turtlesim__rosidl_typesupport_introspection_c
[0.627s] [ 68%] Built target turtlesim__rosidl_typesupport_c
[0.696s] [ 76%] Built target turtlesim__rosidl_typesupport_introspection_cpp
[0.728s] running egg_info
[0.731s] [ 81%] Built target turtlesim_node
[0.757s] writing turtlesim.egg-info/PKG-INFO
[0.760s] writing dependency_links to turtlesim.egg-info/dependency_links.txt
[0.760s] writing top-level names to turtlesim.egg-info/top_level.txt
[0.773s] [ 83%] Built target turtle_teleop_key
[0.802s] [ 84%] Built target draw_square
[0.826s] reading manifest file 'turtlesim.egg-info/SOURCES.txt'
[0.826s] writing manifest file 'turtlesim.egg-info/SOURCES.txt'
[0.830s] [ 86%] Built target mimic
[0.856s] [ 86%] Built target turtlesim
[0.856s] [ 86%] Built target ament_cmake_python_build_turtlesim_egg
[0.878s] [ 86%] Built target turtlesim__py
[0.903s] [ 94%] Built target turtlesim__rosidl_generator_py
[0.925s] [ 96%] Built target turtlesim_s__rosidl_typesupport_fastrtps_c
[0.926s] [ 98%] Built target turtlesim_s__rosidl_typesupport_introspection_c
[0.951s] [100%] Built target turtlesim_s__rosidl_typesupport_c
