[0.009s] Invoking command in '/home/richard/ros2_ws/build/turtlesim': CMAKE_PREFIX_PATH=${CMAKE_PREFIX_PATH}:/opt/ros/jazzy DEBUGINFOD_URLS=https://debuginfod.ubuntu.com /usr/bin/cmake --build /home/richard/ros2_ws/build/turtlesim -- -j2 -l2
[0.098s] [  0%] Built target turtlesim__rosidl_generator_type_description
[0.101s] [  0%] Built target ament_cmake_python_copy_turtlesim
[0.151s] [ 23%] Built target turtlesim__rosidl_generator_c
[0.164s] [ 24%] Built target turtlesim__cpp
[0.223s] [ 33%] Built target turtlesim__rosidl_typesupport_cpp
[0.290s] [ 41%] Built target turtlesim__rosidl_typesupport_fastrtps_c
[0.355s] [ 50%] Built target turtlesim__rosidl_typesupport_fastrtps_cpp
[0.441s] [ 59%] Built target turtlesim__rosidl_typesupport_introspection_c
[0.491s] [ 68%] Built target turtlesim__rosidl_typesupport_c
[0.566s] [ 76%] Built target turtlesim__rosidl_typesupport_introspection_cpp
[0.618s] running egg_info
[0.651s] writing turtlesim.egg-info/PKG-INFO
[0.651s] writing dependency_links to turtlesim.egg-info/dependency_links.txt
[0.651s] writing top-level names to turtlesim.egg-info/top_level.txt
[0.660s] [ 81%] Built target turtlesim_node
[0.717s] [ 83%] Built target turtle_teleop_key
[0.768s] [ 84%] Built target draw_square
[0.774s] reading manifest file 'turtlesim.egg-info/SOURCES.txt'
[0.777s] writing manifest file 'turtlesim.egg-info/SOURCES.txt'
[0.828s] [ 86%] Built target mimic
[0.839s] [ 86%] Built target ament_cmake_python_build_turtlesim_egg
[0.850s] [ 86%] Built target turtlesim
[0.872s] [ 86%] Built target turtlesim__py
[0.897s] [ 94%] Built target turtlesim__rosidl_generator_py
[0.916s] [ 97%] Built target turtlesim_s__rosidl_typesupport_fastrtps_c
[0.916s] [ 98%] Built target turtlesim_s__rosidl_typesupport_introspection_c
[0.936s] [100%] Built target turtlesim_s__rosidl_typesupport_c
