[0.043s] Invoking command in '/home/richard/ros2_ws/build/tp1': CMAKE_PREFIX_PATH=${CMAKE_PREFIX_PATH}:/opt/ros/jazzy DEBUGINFOD_URLS=https://debuginfod.ubuntu.com /usr/bin/cmake --build /home/richard/ros2_ws/build/tp1 -- -j2 -l2
[0.404s] [ 16%] [32mBuilding CXX object CMakeFiles/navigation.dir/src/Graph.cpp.o[0m
[1.531s] [01m[K/home/richard/ros2_ws/src/tp1/src/Graph.cpp:[m[K In function ‘[01m[Kvoid*[01;32m[K graphicsThreadFunction[m[K(void*)[m[K’:
[1.532s] [01m[K/home/richard/ros2_ws/src/tp1/src/Graph.cpp:19:36:[m[K [01;35m[Kwarning: [m[Kunused parameter ‘[01m[Karg[m[K’ [[01;35m[K]8;;https://gcc.gnu.org/onlinedocs/gcc/Warning-Options.html#index-Wunused-parameter-Wunused-parameter]8;;[m[K]
[1.532s]    19 | void* graphicsThreadFunction([01;35m[Kvoid* arg[m[K) {
[1.532s]       |                              [01;35m[K~~~~~~^~~[m[K
[1.763s] [ 33%] [32m[1mLinking CXX executable navigation[0m
[4.336s] [100%] Built target navigation
[4.371s] Invoked command in '/home/richard/ros2_ws/build/tp1' returned '0': CMAKE_PREFIX_PATH=${CMAKE_PREFIX_PATH}:/opt/ros/jazzy DEBUGINFOD_URLS=https://debuginfod.ubuntu.com /usr/bin/cmake --build /home/richard/ros2_ws/build/tp1 -- -j2 -l2
[4.381s] Invoking command in '/home/richard/ros2_ws/build/tp1': CMAKE_PREFIX_PATH=${CMAKE_PREFIX_PATH}:/opt/ros/jazzy DEBUGINFOD_URLS=https://debuginfod.ubuntu.com /usr/bin/cmake --install /home/richard/ros2_ws/build/tp1
[4.399s] -- Install configuration: ""
[4.399s] -- Installing: /home/richard/ros2_ws/install/tp1/lib/tp1/navigation
[4.416s] -- Set non-toolchain portion of runtime path of "/home/richard/ros2_ws/install/tp1/lib/tp1/navigation" to ""
[4.416s] -- Up-to-date: /home/richard/ros2_ws/install/tp1/share/tp1/launch
[4.416s] -- Up-to-date: /home/richard/ros2_ws/install/tp1/share/tp1/launch/p3dx-rosaria.launch.py
[4.416s] -- Up-to-date: /home/richard/ros2_ws/install/tp1/share/tp1/config
[4.418s] -- Up-to-date: /home/richard/ros2_ws/install/tp1/share/tp1/config/p3dx.rviz
[4.418s] -- Up-to-date: /home/richard/ros2_ws/install/tp1/share/ament_index/resource_index/package_run_dependencies/tp1
[4.418s] -- Up-to-date: /home/richard/ros2_ws/install/tp1/share/ament_index/resource_index/parent_prefix_path/tp1
[4.418s] -- Up-to-date: /home/richard/ros2_ws/install/tp1/share/tp1/environment/ament_prefix_path.sh
[4.418s] -- Up-to-date: /home/richard/ros2_ws/install/tp1/share/tp1/environment/ament_prefix_path.dsv
[4.418s] -- Up-to-date: /home/richard/ros2_ws/install/tp1/share/tp1/environment/path.sh
[4.418s] -- Up-to-date: /home/richard/ros2_ws/install/tp1/share/tp1/environment/path.dsv
[4.418s] -- Up-to-date: /home/richard/ros2_ws/install/tp1/share/tp1/local_setup.bash
[4.418s] -- Up-to-date: /home/richard/ros2_ws/install/tp1/share/tp1/local_setup.sh
[4.418s] -- Up-to-date: /home/richard/ros2_ws/install/tp1/share/tp1/local_setup.zsh
[4.424s] -- Up-to-date: /home/richard/ros2_ws/install/tp1/share/tp1/local_setup.dsv
[4.424s] -- Installing: /home/richard/ros2_ws/install/tp1/share/tp1/package.dsv
[4.424s] -- Up-to-date: /home/richard/ros2_ws/install/tp1/share/ament_index/resource_index/packages/tp1
[4.425s] -- Up-to-date: /home/richard/ros2_ws/install/tp1/share/tp1/cmake/tp1Config.cmake
[4.426s] -- Up-to-date: /home/richard/ros2_ws/install/tp1/share/tp1/cmake/tp1Config-version.cmake
[4.426s] -- Up-to-date: /home/richard/ros2_ws/install/tp1/share/tp1/package.xml
[4.426s] Invoked command in '/home/richard/ros2_ws/build/tp1' returned '0': CMAKE_PREFIX_PATH=${CMAKE_PREFIX_PATH}:/opt/ros/jazzy DEBUGINFOD_URLS=https://debuginfod.ubuntu.com /usr/bin/cmake --install /home/richard/ros2_ws/build/tp1
