[0.019s] Invoking command in '/home/richard/ros2_ws/build/turtlesim': CMAKE_PREFIX_PATH=${CMAKE_PREFIX_PATH}:/opt/ros/jazzy DEBUGINFOD_URLS=https://debuginfod.ubuntu.com /usr/bin/cmake --build /home/richard/ros2_ws/build/turtlesim -- -j2 -l2
[0.107s] [  0%] Built target turtlesim__rosidl_generator_type_description
[0.108s] [  0%] Built target ament_cmake_python_copy_turtlesim
[0.167s] [ 23%] Built target turtlesim__rosidl_generator_c
[0.168s] [ 24%] Built target turtlesim__cpp
[0.210s] [ 33%] Built target turtlesim__rosidl_typesupport_cpp
[0.248s] [ 41%] Built target turtlesim__rosidl_typesupport_fastrtps_c
[0.279s] [ 50%] Built target turtlesim__rosidl_typesupport_fastrtps_cpp
[0.322s] [ 59%] Built target turtlesim__rosidl_typesupport_introspection_c
[0.383s] [ 68%] Built target turtlesim__rosidl_typesupport_c
[0.447s] [ 76%] Built target turtlesim__rosidl_typesupport_introspection_cpp
[0.515s] [ 81%] Built target turtlesim_node
[0.578s] [ 83%] Built target turtle_teleop_key
[0.640s] running egg_info
[0.656s] [ 84%] Built target draw_square
[0.680s] writing turtlesim.egg-info/PKG-INFO
[0.680s] writing dependency_links to turtlesim.egg-info/dependency_links.txt
[0.681s] writing top-level names to turtlesim.egg-info/top_level.txt
[0.717s] [ 86%] Built target mimic
[0.769s] [ 86%] Built target turtlesim
[0.790s] reading manifest file 'turtlesim.egg-info/SOURCES.txt'
[0.790s] writing manifest file 'turtlesim.egg-info/SOURCES.txt'
[0.806s] [ 86%] Built target turtlesim__py
[0.827s] [ 86%] Built target ament_cmake_python_build_turtlesim_egg
[0.834s] [ 94%] Built target turtlesim__rosidl_generator_py
[0.862s] [ 96%] Built target turtlesim_s__rosidl_typesupport_introspection_c
[0.863s] [ 98%] Built target turtlesim_s__rosidl_typesupport_fastrtps_c
[0.885s] [100%] Built target turtlesim_s__rosidl_typesupport_c
