[0.016s] Invoking command in '/home/richard/ros2_ws/build/turtlesim': CMAKE_PREFIX_PATH=${CMAKE_PREFIX_PATH}:/opt/ros/jazzy DEBUGINFOD_URLS=https://debuginfod.ubuntu.com /usr/bin/cmake --build /home/richard/ros2_ws/build/turtlesim -- -j2 -l2
[0.141s] [  0%] Built target ament_cmake_python_copy_turtlesim
[0.142s] [  0%] Built target turtlesim__rosidl_generator_type_description
[0.218s] [  1%] Built target turtlesim__cpp
[0.402s] [ 24%] Built target turtlesim__rosidl_generator_c
[0.591s] [ 33%] Built target turtlesim__rosidl_typesupport_cpp
[0.733s] [ 41%] Built target turtlesim__rosidl_typesupport_fastrtps_c
[0.783s] [ 50%] Built target turtlesim__rosidl_typesupport_fastrtps_cpp
[0.870s] [ 59%] Built target turtlesim__rosidl_typesupport_introspection_c
[0.975s] [ 68%] Built target turtlesim__rosidl_typesupport_c
[1.047s] running egg_info
[1.070s] [ 76%] Built target turtlesim__rosidl_typesupport_introspection_cpp
[1.127s] writing turtlesim.egg-info/PKG-INFO
[1.132s] writing dependency_links to turtlesim.egg-info/dependency_links.txt
[1.132s] writing top-level names to turtlesim.egg-info/top_level.txt
[1.222s] [ 81%] Built target turtlesim_node
[1.328s] reading manifest file 'turtlesim.egg-info/SOURCES.txt'
[1.332s] [ 83%] Built target turtle_teleop_key
[1.339s] writing manifest file 'turtlesim.egg-info/SOURCES.txt'
[1.506s] [ 83%] Built target ament_cmake_python_build_turtlesim_egg
[1.526s] [ 84%] Built target draw_square
[1.623s] [ 86%] Built target mimic
[1.673s] [ 86%] Built target turtlesim
[1.760s] [ 86%] Built target turtlesim__py
[1.808s] [ 94%] Built target turtlesim__rosidl_generator_py
[1.866s] [ 96%] Built target turtlesim_s__rosidl_typesupport_fastrtps_c
[1.918s] [ 98%] Built target turtlesim_s__rosidl_typesupport_introspection_c
[1.960s] [100%] Built target turtlesim_s__rosidl_typesupport_c
