[0.011s] Invoking command in '/home/richard/ros2_ws/build/turtlesim': CMAKE_PREFIX_PATH=${CMAKE_PREFIX_PATH}:/opt/ros/jazzy DEBUGINFOD_URLS=https://debuginfod.ubuntu.com /usr/bin/cmake --build /home/richard/ros2_ws/build/turtlesim -- -j2 -l2
[0.111s] [  0%] Built target turtlesim__rosidl_generator_type_description
[0.111s] [  0%] Built target ament_cmake_python_copy_turtlesim
[0.146s] [  1%] Built target turtlesim__cpp
[0.159s] [ 24%] Built target turtlesim__rosidl_generator_c
[0.223s] [ 33%] Built target turtlesim__rosidl_typesupport_cpp
[0.306s] [ 41%] Built target turtlesim__rosidl_typesupport_fastrtps_c
[0.380s] [ 50%] Built target turtlesim__rosidl_typesupport_fastrtps_cpp
[0.431s] [ 59%] Built target turtlesim__rosidl_typesupport_introspection_c
[0.487s] [ 68%] Built target turtlesim__rosidl_typesupport_c
[0.551s] [ 76%] Built target turtlesim__rosidl_typesupport_introspection_cpp
[0.627s] running egg_info
[0.649s] [ 81%] Built target turtlesim_node
[0.662s] writing turtlesim.egg-info/PKG-INFO
[0.663s] writing dependency_links to turtlesim.egg-info/dependency_links.txt
[0.664s] writing top-level names to turtlesim.egg-info/top_level.txt
[0.719s] [ 83%] Built target turtle_teleop_key
[0.811s] [ 84%] Built target draw_square
[0.872s] reading manifest file 'turtlesim.egg-info/SOURCES.txt'
[0.873s] writing manifest file 'turtlesim.egg-info/SOURCES.txt'
[0.890s] [ 86%] Built target mimic
[0.943s] [ 86%] Built target turtlesim
[0.957s] [ 86%] Built target ament_cmake_python_build_turtlesim_egg
[0.978s] [ 86%] Built target turtlesim__py
[1.005s] [ 94%] Built target turtlesim__rosidl_generator_py
[1.027s] [ 98%] Built target turtlesim_s__rosidl_typesupport_introspection_c
[1.027s] [ 98%] Built target turtlesim_s__rosidl_typesupport_fastrtps_c
[1.059s] [100%] Built target turtlesim_s__rosidl_typesupport_c
