[0.005s] Invoking command in '/home/richard/ros2_ws/build/turtlesim': CMAKE_PREFIX_PATH=${CMAKE_PREFIX_PATH}:/opt/ros/jazzy DEBUGINFOD_URLS=https://debuginfod.ubuntu.com /usr/bin/cmake --build /home/richard/ros2_ws/build/turtlesim -- -j2 -l2
[0.076s] [  0%] Built target turtlesim__rosidl_generator_type_description
[0.092s] [  0%] Built target ament_cmake_python_copy_turtlesim
[0.106s] [  1%] Built target turtlesim__cpp
[0.134s] [ 24%] Built target turtlesim__rosidl_generator_c
[0.164s] [ 33%] Built target turtlesim__rosidl_typesupport_cpp
[0.194s] [ 41%] Built target turtlesim__rosidl_typesupport_fastrtps_c
[0.220s] [ 50%] Built target turtlesim__rosidl_typesupport_fastrtps_cpp
[0.243s] [ 59%] Built target turtlesim__rosidl_typesupport_introspection_c
[0.270s] [ 68%] Built target turtlesim__rosidl_typesupport_c
[0.299s] [ 76%] Built target turtlesim__rosidl_typesupport_introspection_cpp
[0.330s] [ 81%] Built target turtlesim_node
[0.375s] [ 83%] Built target turtle_teleop_key
[0.403s] [ 84%] Built target draw_square
[0.431s] [ 86%] Built target mimic
[0.451s] [ 86%] Built target turtlesim
[0.480s] [ 86%] Built target turtlesim__py
[0.504s] [ 94%] Built target turtlesim__rosidl_generator_py
[0.525s] [ 96%] Built target turtlesim_s__rosidl_typesupport_fastrtps_c
[0.546s] [ 98%] Built target turtlesim_s__rosidl_typesupport_introspection_c
[0.572s] [100%] Built target turtlesim_s__rosidl_typesupport_c
[0.609s] running egg_info
[0.673s] writing turtlesim.egg-info/PKG-INFO
[0.692s] writing dependency_links to turtlesim.egg-info/dependency_links.txt
[0.692s] writing top-level names to turtlesim.egg-info/top_level.txt
[0.742s] reading manifest file 'turtlesim.egg-info/SOURCES.txt'
[0.742s] writing manifest file 'turtlesim.egg-info/SOURCES.txt'
[0.787s] [100%] Built target ament_cmake_python_build_turtlesim_egg
