[0.020s] Invoking command in '/home/richard/ros2_ws/build/turtlesim': CMAKE_PREFIX_PATH=${CMAKE_PREFIX_PATH}:/opt/ros/jazzy DEBUGINFOD_URLS=https://debuginfod.ubuntu.com /usr/bin/cmake --build /home/richard/ros2_ws/build/turtlesim -- -j2 -l2
[0.099s] [  0%] Built target turtlesim__rosidl_generator_type_description
[0.102s] [  0%] Built target ament_cmake_python_copy_turtlesim
[0.122s] [  1%] Built target turtlesim__cpp
[0.145s] [ 24%] Built target turtlesim__rosidl_generator_c
[0.178s] [ 33%] Built target turtlesim__rosidl_typesupport_cpp
[0.204s] [ 41%] Built target turtlesim__rosidl_typesupport_fastrtps_c
[0.231s] [ 50%] Built target turtlesim__rosidl_typesupport_fastrtps_cpp
[0.260s] [ 59%] Built target turtlesim__rosidl_typesupport_introspection_c
[0.288s] [ 68%] Built target turtlesim__rosidl_typesupport_c
[0.334s] [ 76%] Built target turtlesim__rosidl_typesupport_introspection_cpp
[0.384s] [ 81%] Built target turtlesim_node
[0.412s] [ 83%] Built target turtle_teleop_key
[0.438s] [ 84%] Built target draw_square
[0.470s] [ 86%] Built target mimic
[0.490s] [ 86%] Built target turtlesim
[0.508s] [ 86%] Built target turtlesim__py
[0.532s] [ 94%] Built target turtlesim__rosidl_generator_py
[0.576s] [ 96%] Built target turtlesim_s__rosidl_typesupport_fastrtps_c
[0.629s] [ 98%] Built target turtlesim_s__rosidl_typesupport_introspection_c
[0.641s] running egg_info
[0.676s] writing turtlesim.egg-info/PKG-INFO
[0.678s] writing dependency_links to turtlesim.egg-info/dependency_links.txt
[0.678s] writing top-level names to turtlesim.egg-info/top_level.txt
[0.682s] [100%] Built target turtlesim_s__rosidl_typesupport_c
[0.752s] reading manifest file 'turtlesim.egg-info/SOURCES.txt'
[0.755s] writing manifest file 'turtlesim.egg-info/SOURCES.txt'
[0.783s] [100%] Built target ament_cmake_python_build_turtlesim_egg
