[0.006s] Invoking command in '/home/richard/ros2_ws/build/turtlesim': CMAKE_PREFIX_PATH=${CMAKE_PREFIX_PATH}:/opt/ros/jazzy DEBUGINFOD_URLS=https://debuginfod.ubuntu.com /usr/bin/cmake --build /home/richard/ros2_ws/build/turtlesim -- -j2 -l2
[0.103s] [  0%] Built target turtlesim__rosidl_generator_type_description
[0.150s] [  0%] Built target ament_cmake_python_copy_turtlesim
[0.201s] [  1%] Built target turtlesim__cpp
[0.290s] [ 24%] Built target turtlesim__rosidl_generator_c
[0.694s] running egg_info
[0.727s] writing turtlesim.egg-info/PKG-INFO
[0.728s] writing dependency_links to turtlesim.egg-info/dependency_links.txt
[0.729s] writing top-level names to turtlesim.egg-info/top_level.txt
[0.813s] reading manifest file 'turtlesim.egg-info/SOURCES.txt'
[0.813s] writing manifest file 'turtlesim.egg-info/SOURCES.txt'
[0.849s] [ 24%] Built target ament_cmake_python_build_turtlesim_egg
[0.876s] [ 33%] Built target turtlesim__rosidl_typesupport_cpp
[0.907s] [ 41%] Built target turtlesim__rosidl_typesupport_fastrtps_c
[0.937s] [ 50%] Built target turtlesim__rosidl_typesupport_fastrtps_cpp
[0.963s] [ 59%] Built target turtlesim__rosidl_typesupport_introspection_c
[0.988s] [ 68%] Built target turtlesim__rosidl_typesupport_c
[1.019s] [ 76%] Built target turtlesim__rosidl_typesupport_introspection_cpp
[1.055s] [ 81%] Built target turtlesim_node
[1.085s] [ 83%] Built target turtle_teleop_key
[1.117s] [ 84%] Built target draw_square
[1.147s] [ 86%] Built target mimic
[1.168s] [ 86%] Built target turtlesim
[1.190s] [ 86%] Built target turtlesim__py
[1.220s] [ 94%] Built target turtlesim__rosidl_generator_py
[1.249s] [ 96%] Built target turtlesim_s__rosidl_typesupport_fastrtps_c
[1.274s] [ 98%] Built target turtlesim_s__rosidl_typesupport_introspection_c
[1.298s] [100%] Built target turtlesim_s__rosidl_typesupport_c
