[0.009s] Invoking command in '/home/richard/ros2_ws/build/turtlesim': CMAKE_PREFIX_PATH=${CMAKE_PREFIX_PATH}:/opt/ros/jazzy DEBUGINFOD_URLS=https://debuginfod.ubuntu.com /usr/bin/cmake --build /home/richard/ros2_ws/build/turtlesim -- -j2 -l2
[0.090s] [  0%] Built target turtlesim__rosidl_generator_type_description
[0.124s] [  1%] Built target turtlesim__cpp
[0.133s] [  1%] Built target ament_cmake_python_copy_turtlesim
[0.185s] [ 24%] Built target turtlesim__rosidl_generator_c
[0.243s] [ 33%] Built target turtlesim__rosidl_typesupport_cpp
[0.305s] [ 41%] Built target turtlesim__rosidl_typesupport_fastrtps_c
[0.373s] [ 50%] Built target turtlesim__rosidl_typesupport_fastrtps_cpp
[0.455s] [ 59%] Built target turtlesim__rosidl_typesupport_introspection_c
[0.511s] [ 68%] Built target turtlesim__rosidl_typesupport_c
[0.577s] [ 76%] Built target turtlesim__rosidl_typesupport_introspection_cpp
[0.641s] [ 81%] Built target turtlesim_node
[0.661s] running egg_info
[0.690s] [ 83%] Built target turtle_teleop_key
[0.696s] writing turtlesim.egg-info/PKG-INFO
[0.696s] writing dependency_links to turtlesim.egg-info/dependency_links.txt
[0.696s] writing top-level names to turtlesim.egg-info/top_level.txt
[0.763s] [ 84%] Built target draw_square
[0.790s] [ 86%] Built target mimic
[0.807s] [ 86%] Built target turtlesim
[0.813s] reading manifest file 'turtlesim.egg-info/SOURCES.txt'
[0.817s] writing manifest file 'turtlesim.egg-info/SOURCES.txt'
[0.839s] [ 86%] Built target turtlesim__py
[0.868s] [ 94%] Built target turtlesim__rosidl_generator_py
[0.881s] [ 94%] Built target ament_cmake_python_build_turtlesim_egg
[0.889s] [ 96%] Built target turtlesim_s__rosidl_typesupport_fastrtps_c
[0.904s] [ 98%] Built target turtlesim_s__rosidl_typesupport_introspection_c
[0.911s] [100%] Built target turtlesim_s__rosidl_typesupport_c
