[0.025s] Invoking command in '/home/richard/ros2_ws/build/tp1': CMAKE_PREFIX_PATH=${CMAKE_PREFIX_PATH}:/opt/ros/jazzy DEBUGINFOD_URLS=https://debuginfod.ubuntu.com /usr/bin/cmake --build /home/richard/ros2_ws/build/tp1 -- -j2 -l2
[0.107s] [ 16%] [32mBuilding CXX object CMakeFiles/navigation.dir/src/Perception.cpp.o[0m
[1.217s] [01m[K/home/richard/ros2_ws/src/tp1/src/Perception.cpp:[m[K In member function ‘[01m[Kstd::vector<float, std::allocator<float> > Perception::[01;32m[KgetLatestSonarRanges[m[K()[m[K’:
[1.217s] [01m[K/home/richard/ros2_ws/src/tp1/src/Perception.cpp:155:9:[m[K [01;35m[Kwarning: [m[Kunused variable ‘[01m[Knumbytes[m[K’ [[01;35m[K]8;;https://gcc.gnu.org/onlinedocs/gcc/Warning-Options.html#index-Wunused-variable-Wunused-variable]8;;[m[K]
[1.217s]   155 |     int [01;35m[Knumbytes[m[K = sonarROS.data.size();
[1.217s]       |         [01;35m[K^~~~~~~~[m[K
[1.217s] [01m[K/home/richard/ros2_ws/src/tp1/src/Perception.cpp:156:9:[m[K [01;35m[Kwarning: [m[Kunused variable ‘[01m[Knumfields[m[K’ [[01;35m[K]8;;https://gcc.gnu.org/onlinedocs/gcc/Warning-Options.html#index-Wunused-variable-Wunused-variable]8;;[m[K]
[1.218s]   156 |     int [01;35m[Knumfields[m[K = sonarROS.fields.size();
[1.218s]       |         [01;35m[K^~~~~~~~~[m[K
[1.218s] [01m[K/home/richard/ros2_ws/src/tp1/src/Perception.cpp:[m[K In member function ‘[01m[Kstd::vector<float, std::allocator<float> > Perception::[01;32m[KgetLatestPose[m[K()[m[K’:
[1.219s] [01m[K/home/richard/ros2_ws/src/tp1/src/Perception.cpp:183:5:[m[K [01;31m[Kerror: [m[K‘[01m[Ktf2[m[K’ has not been declared
[1.219s]   183 |     [01;31m[Ktf2[m[K::Quaternion q(
[1.219s]       |     [01;31m[K^~~[m[K
[1.221s] [01m[K/home/richard/ros2_ws/src/tp1/src/Perception.cpp:191:5:[m[K [01;31m[Kerror: [m[K‘[01m[Ktf2[m[K’ has not been declared
[1.221s]   191 |     [01;31m[Ktf2[m[K::Matrix3x3(q).getRPY(roll, pitch, yaw);
[1.221s]       |     [01;31m[K^~~[m[K
[1.224s] [01m[K/home/richard/ros2_ws/src/tp1/src/Perception.cpp:191:20:[m[K [01;31m[Kerror: [m[K‘[01m[Kq[m[K’ was not declared in this scope
[1.224s]   191 |     tf2::Matrix3x3([01;31m[Kq[m[K).getRPY(roll, pitch, yaw);
[1.224s]       |                    [01;31m[K^[m[K
[1.447s] gmake[2]: *** [CMakeFiles/navigation.dir/build.make:104: CMakeFiles/navigation.dir/src/Perception.cpp.o] Erro 1
[1.447s] gmake[1]: *** [CMakeFiles/Makefile2:137: CMakeFiles/navigation.dir/all] Erro 2
[1.447s] gmake: *** [Makefile:146: all] Erro 2
[1.476s] Invoked command in '/home/richard/ros2_ws/build/tp1' returned '2': CMAKE_PREFIX_PATH=${CMAKE_PREFIX_PATH}:/opt/ros/jazzy DEBUGINFOD_URLS=https://debuginfod.ubuntu.com /usr/bin/cmake --build /home/richard/ros2_ws/build/tp1 -- -j2 -l2
