[0.012s] Invoking command in '/home/richard/ros2_ws/build/turtlesim': CMAKE_PREFIX_PATH=${CMAKE_PREFIX_PATH}:/opt/ros/jazzy DEBUGINFOD_URLS=https://debuginfod.ubuntu.com /usr/bin/cmake --build /home/richard/ros2_ws/build/turtlesim -- -j2 -l2
[0.196s] [  0%] Built target ament_cmake_python_copy_turtlesim
[0.202s] [  0%] Built target turtlesim__rosidl_generator_type_description
[0.331s] [  1%] Built target turtlesim__cpp
[0.443s] [ 24%] Built target turtlesim__rosidl_generator_c
[0.544s] [ 33%] Built target turtlesim__rosidl_typesupport_cpp
[0.654s] [ 41%] Built target turtlesim__rosidl_typesupport_fastrtps_c
[0.745s] [ 50%] Built target turtlesim__rosidl_typesupport_fastrtps_cpp
[0.817s] [ 59%] Built target turtlesim__rosidl_typesupport_introspection_c
[0.891s] [ 68%] Built target turtlesim__rosidl_typesupport_c
[0.968s] [ 76%] Built target turtlesim__rosidl_typesupport_introspection_cpp
[1.017s] running egg_info
[1.054s] [ 81%] Built target turtlesim_node
[1.104s] writing turtlesim.egg-info/PKG-INFO
[1.105s] writing dependency_links to turtlesim.egg-info/dependency_links.txt
[1.105s] writing top-level names to turtlesim.egg-info/top_level.txt
[1.126s] [ 83%] Built target turtle_teleop_key
[1.199s] [ 84%] Built target draw_square
[1.268s] [ 86%] Built target mimic
[1.295s] reading manifest file 'turtlesim.egg-info/SOURCES.txt'
[1.300s] writing manifest file 'turtlesim.egg-info/SOURCES.txt'
[1.320s] [ 86%] Built target turtlesim
[1.368s] [ 86%] Built target turtlesim__py
[1.397s] [ 86%] Built target ament_cmake_python_build_turtlesim_egg
[1.426s] [ 94%] Built target turtlesim__rosidl_generator_py
[1.473s] [ 96%] Built target turtlesim_s__rosidl_typesupport_introspection_c
[1.494s] [ 98%] Built target turtlesim_s__rosidl_typesupport_fastrtps_c
[1.533s] [100%] Built target turtlesim_s__rosidl_typesupport_c
[1.567s] Invoked command in '/home/richard/ros2_ws/build/turtlesim' returned '0': CMAKE_PREFIX_PATH=${CMAKE_PREFIX_PATH}:/opt/ros/jazzy DEBUGINFOD_URLS=https://debuginfod.ubuntu.com /usr/bin/cmake --build /home/richard/ros2_ws/build/turtlesim -- -j2 -l2
[1.570s] Invoking command in '/home/richard/ros2_ws/build/turtlesim': CMAKE_PREFIX_PATH=${CMAKE_PREFIX_PATH}:/opt/ros/jazzy DEBUGINFOD_URLS=https://debuginfod.ubuntu.com /usr/bin/cmake --install /home/richard/ros2_ws/build/turtlesim
[1.615s] -- Install configuration: ""
[1.615s] -- Up-to-date: /home/richard/ros2_ws/install/turtlesim/share/ament_index/resource_index/rosidl_interfaces/turtlesim
[1.615s] -- Up-to-date: /home/richard/ros2_ws/install/turtlesim/share/turtlesim/action/RotateAbsolute.json
[1.615s] -- Up-to-date: /home/richard/ros2_ws/install/turtlesim/share/turtlesim/msg/Color.json
[1.615s] -- Up-to-date: /home/richard/ros2_ws/install/turtlesim/share/turtlesim/msg/Pose.json
[1.615s] -- Up-to-date: /home/richard/ros2_ws/install/turtlesim/share/turtlesim/srv/Kill.json
[1.615s] -- Up-to-date: /home/richard/ros2_ws/install/turtlesim/share/turtlesim/srv/SetPen.json
[1.615s] -- Up-to-date: /home/richard/ros2_ws/install/turtlesim/share/turtlesim/srv/Spawn.json
[1.615s] -- Up-to-date: /home/richard/ros2_ws/install/turtlesim/share/turtlesim/srv/TeleportAbsolute.json
[1.615s] -- Up-to-date: /home/richard/ros2_ws/install/turtlesim/share/turtlesim/srv/TeleportRelative.json
[1.615s] -- Up-to-date: /home/richard/ros2_ws/install/turtlesim/include/turtlesim/turtlesim
[1.615s] -- Up-to-date: /home/richard/ros2_ws/install/turtlesim/include/turtlesim/turtlesim/srv
[1.615s] -- Up-to-date: /home/richard/ros2_ws/install/turtlesim/include/turtlesim/turtlesim/srv/teleport_relative.h
[1.619s] -- Up-to-date: /home/richard/ros2_ws/install/turtlesim/include/turtlesim/turtlesim/srv/kill.h
[1.620s] -- Up-to-date: /home/richard/ros2_ws/install/turtlesim/include/turtlesim/turtlesim/srv/teleport_absolute.h
[1.620s] -- Up-to-date: /home/richard/ros2_ws/install/turtlesim/include/turtlesim/turtlesim/srv/spawn.h
[1.620s] -- Up-to-date: /home/richard/ros2_ws/install/turtlesim/include/turtlesim/turtlesim/srv/set_pen.h
[1.620s] -- Up-to-date: /home/richard/ros2_ws/install/turtlesim/include/turtlesim/turtlesim/srv/detail
[1.620s] -- Up-to-date: /home/richard/ros2_ws/install/turtlesim/include/turtlesim/turtlesim/srv/detail/teleport_absolute__struct.h
[1.620s] -- Up-to-date: /home/richard/ros2_ws/install/turtlesim/include/turtlesim/turtlesim/srv/detail/teleport_relative__functions.h
[1.620s] -- Up-to-date: /home/richard/ros2_ws/install/turtlesim/include/turtlesim/turtlesim/srv/detail/teleport_absolute__functions.c
[1.620s] -- Up-to-date: /home/richard/ros2_ws/install/turtlesim/include/turtlesim/turtlesim/srv/detail/kill__type_support.h
[1.620s] -- Up-to-date: /home/richard/ros2_ws/install/turtlesim/include/turtlesim/turtlesim/srv/detail/teleport_absolute__type_support.h
[1.620s] -- Installing: /home/richard/ros2_ws/install/turtlesim/include/turtlesim/turtlesim/srv/detail/spawn__type_support.c
[1.620s] -- Installing: /home/richard/ros2_ws/install/turtlesim/include/turtlesim/turtlesim/srv/detail/teleport_absolute__type_support.c
[1.621s] -- Up-to-date: /home/richard/ros2_ws/install/turtlesim/include/turtlesim/turtlesim/srv/detail/set_pen__functions.h
[1.621s] -- Installing: /home/richard/ros2_ws/install/turtlesim/include/turtlesim/turtlesim/srv/detail/teleport_relative__type_support.c
[1.624s] -- Up-to-date: /home/richard/ros2_ws/install/turtlesim/include/turtlesim/turtlesim/srv/detail/kill__struct.h
[1.624s] -- Up-to-date: /home/richard/ros2_ws/install/turtlesim/include/turtlesim/turtlesim/srv/detail/teleport_relative__struct.h
[1.626s] -- Up-to-date: /home/richard/ros2_ws/install/turtlesim/include/turtlesim/turtlesim/srv/detail/spawn__functions.c
[1.626s] -- Installing: /home/richard/ros2_ws/install/turtlesim/include/turtlesim/turtlesim/srv/detail/set_pen__type_support.c
[1.626s] -- Up-to-date: /home/richard/ros2_ws/install/turtlesim/include/turtlesim/turtlesim/srv/detail/spawn__type_support.h
[1.626s] -- Up-to-date: /home/richard/ros2_ws/install/turtlesim/include/turtlesim/turtlesim/srv/detail/spawn__description.c
[1.627s] -- Up-to-date: /home/richard/ros2_ws/install/turtlesim/include/turtlesim/turtlesim/srv/detail/teleport_absolute__description.c
[1.627s] -- Up-to-date: /home/richard/ros2_ws/install/turtlesim/include/turtlesim/turtlesim/srv/detail/set_pen__description.c
[1.627s] -- Up-to-date: /home/richard/ros2_ws/install/turtlesim/include/turtlesim/turtlesim/srv/detail/spawn__struct.h
[1.627s] -- Up-to-date: /home/richard/ros2_ws/install/turtlesim/include/turtlesim/turtlesim/srv/detail/teleport_relative__functions.c
[1.627s] -- Installing: /home/richard/ros2_ws/install/turtlesim/include/turtlesim/turtlesim/srv/detail/kill__type_support.c
[1.627s] -- Up-to-date: /home/richard/ros2_ws/install/turtlesim/include/turtlesim/turtlesim/srv/detail/teleport_relative__description.c
[1.627s] -- Up-to-date: /home/richard/ros2_ws/install/turtlesim/include/turtlesim/turtlesim/srv/detail/set_pen__type_support.h
[1.627s] -- Up-to-date: /home/richard/ros2_ws/install/turtlesim/include/turtlesim/turtlesim/srv/detail/teleport_relative__type_support.h
[1.627s] -- Up-to-date: /home/richard/ros2_ws/install/turtlesim/include/turtlesim/turtlesim/srv/detail/set_pen__functions.c
[1.627s] -- Up-to-date: /home/richard/ros2_ws/install/turtlesim/include/turtlesim/turtlesim/srv/detail/teleport_absolute__functions.h
[1.627s] -- Up-to-date: /home/richard/ros2_ws/install/turtlesim/include/turtlesim/turtlesim/srv/detail/spawn__functions.h
[1.627s] -- Up-to-date: /home/richard/ros2_ws/install/turtlesim/include/turtlesim/turtlesim/srv/detail/kill__functions.c
[1.630s] -- Up-to-date: /home/richard/ros2_ws/install/turtlesim/include/turtlesim/turtlesim/srv/detail/set_pen__struct.h
[1.633s] -- Up-to-date: /home/richard/ros2_ws/install/turtlesim/include/turtlesim/turtlesim/srv/detail/kill__functions.h
[1.634s] -- Up-to-date: /home/richard/ros2_ws/install/turtlesim/include/turtlesim/turtlesim/srv/detail/kill__description.c
[1.634s] -- Up-to-date: /home/richard/ros2_ws/install/turtlesim/include/turtlesim/turtlesim/action
[1.634s] -- Up-to-date: /home/richard/ros2_ws/install/turtlesim/include/turtlesim/turtlesim/action/rotate_absolute.h
[1.634s] -- Up-to-date: /home/richard/ros2_ws/install/turtlesim/include/turtlesim/turtlesim/action/detail
[1.634s] -- Up-to-date: /home/richard/ros2_ws/install/turtlesim/include/turtlesim/turtlesim/action/detail/rotate_absolute__type_support.h
[1.634s] -- Up-to-date: /home/richard/ros2_ws/install/turtlesim/include/turtlesim/turtlesim/action/detail/rotate_absolute__struct.h
[1.634s] -- Up-to-date: /home/richard/ros2_ws/install/turtlesim/include/turtlesim/turtlesim/action/detail/rotate_absolute__functions.h
[1.634s] -- Installing: /home/richard/ros2_ws/install/turtlesim/include/turtlesim/turtlesim/action/detail/rotate_absolute__type_support.c
[1.634s] -- Up-to-date: /home/richard/ros2_ws/install/turtlesim/include/turtlesim/turtlesim/action/detail/rotate_absolute__description.c
[1.634s] -- Up-to-date: /home/richard/ros2_ws/install/turtlesim/include/turtlesim/turtlesim/action/detail/rotate_absolute__functions.c
[1.634s] -- Up-to-date: /home/richard/ros2_ws/install/turtlesim/include/turtlesim/turtlesim/msg
[1.634s] -- Up-to-date: /home/richard/ros2_ws/install/turtlesim/include/turtlesim/turtlesim/msg/rosidl_generator_c__visibility_control.h
[1.634s] -- Up-to-date: /home/richard/ros2_ws/install/turtlesim/include/turtlesim/turtlesim/msg/pose.h
[1.635s] -- Up-to-date: /home/richard/ros2_ws/install/turtlesim/include/turtlesim/turtlesim/msg/color.h
[1.635s] -- Up-to-date: /home/richard/ros2_ws/install/turtlesim/include/turtlesim/turtlesim/msg/detail
[1.635s] -- Up-to-date: /home/richard/ros2_ws/install/turtlesim/include/turtlesim/turtlesim/msg/detail/color__functions.c
[1.635s] -- Up-to-date: /home/richard/ros2_ws/install/turtlesim/include/turtlesim/turtlesim/msg/detail/color__struct.h
[1.635s] -- Up-to-date: /home/richard/ros2_ws/install/turtlesim/include/turtlesim/turtlesim/msg/detail/pose__functions.c
[1.635s] -- Up-to-date: /home/richard/ros2_ws/install/turtlesim/include/turtlesim/turtlesim/msg/detail/pose__functions.h
[1.635s] -- Installing: /home/richard/ros2_ws/install/turtlesim/include/turtlesim/turtlesim/msg/detail/pose__type_support.c
[1.635s] -- Up-to-date: /home/richard/ros2_ws/install/turtlesim/include/turtlesim/turtlesim/msg/detail/pose__type_support.h
[1.635s] -- Up-to-date: /home/richard/ros2_ws/install/turtlesim/include/turtlesim/turtlesim/msg/detail/color__description.c
[1.635s] -- Up-to-date: /home/richard/ros2_ws/install/turtlesim/include/turtlesim/turtlesim/msg/detail/color__functions.h
[1.635s] -- Installing: /home/richard/ros2_ws/install/turtlesim/include/turtlesim/turtlesim/msg/detail/color__type_support.c
[1.640s] -- Up-to-date: /home/richard/ros2_ws/install/turtlesim/include/turtlesim/turtlesim/msg/detail/pose__struct.h
[1.640s] -- Up-to-date: /home/richard/ros2_ws/install/turtlesim/include/turtlesim/turtlesim/msg/detail/color__type_support.h
[1.640s] -- Up-to-date: /home/richard/ros2_ws/install/turtlesim/include/turtlesim/turtlesim/msg/detail/pose__description.c
[1.640s] -- Up-to-date: /home/richard/ros2_ws/install/turtlesim/share/turtlesim/environment/library_path.sh
[1.641s] -- Up-to-date: /home/richard/ros2_ws/install/turtlesim/share/turtlesim/environment/library_path.dsv
[1.641s] -- Up-to-date: /home/richard/ros2_ws/install/turtlesim/lib/libturtlesim__rosidl_generator_c.so
[1.641s] -- Up-to-date: /home/richard/ros2_ws/install/turtlesim/include/turtlesim/turtlesim
[1.641s] -- Up-to-date: /home/richard/ros2_ws/install/turtlesim/include/turtlesim/turtlesim/srv
[1.642s] -- Up-to-date: /home/richard/ros2_ws/install/turtlesim/include/turtlesim/turtlesim/srv/detail
[1.642s] -- Up-to-date: /home/richard/ros2_ws/install/turtlesim/include/turtlesim/turtlesim/srv/detail/kill__rosidl_typesupport_fastrtps_c.h
[1.642s] -- Up-to-date: /home/richard/ros2_ws/install/turtlesim/include/turtlesim/turtlesim/srv/detail/teleport_relative__rosidl_typesupport_fastrtps_c.h
[1.642s] -- Up-to-date: /home/richard/ros2_ws/install/turtlesim/include/turtlesim/turtlesim/srv/detail/set_pen__rosidl_typesupport_fastrtps_c.h
[1.642s] -- Up-to-date: /home/richard/ros2_ws/install/turtlesim/include/turtlesim/turtlesim/srv/detail/teleport_absolute__rosidl_typesupport_fastrtps_c.h
[1.642s] -- Up-to-date: /home/richard/ros2_ws/install/turtlesim/include/turtlesim/turtlesim/srv/detail/spawn__rosidl_typesupport_fastrtps_c.h
[1.642s] -- Up-to-date: /home/richard/ros2_ws/install/turtlesim/include/turtlesim/turtlesim/action
[1.642s] -- Up-to-date: /home/richard/ros2_ws/install/turtlesim/include/turtlesim/turtlesim/action/detail
[1.645s] -- Up-to-date: /home/richard/ros2_ws/install/turtlesim/include/turtlesim/turtlesim/action/detail/rotate_absolute__rosidl_typesupport_fastrtps_c.h
[1.645s] -- Up-to-date: /home/richard/ros2_ws/install/turtlesim/include/turtlesim/turtlesim/msg
[1.645s] -- Up-to-date: /home/richard/ros2_ws/install/turtlesim/include/turtlesim/turtlesim/msg/rosidl_typesupport_fastrtps_c__visibility_control.h
[1.645s] -- Up-to-date: /home/richard/ros2_ws/install/turtlesim/include/turtlesim/turtlesim/msg/detail
[1.645s] -- Up-to-date: /home/richard/ros2_ws/install/turtlesim/include/turtlesim/turtlesim/msg/detail/pose__rosidl_typesupport_fastrtps_c.h
[1.645s] -- Up-to-date: /home/richard/ros2_ws/install/turtlesim/include/turtlesim/turtlesim/msg/detail/color__rosidl_typesupport_fastrtps_c.h
[1.645s] -- Up-to-date: /home/richard/ros2_ws/install/turtlesim/lib/libturtlesim__rosidl_typesupport_fastrtps_c.so
[1.646s] -- Up-to-date: /home/richard/ros2_ws/install/turtlesim/include/turtlesim/turtlesim
[1.647s] -- Up-to-date: /home/richard/ros2_ws/install/turtlesim/include/turtlesim/turtlesim/srv
[1.649s] -- Up-to-date: /home/richard/ros2_ws/install/turtlesim/include/turtlesim/turtlesim/srv/spawn.hpp
[1.649s] -- Up-to-date: /home/richard/ros2_ws/install/turtlesim/include/turtlesim/turtlesim/srv/kill.hpp
[1.649s] -- Up-to-date: /home/richard/ros2_ws/install/turtlesim/include/turtlesim/turtlesim/srv/set_pen.hpp
[1.649s] -- Up-to-date: /home/richard/ros2_ws/install/turtlesim/include/turtlesim/turtlesim/srv/teleport_absolute.hpp
[1.649s] -- Up-to-date: /home/richard/ros2_ws/install/turtlesim/include/turtlesim/turtlesim/srv/teleport_relative.hpp
[1.649s] -- Up-to-date: /home/richard/ros2_ws/install/turtlesim/include/turtlesim/turtlesim/srv/detail
[1.649s] -- Up-to-date: /home/richard/ros2_ws/install/turtlesim/include/turtlesim/turtlesim/srv/detail/spawn__type_support.hpp
[1.652s] -- Up-to-date: /home/richard/ros2_ws/install/turtlesim/include/turtlesim/turtlesim/srv/detail/teleport_absolute__traits.hpp
[1.652s] -- Up-to-date: /home/richard/ros2_ws/install/turtlesim/include/turtlesim/turtlesim/srv/detail/kill__builder.hpp
[1.652s] -- Up-to-date: /home/richard/ros2_ws/install/turtlesim/include/turtlesim/turtlesim/srv/detail/set_pen__struct.hpp
[1.656s] -- Up-to-date: /home/richard/ros2_ws/install/turtlesim/include/turtlesim/turtlesim/srv/detail/teleport_absolute__type_support.hpp
[1.656s] -- Up-to-date: /home/richard/ros2_ws/install/turtlesim/include/turtlesim/turtlesim/srv/detail/teleport_absolute__builder.hpp
[1.656s] -- Up-to-date: /home/richard/ros2_ws/install/turtlesim/include/turtlesim/turtlesim/srv/detail/set_pen__builder.hpp
[1.656s] -- Up-to-date: /home/richard/ros2_ws/install/turtlesim/include/turtlesim/turtlesim/srv/detail/teleport_relative__traits.hpp
[1.657s] -- Up-to-date: /home/richard/ros2_ws/install/turtlesim/include/turtlesim/turtlesim/srv/detail/spawn__builder.hpp
[1.657s] -- Up-to-date: /home/richard/ros2_ws/install/turtlesim/include/turtlesim/turtlesim/srv/detail/spawn__traits.hpp
[1.657s] -- Up-to-date: /home/richard/ros2_ws/install/turtlesim/include/turtlesim/turtlesim/srv/detail/set_pen__type_support.hpp
[1.657s] -- Up-to-date: /home/richard/ros2_ws/install/turtlesim/include/turtlesim/turtlesim/srv/detail/kill__traits.hpp
[1.657s] -- Up-to-date: /home/richard/ros2_ws/install/turtlesim/include/turtlesim/turtlesim/srv/detail/kill__struct.hpp
[1.657s] -- Up-to-date: /home/richard/ros2_ws/install/turtlesim/include/turtlesim/turtlesim/srv/detail/teleport_relative__type_support.hpp
[1.657s] -- Up-to-date: /home/richard/ros2_ws/install/turtlesim/include/turtlesim/turtlesim/srv/detail/teleport_absolute__struct.hpp
[1.657s] -- Up-to-date: /home/richard/ros2_ws/install/turtlesim/include/turtlesim/turtlesim/srv/detail/teleport_relative__builder.hpp
[1.657s] -- Up-to-date: /home/richard/ros2_ws/install/turtlesim/include/turtlesim/turtlesim/srv/detail/teleport_relative__struct.hpp
[1.657s] -- Up-to-date: /home/richard/ros2_ws/install/turtlesim/include/turtlesim/turtlesim/srv/detail/spawn__struct.hpp
[1.657s] -- Up-to-date: /home/richard/ros2_ws/install/turtlesim/include/turtlesim/turtlesim/srv/detail/kill__type_support.hpp
[1.657s] -- Up-to-date: /home/richard/ros2_ws/install/turtlesim/include/turtlesim/turtlesim/srv/detail/set_pen__traits.hpp
[1.658s] -- Up-to-date: /home/richard/ros2_ws/install/turtlesim/include/turtlesim/turtlesim/action
[1.665s] -- Up-to-date: /home/richard/ros2_ws/install/turtlesim/include/turtlesim/turtlesim/action/rotate_absolute.hpp
[1.665s] -- Up-to-date: /home/richard/ros2_ws/install/turtlesim/include/turtlesim/turtlesim/action/detail
[1.665s] -- Up-to-date: /home/richard/ros2_ws/install/turtlesim/include/turtlesim/turtlesim/action/detail/rotate_absolute__traits.hpp
[1.665s] -- Up-to-date: /home/richard/ros2_ws/install/turtlesim/include/turtlesim/turtlesim/action/detail/rotate_absolute__struct.hpp
[1.665s] -- Up-to-date: /home/richard/ros2_ws/install/turtlesim/include/turtlesim/turtlesim/action/detail/rotate_absolute__type_support.hpp
[1.665s] -- Up-to-date: /home/richard/ros2_ws/install/turtlesim/include/turtlesim/turtlesim/action/detail/rotate_absolute__builder.hpp
[1.665s] -- Up-to-date: /home/richard/ros2_ws/install/turtlesim/include/turtlesim/turtlesim/msg
[1.665s] -- Up-to-date: /home/richard/ros2_ws/install/turtlesim/include/turtlesim/turtlesim/msg/pose.hpp
[1.665s] -- Up-to-date: /home/richard/ros2_ws/install/turtlesim/include/turtlesim/turtlesim/msg/rosidl_generator_cpp__visibility_control.hpp
[1.665s] -- Up-to-date: /home/richard/ros2_ws/install/turtlesim/include/turtlesim/turtlesim/msg/detail
[1.665s] -- Up-to-date: /home/richard/ros2_ws/install/turtlesim/include/turtlesim/turtlesim/msg/detail/color__type_support.hpp
[1.666s] -- Up-to-date: /home/richard/ros2_ws/install/turtlesim/include/turtlesim/turtlesim/msg/detail/pose__type_support.hpp
[1.666s] -- Up-to-date: /home/richard/ros2_ws/install/turtlesim/include/turtlesim/turtlesim/msg/detail/color__struct.hpp
[1.666s] -- Up-to-date: /home/richard/ros2_ws/install/turtlesim/include/turtlesim/turtlesim/msg/detail/pose__traits.hpp
[1.666s] -- Up-to-date: /home/richard/ros2_ws/install/turtlesim/include/turtlesim/turtlesim/msg/detail/pose__builder.hpp
[1.666s] -- Up-to-date: /home/richard/ros2_ws/install/turtlesim/include/turtlesim/turtlesim/msg/detail/pose__struct.hpp
[1.666s] -- Up-to-date: /home/richard/ros2_ws/install/turtlesim/include/turtlesim/turtlesim/msg/detail/color__builder.hpp
[1.666s] -- Up-to-date: /home/richard/ros2_ws/install/turtlesim/include/turtlesim/turtlesim/msg/detail/color__traits.hpp
[1.666s] -- Up-to-date: /home/richard/ros2_ws/install/turtlesim/include/turtlesim/turtlesim/msg/color.hpp
[1.666s] -- Up-to-date: /home/richard/ros2_ws/install/turtlesim/include/turtlesim/turtlesim
[1.666s] -- Up-to-date: /home/richard/ros2_ws/install/turtlesim/include/turtlesim/turtlesim/srv
[1.666s] -- Up-to-date: /home/richard/ros2_ws/install/turtlesim/include/turtlesim/turtlesim/srv/detail
[1.672s] -- Up-to-date: /home/richard/ros2_ws/install/turtlesim/include/turtlesim/turtlesim/srv/detail/teleport_relative__rosidl_typesupport_fastrtps_cpp.hpp
[1.673s] -- Up-to-date: /home/richard/ros2_ws/install/turtlesim/include/turtlesim/turtlesim/srv/detail/teleport_absolute__rosidl_typesupport_fastrtps_cpp.hpp
[1.673s] -- Up-to-date: /home/richard/ros2_ws/install/turtlesim/include/turtlesim/turtlesim/srv/detail/spawn__rosidl_typesupport_fastrtps_cpp.hpp
[1.673s] -- Up-to-date: /home/richard/ros2_ws/install/turtlesim/include/turtlesim/turtlesim/srv/detail/dds_fastrtps
[1.673s] -- Up-to-date: /home/richard/ros2_ws/install/turtlesim/include/turtlesim/turtlesim/srv/detail/kill__rosidl_typesupport_fastrtps_cpp.hpp
[1.673s] -- Up-to-date: /home/richard/ros2_ws/install/turtlesim/include/turtlesim/turtlesim/srv/detail/set_pen__rosidl_typesupport_fastrtps_cpp.hpp
[1.673s] -- Up-to-date: /home/richard/ros2_ws/install/turtlesim/include/turtlesim/turtlesim/action
[1.673s] -- Up-to-date: /home/richard/ros2_ws/install/turtlesim/include/turtlesim/turtlesim/action/detail
[1.673s] -- Up-to-date: /home/richard/ros2_ws/install/turtlesim/include/turtlesim/turtlesim/action/detail/rotate_absolute__rosidl_typesupport_fastrtps_cpp.hpp
[1.673s] -- Up-to-date: /home/richard/ros2_ws/install/turtlesim/include/turtlesim/turtlesim/action/detail/dds_fastrtps
[1.673s] -- Up-to-date: /home/richard/ros2_ws/install/turtlesim/include/turtlesim/turtlesim/msg
[1.673s] -- Up-to-date: /home/richard/ros2_ws/install/turtlesim/include/turtlesim/turtlesim/msg/rosidl_typesupport_fastrtps_cpp__visibility_control.h
[1.676s] -- Up-to-date: /home/richard/ros2_ws/install/turtlesim/include/turtlesim/turtlesim/msg/detail
[1.676s] -- Up-to-date: /home/richard/ros2_ws/install/turtlesim/include/turtlesim/turtlesim/msg/detail/dds_fastrtps
[1.676s] -- Up-to-date: /home/richard/ros2_ws/install/turtlesim/include/turtlesim/turtlesim/msg/detail/pose__rosidl_typesupport_fastrtps_cpp.hpp
[1.676s] -- Up-to-date: /home/richard/ros2_ws/install/turtlesim/include/turtlesim/turtlesim/msg/detail/color__rosidl_typesupport_fastrtps_cpp.hpp
[1.676s] -- Up-to-date: /home/richard/ros2_ws/install/turtlesim/lib/libturtlesim__rosidl_typesupport_fastrtps_cpp.so
[1.676s] -- Up-to-date: /home/richard/ros2_ws/install/turtlesim/include/turtlesim/turtlesim
[1.676s] -- Up-to-date: /home/richard/ros2_ws/install/turtlesim/include/turtlesim/turtlesim/srv
[1.676s] -- Up-to-date: /home/richard/ros2_ws/install/turtlesim/include/turtlesim/turtlesim/srv/detail
[1.676s] -- Up-to-date: /home/richard/ros2_ws/install/turtlesim/include/turtlesim/turtlesim/srv/detail/kill__rosidl_typesupport_introspection_c.h
[1.677s] -- Installing: /home/richard/ros2_ws/install/turtlesim/include/turtlesim/turtlesim/srv/detail/spawn__type_support.c
[1.677s] -- Installing: /home/richard/ros2_ws/install/turtlesim/include/turtlesim/turtlesim/srv/detail/teleport_absolute__type_support.c
[1.677s] -- Installing: /home/richard/ros2_ws/install/turtlesim/include/turtlesim/turtlesim/srv/detail/teleport_relative__type_support.c
[1.677s] -- Up-to-date: /home/richard/ros2_ws/install/turtlesim/include/turtlesim/turtlesim/srv/detail/spawn__rosidl_typesupport_introspection_c.h
[1.681s] -- Installing: /home/richard/ros2_ws/install/turtlesim/include/turtlesim/turtlesim/srv/detail/set_pen__type_support.c
[1.681s] -- Up-to-date: /home/richard/ros2_ws/install/turtlesim/include/turtlesim/turtlesim/srv/detail/teleport_relative__rosidl_typesupport_introspection_c.h
[1.681s] -- Installing: /home/richard/ros2_ws/install/turtlesim/include/turtlesim/turtlesim/srv/detail/kill__type_support.c
[1.681s] -- Up-to-date: /home/richard/ros2_ws/install/turtlesim/include/turtlesim/turtlesim/srv/detail/teleport_absolute__rosidl_typesupport_introspection_c.h
[1.681s] -- Up-to-date: /home/richard/ros2_ws/install/turtlesim/include/turtlesim/turtlesim/srv/detail/set_pen__rosidl_typesupport_introspection_c.h
[1.681s] -- Up-to-date: /home/richard/ros2_ws/install/turtlesim/include/turtlesim/turtlesim/action
[1.681s] -- Up-to-date: /home/richard/ros2_ws/install/turtlesim/include/turtlesim/turtlesim/action/detail
[1.681s] -- Up-to-date: /home/richard/ros2_ws/install/turtlesim/include/turtlesim/turtlesim/action/detail/rotate_absolute__rosidl_typesupport_introspection_c.h
[1.682s] -- Installing: /home/richard/ros2_ws/install/turtlesim/include/turtlesim/turtlesim/action/detail/rotate_absolute__type_support.c
[1.682s] -- Up-to-date: /home/richard/ros2_ws/install/turtlesim/include/turtlesim/turtlesim/msg
[1.682s] -- Up-to-date: /home/richard/ros2_ws/install/turtlesim/include/turtlesim/turtlesim/msg/rosidl_typesupport_introspection_c__visibility_control.h
[1.682s] -- Up-to-date: /home/richard/ros2_ws/install/turtlesim/include/turtlesim/turtlesim/msg/detail
[1.682s] -- Up-to-date: /home/richard/ros2_ws/install/turtlesim/include/turtlesim/turtlesim/msg/detail/pose__rosidl_typesupport_introspection_c.h
[1.682s] -- Installing: /home/richard/ros2_ws/install/turtlesim/include/turtlesim/turtlesim/msg/detail/pose__type_support.c
[1.682s] -- Installing: /home/richard/ros2_ws/install/turtlesim/include/turtlesim/turtlesim/msg/detail/color__type_support.c
[1.682s] -- Up-to-date: /home/richard/ros2_ws/install/turtlesim/include/turtlesim/turtlesim/msg/detail/color__rosidl_typesupport_introspection_c.h
[1.682s] -- Up-to-date: /home/richard/ros2_ws/install/turtlesim/lib/libturtlesim__rosidl_typesupport_introspection_c.so
[1.682s] -- Up-to-date: /home/richard/ros2_ws/install/turtlesim/lib/libturtlesim__rosidl_typesupport_c.so
[1.682s] -- Up-to-date: /home/richard/ros2_ws/install/turtlesim/include/turtlesim/turtlesim
[1.682s] -- Up-to-date: /home/richard/ros2_ws/install/turtlesim/include/turtlesim/turtlesim/srv
[1.689s] -- Up-to-date: /home/richard/ros2_ws/install/turtlesim/include/turtlesim/turtlesim/srv/detail
[1.689s] -- Up-to-date: /home/richard/ros2_ws/install/turtlesim/include/turtlesim/turtlesim/srv/detail/set_pen__rosidl_typesupport_introspection_cpp.hpp
[1.689s] -- Up-to-date: /home/richard/ros2_ws/install/turtlesim/include/turtlesim/turtlesim/srv/detail/set_pen__type_support.cpp
[1.690s] -- Up-to-date: /home/richard/ros2_ws/install/turtlesim/include/turtlesim/turtlesim/srv/detail/teleport_relative__type_support.cpp
[1.690s] -- Up-to-date: /home/richard/ros2_ws/install/turtlesim/include/turtlesim/turtlesim/srv/detail/spawn__type_support.cpp
[1.690s] -- Up-to-date: /home/richard/ros2_ws/install/turtlesim/include/turtlesim/turtlesim/srv/detail/spawn__rosidl_typesupport_introspection_cpp.hpp
[1.690s] -- Up-to-date: /home/richard/ros2_ws/install/turtlesim/include/turtlesim/turtlesim/srv/detail/teleport_absolute__rosidl_typesupport_introspection_cpp.hpp
[1.690s] -- Up-to-date: /home/richard/ros2_ws/install/turtlesim/include/turtlesim/turtlesim/srv/detail/teleport_absolute__type_support.cpp
[1.692s] -- Up-to-date: /home/richard/ros2_ws/install/turtlesim/include/turtlesim/turtlesim/srv/detail/kill__type_support.cpp
[1.692s] -- Up-to-date: /home/richard/ros2_ws/install/turtlesim/include/turtlesim/turtlesim/srv/detail/teleport_relative__rosidl_typesupport_introspection_cpp.hpp
[1.692s] -- Up-to-date: /home/richard/ros2_ws/install/turtlesim/include/turtlesim/turtlesim/srv/detail/kill__rosidl_typesupport_introspection_cpp.hpp
[1.692s] -- Up-to-date: /home/richard/ros2_ws/install/turtlesim/include/turtlesim/turtlesim/action
[1.692s] -- Up-to-date: /home/richard/ros2_ws/install/turtlesim/include/turtlesim/turtlesim/action/detail
[1.692s] -- Up-to-date: /home/richard/ros2_ws/install/turtlesim/include/turtlesim/turtlesim/action/detail/rotate_absolute__rosidl_typesupport_introspection_cpp.hpp
[1.692s] -- Up-to-date: /home/richard/ros2_ws/install/turtlesim/include/turtlesim/turtlesim/action/detail/rotate_absolute__type_support.cpp
[1.696s] -- Up-to-date: /home/richard/ros2_ws/install/turtlesim/include/turtlesim/turtlesim/msg
[1.696s] -- Up-to-date: /home/richard/ros2_ws/install/turtlesim/include/turtlesim/turtlesim/msg/detail
[1.696s] -- Up-to-date: /home/richard/ros2_ws/install/turtlesim/include/turtlesim/turtlesim/msg/detail/color__rosidl_typesupport_introspection_cpp.hpp
[1.696s] -- Up-to-date: /home/richard/ros2_ws/install/turtlesim/include/turtlesim/turtlesim/msg/detail/color__type_support.cpp
[1.696s] -- Up-to-date: /home/richard/ros2_ws/install/turtlesim/include/turtlesim/turtlesim/msg/detail/pose__rosidl_typesupport_introspection_cpp.hpp
[1.696s] -- Up-to-date: /home/richard/ros2_ws/install/turtlesim/include/turtlesim/turtlesim/msg/detail/pose__type_support.cpp
[1.696s] -- Up-to-date: /home/richard/ros2_ws/install/turtlesim/lib/libturtlesim__rosidl_typesupport_introspection_cpp.so
[1.696s] -- Up-to-date: /home/richard/ros2_ws/install/turtlesim/lib/libturtlesim__rosidl_typesupport_cpp.so
[1.696s] -- Up-to-date: /home/richard/ros2_ws/install/turtlesim/share/turtlesim/environment/pythonpath.sh
[1.696s] -- Up-to-date: /home/richard/ros2_ws/install/turtlesim/share/turtlesim/environment/pythonpath.dsv
[1.696s] -- Up-to-date: /home/richard/ros2_ws/install/turtlesim/lib/python3.12/site-packages/turtlesim-1.8.3-py3.12.egg-info
[1.696s] -- Installing: /home/richard/ros2_ws/install/turtlesim/lib/python3.12/site-packages/turtlesim-1.8.3-py3.12.egg-info/PKG-INFO
[1.696s] -- Installing: /home/richard/ros2_ws/install/turtlesim/lib/python3.12/site-packages/turtlesim-1.8.3-py3.12.egg-info/dependency_links.txt
[1.697s] -- Installing: /home/richard/ros2_ws/install/turtlesim/lib/python3.12/site-packages/turtlesim-1.8.3-py3.12.egg-info/top_level.txt
[1.697s] -- Installing: /home/richard/ros2_ws/install/turtlesim/lib/python3.12/site-packages/turtlesim-1.8.3-py3.12.egg-info/SOURCES.txt
[1.697s] -- Up-to-date: /home/richard/ros2_ws/install/turtlesim/lib/python3.12/site-packages/turtlesim
[1.697s] -- Up-to-date: /home/richard/ros2_ws/install/turtlesim/lib/python3.12/site-packages/turtlesim/__init__.py
[1.697s] -- Up-to-date: /home/richard/ros2_ws/install/turtlesim/lib/python3.12/site-packages/turtlesim/turtlesim_s__rosidl_typesupport_introspection_c.so
[1.697s] -- Up-to-date: /home/richard/ros2_ws/install/turtlesim/lib/python3.12/site-packages/turtlesim/srv
[1.697s] -- Up-to-date: /home/richard/ros2_ws/install/turtlesim/lib/python3.12/site-packages/turtlesim/srv/_set_pen_s.c
[1.697s] -- Up-to-date: /home/richard/ros2_ws/install/turtlesim/lib/python3.12/site-packages/turtlesim/srv/_set_pen.py
[1.697s] -- Up-to-date: /home/richard/ros2_ws/install/turtlesim/lib/python3.12/site-packages/turtlesim/srv/__init__.py
[1.701s] -- Up-to-date: /home/richard/ros2_ws/install/turtlesim/lib/python3.12/site-packages/turtlesim/srv/_teleport_absolute_s.c
[1.702s] -- Up-to-date: /home/richard/ros2_ws/install/turtlesim/lib/python3.12/site-packages/turtlesim/srv/_kill_s.c
[1.702s] -- Up-to-date: /home/richard/ros2_ws/install/turtlesim/lib/python3.12/site-packages/turtlesim/srv/_teleport_absolute.py
[1.702s] -- Up-to-date: /home/richard/ros2_ws/install/turtlesim/lib/python3.12/site-packages/turtlesim/srv/_teleport_relative_s.c
[1.702s] -- Up-to-date: /home/richard/ros2_ws/install/turtlesim/lib/python3.12/site-packages/turtlesim/srv/_kill.py
[1.702s] -- Up-to-date: /home/richard/ros2_ws/install/turtlesim/lib/python3.12/site-packages/turtlesim/srv/_spawn.py
[1.702s] -- Up-to-date: /home/richard/ros2_ws/install/turtlesim/lib/python3.12/site-packages/turtlesim/srv/_spawn_s.c
[1.702s] -- Up-to-date: /home/richard/ros2_ws/install/turtlesim/lib/python3.12/site-packages/turtlesim/srv/_teleport_relative.py
[1.702s] -- Up-to-date: /home/richard/ros2_ws/install/turtlesim/lib/python3.12/site-packages/turtlesim/_turtlesim_s.ep.rosidl_typesupport_fastrtps_c.c
[1.702s] -- Up-to-date: /home/richard/ros2_ws/install/turtlesim/lib/python3.12/site-packages/turtlesim/turtlesim_s__rosidl_typesupport_c.so
[1.702s] -- Up-to-date: /home/richard/ros2_ws/install/turtlesim/lib/python3.12/site-packages/turtlesim/turtlesim_s__rosidl_typesupport_fastrtps_c.so
[1.702s] -- Up-to-date: /home/richard/ros2_ws/install/turtlesim/lib/python3.12/site-packages/turtlesim/_turtlesim_s.ep.rosidl_typesupport_c.c
[1.702s] -- Up-to-date: /home/richard/ros2_ws/install/turtlesim/lib/python3.12/site-packages/turtlesim/action
[1.703s] -- Up-to-date: /home/richard/ros2_ws/install/turtlesim/lib/python3.12/site-packages/turtlesim/action/__init__.py
[1.703s] -- Up-to-date: /home/richard/ros2_ws/install/turtlesim/lib/python3.12/site-packages/turtlesim/action/_rotate_absolute.py
[1.703s] -- Up-to-date: /home/richard/ros2_ws/install/turtlesim/lib/python3.12/site-packages/turtlesim/action/_rotate_absolute_s.c
[1.703s] -- Up-to-date: /home/richard/ros2_ws/install/turtlesim/lib/python3.12/site-packages/turtlesim/msg
[1.703s] -- Up-to-date: /home/richard/ros2_ws/install/turtlesim/lib/python3.12/site-packages/turtlesim/msg/__init__.py
[1.703s] -- Up-to-date: /home/richard/ros2_ws/install/turtlesim/lib/python3.12/site-packages/turtlesim/msg/_pose.py
[1.703s] -- Up-to-date: /home/richard/ros2_ws/install/turtlesim/lib/python3.12/site-packages/turtlesim/msg/_pose_s.c
[1.703s] -- Up-to-date: /home/richard/ros2_ws/install/turtlesim/lib/python3.12/site-packages/turtlesim/msg/_color_s.c
[1.703s] -- Up-to-date: /home/richard/ros2_ws/install/turtlesim/lib/python3.12/site-packages/turtlesim/msg/_color.py
[1.703s] -- Up-to-date: /home/richard/ros2_ws/install/turtlesim/lib/python3.12/site-packages/turtlesim/_turtlesim_s.ep.rosidl_typesupport_introspection_c.c
[1.753s] Listing '/home/richard/ros2_ws/install/turtlesim/lib/python3.12/site-packages/turtlesim'...
[1.753s] Listing '/home/richard/ros2_ws/install/turtlesim/lib/python3.12/site-packages/turtlesim/action'...
[1.754s] Listing '/home/richard/ros2_ws/install/turtlesim/lib/python3.12/site-packages/turtlesim/msg'...
[1.754s] Listing '/home/richard/ros2_ws/install/turtlesim/lib/python3.12/site-packages/turtlesim/srv'...
[1.770s] -- Up-to-date: /home/richard/ros2_ws/install/turtlesim/lib/python3.12/site-packages/turtlesim/turtlesim_s__rosidl_typesupport_fastrtps_c.so
[1.770s] -- Up-to-date: /home/richard/ros2_ws/install/turtlesim/lib/python3.12/site-packages/turtlesim/turtlesim_s__rosidl_typesupport_introspection_c.so
[1.770s] -- Up-to-date: /home/richard/ros2_ws/install/turtlesim/lib/python3.12/site-packages/turtlesim/turtlesim_s__rosidl_typesupport_c.so
[1.771s] -- Up-to-date: /home/richard/ros2_ws/install/turtlesim/lib/libturtlesim__rosidl_generator_py.so
[1.771s] -- Up-to-date: /home/richard/ros2_ws/install/turtlesim/share/turtlesim/action/RotateAbsolute.idl
[1.771s] -- Up-to-date: /home/richard/ros2_ws/install/turtlesim/share/turtlesim/msg/Color.idl
[1.771s] -- Up-to-date: /home/richard/ros2_ws/install/turtlesim/share/turtlesim/msg/Pose.idl
[1.771s] -- Up-to-date: /home/richard/ros2_ws/install/turtlesim/share/turtlesim/srv/Kill.idl
[1.771s] -- Up-to-date: /home/richard/ros2_ws/install/turtlesim/share/turtlesim/srv/SetPen.idl
[1.771s] -- Up-to-date: /home/richard/ros2_ws/install/turtlesim/share/turtlesim/srv/Spawn.idl
[1.772s] -- Up-to-date: /home/richard/ros2_ws/install/turtlesim/share/turtlesim/srv/TeleportAbsolute.idl
[1.773s] -- Up-to-date: /home/richard/ros2_ws/install/turtlesim/share/turtlesim/srv/TeleportRelative.idl
[1.777s] -- Up-to-date: /home/richard/ros2_ws/install/turtlesim/share/turtlesim/action/RotateAbsolute.action
[1.777s] -- Up-to-date: /home/richard/ros2_ws/install/turtlesim/share/turtlesim/msg/Color.msg
[1.777s] -- Up-to-date: /home/richard/ros2_ws/install/turtlesim/share/turtlesim/msg/Pose.msg
[1.783s] -- Up-to-date: /home/richard/ros2_ws/install/turtlesim/share/turtlesim/srv/Kill.srv
[1.783s] -- Up-to-date: /home/richard/ros2_ws/install/turtlesim/share/turtlesim/srv/SetPen.srv
[1.783s] -- Up-to-date: /home/richard/ros2_ws/install/turtlesim/share/turtlesim/srv/Spawn.srv
[1.783s] -- Up-to-date: /home/richard/ros2_ws/install/turtlesim/share/turtlesim/srv/TeleportAbsolute.srv
[1.783s] -- Up-to-date: /home/richard/ros2_ws/install/turtlesim/share/turtlesim/srv/TeleportRelative.srv
[1.783s] -- Up-to-date: /home/richard/ros2_ws/install/turtlesim/lib/turtlesim/turtlesim_node
[1.783s] -- Up-to-date: /home/richard/ros2_ws/install/turtlesim/lib/turtlesim/turtle_teleop_key
[1.790s] -- Up-to-date: /home/richard/ros2_ws/install/turtlesim/lib/turtlesim/draw_square
[1.790s] -- Up-to-date: /home/richard/ros2_ws/install/turtlesim/lib/turtlesim/mimic
[1.791s] -- Up-to-date: /home/richard/ros2_ws/install/turtlesim/share/turtlesim/images
[1.791s] -- Up-to-date: /home/richard/ros2_ws/install/turtlesim/share/turtlesim/images/rolling.png
[1.791s] -- Up-to-date: /home/richard/ros2_ws/install/turtlesim/share/turtlesim/images/eloquent.png
[1.800s] -- Up-to-date: /home/richard/ros2_ws/install/turtlesim/share/turtlesim/images/bouncy.png
[1.800s] -- Up-to-date: /home/richard/ros2_ws/install/turtlesim/share/turtlesim/images/dashing.png
[1.800s] -- Up-to-date: /home/richard/ros2_ws/install/turtlesim/share/turtlesim/images/humble.png
[1.800s] -- Up-to-date: /home/richard/ros2_ws/install/turtlesim/share/turtlesim/images/iron.png
[1.800s] -- Up-to-date: /home/richard/ros2_ws/install/turtlesim/share/turtlesim/images/galactic.png
[1.800s] -- Up-to-date: /home/richard/ros2_ws/install/turtlesim/share/turtlesim/images/foxy.png
[1.800s] -- Up-to-date: /home/richard/ros2_ws/install/turtlesim/share/turtlesim/images/jazzy.png
[1.800s] -- Up-to-date: /home/richard/ros2_ws/install/turtlesim/share/turtlesim/images/crystal.png
[1.800s] -- Up-to-date: /home/richard/ros2_ws/install/turtlesim/share/turtlesim/images/ardent.png
[1.800s] -- Up-to-date: /home/richard/ros2_ws/install/turtlesim/share/turtlesim/launch
[1.800s] -- Up-to-date: /home/richard/ros2_ws/install/turtlesim/share/turtlesim/launch/multisim.launch.py
[1.800s] -- Up-to-date: /home/richard/ros2_ws/install/turtlesim/share/ament_index/resource_index/package_run_dependencies/turtlesim
[1.800s] -- Up-to-date: /home/richard/ros2_ws/install/turtlesim/share/ament_index/resource_index/parent_prefix_path/turtlesim
[1.801s] -- Up-to-date: /home/richard/ros2_ws/install/turtlesim/share/turtlesim/environment/ament_prefix_path.sh
[1.801s] -- Up-to-date: /home/richard/ros2_ws/install/turtlesim/share/turtlesim/environment/ament_prefix_path.dsv
[1.801s] -- Up-to-date: /home/richard/ros2_ws/install/turtlesim/share/turtlesim/environment/path.sh
[1.801s] -- Up-to-date: /home/richard/ros2_ws/install/turtlesim/share/turtlesim/environment/path.dsv
[1.801s] -- Up-to-date: /home/richard/ros2_ws/install/turtlesim/share/turtlesim/local_setup.bash
[1.801s] -- Up-to-date: /home/richard/ros2_ws/install/turtlesim/share/turtlesim/local_setup.sh
[1.801s] -- Up-to-date: /home/richard/ros2_ws/install/turtlesim/share/turtlesim/local_setup.zsh
[1.801s] -- Up-to-date: /home/richard/ros2_ws/install/turtlesim/share/turtlesim/local_setup.dsv
[1.801s] -- Installing: /home/richard/ros2_ws/install/turtlesim/share/turtlesim/package.dsv
[1.801s] -- Up-to-date: /home/richard/ros2_ws/install/turtlesim/share/ament_index/resource_index/packages/turtlesim
[1.801s] -- Up-to-date: /home/richard/ros2_ws/install/turtlesim/share/turtlesim/cmake/export_turtlesim__rosidl_generator_cExport.cmake
[1.801s] -- Up-to-date: /home/richard/ros2_ws/install/turtlesim/share/turtlesim/cmake/export_turtlesim__rosidl_generator_cExport-noconfig.cmake
[1.801s] -- Up-to-date: /home/richard/ros2_ws/install/turtlesim/share/turtlesim/cmake/export_turtlesim__rosidl_typesupport_fastrtps_cExport.cmake
[1.801s] -- Up-to-date: /home/richard/ros2_ws/install/turtlesim/share/turtlesim/cmake/export_turtlesim__rosidl_typesupport_fastrtps_cExport-noconfig.cmake
[1.801s] -- Up-to-date: /home/richard/ros2_ws/install/turtlesim/share/turtlesim/cmake/export_turtlesim__rosidl_generator_cppExport.cmake
[1.802s] -- Up-to-date: /home/richard/ros2_ws/install/turtlesim/share/turtlesim/cmake/export_turtlesim__rosidl_typesupport_fastrtps_cppExport.cmake
[1.802s] -- Up-to-date: /home/richard/ros2_ws/install/turtlesim/share/turtlesim/cmake/export_turtlesim__rosidl_typesupport_fastrtps_cppExport-noconfig.cmake
[1.802s] -- Up-to-date: /home/richard/ros2_ws/install/turtlesim/share/turtlesim/cmake/turtlesim__rosidl_typesupport_introspection_cExport.cmake
[1.802s] -- Up-to-date: /home/richard/ros2_ws/install/turtlesim/share/turtlesim/cmake/turtlesim__rosidl_typesupport_introspection_cExport-noconfig.cmake
[1.802s] -- Up-to-date: /home/richard/ros2_ws/install/turtlesim/share/turtlesim/cmake/turtlesim__rosidl_typesupport_cExport.cmake
[1.802s] -- Up-to-date: /home/richard/ros2_ws/install/turtlesim/share/turtlesim/cmake/turtlesim__rosidl_typesupport_cExport-noconfig.cmake
[1.802s] -- Up-to-date: /home/richard/ros2_ws/install/turtlesim/share/turtlesim/cmake/turtlesim__rosidl_typesupport_introspection_cppExport.cmake
[1.802s] -- Up-to-date: /home/richard/ros2_ws/install/turtlesim/share/turtlesim/cmake/turtlesim__rosidl_typesupport_introspection_cppExport-noconfig.cmake
[1.802s] -- Up-to-date: /home/richard/ros2_ws/install/turtlesim/share/turtlesim/cmake/turtlesim__rosidl_typesupport_cppExport.cmake
[1.806s] -- Up-to-date: /home/richard/ros2_ws/install/turtlesim/share/turtlesim/cmake/turtlesim__rosidl_typesupport_cppExport-noconfig.cmake
[1.806s] -- Up-to-date: /home/richard/ros2_ws/install/turtlesim/share/turtlesim/cmake/export_turtlesim__rosidl_generator_pyExport.cmake
[1.806s] -- Up-to-date: /home/richard/ros2_ws/install/turtlesim/share/turtlesim/cmake/export_turtlesim__rosidl_generator_pyExport-noconfig.cmake
[1.806s] -- Up-to-date: /home/richard/ros2_ws/install/turtlesim/share/turtlesim/cmake/rosidl_cmake-extras.cmake
[1.806s] -- Up-to-date: /home/richard/ros2_ws/install/turtlesim/share/turtlesim/cmake/ament_cmake_export_dependencies-extras.cmake
[1.806s] -- Up-to-date: /home/richard/ros2_ws/install/turtlesim/share/turtlesim/cmake/ament_cmake_export_include_directories-extras.cmake
[1.806s] -- Up-to-date: /home/richard/ros2_ws/install/turtlesim/share/turtlesim/cmake/ament_cmake_export_libraries-extras.cmake
[1.806s] -- Up-to-date: /home/richard/ros2_ws/install/turtlesim/share/turtlesim/cmake/ament_cmake_export_targets-extras.cmake
[1.806s] -- Up-to-date: /home/richard/ros2_ws/install/turtlesim/share/turtlesim/cmake/rosidl_cmake_export_typesupport_targets-extras.cmake
[1.806s] -- Up-to-date: /home/richard/ros2_ws/install/turtlesim/share/turtlesim/cmake/rosidl_cmake_export_typesupport_libraries-extras.cmake
[1.806s] -- Up-to-date: /home/richard/ros2_ws/install/turtlesim/share/turtlesim/cmake/turtlesimConfig.cmake
[1.806s] -- Up-to-date: /home/richard/ros2_ws/install/turtlesim/share/turtlesim/cmake/turtlesimConfig-version.cmake
[1.806s] -- Up-to-date: /home/richard/ros2_ws/install/turtlesim/share/turtlesim/package.xml
[1.807s] Invoked command in '/home/richard/ros2_ws/build/turtlesim' returned '0': CMAKE_PREFIX_PATH=${CMAKE_PREFIX_PATH}:/opt/ros/jazzy DEBUGINFOD_URLS=https://debuginfod.ubuntu.com /usr/bin/cmake --install /home/richard/ros2_ws/build/turtlesim
