[0.012s] Invoking command in '/home/richard/ros2_ws/build/turtlesim': CMAKE_PREFIX_PATH=${CMAKE_PREFIX_PATH}:/opt/ros/jazzy DEBUGINFOD_URLS=https://debuginfod.ubuntu.com /usr/bin/cmake --build /home/richard/ros2_ws/build/turtlesim -- -j2 -l2
[0.222s] [  0%] Built target turtlesim__rosidl_generator_type_description
[0.301s] [  0%] Built target ament_cmake_python_copy_turtlesim
[0.337s] [  1%] Built target turtlesim__cpp
[0.390s] [ 24%] Built target turtlesim__rosidl_generator_c
[0.797s] running egg_info
[0.839s] writing turtlesim.egg-info/PKG-INFO
[0.839s] writing dependency_links to turtlesim.egg-info/dependency_links.txt
[0.839s] writing top-level names to turtlesim.egg-info/top_level.txt
[0.977s] reading manifest file 'turtlesim.egg-info/SOURCES.txt'
[0.989s] writing manifest file 'turtlesim.egg-info/SOURCES.txt'
[1.023s] [ 24%] Built target ament_cmake_python_build_turtlesim_egg
[1.078s] [ 33%] Built target turtlesim__rosidl_typesupport_cpp
[1.120s] [ 41%] Built target turtlesim__rosidl_typesupport_fastrtps_c
[1.165s] [ 50%] Built target turtlesim__rosidl_typesupport_fastrtps_cpp
[1.197s] [ 59%] Built target turtlesim__rosidl_typesupport_introspection_c
[1.245s] [ 68%] Built target turtlesim__rosidl_typesupport_c
[1.306s] [ 76%] Built target turtlesim__rosidl_typesupport_introspection_cpp
[1.348s] [ 81%] Built target turtlesim_node
[1.387s] [ 83%] Built target turtle_teleop_key
[1.423s] [ 84%] Built target draw_square
[1.458s] [ 86%] Built target mimic
[1.484s] [ 86%] Built target turtlesim
[1.506s] [ 86%] Built target turtlesim__py
[1.542s] [ 94%] Built target turtlesim__rosidl_generator_py
[1.572s] [ 96%] Built target turtlesim_s__rosidl_typesupport_fastrtps_c
[1.600s] [ 98%] Built target turtlesim_s__rosidl_typesupport_introspection_c
[1.633s] [100%] Built target turtlesim_s__rosidl_typesupport_c
