[0.015s] Invoking command in '/home/richard/ros2_ws/build/turtlesim': CMAKE_PREFIX_PATH=${CMAKE_PREFIX_PATH}:/opt/ros/jazzy DEBUGINFOD_URLS=https://debuginfod.ubuntu.com /usr/bin/cmake --build /home/richard/ros2_ws/build/turtlesim -- -j2 -l2
[0.142s] [  0%] Built target turtlesim__rosidl_generator_type_description
[0.166s] [  0%] Built target ament_cmake_python_copy_turtlesim
[0.194s] [  1%] Built target turtlesim__cpp
[0.247s] [ 24%] Built target turtlesim__rosidl_generator_c
[0.334s] [ 33%] Built target turtlesim__rosidl_typesupport_cpp
[0.401s] [ 41%] Built target turtlesim__rosidl_typesupport_fastrtps_c
[0.462s] [ 50%] Built target turtlesim__rosidl_typesupport_fastrtps_cpp
[0.522s] [ 59%] Built target turtlesim__rosidl_typesupport_introspection_c
[0.582s] [ 68%] Built target turtlesim__rosidl_typesupport_c
[0.643s] [ 76%] Built target turtlesim__rosidl_typesupport_introspection_cpp
[0.724s] [ 81%] Built target turtlesim_node
[0.770s] [ 83%] Built target turtle_teleop_key
[0.781s] running egg_info
[0.811s] writing turtlesim.egg-info/PKG-INFO
[0.811s] writing dependency_links to turtlesim.egg-info/dependency_links.txt
[0.812s] writing top-level names to turtlesim.egg-info/top_level.txt
[0.841s] [ 84%] Built target draw_square
[0.897s] [ 86%] Built target mimic
[0.911s] reading manifest file 'turtlesim.egg-info/SOURCES.txt'
[0.911s] writing manifest file 'turtlesim.egg-info/SOURCES.txt'
[0.925s] [ 86%] Built target turtlesim
[0.948s] [ 86%] Built target turtlesim__py
[0.948s] [ 86%] Built target ament_cmake_python_build_turtlesim_egg
[0.975s] [ 94%] Built target turtlesim__rosidl_generator_py
[1.001s] [ 97%] Built target turtlesim_s__rosidl_typesupport_introspection_c
[1.002s] [ 98%] Built target turtlesim_s__rosidl_typesupport_fastrtps_c
[1.023s] [100%] Built target turtlesim_s__rosidl_typesupport_c
