[0.024s] Invoking command in '/home/richard/ros2_ws/build/turtlesim': CMAKE_PREFIX_PATH=${CMAKE_PREFIX_PATH}:/opt/ros/jazzy DEBUGINFOD_URLS=https://debuginfod.ubuntu.com /usr/bin/cmake --build /home/richard/ros2_ws/build/turtlesim -- -j2 -l2
[0.245s] [  0%] Built target turtlesim__rosidl_generator_type_description
[0.319s] [  0%] Built target ament_cmake_python_copy_turtlesim
[0.366s] [  1%] Built target turtlesim__cpp
[0.405s] [ 24%] Built target turtlesim__rosidl_generator_c
[0.735s] running egg_info
[0.770s] writing turtlesim.egg-info/PKG-INFO
[0.770s] writing dependency_links to turtlesim.egg-info/dependency_links.txt
[0.770s] writing top-level names to turtlesim.egg-info/top_level.txt
[0.862s] reading manifest file 'turtlesim.egg-info/SOURCES.txt'
[0.862s] writing manifest file 'turtlesim.egg-info/SOURCES.txt'
[0.910s] [ 24%] Built target ament_cmake_python_build_turtlesim_egg
[0.947s] [ 33%] Built target turtlesim__rosidl_typesupport_cpp
[0.984s] [ 41%] Built target turtlesim__rosidl_typesupport_fastrtps_c
[1.024s] [ 50%] Built target turtlesim__rosidl_typesupport_fastrtps_cpp
[1.056s] [ 59%] Built target turtlesim__rosidl_typesupport_introspection_c
[1.089s] [ 68%] Built target turtlesim__rosidl_typesupport_c
[1.125s] [ 76%] Built target turtlesim__rosidl_typesupport_introspection_cpp
[1.162s] [ 81%] Built target turtlesim_node
[1.198s] [ 83%] Built target turtle_teleop_key
[1.231s] [ 84%] Built target draw_square
[1.263s] [ 86%] Built target mimic
[1.287s] [ 86%] Built target turtlesim
[1.311s] [ 86%] Built target turtlesim__py
[1.349s] [ 94%] Built target turtlesim__rosidl_generator_py
[1.379s] [ 96%] Built target turtlesim_s__rosidl_typesupport_fastrtps_c
[1.411s] [ 98%] Built target turtlesim_s__rosidl_typesupport_introspection_c
[1.444s] [100%] Built target turtlesim_s__rosidl_typesupport_c
