[0.023s] Invoking command in '/home/richard/ros2_ws/build/turtlesim': CMAKE_PREFIX_PATH=${CMAKE_PREFIX_PATH}:/opt/ros/jazzy DEBUGINFOD_URLS=https://debuginfod.ubuntu.com /usr/bin/cmake --build /home/richard/ros2_ws/build/turtlesim -- -j2 -l2
[0.143s] [  0%] Built target turtlesim__rosidl_generator_type_description
[0.192s] [  0%] Built target ament_cmake_python_copy_turtlesim
[0.215s] [  1%] Built target turtlesim__cpp
[0.301s] [ 24%] Built target turtlesim__rosidl_generator_c
[0.416s] [ 33%] Built target turtlesim__rosidl_typesupport_cpp
[0.610s] [ 41%] Built target turtlesim__rosidl_typesupport_fastrtps_c
[0.765s] [ 50%] Built target turtlesim__rosidl_typesupport_fastrtps_cpp
[0.849s] [ 59%] Built target turtlesim__rosidl_typesupport_introspection_c
[0.934s] [ 68%] Built target turtlesim__rosidl_typesupport_c
[1.013s] [ 76%] Built target turtlesim__rosidl_typesupport_introspection_cpp
[1.072s] running egg_info
[1.100s] [ 81%] Built target turtlesim_node
[1.108s] writing turtlesim.egg-info/PKG-INFO
[1.109s] writing dependency_links to turtlesim.egg-info/dependency_links.txt
[1.110s] writing top-level names to turtlesim.egg-info/top_level.txt
[1.139s] [ 83%] Built target turtle_teleop_key
[1.198s] [ 84%] Built target draw_square
[1.224s] reading manifest file 'turtlesim.egg-info/SOURCES.txt'
[1.225s] writing manifest file 'turtlesim.egg-info/SOURCES.txt'
[1.236s] [ 86%] Built target mimic
[1.265s] [ 86%] Built target turtlesim
[1.295s] [ 86%] Built target ament_cmake_python_build_turtlesim_egg
[1.306s] [ 86%] Built target turtlesim__py
[1.344s] [ 94%] Built target turtlesim__rosidl_generator_py
[1.378s] [ 96%] Built target turtlesim_s__rosidl_typesupport_fastrtps_c
[1.412s] [ 98%] Built target turtlesim_s__rosidl_typesupport_introspection_c
[1.444s] [100%] Built target turtlesim_s__rosidl_typesupport_c
