[0.005s] Invoking command in '/home/richard/ros2_ws/build/turtlesim': CMAKE_PREFIX_PATH=${CMAKE_PREFIX_PATH}:/opt/ros/jazzy DEBUGINFOD_URLS=https://debuginfod.ubuntu.com /usr/bin/cmake --build /home/richard/ros2_ws/build/turtlesim -- -j2 -l2
[0.067s] [  0%] Built target turtlesim__rosidl_generator_type_description
[0.104s] [  1%] Built target turtlesim__cpp
[0.120s] [  1%] Built target ament_cmake_python_copy_turtlesim
[0.143s] [ 24%] Built target turtlesim__rosidl_generator_c
[0.173s] [ 33%] Built target turtlesim__rosidl_typesupport_cpp
[0.199s] [ 41%] Built target turtlesim__rosidl_typesupport_fastrtps_c
[0.239s] [ 50%] Built target turtlesim__rosidl_typesupport_fastrtps_cpp
[0.312s] [ 59%] Built target turtlesim__rosidl_typesupport_introspection_c
[0.382s] [ 68%] Built target turtlesim__rosidl_typesupport_c
[0.448s] [ 76%] Built target turtlesim__rosidl_typesupport_introspection_cpp
[0.527s] [ 81%] Built target turtlesim_node
[0.599s] [ 83%] Built target turtle_teleop_key
[0.657s] [ 84%] Built target draw_square
[0.690s] running egg_info
[0.708s] [ 86%] Built target mimic
[0.713s] writing turtlesim.egg-info/PKG-INFO
[0.714s] writing dependency_links to turtlesim.egg-info/dependency_links.txt
[0.715s] writing top-level names to turtlesim.egg-info/top_level.txt
[0.744s] [ 86%] Built target turtlesim
[0.777s] [ 86%] Built target turtlesim__py
[0.823s] [ 94%] Built target turtlesim__rosidl_generator_py
[0.850s] reading manifest file 'turtlesim.egg-info/SOURCES.txt'
[0.852s] writing manifest file 'turtlesim.egg-info/SOURCES.txt'
[0.859s] [ 96%] Built target turtlesim_s__rosidl_typesupport_fastrtps_c
[0.881s] [ 98%] Built target turtlesim_s__rosidl_typesupport_introspection_c
[0.881s] [ 98%] Built target ament_cmake_python_build_turtlesim_egg
[0.901s] [100%] Built target turtlesim_s__rosidl_typesupport_c
