[0.011s] Invoking command in '/home/richard/ros2_ws/build/turtlesim': CMAKE_PREFIX_PATH=${CMAKE_PREFIX_PATH}:/opt/ros/jazzy DEBUGINFOD_URLS=https://debuginfod.ubuntu.com /usr/bin/cmake --build /home/richard/ros2_ws/build/turtlesim -- -j2 -l2
[0.089s] [  0%] Built target turtlesim__rosidl_generator_type_description
[0.145s] [  0%] Built target ament_cmake_python_copy_turtlesim
[0.147s] [  1%] Built target turtlesim__cpp
[0.219s] [ 24%] Built target turtlesim__rosidl_generator_c
[0.306s] [ 33%] Built target turtlesim__rosidl_typesupport_cpp
[0.417s] [ 41%] Built target turtlesim__rosidl_typesupport_fastrtps_c
[0.485s] [ 50%] Built target turtlesim__rosidl_typesupport_fastrtps_cpp
[0.545s] [ 59%] Built target turtlesim__rosidl_typesupport_introspection_c
[0.611s] [ 68%] Built target turtlesim__rosidl_typesupport_c
[0.697s] [ 76%] Built target turtlesim__rosidl_typesupport_introspection_cpp
[0.834s] [ 81%] Built target turtlesim_node
[0.854s] running egg_info
[0.933s] [ 83%] Built target turtle_teleop_key
[1.003s] writing turtlesim.egg-info/PKG-INFO
[1.006s] writing dependency_links to turtlesim.egg-info/dependency_links.txt
[1.007s] writing top-level names to turtlesim.egg-info/top_level.txt
[1.050s] [ 84%] Built target draw_square
[1.121s] [ 86%] Built target mimic
[1.174s] [ 86%] Built target turtlesim
[1.201s] reading manifest file 'turtlesim.egg-info/SOURCES.txt'
[1.201s] writing manifest file 'turtlesim.egg-info/SOURCES.txt'
[1.226s] [ 86%] Built target turtlesim__py
[1.259s] [ 86%] Built target ament_cmake_python_build_turtlesim_egg
[1.275s] [ 94%] Built target turtlesim__rosidl_generator_py
[1.307s] [ 96%] Built target turtlesim_s__rosidl_typesupport_introspection_c
[1.320s] [ 98%] Built target turtlesim_s__rosidl_typesupport_fastrtps_c
[1.344s] [100%] Built target turtlesim_s__rosidl_typesupport_c
