[0.007s] Invoking command in '/home/richard/ros2_ws/build/turtlesim': CMAKE_PREFIX_PATH=${CMAKE_PREFIX_PATH}:/opt/ros/jazzy DEBUGINFOD_URLS=https://debuginfod.ubuntu.com /usr/bin/cmake --build /home/richard/ros2_ws/build/turtlesim -- -j2 -l2
[0.103s] [  0%] Built target turtlesim__rosidl_generator_type_description
[0.134s] [  0%] Built target ament_cmake_python_copy_turtlesim
[0.143s] [  1%] Built target turtlesim__cpp
[0.196s] [ 24%] Built target turtlesim__rosidl_generator_c
[0.259s] [ 33%] Built target turtlesim__rosidl_typesupport_cpp
[0.356s] [ 41%] Built target turtlesim__rosidl_typesupport_fastrtps_c
[0.449s] [ 50%] Built target turtlesim__rosidl_typesupport_fastrtps_cpp
[0.514s] running egg_info
[0.520s] [ 59%] Built target turtlesim__rosidl_typesupport_introspection_c
[0.548s] writing turtlesim.egg-info/PKG-INFO
[0.552s] writing dependency_links to turtlesim.egg-info/dependency_links.txt
[0.552s] writing top-level names to turtlesim.egg-info/top_level.txt
[0.575s] [ 68%] Built target turtlesim__rosidl_typesupport_c
[0.643s] [ 76%] Built target turtlesim__rosidl_typesupport_introspection_cpp
[0.646s] reading manifest file 'turtlesim.egg-info/SOURCES.txt'
[0.648s] writing manifest file 'turtlesim.egg-info/SOURCES.txt'
[0.678s] [ 76%] Built target ament_cmake_python_build_turtlesim_egg
[0.716s] [ 81%] Built target turtlesim_node
[0.732s] [ 83%] Built target turtle_teleop_key
[0.791s] [ 84%] Built target draw_square
[0.793s] [ 86%] Built target mimic
[0.849s] [ 86%] Built target turtlesim
[0.887s] [ 86%] Built target turtlesim__py
[0.921s] [ 94%] Built target turtlesim__rosidl_generator_py
[0.963s] [ 96%] Built target turtlesim_s__rosidl_typesupport_fastrtps_c
[0.985s] [ 98%] Built target turtlesim_s__rosidl_typesupport_introspection_c
[0.998s] [100%] Built target turtlesim_s__rosidl_typesupport_c
