[0.007s] Invoking command in '/home/richard/ros2_ws/build/turtlesim': CMAKE_PREFIX_PATH=${CMAKE_PREFIX_PATH}:/opt/ros/jazzy DEBUGINFOD_URLS=https://debuginfod.ubuntu.com /usr/bin/cmake --build /home/richard/ros2_ws/build/turtlesim -- -j2 -l2
[0.076s] [  0%] Built target turtlesim__rosidl_generator_type_description
[0.118s] [  1%] Built target turtlesim__cpp
[0.135s] [  1%] Built target ament_cmake_python_copy_turtlesim
[0.176s] [ 24%] Built target turtlesim__rosidl_generator_c
[0.231s] [ 33%] Built target turtlesim__rosidl_typesupport_cpp
[0.298s] [ 41%] Built target turtlesim__rosidl_typesupport_fastrtps_c
[0.358s] [ 50%] Built target turtlesim__rosidl_typesupport_fastrtps_cpp
[0.425s] [ 59%] Built target turtlesim__rosidl_typesupport_introspection_c
[0.485s] [ 68%] Built target turtlesim__rosidl_typesupport_c
[0.536s] [ 76%] Built target turtlesim__rosidl_typesupport_introspection_cpp
[0.552s] running egg_info
[0.575s] writing turtlesim.egg-info/PKG-INFO
[0.579s] writing dependency_links to turtlesim.egg-info/dependency_links.txt
[0.579s] writing top-level names to turtlesim.egg-info/top_level.txt
[0.614s] [ 81%] Built target turtlesim_node
[0.681s] [ 83%] Built target turtle_teleop_key
[0.714s] reading manifest file 'turtlesim.egg-info/SOURCES.txt'
[0.715s] writing manifest file 'turtlesim.egg-info/SOURCES.txt'
[0.735s] [ 84%] Built target draw_square
[0.771s] [ 84%] Built target ament_cmake_python_build_turtlesim_egg
[0.795s] [ 86%] Built target mimic
[0.806s] [ 86%] Built target turtlesim
[0.830s] [ 86%] Built target turtlesim__py
[0.855s] [ 94%] Built target turtlesim__rosidl_generator_py
[0.882s] [ 97%] Built target turtlesim_s__rosidl_typesupport_fastrtps_c
[0.882s] [ 98%] Built target turtlesim_s__rosidl_typesupport_introspection_c
[0.903s] [100%] Built target turtlesim_s__rosidl_typesupport_c
