[0.017s] Invoking command in '/home/richard/ros2_ws/build/turtlesim': CMAKE_PREFIX_PATH=${CMAKE_PREFIX_PATH}:/opt/ros/jazzy DEBUGINFOD_URLS=https://debuginfod.ubuntu.com /usr/bin/cmake --build /home/richard/ros2_ws/build/turtlesim -- -j2 -l2
[0.086s] [  0%] Built target turtlesim__rosidl_generator_type_description
[0.108s] [  1%] Built target turtlesim__cpp
[0.145s] [  1%] Built target ament_cmake_python_copy_turtlesim
[0.160s] [ 24%] Built target turtlesim__rosidl_generator_c
[0.211s] [ 33%] Built target turtlesim__rosidl_typesupport_cpp
[0.272s] [ 41%] Built target turtlesim__rosidl_typesupport_fastrtps_c
[0.351s] [ 50%] Built target turtlesim__rosidl_typesupport_fastrtps_cpp
[0.397s] [ 59%] Built target turtlesim__rosidl_typesupport_introspection_c
[0.453s] [ 68%] Built target turtlesim__rosidl_typesupport_c
[0.506s] [ 76%] Built target turtlesim__rosidl_typesupport_introspection_cpp
[0.586s] [ 81%] Built target turtlesim_node
[0.600s] running egg_info
[0.634s] writing turtlesim.egg-info/PKG-INFO
[0.634s] writing dependency_links to turtlesim.egg-info/dependency_links.txt
[0.634s] writing top-level names to turtlesim.egg-info/top_level.txt
[0.644s] [ 83%] Built target turtle_teleop_key
[0.696s] [ 84%] Built target draw_square
[0.723s] reading manifest file 'turtlesim.egg-info/SOURCES.txt'
[0.723s] [ 86%] Built target mimic
[0.724s] writing manifest file 'turtlesim.egg-info/SOURCES.txt'
[0.754s] [ 86%] Built target turtlesim
[0.763s] [ 86%] Built target ament_cmake_python_build_turtlesim_egg
[0.777s] [ 86%] Built target turtlesim__py
[0.803s] [ 94%] Built target turtlesim__rosidl_generator_py
[0.833s] [ 96%] Built target turtlesim_s__rosidl_typesupport_fastrtps_c
[0.835s] [ 98%] Built target turtlesim_s__rosidl_typesupport_introspection_c
[0.863s] [100%] Built target turtlesim_s__rosidl_typesupport_c
