[0.010s] Invoking command in '/home/richard/ros2_ws/build/turtlesim': CMAKE_PREFIX_PATH=${CMAKE_PREFIX_PATH}:/opt/ros/jazzy DEBUGINFOD_URLS=https://debuginfod.ubuntu.com /usr/bin/cmake --build /home/richard/ros2_ws/build/turtlesim -- -j2 -l2
[0.184s] [  0%] Built target turtlesim__rosidl_generator_type_description
[0.239s] [  0%] Built target ament_cmake_python_copy_turtlesim
[0.310s] [  1%] Built target turtlesim__cpp
[0.410s] [ 24%] Built target turtlesim__rosidl_generator_c
[0.508s] [ 33%] Built target turtlesim__rosidl_typesupport_cpp
[0.601s] [ 41%] Built target turtlesim__rosidl_typesupport_fastrtps_c
[0.673s] [ 50%] Built target turtlesim__rosidl_typesupport_fastrtps_cpp
[0.721s] [ 59%] Built target turtlesim__rosidl_typesupport_introspection_c
[0.781s] [ 68%] Built target turtlesim__rosidl_typesupport_c
[0.842s] [ 76%] Built target turtlesim__rosidl_typesupport_introspection_cpp
[0.851s] running egg_info
[0.907s] writing turtlesim.egg-info/PKG-INFO
[0.908s] writing dependency_links to turtlesim.egg-info/dependency_links.txt
[0.909s] writing top-level names to turtlesim.egg-info/top_level.txt
[0.924s] [ 81%] Built target turtlesim_node
[0.989s] [ 83%] Built target turtle_teleop_key
[1.046s] [ 84%] Built target draw_square
[1.053s] reading manifest file 'turtlesim.egg-info/SOURCES.txt'
[1.053s] writing manifest file 'turtlesim.egg-info/SOURCES.txt'
[1.106s] [ 84%] Built target ament_cmake_python_build_turtlesim_egg
[1.115s] [ 86%] Built target mimic
[1.136s] [ 86%] Built target turtlesim
[1.166s] [ 86%] Built target turtlesim__py
[1.200s] [ 94%] Built target turtlesim__rosidl_generator_py
[1.251s] [ 96%] Built target turtlesim_s__rosidl_typesupport_fastrtps_c
[1.255s] [ 98%] Built target turtlesim_s__rosidl_typesupport_introspection_c
[1.299s] [100%] Built target turtlesim_s__rosidl_typesupport_c
