[0.012s] Invoking command in '/home/richard/ros2_ws/build/turtlesim': CMAKE_PREFIX_PATH=${CMAKE_PREFIX_PATH}:/opt/ros/jazzy DEBUGINFOD_URLS=https://debuginfod.ubuntu.com /usr/bin/cmake --build /home/richard/ros2_ws/build/turtlesim -- -j2 -l2
[0.077s] [  0%] Built target turtlesim__rosidl_generator_type_description
[0.120s] [  0%] Built target ament_cmake_python_copy_turtlesim
[0.121s] [  1%] Built target turtlesim__cpp
[0.163s] [ 24%] Built target turtlesim__rosidl_generator_c
[0.206s] [ 33%] Built target turtlesim__rosidl_typesupport_cpp
[0.254s] [ 41%] Built target turtlesim__rosidl_typesupport_fastrtps_c
[0.326s] [ 50%] Built target turtlesim__rosidl_typesupport_fastrtps_cpp
[0.369s] [ 59%] Built target turtlesim__rosidl_typesupport_introspection_c
[0.427s] [ 68%] Built target turtlesim__rosidl_typesupport_c
[0.497s] [ 76%] Built target turtlesim__rosidl_typesupport_introspection_cpp
[0.569s] [ 81%] Built target turtlesim_node
[0.622s] [ 83%] Built target turtle_teleop_key
[0.653s] running egg_info
[0.686s] [ 84%] Built target draw_square
[0.702s] writing turtlesim.egg-info/PKG-INFO
[0.702s] writing dependency_links to turtlesim.egg-info/dependency_links.txt
[0.702s] writing top-level names to turtlesim.egg-info/top_level.txt
[0.736s] [ 86%] Built target mimic
[0.796s] [ 86%] Built target turtlesim
[0.822s] reading manifest file 'turtlesim.egg-info/SOURCES.txt'
[0.825s] writing manifest file 'turtlesim.egg-info/SOURCES.txt'
[0.837s] [ 86%] Built target turtlesim__py
[0.881s] [ 87%] Built target ament_cmake_python_build_turtlesim_egg
[0.882s] [ 94%] Built target turtlesim__rosidl_generator_py
[0.910s] [ 96%] Built target turtlesim_s__rosidl_typesupport_fastrtps_c
[0.919s] [ 98%] Built target turtlesim_s__rosidl_typesupport_introspection_c
[0.934s] [100%] Built target turtlesim_s__rosidl_typesupport_c
