[0.015s] Invoking command in '/home/richard/ros2_ws/build/turtlesim': CMAKE_PREFIX_PATH=${CMAKE_PREFIX_PATH}:/opt/ros/jazzy DEBUGINFOD_URLS=https://debuginfod.ubuntu.com /usr/bin/cmake --build /home/richard/ros2_ws/build/turtlesim -- -j2 -l2
[0.143s] [  0%] Built target ament_cmake_python_copy_turtlesim
[0.154s] [  0%] Built target turtlesim__rosidl_generator_type_description
[0.224s] [  1%] Built target turtlesim__cpp
[0.370s] [ 24%] Built target turtlesim__rosidl_generator_c
[0.486s] [ 33%] Built target turtlesim__rosidl_typesupport_cpp
[0.553s] [ 41%] Built target turtlesim__rosidl_typesupport_fastrtps_c
[0.628s] [ 50%] Built target turtlesim__rosidl_typesupport_fastrtps_cpp
[0.705s] [ 59%] Built target turtlesim__rosidl_typesupport_introspection_c
[0.779s] [ 68%] Built target turtlesim__rosidl_typesupport_c
[0.834s] running egg_info
[0.847s] [ 76%] Built target turtlesim__rosidl_typesupport_introspection_cpp
[0.898s] writing turtlesim.egg-info/PKG-INFO
[0.902s] writing dependency_links to turtlesim.egg-info/dependency_links.txt
[0.902s] writing top-level names to turtlesim.egg-info/top_level.txt
[0.916s] [ 81%] Built target turtlesim_node
[0.961s] [ 83%] Built target turtle_teleop_key
[0.997s] [ 84%] Built target draw_square
[1.011s] reading manifest file 'turtlesim.egg-info/SOURCES.txt'
[1.012s] writing manifest file 'turtlesim.egg-info/SOURCES.txt'
[1.025s] [ 86%] Built target mimic
[1.047s] [ 86%] Built target turtlesim
[1.071s] [ 86%] Built target ament_cmake_python_build_turtlesim_egg
[1.091s] [ 86%] Built target turtlesim__py
[1.115s] [ 94%] Built target turtlesim__rosidl_generator_py
[1.140s] [ 96%] Built target turtlesim_s__rosidl_typesupport_introspection_c
[1.141s] [ 98%] Built target turtlesim_s__rosidl_typesupport_fastrtps_c
[1.167s] [100%] Built target turtlesim_s__rosidl_typesupport_c
