[0.007s] Invoking command in '/home/richard/ros2_ws/build/turtlesim': CMAKE_PREFIX_PATH=${CMAKE_PREFIX_PATH}:/opt/ros/jazzy DEBUGINFOD_URLS=https://debuginfod.ubuntu.com /usr/bin/cmake --build /home/richard/ros2_ws/build/turtlesim -- -j2 -l2
[0.095s] [  0%] Built target turtlesim__rosidl_generator_type_description
[0.103s] [  0%] Built target ament_cmake_python_copy_turtlesim
[0.146s] [  1%] Built target turtlesim__cpp
[0.152s] [ 24%] Built target turtlesim__rosidl_generator_c
[0.196s] [ 33%] Built target turtlesim__rosidl_typesupport_cpp
[0.258s] [ 41%] Built target turtlesim__rosidl_typesupport_fastrtps_c
[0.337s] [ 50%] Built target turtlesim__rosidl_typesupport_fastrtps_cpp
[0.390s] [ 59%] Built target turtlesim__rosidl_typesupport_introspection_c
[0.451s] [ 68%] Built target turtlesim__rosidl_typesupport_c
[0.514s] [ 76%] Built target turtlesim__rosidl_typesupport_introspection_cpp
[0.582s] running egg_info
[0.602s] [ 81%] Built target turtlesim_node
[0.608s] writing turtlesim.egg-info/PKG-INFO
[0.608s] writing dependency_links to turtlesim.egg-info/dependency_links.txt
[0.608s] writing top-level names to turtlesim.egg-info/top_level.txt
[0.665s] [ 83%] Built target turtle_teleop_key
[0.715s] [ 84%] Built target draw_square
[0.730s] reading manifest file 'turtlesim.egg-info/SOURCES.txt'
[0.731s] writing manifest file 'turtlesim.egg-info/SOURCES.txt'
[0.758s] [ 86%] Built target mimic
[0.765s] [ 86%] Built target ament_cmake_python_build_turtlesim_egg
[0.780s] [ 86%] Built target turtlesim
[0.802s] [ 86%] Built target turtlesim__py
[0.827s] [ 94%] Built target turtlesim__rosidl_generator_py
[0.854s] [ 96%] Built target turtlesim_s__rosidl_typesupport_fastrtps_c
[0.863s] [ 98%] Built target turtlesim_s__rosidl_typesupport_introspection_c
[0.874s] [100%] Built target turtlesim_s__rosidl_typesupport_c
