[0.010s] Invoking command in '/home/richard/ros2_ws/build/turtlesim': CMAKE_PREFIX_PATH=${CMAKE_PREFIX_PATH}:/opt/ros/jazzy DEBUGINFOD_URLS=https://debuginfod.ubuntu.com /usr/bin/cmake --build /home/richard/ros2_ws/build/turtlesim -- -j2 -l2
[0.102s] [  0%] Built target turtlesim__rosidl_generator_type_description
[0.106s] [  0%] Built target ament_cmake_python_copy_turtlesim
[0.142s] [  1%] Built target turtlesim__cpp
[0.181s] [ 24%] Built target turtlesim__rosidl_generator_c
[0.206s] [ 33%] Built target turtlesim__rosidl_typesupport_cpp
[0.243s] [ 41%] Built target turtlesim__rosidl_typesupport_fastrtps_c
[0.270s] [ 50%] Built target turtlesim__rosidl_typesupport_fastrtps_cpp
[0.307s] [ 59%] Built target turtlesim__rosidl_typesupport_introspection_c
[0.363s] [ 68%] Built target turtlesim__rosidl_typesupport_c
[0.501s] [ 76%] Built target turtlesim__rosidl_typesupport_introspection_cpp
[0.608s] [ 81%] Built target turtlesim_node
[0.676s] [ 83%] Built target turtle_teleop_key
[0.749s] [ 84%] Built target draw_square
[0.752s] running egg_info
[0.795s] writing turtlesim.egg-info/PKG-INFO
[0.796s] writing dependency_links to turtlesim.egg-info/dependency_links.txt
[0.798s] writing top-level names to turtlesim.egg-info/top_level.txt
[0.811s] [ 86%] Built target mimic
[0.873s] [ 86%] Built target turtlesim
[0.921s] [ 86%] Built target turtlesim__py
[0.927s] reading manifest file 'turtlesim.egg-info/SOURCES.txt'
[0.927s] writing manifest file 'turtlesim.egg-info/SOURCES.txt'
[0.957s] [ 94%] Built target turtlesim__rosidl_generator_py
[0.970s] [ 94%] Built target ament_cmake_python_build_turtlesim_egg
[0.984s] [ 96%] Built target turtlesim_s__rosidl_typesupport_fastrtps_c
[0.993s] [ 98%] Built target turtlesim_s__rosidl_typesupport_introspection_c
[1.006s] [100%] Built target turtlesim_s__rosidl_typesupport_c
