[0.012s] Invoking command in '/home/richard/ros2_ws/build/turtlesim': CMAKE_PREFIX_PATH=${CMAKE_PREFIX_PATH}:/opt/ros/jazzy DEBUGINFOD_URLS=https://debuginfod.ubuntu.com /usr/bin/cmake --build /home/richard/ros2_ws/build/turtlesim -- -j2 -l2
[0.076s] [  0%] Built target turtlesim__rosidl_generator_type_description
[0.119s] [  1%] Built target turtlesim__cpp
[0.123s] [  1%] Built target ament_cmake_python_copy_turtlesim
[0.160s] [ 24%] Built target turtlesim__rosidl_generator_c
[0.191s] [ 33%] Built target turtlesim__rosidl_typesupport_cpp
[0.256s] [ 41%] Built target turtlesim__rosidl_typesupport_fastrtps_c
[0.330s] [ 50%] Built target turtlesim__rosidl_typesupport_fastrtps_cpp
[0.408s] [ 59%] Built target turtlesim__rosidl_typesupport_introspection_c
[0.464s] [ 68%] Built target turtlesim__rosidl_typesupport_c
[0.522s] [ 76%] Built target turtlesim__rosidl_typesupport_introspection_cpp
[0.555s] running egg_info
[0.586s] [ 81%] Built target turtlesim_node
[0.594s] writing turtlesim.egg-info/PKG-INFO
[0.595s] writing dependency_links to turtlesim.egg-info/dependency_links.txt
[0.595s] writing top-level names to turtlesim.egg-info/top_level.txt
[0.648s] [ 83%] Built target turtle_teleop_key
[0.681s] reading manifest file 'turtlesim.egg-info/SOURCES.txt'
[0.682s] writing manifest file 'turtlesim.egg-info/SOURCES.txt'
[0.708s] [ 84%] Built target draw_square
[0.725s] [ 84%] Built target ament_cmake_python_build_turtlesim_egg
[0.751s] [ 84%] Built target turtlesim
[0.760s] [ 86%] Built target mimic
[0.779s] [ 86%] Built target turtlesim__py
[0.805s] [ 94%] Built target turtlesim__rosidl_generator_py
[0.833s] [ 96%] Built target turtlesim_s__rosidl_typesupport_fastrtps_c
[0.837s] [ 98%] Built target turtlesim_s__rosidl_typesupport_introspection_c
[0.856s] [100%] Built target turtlesim_s__rosidl_typesupport_c
