[0.019s] Invoking command in '/home/richard/ros2_ws/build/turtlesim': CMAKE_PREFIX_PATH=${CMAKE_PREFIX_PATH}:/opt/ros/jazzy DEBUGINFOD_URLS=https://debuginfod.ubuntu.com /usr/bin/cmake --build /home/richard/ros2_ws/build/turtlesim -- -j2 -l2
[0.108s] [  0%] Built target turtlesim__rosidl_generator_type_description
[0.111s] [  0%] Built target ament_cmake_python_copy_turtlesim
[0.157s] [  1%] Built target turtlesim__cpp
[0.174s] [ 24%] Built target turtlesim__rosidl_generator_c
[0.228s] [ 33%] Built target turtlesim__rosidl_typesupport_cpp
[0.304s] [ 41%] Built target turtlesim__rosidl_typesupport_fastrtps_c
[0.379s] [ 50%] Built target turtlesim__rosidl_typesupport_fastrtps_cpp
[0.436s] [ 59%] Built target turtlesim__rosidl_typesupport_introspection_c
[0.499s] [ 68%] Built target turtlesim__rosidl_typesupport_c
[0.559s] [ 76%] Built target turtlesim__rosidl_typesupport_introspection_cpp
[0.567s] running egg_info
[0.591s] writing turtlesim.egg-info/PKG-INFO
[0.592s] writing dependency_links to turtlesim.egg-info/dependency_links.txt
[0.592s] writing top-level names to turtlesim.egg-info/top_level.txt
[0.625s] [ 81%] Built target turtlesim_node
[0.664s] [ 83%] Built target turtle_teleop_key
[0.692s] [ 84%] Built target draw_square
[0.695s] reading manifest file 'turtlesim.egg-info/SOURCES.txt'
[0.695s] writing manifest file 'turtlesim.egg-info/SOURCES.txt'
[0.725s] [ 86%] Built target mimic
[0.730s] [ 86%] Built target ament_cmake_python_build_turtlesim_egg
[0.752s] [ 86%] Built target turtlesim
[0.776s] [ 86%] Built target turtlesim__py
[0.804s] [ 94%] Built target turtlesim__rosidl_generator_py
[0.827s] [ 96%] Built target turtlesim_s__rosidl_typesupport_introspection_c
[0.827s] [ 98%] Built target turtlesim_s__rosidl_typesupport_fastrtps_c
[0.857s] [100%] Built target turtlesim_s__rosidl_typesupport_c
