[0.019s] Invoking command in '/home/richard/ros2_ws/build/turtlesim': CMAKE_PREFIX_PATH=${CMAKE_PREFIX_PATH}:/opt/ros/jazzy DEBUGINFOD_URLS=https://debuginfod.ubuntu.com /usr/bin/cmake --build /home/richard/ros2_ws/build/turtlesim -- -j2 -l2
[0.145s] [  0%] Built target turtlesim__rosidl_generator_type_description
[0.208s] [  1%] Built target turtlesim__cpp
[0.209s] [  0%] Built target ament_cmake_python_copy_turtlesim
[0.307s] [ 24%] Built target turtlesim__rosidl_generator_c
[0.374s] [ 33%] Built target turtlesim__rosidl_typesupport_cpp
[0.452s] [ 41%] Built target turtlesim__rosidl_typesupport_fastrtps_c
[0.523s] [ 50%] Built target turtlesim__rosidl_typesupport_fastrtps_cpp
[0.577s] [ 59%] Built target turtlesim__rosidl_typesupport_introspection_c
[0.632s] [ 68%] Built target turtlesim__rosidl_typesupport_c
[0.689s] [ 76%] Built target turtlesim__rosidl_typesupport_introspection_cpp
[0.758s] [ 81%] Built target turtlesim_node
[0.803s] running egg_info
[0.816s] [ 83%] Built target turtle_teleop_key
[0.836s] writing turtlesim.egg-info/PKG-INFO
[0.837s] writing dependency_links to turtlesim.egg-info/dependency_links.txt
[0.839s] writing top-level names to turtlesim.egg-info/top_level.txt
[0.866s] [ 84%] Built target draw_square
[0.905s] [ 86%] Built target mimic
[0.920s] reading manifest file 'turtlesim.egg-info/SOURCES.txt'
[0.920s] writing manifest file 'turtlesim.egg-info/SOURCES.txt'
[0.929s] [ 86%] Built target turtlesim
[0.947s] [ 86%] Built target ament_cmake_python_build_turtlesim_egg
[0.951s] [ 86%] Built target turtlesim__py
[0.976s] [ 94%] Built target turtlesim__rosidl_generator_py
[1.004s] [ 96%] Built target turtlesim_s__rosidl_typesupport_fastrtps_c
[1.008s] [ 98%] Built target turtlesim_s__rosidl_typesupport_introspection_c
[1.026s] [100%] Built target turtlesim_s__rosidl_typesupport_c
