[0.004s] Invoking command in '/home/richard/ros2_ws/build/turtlesim': CMAKE_PREFIX_PATH=${CMAKE_PREFIX_PATH}:/opt/ros/jazzy DEBUGINFOD_URLS=https://debuginfod.ubuntu.com /usr/bin/cmake --build /home/richard/ros2_ws/build/turtlesim -- -j2 -l2
[0.105s] [  0%] Built target ament_cmake_python_copy_turtlesim
[0.105s] [  0%] Built target turtlesim__rosidl_generator_type_description
[0.127s] [  1%] Built target turtlesim__cpp
[0.171s] [ 24%] Built target turtlesim__rosidl_generator_c
[0.199s] [ 33%] Built target turtlesim__rosidl_typesupport_cpp
[0.227s] [ 41%] Built target turtlesim__rosidl_typesupport_fastrtps_c
[0.282s] [ 50%] Built target turtlesim__rosidl_typesupport_fastrtps_cpp
[0.333s] [ 59%] Built target turtlesim__rosidl_typesupport_introspection_c
[0.383s] [ 68%] Built target turtlesim__rosidl_typesupport_c
[0.440s] [ 76%] Built target turtlesim__rosidl_typesupport_introspection_cpp
[0.512s] [ 81%] Built target turtlesim_node
[0.566s] running egg_info
[0.574s] [ 83%] Built target turtle_teleop_key
[0.590s] writing turtlesim.egg-info/PKG-INFO
[0.591s] writing dependency_links to turtlesim.egg-info/dependency_links.txt
[0.592s] writing top-level names to turtlesim.egg-info/top_level.txt
[0.633s] [ 84%] Built target draw_square
[0.698s] [ 86%] Built target mimic
[0.700s] reading manifest file 'turtlesim.egg-info/SOURCES.txt'
[0.701s] writing manifest file 'turtlesim.egg-info/SOURCES.txt'
[0.730s] [ 86%] Built target ament_cmake_python_build_turtlesim_egg
[0.736s] [ 86%] Built target turtlesim
[0.763s] [ 86%] Built target turtlesim__py
[0.795s] [ 94%] Built target turtlesim__rosidl_generator_py
[0.829s] [ 96%] Built target turtlesim_s__rosidl_typesupport_introspection_c
[0.836s] [ 98%] Built target turtlesim_s__rosidl_typesupport_fastrtps_c
[0.857s] [100%] Built target turtlesim_s__rosidl_typesupport_c
