[0.007s] Invoking command in '/home/richard/ros2_ws/build/turtlesim': CMAKE_PREFIX_PATH=${CMAKE_PREFIX_PATH}:/opt/ros/jazzy DEBUGINFOD_URLS=https://debuginfod.ubuntu.com /usr/bin/cmake --build /home/richard/ros2_ws/build/turtlesim -- -j2 -l2
[0.115s] [  0%] Built target ament_cmake_python_copy_turtlesim
[0.115s] [  0%] Built target turtlesim__rosidl_generator_type_description
[0.171s] [  1%] Built target turtlesim__cpp
[0.253s] [ 24%] Built target turtlesim__rosidl_generator_c
[0.331s] [ 33%] Built target turtlesim__rosidl_typesupport_cpp
[0.439s] [ 41%] Built target turtlesim__rosidl_typesupport_fastrtps_c
[0.503s] [ 50%] Built target turtlesim__rosidl_typesupport_fastrtps_cpp
[0.544s] running egg_info
[0.563s] [ 59%] Built target turtlesim__rosidl_typesupport_introspection_c
[0.572s] writing turtlesim.egg-info/PKG-INFO
[0.573s] writing dependency_links to turtlesim.egg-info/dependency_links.txt
[0.573s] writing top-level names to turtlesim.egg-info/top_level.txt
[0.623s] [ 68%] Built target turtlesim__rosidl_typesupport_c
[0.678s] [ 76%] Built target turtlesim__rosidl_typesupport_introspection_cpp
[0.681s] reading manifest file 'turtlesim.egg-info/SOURCES.txt'
[0.682s] writing manifest file 'turtlesim.egg-info/SOURCES.txt'
[0.829s] [ 76%] Built target ament_cmake_python_build_turtlesim_egg
[0.829s] [ 81%] Built target turtlesim_node
[0.850s] [ 83%] Built target turtle_teleop_key
[0.879s] [ 84%] Built target draw_square
[0.903s] [ 86%] Built target mimic
[0.936s] [ 86%] Built target turtlesim
[0.968s] [ 86%] Built target turtlesim__py
[0.996s] [ 94%] Built target turtlesim__rosidl_generator_py
[1.020s] [ 98%] Built target turtlesim_s__rosidl_typesupport_introspection_c
[1.020s] [ 98%] Built target turtlesim_s__rosidl_typesupport_fastrtps_c
[1.048s] [100%] Built target turtlesim_s__rosidl_typesupport_c
