[0.026s] Invoking command in '/home/richard/ros2_ws/build/turtlesim': CMAKE_PREFIX_PATH=${CMAKE_PREFIX_PATH}:/opt/ros/jazzy DEBUGINFOD_URLS=https://debuginfod.ubuntu.com /usr/bin/cmake --build /home/richard/ros2_ws/build/turtlesim -- -j2 -l2
[0.150s] [  0%] Built target turtlesim__rosidl_generator_type_description
[0.248s] [  0%] Built target ament_cmake_python_copy_turtlesim
[0.295s] [  1%] Built target turtlesim__cpp
[0.362s] [ 24%] Built target turtlesim__rosidl_generator_c
[1.016s] running egg_info
[1.063s] writing turtlesim.egg-info/PKG-INFO
[1.066s] writing dependency_links to turtlesim.egg-info/dependency_links.txt
[1.066s] writing top-level names to turtlesim.egg-info/top_level.txt
[1.170s] reading manifest file 'turtlesim.egg-info/SOURCES.txt'
[1.170s] writing manifest file 'turtlesim.egg-info/SOURCES.txt'
[1.198s] [ 24%] Built target ament_cmake_python_build_turtlesim_egg
[1.234s] [ 33%] Built target turtlesim__rosidl_typesupport_cpp
[1.293s] [ 41%] Built target turtlesim__rosidl_typesupport_fastrtps_c
[1.332s] [ 50%] Built target turtlesim__rosidl_typesupport_fastrtps_cpp
[1.366s] [ 59%] Built target turtlesim__rosidl_typesupport_introspection_c
[1.390s] [ 68%] Built target turtlesim__rosidl_typesupport_c
[1.426s] [ 76%] Built target turtlesim__rosidl_typesupport_introspection_cpp
[1.469s] [ 81%] Built target turtlesim_node
[1.494s] [ 83%] Built target turtle_teleop_key
[1.537s] [ 84%] Built target draw_square
[1.568s] [ 86%] Built target mimic
[1.588s] [ 86%] Built target turtlesim
[1.616s] [ 86%] Built target turtlesim__py
[1.643s] [ 94%] Built target turtlesim__rosidl_generator_py
[1.667s] [ 96%] Built target turtlesim_s__rosidl_typesupport_fastrtps_c
[1.690s] [ 98%] Built target turtlesim_s__rosidl_typesupport_introspection_c
[1.718s] [100%] Built target turtlesim_s__rosidl_typesupport_c
