[0.035s] Invoking command in '/home/richard/ros2_ws/build/turtlesim': CMAKE_PREFIX_PATH=${CMAKE_PREFIX_PATH}:/opt/ros/jazzy DEBUGINFOD_URLS=https://debuginfod.ubuntu.com /usr/bin/cmake --build /home/richard/ros2_ws/build/turtlesim -- -j2 -l2
[0.218s] [  0%] Built target turtlesim__rosidl_generator_type_description
[0.254s] [  0%] Built target ament_cmake_python_copy_turtlesim
[0.316s] [  1%] Built target turtlesim__cpp
[0.373s] [ 24%] Built target turtlesim__rosidl_generator_c
[0.438s] [ 33%] Built target turtlesim__rosidl_typesupport_cpp
[0.508s] [ 41%] Built target turtlesim__rosidl_typesupport_fastrtps_c
[0.573s] [ 50%] Built target turtlesim__rosidl_typesupport_fastrtps_cpp
[0.641s] [ 59%] Built target turtlesim__rosidl_typesupport_introspection_c
[0.915s] running egg_info
[0.940s] writing turtlesim.egg-info/PKG-INFO
[0.944s] writing dependency_links to turtlesim.egg-info/dependency_links.txt
[0.944s] writing top-level names to turtlesim.egg-info/top_level.txt
[1.051s] reading manifest file 'turtlesim.egg-info/SOURCES.txt'
[1.052s] writing manifest file 'turtlesim.egg-info/SOURCES.txt'
[1.097s] [ 59%] Built target ament_cmake_python_build_turtlesim_egg
[1.145s] [ 68%] Built target turtlesim__rosidl_typesupport_c
[1.201s] [ 76%] Built target turtlesim__rosidl_typesupport_introspection_cpp
[1.251s] [ 81%] Built target turtlesim_node
[1.290s] [ 83%] Built target turtle_teleop_key
[1.321s] [ 84%] Built target draw_square
[1.350s] [ 86%] Built target mimic
[1.370s] [ 86%] Built target turtlesim
[1.399s] [ 86%] Built target turtlesim__py
[1.426s] [ 94%] Built target turtlesim__rosidl_generator_py
[1.454s] [ 96%] Built target turtlesim_s__rosidl_typesupport_fastrtps_c
[1.480s] [ 98%] Built target turtlesim_s__rosidl_typesupport_introspection_c
[1.507s] [100%] Built target turtlesim_s__rosidl_typesupport_c
