[0.018s] Invoking command in '/home/richard/ros2_ws/build/turtlesim': CMAKE_PREFIX_PATH=${CMAKE_PREFIX_PATH}:/opt/ros/jazzy DEBUGINFOD_URLS=https://debuginfod.ubuntu.com /usr/bin/cmake --build /home/richard/ros2_ws/build/turtlesim -- -j2 -l2
[0.122s] [  0%] Built target turtlesim__rosidl_generator_type_description
[0.181s] [  0%] Built target ament_cmake_python_copy_turtlesim
[0.221s] [  1%] Built target turtlesim__cpp
[0.253s] [ 24%] Built target turtlesim__rosidl_generator_c
[0.639s] running egg_info
[0.660s] writing turtlesim.egg-info/PKG-INFO
[0.661s] writing dependency_links to turtlesim.egg-info/dependency_links.txt
[0.664s] writing top-level names to turtlesim.egg-info/top_level.txt
[0.746s] reading manifest file 'turtlesim.egg-info/SOURCES.txt'
[0.747s] writing manifest file 'turtlesim.egg-info/SOURCES.txt'
[0.776s] [ 24%] Built target ament_cmake_python_build_turtlesim_egg
[0.822s] [ 33%] Built target turtlesim__rosidl_typesupport_cpp
[0.862s] [ 41%] Built target turtlesim__rosidl_typesupport_fastrtps_c
[0.901s] [ 50%] Built target turtlesim__rosidl_typesupport_fastrtps_cpp
[0.947s] [ 59%] Built target turtlesim__rosidl_typesupport_introspection_c
[0.972s] [ 68%] Built target turtlesim__rosidl_typesupport_c
[1.028s] [ 76%] Built target turtlesim__rosidl_typesupport_introspection_cpp
[1.071s] [ 81%] Built target turtlesim_node
[1.102s] [ 83%] Built target turtle_teleop_key
[1.125s] [ 84%] Built target draw_square
[1.160s] [ 86%] Built target mimic
[1.192s] [ 86%] Built target turtlesim
[1.223s] [ 86%] Built target turtlesim__py
[1.269s] [ 94%] Built target turtlesim__rosidl_generator_py
[1.298s] [ 96%] Built target turtlesim_s__rosidl_typesupport_fastrtps_c
[1.324s] [ 98%] Built target turtlesim_s__rosidl_typesupport_introspection_c
[1.354s] [100%] Built target turtlesim_s__rosidl_typesupport_c
