[0.009s] Invoking command in '/home/richard/ros2_ws/build/turtlesim': CMAKE_PREFIX_PATH=${CMAKE_PREFIX_PATH}:/opt/ros/jazzy DEBUGINFOD_URLS=https://debuginfod.ubuntu.com /usr/bin/cmake --build /home/richard/ros2_ws/build/turtlesim -- -j2 -l2
[0.200s] [  0%] Built target turtlesim__rosidl_generator_type_description
[0.345s] [  0%] Built target ament_cmake_python_copy_turtlesim
[0.425s] [  1%] Built target turtlesim__cpp
[0.515s] [ 24%] Built target turtlesim__rosidl_generator_c
[0.970s] running egg_info
[1.015s] writing turtlesim.egg-info/PKG-INFO
[1.016s] writing dependency_links to turtlesim.egg-info/dependency_links.txt
[1.017s] writing top-level names to turtlesim.egg-info/top_level.txt
[1.154s] reading manifest file 'turtlesim.egg-info/SOURCES.txt'
[1.160s] writing manifest file 'turtlesim.egg-info/SOURCES.txt'
[1.221s] [ 24%] Built target ament_cmake_python_build_turtlesim_egg
[1.271s] [ 33%] Built target turtlesim__rosidl_typesupport_cpp
[1.328s] [ 41%] Built target turtlesim__rosidl_typesupport_fastrtps_c
[1.416s] [ 50%] Built target turtlesim__rosidl_typesupport_fastrtps_cpp
[1.493s] [ 59%] Built target turtlesim__rosidl_typesupport_introspection_c
[1.548s] [ 68%] Built target turtlesim__rosidl_typesupport_c
[1.627s] [ 76%] Built target turtlesim__rosidl_typesupport_introspection_cpp
[1.711s] [ 81%] Built target turtlesim_node
[1.783s] [ 83%] Built target turtle_teleop_key
[1.844s] [ 84%] Built target draw_square
[1.923s] [ 86%] Built target mimic
[1.964s] [ 86%] Built target turtlesim
[2.008s] [ 86%] Built target turtlesim__py
[2.052s] [ 94%] Built target turtlesim__rosidl_generator_py
[2.096s] [ 96%] Built target turtlesim_s__rosidl_typesupport_fastrtps_c
[2.136s] [ 98%] Built target turtlesim_s__rosidl_typesupport_introspection_c
[2.171s] [100%] Built target turtlesim_s__rosidl_typesupport_c
