[0.008s] Invoking command in '/home/richard/ros2_ws/build/turtlesim': CMAKE_PREFIX_PATH=${CMAKE_PREFIX_PATH}:/opt/ros/jazzy DEBUGINFOD_URLS=https://debuginfod.ubuntu.com /usr/bin/cmake --build /home/richard/ros2_ws/build/turtlesim -- -j2 -l2
[0.063s] [  0%] Built target turtlesim__rosidl_generator_type_description
[0.084s] [  0%] Built target ament_cmake_python_copy_turtlesim
[0.100s] [  1%] Built target turtlesim__cpp
[0.155s] [ 24%] Built target turtlesim__rosidl_generator_c
[0.221s] [ 33%] Built target turtlesim__rosidl_typesupport_cpp
[0.298s] [ 41%] Built target turtlesim__rosidl_typesupport_fastrtps_c
[0.363s] [ 50%] Built target turtlesim__rosidl_typesupport_fastrtps_cpp
[0.416s] [ 59%] Built target turtlesim__rosidl_typesupport_introspection_c
[0.464s] [ 68%] Built target turtlesim__rosidl_typesupport_c
[0.495s] running egg_info
[0.517s] [ 76%] Built target turtlesim__rosidl_typesupport_introspection_cpp
[0.528s] writing turtlesim.egg-info/PKG-INFO
[0.529s] writing dependency_links to turtlesim.egg-info/dependency_links.txt
[0.529s] writing top-level names to turtlesim.egg-info/top_level.txt
[0.622s] [ 81%] Built target turtlesim_node
[0.661s] [ 83%] Built target turtle_teleop_key
[0.667s] reading manifest file 'turtlesim.egg-info/SOURCES.txt'
[0.667s] writing manifest file 'turtlesim.egg-info/SOURCES.txt'
[0.700s] [ 84%] Built target draw_square
[0.759s] [ 84%] Built target ament_cmake_python_build_turtlesim_egg
[0.762s] [ 86%] Built target mimic
[0.791s] [ 86%] Built target turtlesim
[0.813s] [ 86%] Built target turtlesim__py
[0.838s] [ 94%] Built target turtlesim__rosidl_generator_py
[0.857s] [ 97%] Built target turtlesim_s__rosidl_typesupport_fastrtps_c
[0.858s] [ 98%] Built target turtlesim_s__rosidl_typesupport_introspection_c
[0.877s] [100%] Built target turtlesim_s__rosidl_typesupport_c
