[0.008s] Invoking command in '/home/richard/ros2_ws/build/turtlesim': CMAKE_PREFIX_PATH=${CMAKE_PREFIX_PATH}:/opt/ros/jazzy DEBUGINFOD_URLS=https://debuginfod.ubuntu.com /usr/bin/cmake --build /home/richard/ros2_ws/build/turtlesim -- -j2 -l2
[0.098s] [  0%] Built target turtlesim__rosidl_generator_type_description
[0.189s] [  0%] Built target ament_cmake_python_copy_turtlesim
[0.237s] [  1%] Built target turtlesim__cpp
[0.321s] [ 24%] Built target turtlesim__rosidl_generator_c
[0.730s] running egg_info
[0.787s] writing turtlesim.egg-info/PKG-INFO
[0.788s] writing dependency_links to turtlesim.egg-info/dependency_links.txt
[0.790s] writing top-level names to turtlesim.egg-info/top_level.txt
[0.908s] reading manifest file 'turtlesim.egg-info/SOURCES.txt'
[0.909s] writing manifest file 'turtlesim.egg-info/SOURCES.txt'
[0.941s] [ 24%] Built target ament_cmake_python_build_turtlesim_egg
[0.997s] [ 33%] Built target turtlesim__rosidl_typesupport_cpp
[1.028s] [ 41%] Built target turtlesim__rosidl_typesupport_fastrtps_c
[1.057s] [ 50%] Built target turtlesim__rosidl_typesupport_fastrtps_cpp
[1.090s] [ 59%] Built target turtlesim__rosidl_typesupport_introspection_c
[1.115s] [ 68%] Built target turtlesim__rosidl_typesupport_c
[1.145s] [ 76%] Built target turtlesim__rosidl_typesupport_introspection_cpp
[1.181s] [ 81%] Built target turtlesim_node
[1.214s] [ 83%] Built target turtle_teleop_key
[1.241s] [ 84%] Built target draw_square
[1.270s] [ 86%] Built target mimic
[1.293s] [ 86%] Built target turtlesim
[1.317s] [ 86%] Built target turtlesim__py
[1.341s] [ 94%] Built target turtlesim__rosidl_generator_py
[1.362s] [ 96%] Built target turtlesim_s__rosidl_typesupport_fastrtps_c
[1.385s] [ 98%] Built target turtlesim_s__rosidl_typesupport_introspection_c
[1.409s] [100%] Built target turtlesim_s__rosidl_typesupport_c
