-- Found ament_cmake: 2.5.4 (/opt/ros/jazzy/share/ament_cmake/cmake)
-- Found rclcpp: 28.1.9 (/opt/ros/jazzy/share/rclcpp/cmake)
-- Found rosidl_generator_c: 4.6.5 (/opt/ros/jazzy/share/rosidl_generator_c/cmake)
-- Found rosidl_generator_cpp: 4.6.5 (/opt/ros/jazzy/share/rosidl_generator_cpp/cmake)
-- Using all available rosidl_typesupport_c: rosidl_typesupport_fastrtps_c;rosidl_typesupport_introspection_c
-- Using all available rosidl_typesupport_cpp: rosidl_typesupport_fastrtps_cpp;rosidl_typesupport_introspection_cpp
-- Found rmw_implementation_cmake: 7.3.2 (/opt/ros/jazzy/share/rmw_implementation_cmake/cmake)
-- Found rmw_fastrtps_cpp: 8.4.2 (/opt/ros/jazzy/share/rmw_fastrtps_cpp/cmake)
-- Using RMW implementation 'rmw_fastrtps_cpp' as default
-- Found nav_msgs: 5.3.6 (/opt/ros/jazzy/share/nav_msgs/cmake)
-- Found sensor_msgs: 5.3.6 (/opt/ros/jazzy/share/sensor_msgs/cmake)
-- Found tf2_ros: 0.36.10 (/opt/ros/jazzy/share/tf2_ros/cmake)
-- Found tf2_geometry_msgs: 0.36.10 (/opt/ros/jazzy/share/tf2_geometry_msgs/cmake)
-- Found eigen3_cmake_module: 0.3.0 (/opt/ros/jazzy/share/eigen3_cmake_module/cmake)
-- Ensuring Eigen3 include directory is part of orocos-kdl CMake target
-- Found ament_lint_auto: 0.17.2 (/opt/ros/jazzy/share/ament_lint_auto/cmake)
-- Added test 'cppcheck' to perform static code analysis on C / C++ code
-- Configured cppcheck include dirs: $<BUILD_INTERFACE:/home/richard/ros2_ws/src/phi_aria/include>
-- Configured cppcheck exclude dirs and/or files: 
-- Added test 'lint_cmake' to check CMake code style
-- Added test 'uncrustify' to check C / C++ code style
-- Configured uncrustify additional arguments: 
-- Added test 'xmllint' to check XML markup files
-- Configuring done (1.1s)
-- Generating done (0.0s)
-- Build files have been written to: /home/richard/ros2_ws/build/phi_aria
[ 25%] [32mBuilding CXX object CMakeFiles/phi_p3dx.dir/src/phi_p3dx.cpp.o[0m
[ 50%] [32mBuilding CXX object CMakeFiles/phi_p3dx.dir/src/PhiROS2Aria.cpp.o[0m
[ 75%] [32m[1mLinking CXX executable phi_p3dx[0m
[100%] Built target phi_p3dx
-- Install configuration: ""
-- Installing: /home/richard/ros2_ws/install/phi_aria/lib/phi_aria/phi_p3dx
-- Set non-toolchain portion of runtime path of "/home/richard/ros2_ws/install/phi_aria/lib/phi_aria/phi_p3dx" to ""
-- Up-to-date: /home/richard/ros2_ws/install/phi_aria/share/phi_aria/description
-- Up-to-date: /home/richard/ros2_ws/install/phi_aria/share/phi_aria/description/p3dx_meshes
-- Up-to-date: /home/richard/ros2_ws/install/phi_aria/share/phi_aria/description/p3dx_meshes/caster_wheel.stl
-- Up-to-date: /home/richard/ros2_ws/install/phi_aria/share/phi_aria/description/p3dx_meshes/back_sonar.stl
-- Up-to-date: /home/richard/ros2_ws/install/phi_aria/share/phi_aria/description/p3dx_meshes/front_sonar.stl
-- Up-to-date: /home/richard/ros2_ws/install/phi_aria/share/phi_aria/description/p3dx_meshes/caster_hubcap.stl
-- Up-to-date: /home/richard/ros2_ws/install/phi_aria/share/phi_aria/description/p3dx_meshes/chassis.stl
-- Up-to-date: /home/richard/ros2_ws/install/phi_aria/share/phi_aria/description/p3dx_meshes/back_rim.stl
-- Up-to-date: /home/richard/ros2_ws/install/phi_aria/share/phi_aria/description/p3dx_meshes/caster_swivel.stl
-- Up-to-date: /home/richard/ros2_ws/install/phi_aria/share/phi_aria/description/p3dx_meshes/right_hubcap.stl
-- Up-to-date: /home/richard/ros2_ws/install/phi_aria/share/phi_aria/description/p3dx_meshes/top.stl
-- Up-to-date: /home/richard/ros2_ws/install/phi_aria/share/phi_aria/description/p3dx_meshes/left_wheel.stl
-- Up-to-date: /home/richard/ros2_ws/install/phi_aria/share/phi_aria/description/p3dx_meshes/front_rim.stl
-- Up-to-date: /home/richard/ros2_ws/install/phi_aria/share/phi_aria/description/p3dx_meshes/right_wheel.stl
-- Up-to-date: /home/richard/ros2_ws/install/phi_aria/share/phi_aria/description/p3dx_meshes/left_hubcap.stl
-- Up-to-date: /home/richard/ros2_ws/install/phi_aria/share/phi_aria/description/urdf
-- Up-to-date: /home/richard/ros2_ws/install/phi_aria/share/phi_aria/description/urdf/p3dx.urdf.xacro
-- Up-to-date: /home/richard/ros2_ws/install/phi_aria/share/phi_aria/description/urdf/pioneer3dx_wheel.xacro
-- Up-to-date: /home/richard/ros2_ws/install/phi_aria/share/phi_aria/description/urdf/common.xacro
-- Up-to-date: /home/richard/ros2_ws/install/phi_aria/share/phi_aria/description/urdf/sick_lms100.urdf.xacro
-- Up-to-date: /home/richard/ros2_ws/install/phi_aria/share/phi_aria/description/sensors_meshes
-- Up-to-date: /home/richard/ros2_ws/install/phi_aria/share/phi_aria/description/sensors_meshes/sick_lms100.stl
-- Up-to-date: /home/richard/ros2_ws/install/phi_aria/share/ament_index/resource_index/package_run_dependencies/phi_aria
-- Up-to-date: /home/richard/ros2_ws/install/phi_aria/share/ament_index/resource_index/parent_prefix_path/phi_aria
-- Installing: /home/richard/ros2_ws/install/phi_aria/share/phi_aria/environment/ament_prefix_path.sh
-- Up-to-date: /home/richard/ros2_ws/install/phi_aria/share/phi_aria/environment/ament_prefix_path.dsv
-- Installing: /home/richard/ros2_ws/install/phi_aria/share/phi_aria/environment/path.sh
-- Up-to-date: /home/richard/ros2_ws/install/phi_aria/share/phi_aria/environment/path.dsv
-- Up-to-date: /home/richard/ros2_ws/install/phi_aria/share/phi_aria/local_setup.bash
-- Up-to-date: /home/richard/ros2_ws/install/phi_aria/share/phi_aria/local_setup.sh
-- Up-to-date: /home/richard/ros2_ws/install/phi_aria/share/phi_aria/local_setup.zsh
-- Up-to-date: /home/richard/ros2_ws/install/phi_aria/share/phi_aria/local_setup.dsv
-- Installing: /home/richard/ros2_ws/install/phi_aria/share/phi_aria/package.dsv
-- Up-to-date: /home/richard/ros2_ws/install/phi_aria/share/ament_index/resource_index/packages/phi_aria
-- Up-to-date: /home/richard/ros2_ws/install/phi_aria/share/phi_aria/cmake/phi_ariaConfig.cmake
-- Up-to-date: /home/richard/ros2_ws/install/phi_aria/share/phi_aria/cmake/phi_ariaConfig-version.cmake
-- Up-to-date: /home/richard/ros2_ws/install/phi_aria/share/phi_aria/package.xml
