[0.015s] Invoking command in '/home/richard/ros2_ws/build/turtlesim': CMAKE_PREFIX_PATH=${CMAKE_PREFIX_PATH}:/opt/ros/jazzy DEBUGINFOD_URLS=https://debuginfod.ubuntu.com /usr/bin/cmake --build /home/richard/ros2_ws/build/turtlesim -- -j2 -l2
[0.082s] [  0%] Built target turtlesim__rosidl_generator_type_description
[0.115s] [  0%] Built target ament_cmake_python_copy_turtlesim
[0.135s] [  1%] Built target turtlesim__cpp
[0.172s] [ 24%] Built target turtlesim__rosidl_generator_c
[0.480s] running egg_info
[0.513s] writing turtlesim.egg-info/PKG-INFO
[0.514s] writing dependency_links to turtlesim.egg-info/dependency_links.txt
[0.515s] writing top-level names to turtlesim.egg-info/top_level.txt
[0.585s] reading manifest file 'turtlesim.egg-info/SOURCES.txt'
[0.586s] writing manifest file 'turtlesim.egg-info/SOURCES.txt'
[0.611s] [ 24%] Built target ament_cmake_python_build_turtlesim_egg
[0.635s] [ 33%] Built target turtlesim__rosidl_typesupport_cpp
[0.668s] [ 41%] Built target turtlesim__rosidl_typesupport_fastrtps_c
[0.697s] [ 50%] Built target turtlesim__rosidl_typesupport_fastrtps_cpp
[0.719s] [ 59%] Built target turtlesim__rosidl_typesupport_introspection_c
[0.742s] [ 68%] Built target turtlesim__rosidl_typesupport_c
[0.773s] [ 76%] Built target turtlesim__rosidl_typesupport_introspection_cpp
[0.805s] [ 81%] Built target turtlesim_node
[0.831s] [ 83%] Built target turtle_teleop_key
[0.859s] [ 84%] Built target draw_square
[0.890s] [ 86%] Built target mimic
[0.910s] [ 86%] Built target turtlesim
[0.928s] [ 86%] Built target turtlesim__py
[0.953s] [ 94%] Built target turtlesim__rosidl_generator_py
[0.975s] [ 96%] Built target turtlesim_s__rosidl_typesupport_fastrtps_c
[0.997s] [ 98%] Built target turtlesim_s__rosidl_typesupport_introspection_c
[1.018s] [100%] Built target turtlesim_s__rosidl_typesupport_c
