[0.013s] Invoking command in '/home/richard/ros2_ws/build/turtlesim': CMAKE_PREFIX_PATH=${CMAKE_PREFIX_PATH}:/opt/ros/jazzy DEBUGINFOD_URLS=https://debuginfod.ubuntu.com /usr/bin/cmake --build /home/richard/ros2_ws/build/turtlesim -- -j2 -l2
[0.264s] [  0%] Built target turtlesim__rosidl_generator_type_description
[0.333s] [  0%] Built target ament_cmake_python_copy_turtlesim
[0.354s] [  1%] Built target turtlesim__cpp
[0.441s] [ 24%] Built target turtlesim__rosidl_generator_c
[0.507s] [ 33%] Built target turtlesim__rosidl_typesupport_cpp
[0.575s] [ 41%] Built target turtlesim__rosidl_typesupport_fastrtps_c
[0.648s] [ 50%] Built target turtlesim__rosidl_typesupport_fastrtps_cpp
[0.715s] [ 59%] Built target turtlesim__rosidl_typesupport_introspection_c
[0.772s] [ 68%] Built target turtlesim__rosidl_typesupport_c
[0.840s] [ 76%] Built target turtlesim__rosidl_typesupport_introspection_cpp
[0.959s] [ 81%] Built target turtlesim_node
[1.074s] [ 83%] Built target turtle_teleop_key
[1.208s] [ 84%] Built target draw_square
[1.297s] running egg_info
[1.307s] [ 86%] Built target mimic
[1.372s] writing turtlesim.egg-info/PKG-INFO
[1.378s] writing dependency_links to turtlesim.egg-info/dependency_links.txt
[1.378s] writing top-level names to turtlesim.egg-info/top_level.txt
[1.401s] [ 86%] Built target turtlesim
[1.476s] [ 86%] Built target turtlesim__py
[1.544s] [ 94%] Built target turtlesim__rosidl_generator_py
[1.550s] reading manifest file 'turtlesim.egg-info/SOURCES.txt'
[1.551s] writing manifest file 'turtlesim.egg-info/SOURCES.txt'
[1.608s] [ 96%] Built target turtlesim_s__rosidl_typesupport_fastrtps_c
[1.626s] [ 96%] Built target ament_cmake_python_build_turtlesim_egg
[1.659s] [ 98%] Built target turtlesim_s__rosidl_typesupport_introspection_c
[1.662s] [100%] Built target turtlesim_s__rosidl_typesupport_c
